<?xml version="1.0" encoding="utf-8"?>
<TestRun id="59436a16-6f20-4510-ab61-441724820486" name="@MacBook-Air-som-tillhor-Johanna 2025-04-27 20:26:29" xmlns="http://microsoft.com/schemas/VisualStudio/TeamTest/2010">
  <Times creation="2025-04-27T20:26:29.0089630+02:00" queuing="2025-04-27T20:26:29.0089630+02:00" start="2025-04-27T20:26:28.1400750+02:00" finish="2025-04-27T20:26:29.2990160+02:00" />
  <TestSettings name="default" id="d0243590-a42c-442c-8c8f-77f7ea4d03e3">
    <Deployment runDeploymentRoot="_MacBook-Air-som-tillhor-Johanna_2025-04-27_20_26_29" />
  </TestSettings>
  <Results>
    <UnitTestResult executionId="07370d6d-6f3c-4f4f-97ee-7f86c5a1a367" testId="d0ac68c2-31b9-7fdf-4449-0d7e1124fe4e" testName="RemoveFoodPreference_should_return_NotFound_when_not_exists" computerName="MacBook-Air-som-tillhor-Johanna" duration="00:00:00.0008410" startTime="2025-04-27T20:26:28.9893640+02:00" endTime="2025-04-27T20:26:28.9902060+02:00" testType="13cdc9d9-ddb5-4fa4-a97d-d965ccfc6d4b" outcome="Failed" testListId="8c84fa94-04c1-424b-9868-57a2d4851a1d" relativeResultsDirectory="07370d6d-6f3c-4f4f-97ee-7f86c5a1a367">
      <Output>
        <StdOut>[20:26:28 INF] Beginning request AddFamilyMemberCommand [feb4c562-067d-469c-bea5-5121e841a2ce]
[20:26:28 WRN] Validation failed for command AddFamilyMemberCommand with 1 errors
[20:26:28 ERR] Request AddFamilyMemberCommand [feb4c562-067d-469c-bea5-5121e841a2ce] failed
FluentValidation.ValidationException: Validation failed: 
 -- UserId: UserId is required Severity: Error
   at YellowHouseStudio.LifeOrbit.Application.Common.Behaviors.ValidationBehavior`2.Handle(TRequest request, RequestHandlerDelegate`1 next, CancellationToken cancellationToken) in /Users/johannahulten/Documents/LifeOrbit/server/YellowHouseStudio.LifeOrbit.Application/Common/Behaviors/ValidationBehavior.cs:line 61
   at YellowHouseStudio.LifeOrbit.Application.Common.Behaviors.UnhandledExceptionBehavior`2.Handle(TRequest request, RequestHandlerDelegate`1 next, CancellationToken cancellationToken) in /Users/johannahulten/Documents/LifeOrbit/server/YellowHouseStudio.LifeOrbit.Application/Common/Behaviors/UnhandledExceptionBehavior.cs:line 16
   at YellowHouseStudio.LifeOrbit.Application.Common.Behaviors.LoggingBehavior`2.Handle(TRequest request, RequestHandlerDelegate`1 next, CancellationToken cancellationToken) in /Users/johannahulten/Documents/LifeOrbit/server/YellowHouseStudio.LifeOrbit.Application/Common/Behaviors/LoggingBehavior.cs:line 25
ValidationExceptionFilter</StdOut>
        <ErrorInfo>
          <Message>System.Net.Http.HttpRequestException : Response status code does not indicate success: 400 (Bad Request).</Message>
          <StackTrace>   at System.Net.Http.HttpResponseMessage.EnsureSuccessStatusCode()
   at YellowHouseStudio.LifeOrbit.Tests.API.Controllers.FamilyFoodPreferencesControllerTests.Setup() in /Users/johannahulten/Documents/LifeOrbit/server/YellowHouseStudio.LifeOrbit.Tests.API/Controllers/FamilyFoodPreferencesControllerTests.cs:line 29
   at NUnit.Framework.Internal.TaskAwaitAdapter.GenericAdapter`1.BlockUntilCompleted()
   at NUnit.Framework.Internal.MessagePumpStrategy.NoMessagePumpStrategy.WaitForCompletion(AwaitAdapter awaiter)
   at NUnit.Framework.Internal.AsyncToSyncAdapter.Await[TResult](TestExecutionContext context, Func`1 invoke)
   at NUnit.Framework.Internal.AsyncToSyncAdapter.Await(TestExecutionContext context, Func`1 invoke)
   at NUnit.Framework.Internal.Commands.SetUpTearDownItem.RunSetUpOrTearDownMethod(TestExecutionContext context, IMethodInfo method)
   at NUnit.Framework.Internal.Commands.SetUpTearDownItem.RunSetUp(TestExecutionContext context)
   at NUnit.Framework.Internal.Commands.BeforeAndAfterTestCommand.&lt;&gt;c__DisplayClass1_0.&lt;Execute&gt;b__0()
   at NUnit.Framework.Internal.Commands.DelegatingTestCommand.RunTestMethodInThreadAbortSafeZone(TestExecutionContext context, Action action)
</StackTrace>
        </ErrorInfo>
      </Output>
    </UnitTestResult>
    <UnitTestResult executionId="4773437e-5cf2-482e-b006-6785128fcb05" testId="23379fb6-fb57-e42a-d629-b9d77a45b17b" testName="AddFamilyMember_with_valid_command_returns_new_member_id" computerName="MacBook-Air-som-tillhor-Johanna" duration="00:00:00.0024120" startTime="2025-04-27T20:26:29.1951140+02:00" endTime="2025-04-27T20:26:29.1975260+02:00" testType="13cdc9d9-ddb5-4fa4-a97d-d965ccfc6d4b" outcome="Passed" testListId="8c84fa94-04c1-424b-9868-57a2d4851a1d" relativeResultsDirectory="4773437e-5cf2-482e-b006-6785128fcb05">
      <Output>
        <StdOut>[20:26:29 INF] Beginning request AddFamilyMemberCommand [83e5c4e1-737d-442d-b9d7-cb68af92c569]
[20:26:29 INF] Beginning transaction for AddFamilyMemberCommand
[20:26:29 INF] Committed transaction for AddFamilyMemberCommand
[20:26:29 INF] Completed request AddFamilyMemberCommand [83e5c4e1-737d-442d-b9d7-cb68af92c569]</StdOut>
      </Output>
    </UnitTestResult>
    <UnitTestResult executionId="f1238009-1a81-4767-86ba-7391a70e67ed" testId="6cd55c3d-bbfe-5165-7236-6e61acfb0e14" testName="AddFamilyMember_with_invalid_age_returns_bad_request" computerName="MacBook-Air-som-tillhor-Johanna" duration="00:00:00.0031700" startTime="2025-04-27T20:26:29.1919320+02:00" endTime="2025-04-27T20:26:29.1951020+02:00" testType="13cdc9d9-ddb5-4fa4-a97d-d965ccfc6d4b" outcome="Passed" testListId="8c84fa94-04c1-424b-9868-57a2d4851a1d" relativeResultsDirectory="f1238009-1a81-4767-86ba-7391a70e67ed">
      <Output>
        <StdOut>[20:26:29 WRN] Failed to determine the https port for redirect.
[20:26:29 INF] Beginning request AddFamilyMemberCommand [c393f2cf-2f68-4e90-89de-c69101dd2747]
[20:26:29 WRN] Validation failed for command AddFamilyMemberCommand with 1 errors
[20:26:29 ERR] Request AddFamilyMemberCommand [c393f2cf-2f68-4e90-89de-c69101dd2747] failed
FluentValidation.ValidationException: Validation failed: 
 -- Age: Age must be greater than or equal to 0 Severity: Error
   at YellowHouseStudio.LifeOrbit.Application.Common.Behaviors.ValidationBehavior`2.Handle(TRequest request, RequestHandlerDelegate`1 next, CancellationToken cancellationToken) in /Users/johannahulten/Documents/LifeOrbit/server/YellowHouseStudio.LifeOrbit.Application/Common/Behaviors/ValidationBehavior.cs:line 61
   at YellowHouseStudio.LifeOrbit.Application.Common.Behaviors.UnhandledExceptionBehavior`2.Handle(TRequest request, RequestHandlerDelegate`1 next, CancellationToken cancellationToken) in /Users/johannahulten/Documents/LifeOrbit/server/YellowHouseStudio.LifeOrbit.Application/Common/Behaviors/UnhandledExceptionBehavior.cs:line 16
   at YellowHouseStudio.LifeOrbit.Application.Common.Behaviors.LoggingBehavior`2.Handle(TRequest request, RequestHandlerDelegate`1 next, CancellationToken cancellationToken) in /Users/johannahulten/Documents/LifeOrbit/server/YellowHouseStudio.LifeOrbit.Application/Common/Behaviors/LoggingBehavior.cs:line 25
ValidationExceptionFilter</StdOut>
      </Output>
    </UnitTestResult>
    <UnitTestResult executionId="42810a2a-9d02-4cf7-bc7c-cc3263dd7cbd" testId="4c9d15cf-27b9-317d-cde7-0b11619e262c" testName="AddFoodPreference_should_return_NotFound_when_family_member_not_exists" computerName="MacBook-Air-som-tillhor-Johanna" duration="00:00:00.0013800" startTime="2025-04-27T20:26:28.9850690+02:00" endTime="2025-04-27T20:26:28.9864490+02:00" testType="13cdc9d9-ddb5-4fa4-a97d-d965ccfc6d4b" outcome="Failed" testListId="8c84fa94-04c1-424b-9868-57a2d4851a1d" relativeResultsDirectory="42810a2a-9d02-4cf7-bc7c-cc3263dd7cbd">
      <Output>
        <StdOut>[20:26:28 INF] Beginning request AddFamilyMemberCommand [01837cdd-1a58-475d-b774-fa37525867ba]
[20:26:28 WRN] Validation failed for command AddFamilyMemberCommand with 1 errors
[20:26:28 ERR] Request AddFamilyMemberCommand [01837cdd-1a58-475d-b774-fa37525867ba] failed
FluentValidation.ValidationException: Validation failed: 
 -- UserId: UserId is required Severity: Error
   at YellowHouseStudio.LifeOrbit.Application.Common.Behaviors.ValidationBehavior`2.Handle(TRequest request, RequestHandlerDelegate`1 next, CancellationToken cancellationToken) in /Users/johannahulten/Documents/LifeOrbit/server/YellowHouseStudio.LifeOrbit.Application/Common/Behaviors/ValidationBehavior.cs:line 61
   at YellowHouseStudio.LifeOrbit.Application.Common.Behaviors.UnhandledExceptionBehavior`2.Handle(TRequest request, RequestHandlerDelegate`1 next, CancellationToken cancellationToken) in /Users/johannahulten/Documents/LifeOrbit/server/YellowHouseStudio.LifeOrbit.Application/Common/Behaviors/UnhandledExceptionBehavior.cs:line 16
   at YellowHouseStudio.LifeOrbit.Application.Common.Behaviors.LoggingBehavior`2.Handle(TRequest request, RequestHandlerDelegate`1 next, CancellationToken cancellationToken) in /Users/johannahulten/Documents/LifeOrbit/server/YellowHouseStudio.LifeOrbit.Application/Common/Behaviors/LoggingBehavior.cs:line 25
ValidationExceptionFilter</StdOut>
        <ErrorInfo>
          <Message>System.Net.Http.HttpRequestException : Response status code does not indicate success: 400 (Bad Request).</Message>
          <StackTrace>   at System.Net.Http.HttpResponseMessage.EnsureSuccessStatusCode()
   at YellowHouseStudio.LifeOrbit.Tests.API.Controllers.FamilyFoodPreferencesControllerTests.Setup() in /Users/johannahulten/Documents/LifeOrbit/server/YellowHouseStudio.LifeOrbit.Tests.API/Controllers/FamilyFoodPreferencesControllerTests.cs:line 29
   at NUnit.Framework.Internal.TaskAwaitAdapter.GenericAdapter`1.BlockUntilCompleted()
   at NUnit.Framework.Internal.MessagePumpStrategy.NoMessagePumpStrategy.WaitForCompletion(AwaitAdapter awaiter)
   at NUnit.Framework.Internal.AsyncToSyncAdapter.Await[TResult](TestExecutionContext context, Func`1 invoke)
   at NUnit.Framework.Internal.AsyncToSyncAdapter.Await(TestExecutionContext context, Func`1 invoke)
   at NUnit.Framework.Internal.Commands.SetUpTearDownItem.RunSetUpOrTearDownMethod(TestExecutionContext context, IMethodInfo method)
   at NUnit.Framework.Internal.Commands.SetUpTearDownItem.RunSetUp(TestExecutionContext context)
   at NUnit.Framework.Internal.Commands.BeforeAndAfterTestCommand.&lt;&gt;c__DisplayClass1_0.&lt;Execute&gt;b__0()
   at NUnit.Framework.Internal.Commands.DelegatingTestCommand.RunTestMethodInThreadAbortSafeZone(TestExecutionContext context, Action action)
</StackTrace>
        </ErrorInfo>
      </Output>
    </UnitTestResult>
    <UnitTestResult executionId="9d09a3ce-4ccd-44f8-bfaa-35f15fea7854" testId="cfdc977c-ff99-450b-d153-534a95d01c7a" testName="RemoveSafeFood_returns_200_and_result" computerName="MacBook-Air-som-tillhor-Johanna" duration="00:00:00.0052940" startTime="2025-04-27T20:26:29.0669840+02:00" endTime="2025-04-27T20:26:29.0722770+02:00" testType="13cdc9d9-ddb5-4fa4-a97d-d965ccfc6d4b" outcome="Passed" testListId="8c84fa94-04c1-424b-9868-57a2d4851a1d" relativeResultsDirectory="9d09a3ce-4ccd-44f8-bfaa-35f15fea7854">
      <Output>
        <StdOut>[20:26:29 INF] Beginning request AddFamilyMemberCommand [6d6236a6-05b3-42dc-8e34-1ac1fdbc420c]
[20:26:29 INF] Beginning transaction for AddFamilyMemberCommand
[20:26:29 INF] Committed transaction for AddFamilyMemberCommand
[20:26:29 INF] Completed request AddFamilyMemberCommand [6d6236a6-05b3-42dc-8e34-1ac1fdbc420c]
[20:26:29 INF] Beginning request AddSafeFoodCommand [04be8699-169c-415b-afd0-5b379ad6065a]
[20:26:29 INF] Beginning transaction for AddSafeFoodCommand
[20:26:29 INF] Successfully added safe food Orange for family member 40234d41-994c-4b52-a2c1-b228268bb08a
[20:26:29 INF] Committed transaction for AddSafeFoodCommand
[20:26:29 INF] Completed request AddSafeFoodCommand [04be8699-169c-415b-afd0-5b379ad6065a]
[20:26:29 INF] Beginning request RemoveSafeFoodCommand [49a8a72d-f567-415d-8d44-8f7339dfebd0]
[20:26:29 INF] Beginning transaction for RemoveSafeFoodCommand
[20:26:29 INF] Successfully removed safe food Orange for family member 40234d41-994c-4b52-a2c1-b228268bb08a
[20:26:29 INF] Committed transaction for RemoveSafeFoodCommand
[20:26:29 INF] Completed request RemoveSafeFoodCommand [49a8a72d-f567-415d-8d44-8f7339dfebd0]</StdOut>
      </Output>
    </UnitTestResult>
    <UnitTestResult executionId="4cdebf36-a6cd-4e6e-8e86-33a3309107f0" testId="18b851f1-1120-016a-0d48-ec7d7908716d" testName="RemoveFoodPreference_should_succeed_when_valid" computerName="MacBook-Air-som-tillhor-Johanna" duration="00:00:00.0007240" startTime="2025-04-27T20:26:28.9902120+02:00" endTime="2025-04-27T20:26:28.9909360+02:00" testType="13cdc9d9-ddb5-4fa4-a97d-d965ccfc6d4b" outcome="Failed" testListId="8c84fa94-04c1-424b-9868-57a2d4851a1d" relativeResultsDirectory="4cdebf36-a6cd-4e6e-8e86-33a3309107f0">
      <Output>
        <StdOut>[20:26:28 INF] Beginning request AddFamilyMemberCommand [4762683a-6268-4c31-bb35-85324eb212d0]
[20:26:28 WRN] Validation failed for command AddFamilyMemberCommand with 1 errors
[20:26:28 ERR] Request AddFamilyMemberCommand [4762683a-6268-4c31-bb35-85324eb212d0] failed
FluentValidation.ValidationException: Validation failed: 
 -- UserId: UserId is required Severity: Error
   at YellowHouseStudio.LifeOrbit.Application.Common.Behaviors.ValidationBehavior`2.Handle(TRequest request, RequestHandlerDelegate`1 next, CancellationToken cancellationToken) in /Users/johannahulten/Documents/LifeOrbit/server/YellowHouseStudio.LifeOrbit.Application/Common/Behaviors/ValidationBehavior.cs:line 61
   at YellowHouseStudio.LifeOrbit.Application.Common.Behaviors.UnhandledExceptionBehavior`2.Handle(TRequest request, RequestHandlerDelegate`1 next, CancellationToken cancellationToken) in /Users/johannahulten/Documents/LifeOrbit/server/YellowHouseStudio.LifeOrbit.Application/Common/Behaviors/UnhandledExceptionBehavior.cs:line 16
   at YellowHouseStudio.LifeOrbit.Application.Common.Behaviors.LoggingBehavior`2.Handle(TRequest request, RequestHandlerDelegate`1 next, CancellationToken cancellationToken) in /Users/johannahulten/Documents/LifeOrbit/server/YellowHouseStudio.LifeOrbit.Application/Common/Behaviors/LoggingBehavior.cs:line 25
ValidationExceptionFilter</StdOut>
        <ErrorInfo>
          <Message>System.Net.Http.HttpRequestException : Response status code does not indicate success: 400 (Bad Request).</Message>
          <StackTrace>   at System.Net.Http.HttpResponseMessage.EnsureSuccessStatusCode()
   at YellowHouseStudio.LifeOrbit.Tests.API.Controllers.FamilyFoodPreferencesControllerTests.Setup() in /Users/johannahulten/Documents/LifeOrbit/server/YellowHouseStudio.LifeOrbit.Tests.API/Controllers/FamilyFoodPreferencesControllerTests.cs:line 29
   at NUnit.Framework.Internal.TaskAwaitAdapter.GenericAdapter`1.BlockUntilCompleted()
   at NUnit.Framework.Internal.MessagePumpStrategy.NoMessagePumpStrategy.WaitForCompletion(AwaitAdapter awaiter)
   at NUnit.Framework.Internal.AsyncToSyncAdapter.Await[TResult](TestExecutionContext context, Func`1 invoke)
   at NUnit.Framework.Internal.AsyncToSyncAdapter.Await(TestExecutionContext context, Func`1 invoke)
   at NUnit.Framework.Internal.Commands.SetUpTearDownItem.RunSetUpOrTearDownMethod(TestExecutionContext context, IMethodInfo method)
   at NUnit.Framework.Internal.Commands.SetUpTearDownItem.RunSetUp(TestExecutionContext context)
   at NUnit.Framework.Internal.Commands.BeforeAndAfterTestCommand.&lt;&gt;c__DisplayClass1_0.&lt;Execute&gt;b__0()
   at NUnit.Framework.Internal.Commands.DelegatingTestCommand.RunTestMethodInThreadAbortSafeZone(TestExecutionContext context, Action action)
</StackTrace>
        </ErrorInfo>
      </Output>
    </UnitTestResult>
    <UnitTestResult executionId="a90ef489-2cb5-438f-b850-fa04a2fe8197" testId="c18f0431-13b7-7c1e-b2b6-5e3b1888c2a1" testName="AddSafeFood_returns_200_and_result" computerName="MacBook-Air-som-tillhor-Johanna" duration="00:00:00.0181330" startTime="2025-04-27T20:26:29.0399360+02:00" endTime="2025-04-27T20:26:29.0580690+02:00" testType="13cdc9d9-ddb5-4fa4-a97d-d965ccfc6d4b" outcome="Passed" testListId="8c84fa94-04c1-424b-9868-57a2d4851a1d" relativeResultsDirectory="a90ef489-2cb5-438f-b850-fa04a2fe8197">
      <Output>
        <StdOut>[20:26:29 WRN] Failed to determine the https port for redirect.
[20:26:29 INF] Beginning request AddFamilyMemberCommand [0f09ff7b-861e-465d-9e47-a280271edbe6]
[20:26:29 INF] Beginning transaction for AddFamilyMemberCommand
[20:26:29 INF] Committed transaction for AddFamilyMemberCommand
[20:26:29 INF] Completed request AddFamilyMemberCommand [0f09ff7b-861e-465d-9e47-a280271edbe6]
[20:26:29 INF] Beginning request AddSafeFoodCommand [d8f3e025-8d0f-40f7-bd2b-5aa3047fc39c]
[20:26:29 INF] Beginning transaction for AddSafeFoodCommand
[20:26:29 INF] Successfully added safe food Apple for family member 49f71be3-134a-45ed-9a86-7adfb9725f14
[20:26:29 INF] Committed transaction for AddSafeFoodCommand
[20:26:29 INF] Completed request AddSafeFoodCommand [d8f3e025-8d0f-40f7-bd2b-5aa3047fc39c]</StdOut>
      </Output>
    </UnitTestResult>
    <UnitTestResult executionId="354de31e-d95d-4504-8172-25bda912bcf9" testId="77068e91-3b82-85b5-b7a1-db2b233e136f" testName="AddFoodPreference_should_return_BadRequest_when_invalid_status" computerName="MacBook-Air-som-tillhor-Johanna" duration="00:00:00.0121180" startTime="2025-04-27T20:26:28.9729140+02:00" endTime="2025-04-27T20:26:28.9850320+02:00" testType="13cdc9d9-ddb5-4fa4-a97d-d965ccfc6d4b" outcome="Failed" testListId="8c84fa94-04c1-424b-9868-57a2d4851a1d" relativeResultsDirectory="354de31e-d95d-4504-8172-25bda912bcf9">
      <Output>
        <StdOut>[20:26:28 WRN] Failed to determine the https port for redirect.
[20:26:28 INF] Beginning request AddFamilyMemberCommand [b6b690e0-2962-4fef-8f81-f85ce591c001]
[20:26:28 WRN] Validation failed for command AddFamilyMemberCommand with 1 errors
[20:26:28 ERR] Request AddFamilyMemberCommand [b6b690e0-2962-4fef-8f81-f85ce591c001] failed
FluentValidation.ValidationException: Validation failed: 
 -- UserId: UserId is required Severity: Error
   at YellowHouseStudio.LifeOrbit.Application.Common.Behaviors.ValidationBehavior`2.Handle(TRequest request, RequestHandlerDelegate`1 next, CancellationToken cancellationToken) in /Users/johannahulten/Documents/LifeOrbit/server/YellowHouseStudio.LifeOrbit.Application/Common/Behaviors/ValidationBehavior.cs:line 61
   at YellowHouseStudio.LifeOrbit.Application.Common.Behaviors.UnhandledExceptionBehavior`2.Handle(TRequest request, RequestHandlerDelegate`1 next, CancellationToken cancellationToken) in /Users/johannahulten/Documents/LifeOrbit/server/YellowHouseStudio.LifeOrbit.Application/Common/Behaviors/UnhandledExceptionBehavior.cs:line 16
   at YellowHouseStudio.LifeOrbit.Application.Common.Behaviors.LoggingBehavior`2.Handle(TRequest request, RequestHandlerDelegate`1 next, CancellationToken cancellationToken) in /Users/johannahulten/Documents/LifeOrbit/server/YellowHouseStudio.LifeOrbit.Application/Common/Behaviors/LoggingBehavior.cs:line 25
ValidationExceptionFilter</StdOut>
        <ErrorInfo>
          <Message>System.Net.Http.HttpRequestException : Response status code does not indicate success: 400 (Bad Request).</Message>
          <StackTrace>   at System.Net.Http.HttpResponseMessage.EnsureSuccessStatusCode()
   at YellowHouseStudio.LifeOrbit.Tests.API.Controllers.FamilyFoodPreferencesControllerTests.Setup() in /Users/johannahulten/Documents/LifeOrbit/server/YellowHouseStudio.LifeOrbit.Tests.API/Controllers/FamilyFoodPreferencesControllerTests.cs:line 29
   at NUnit.Framework.Internal.TaskAwaitAdapter.GenericAdapter`1.BlockUntilCompleted()
   at NUnit.Framework.Internal.MessagePumpStrategy.NoMessagePumpStrategy.WaitForCompletion(AwaitAdapter awaiter)
   at NUnit.Framework.Internal.AsyncToSyncAdapter.Await[TResult](TestExecutionContext context, Func`1 invoke)
   at NUnit.Framework.Internal.AsyncToSyncAdapter.Await(TestExecutionContext context, Func`1 invoke)
   at NUnit.Framework.Internal.Commands.SetUpTearDownItem.RunSetUpOrTearDownMethod(TestExecutionContext context, IMethodInfo method)
   at NUnit.Framework.Internal.Commands.SetUpTearDownItem.RunSetUp(TestExecutionContext context)
   at NUnit.Framework.Internal.Commands.BeforeAndAfterTestCommand.&lt;&gt;c__DisplayClass1_0.&lt;Execute&gt;b__0()
   at NUnit.Framework.Internal.Commands.DelegatingTestCommand.RunTestMethodInThreadAbortSafeZone(TestExecutionContext context, Action action)
</StackTrace>
        </ErrorInfo>
      </Output>
    </UnitTestResult>
    <UnitTestResult executionId="a9893f50-64f6-4753-9e12-5bdee37a32a6" testId="2a5b5c2b-098d-79f7-ab4c-e29bb7bad082" testName="GetFamilyMembers_returns_empty_list_when_no_members" computerName="MacBook-Air-som-tillhor-Johanna" duration="00:00:00.0094810" startTime="2025-04-27T20:26:29.2392820+02:00" endTime="2025-04-27T20:26:29.2487630+02:00" testType="13cdc9d9-ddb5-4fa4-a97d-d965ccfc6d4b" outcome="Passed" testListId="8c84fa94-04c1-424b-9868-57a2d4851a1d" relativeResultsDirectory="a9893f50-64f6-4753-9e12-5bdee37a32a6">
      <Output>
        <StdOut>[20:26:29 WRN] Failed to determine the https port for redirect.
[20:26:29 INF] Beginning request GetFamilyMembersQuery [7295d6ad-3642-421f-abc3-320750e09566]
[20:26:29 INF] Completed request GetFamilyMembersQuery [7295d6ad-3642-421f-abc3-320750e09566]</StdOut>
      </Output>
    </UnitTestResult>
    <UnitTestResult executionId="9ed4397b-c77e-44b8-a058-bdf2a730864c" testId="0feaf4b7-4c8e-6c50-931d-bb880377ce8c" testName="RemoveAllergy_returns_not_found_for_non_existent_member" computerName="MacBook-Air-som-tillhor-Johanna" duration="00:00:00.0069650" startTime="2025-04-27T20:26:28.9136770+02:00" endTime="2025-04-27T20:26:28.9206430+02:00" testType="13cdc9d9-ddb5-4fa4-a97d-d965ccfc6d4b" outcome="Passed" testListId="8c84fa94-04c1-424b-9868-57a2d4851a1d" relativeResultsDirectory="9ed4397b-c77e-44b8-a058-bdf2a730864c">
      <Output>
        <StdOut>[20:26:28 INF] Beginning request RemoveAllergyCommand [f8e22274-d97e-4101-a8b0-3523c95be6d4]
[20:26:28 WRN] Validation failed for command RemoveAllergyCommand with 2 errors
[20:26:28 ERR] Request RemoveAllergyCommand [f8e22274-d97e-4101-a8b0-3523c95be6d4] failed
FluentValidation.ValidationException: Validation failed: 
 -- FamilyMemberId: Family member not found Severity: Error
 -- Allergen: This allergy is not registered for this family member. Severity: Error
   at YellowHouseStudio.LifeOrbit.Application.Common.Behaviors.ValidationBehavior`2.Handle(TRequest request, RequestHandlerDelegate`1 next, CancellationToken cancellationToken) in /Users/johannahulten/Documents/LifeOrbit/server/YellowHouseStudio.LifeOrbit.Application/Common/Behaviors/ValidationBehavior.cs:line 61
   at YellowHouseStudio.LifeOrbit.Application.Common.Behaviors.UnhandledExceptionBehavior`2.Handle(TRequest request, RequestHandlerDelegate`1 next, CancellationToken cancellationToken) in /Users/johannahulten/Documents/LifeOrbit/server/YellowHouseStudio.LifeOrbit.Application/Common/Behaviors/UnhandledExceptionBehavior.cs:line 16
   at YellowHouseStudio.LifeOrbit.Application.Common.Behaviors.LoggingBehavior`2.Handle(TRequest request, RequestHandlerDelegate`1 next, CancellationToken cancellationToken) in /Users/johannahulten/Documents/LifeOrbit/server/YellowHouseStudio.LifeOrbit.Application/Common/Behaviors/LoggingBehavior.cs:line 25
ValidationExceptionFilter</StdOut>
      </Output>
    </UnitTestResult>
    <UnitTestResult executionId="acb3d3da-81dc-41b4-b6dc-74dea7a30d2e" testId="8397c865-3e17-9de5-925e-c92ee07d594e" testName="AddCompleteFamilyMember_with_valid_command_returns_created_member" computerName="MacBook-Air-som-tillhor-Johanna" duration="00:00:00.0102670" startTime="2025-04-27T20:26:29.1390630+02:00" endTime="2025-04-27T20:26:29.1493300+02:00" testType="13cdc9d9-ddb5-4fa4-a97d-d965ccfc6d4b" outcome="Passed" testListId="8c84fa94-04c1-424b-9868-57a2d4851a1d" relativeResultsDirectory="acb3d3da-81dc-41b4-b6dc-74dea7a30d2e">
      <Output>
        <StdOut>[20:26:29 INF] Beginning request AddCompleteFamilyMemberCommand [49d9075d-3d79-42c8-9db5-9d4cfbb06845]
[20:26:29 INF] Beginning transaction for AddCompleteFamilyMemberCommand
[20:26:29 INF] Successfully created family member d09b9fd7-0529-479f-b624-d3365dfc2c05 for user ecda7c00-4803-4d83-893f-37ff4175f115
[20:26:29 INF] Committed transaction for AddCompleteFamilyMemberCommand
[20:26:29 INF] Completed request AddCompleteFamilyMemberCommand [49d9075d-3d79-42c8-9db5-9d4cfbb06845]</StdOut>
      </Output>
    </UnitTestResult>
    <UnitTestResult executionId="6461a337-76b2-4306-a3b9-31ae596f835e" testId="41ed81d1-58f6-508a-fa25-5cd7a1dc8c4e" testName="AddAllergy_returns_not_found_for_non_existent_member" computerName="MacBook-Air-som-tillhor-Johanna" duration="00:00:00.0014890" startTime="2025-04-27T20:26:28.8974900+02:00" endTime="2025-04-27T20:26:28.8989790+02:00" testType="13cdc9d9-ddb5-4fa4-a97d-d965ccfc6d4b" outcome="Passed" testListId="8c84fa94-04c1-424b-9868-57a2d4851a1d" relativeResultsDirectory="6461a337-76b2-4306-a3b9-31ae596f835e">
      <Output>
        <StdOut>[20:26:28 INF] Beginning request AddAllergyCommand [7ba0f080-ce82-4083-94ac-3e330ec8418b]
[20:26:28 WRN] Validation failed for command AddAllergyCommand with 1 errors
[20:26:28 ERR] Request AddAllergyCommand [7ba0f080-ce82-4083-94ac-3e330ec8418b] failed
FluentValidation.ValidationException: Validation failed: 
 -- FamilyMemberId: Family member not found Severity: Error
   at YellowHouseStudio.LifeOrbit.Application.Common.Behaviors.ValidationBehavior`2.Handle(TRequest request, RequestHandlerDelegate`1 next, CancellationToken cancellationToken) in /Users/johannahulten/Documents/LifeOrbit/server/YellowHouseStudio.LifeOrbit.Application/Common/Behaviors/ValidationBehavior.cs:line 61
   at YellowHouseStudio.LifeOrbit.Application.Common.Behaviors.UnhandledExceptionBehavior`2.Handle(TRequest request, RequestHandlerDelegate`1 next, CancellationToken cancellationToken) in /Users/johannahulten/Documents/LifeOrbit/server/YellowHouseStudio.LifeOrbit.Application/Common/Behaviors/UnhandledExceptionBehavior.cs:line 16
   at YellowHouseStudio.LifeOrbit.Application.Common.Behaviors.LoggingBehavior`2.Handle(TRequest request, RequestHandlerDelegate`1 next, CancellationToken cancellationToken) in /Users/johannahulten/Documents/LifeOrbit/server/YellowHouseStudio.LifeOrbit.Application/Common/Behaviors/LoggingBehavior.cs:line 25
ValidationExceptionFilter</StdOut>
      </Output>
    </UnitTestResult>
    <UnitTestResult executionId="90bf1d5b-1413-471d-bc76-c18f0109b5f9" testId="10fda6c4-3bec-1111-7e8e-f7081ac94021" testName="AddFoodPreference_should_succeed_when_valid" computerName="MacBook-Air-som-tillhor-Johanna" duration="00:00:00.0028930" startTime="2025-04-27T20:26:28.9864560+02:00" endTime="2025-04-27T20:26:28.9893490+02:00" testType="13cdc9d9-ddb5-4fa4-a97d-d965ccfc6d4b" outcome="Failed" testListId="8c84fa94-04c1-424b-9868-57a2d4851a1d" relativeResultsDirectory="90bf1d5b-1413-471d-bc76-c18f0109b5f9">
      <Output>
        <StdOut>[20:26:28 INF] Beginning request AddFamilyMemberCommand [34e57b04-c698-4575-aea6-159549ff63f1]
[20:26:28 WRN] Validation failed for command AddFamilyMemberCommand with 1 errors
[20:26:28 ERR] Request AddFamilyMemberCommand [34e57b04-c698-4575-aea6-159549ff63f1] failed
FluentValidation.ValidationException: Validation failed: 
 -- UserId: UserId is required Severity: Error
   at YellowHouseStudio.LifeOrbit.Application.Common.Behaviors.ValidationBehavior`2.Handle(TRequest request, RequestHandlerDelegate`1 next, CancellationToken cancellationToken) in /Users/johannahulten/Documents/LifeOrbit/server/YellowHouseStudio.LifeOrbit.Application/Common/Behaviors/ValidationBehavior.cs:line 61
   at YellowHouseStudio.LifeOrbit.Application.Common.Behaviors.UnhandledExceptionBehavior`2.Handle(TRequest request, RequestHandlerDelegate`1 next, CancellationToken cancellationToken) in /Users/johannahulten/Documents/LifeOrbit/server/YellowHouseStudio.LifeOrbit.Application/Common/Behaviors/UnhandledExceptionBehavior.cs:line 16
   at YellowHouseStudio.LifeOrbit.Application.Common.Behaviors.LoggingBehavior`2.Handle(TRequest request, RequestHandlerDelegate`1 next, CancellationToken cancellationToken) in /Users/johannahulten/Documents/LifeOrbit/server/YellowHouseStudio.LifeOrbit.Application/Common/Behaviors/LoggingBehavior.cs:line 25
ValidationExceptionFilter</StdOut>
        <ErrorInfo>
          <Message>System.Net.Http.HttpRequestException : Response status code does not indicate success: 400 (Bad Request).</Message>
          <StackTrace>   at System.Net.Http.HttpResponseMessage.EnsureSuccessStatusCode()
   at YellowHouseStudio.LifeOrbit.Tests.API.Controllers.FamilyFoodPreferencesControllerTests.Setup() in /Users/johannahulten/Documents/LifeOrbit/server/YellowHouseStudio.LifeOrbit.Tests.API/Controllers/FamilyFoodPreferencesControllerTests.cs:line 29
   at NUnit.Framework.Internal.TaskAwaitAdapter.GenericAdapter`1.BlockUntilCompleted()
   at NUnit.Framework.Internal.MessagePumpStrategy.NoMessagePumpStrategy.WaitForCompletion(AwaitAdapter awaiter)
   at NUnit.Framework.Internal.AsyncToSyncAdapter.Await[TResult](TestExecutionContext context, Func`1 invoke)
   at NUnit.Framework.Internal.AsyncToSyncAdapter.Await(TestExecutionContext context, Func`1 invoke)
   at NUnit.Framework.Internal.Commands.SetUpTearDownItem.RunSetUpOrTearDownMethod(TestExecutionContext context, IMethodInfo method)
   at NUnit.Framework.Internal.Commands.SetUpTearDownItem.RunSetUp(TestExecutionContext context)
   at NUnit.Framework.Internal.Commands.BeforeAndAfterTestCommand.&lt;&gt;c__DisplayClass1_0.&lt;Execute&gt;b__0()
   at NUnit.Framework.Internal.Commands.DelegatingTestCommand.RunTestMethodInThreadAbortSafeZone(TestExecutionContext context, Action action)
</StackTrace>
        </ErrorInfo>
      </Output>
    </UnitTestResult>
    <UnitTestResult executionId="595e887d-4736-4a9f-b861-a576ef13728f" testId="689687cb-557a-ff7f-b8f5-9622d03806b1" testName="AddSafeFood_returns_404_for_missing_member" computerName="MacBook-Air-som-tillhor-Johanna" duration="00:00:00.0057600" startTime="2025-04-27T20:26:29.0612150+02:00" endTime="2025-04-27T20:26:29.0669750+02:00" testType="13cdc9d9-ddb5-4fa4-a97d-d965ccfc6d4b" outcome="Passed" testListId="8c84fa94-04c1-424b-9868-57a2d4851a1d" relativeResultsDirectory="595e887d-4736-4a9f-b861-a576ef13728f">
      <Output>
        <StdOut>[20:26:29 INF] Beginning request AddFamilyMemberCommand [5c5dd53e-95c3-4b32-9f91-552b903e6bcb]
[20:26:29 INF] Beginning transaction for AddFamilyMemberCommand
[20:26:29 INF] Committed transaction for AddFamilyMemberCommand
[20:26:29 INF] Completed request AddFamilyMemberCommand [5c5dd53e-95c3-4b32-9f91-552b903e6bcb]
[20:26:29 INF] Beginning request AddSafeFoodCommand [4c147811-e2a9-45b1-a6b0-19a661fd939e]
[20:26:29 INF] Beginning transaction for AddSafeFoodCommand
[20:26:29 WRN] Family member 7792e36a-ff07-45c6-8e7e-0da6c35f3928 not found for user b24dd736-77aa-494d-ab57-4135343e34ad
[20:26:29 INF] Rolling back transaction for AddSafeFoodCommand
[20:26:29 ERR] Unhandled Exception for Request AddSafeFoodCommand {"FamilyMemberId": "7792e36a-ff07-45c6-8e7e-0da6c35f3928", "FoodItem": "Banana", "$type": "AddSafeFoodCommand"}
YellowHouseStudio.LifeOrbit.Application.Common.Exceptions.NotFoundException: Family member 7792e36a-ff07-45c6-8e7e-0da6c35f3928 not found
   at YellowHouseStudio.LifeOrbit.Application.Family.AddSafeFood.AddSafeFoodCommandHandler.Handle(AddSafeFoodCommand request, CancellationToken cancellationToken) in /Users/johannahulten/Documents/LifeOrbit/server/YellowHouseStudio.LifeOrbit.Application/Family/AddSafeFood/AddSafeFoodCommandHandler.cs:line 34
   at YellowHouseStudio.LifeOrbit.Application.Common.Behaviors.TransactionBehavior`2.&lt;&gt;c__DisplayClass3_0.&lt;&lt;Handle&gt;b__0&gt;d.MoveNext() in /Users/johannahulten/Documents/LifeOrbit/server/YellowHouseStudio.LifeOrbit.Application/Common/Behaviors/TransactionBehavior.cs:line 40
--- End of stack trace from previous location ---
   at YellowHouseStudio.LifeOrbit.Application.Common.Behaviors.TransactionBehavior`2.&lt;&gt;c__DisplayClass3_0.&lt;&lt;Handle&gt;b__0&gt;d.MoveNext() in /Users/johannahulten/Documents/LifeOrbit/server/YellowHouseStudio.LifeOrbit.Application/Common/Behaviors/TransactionBehavior.cs:line 53
--- End of stack trace from previous location ---
   at YellowHouseStudio.LifeOrbit.Application.Common.Behaviors.TransactionBehavior`2.Handle(TRequest request, RequestHandlerDelegate`1 next, CancellationToken cancellationToken) in /Users/johannahulten/Documents/LifeOrbit/server/YellowHouseStudio.LifeOrbit.Application/Common/Behaviors/TransactionBehavior.cs:line 32
   at YellowHouseStudio.LifeOrbit.Application.Common.Behaviors.ValidationBehavior`2.Handle(TRequest request, RequestHandlerDelegate`1 next, CancellationToken cancellationToken) in /Users/johannahulten/Documents/LifeOrbit/server/YellowHouseStudio.LifeOrbit.Application/Common/Behaviors/ValidationBehavior.cs:line 67
   at YellowHouseStudio.LifeOrbit.Application.Common.Behaviors.UnhandledExceptionBehavior`2.Handle(TRequest request, RequestHandlerDelegate`1 next, CancellationToken cancellationToken) in /Users/johannahulten/Documents/LifeOrbit/server/YellowHouseStudio.LifeOrbit.Application/Common/Behaviors/UnhandledExceptionBehavior.cs:line 16
[20:26:29 ERR] Request AddSafeFoodCommand [4c147811-e2a9-45b1-a6b0-19a661fd939e] failed
YellowHouseStudio.LifeOrbit.Application.Common.Exceptions.NotFoundException: Family member 7792e36a-ff07-45c6-8e7e-0da6c35f3928 not found
   at YellowHouseStudio.LifeOrbit.Application.Family.AddSafeFood.AddSafeFoodCommandHandler.Handle(AddSafeFoodCommand request, CancellationToken cancellationToken) in /Users/johannahulten/Documents/LifeOrbit/server/YellowHouseStudio.LifeOrbit.Application/Family/AddSafeFood/AddSafeFoodCommandHandler.cs:line 34
   at YellowHouseStudio.LifeOrbit.Application.Common.Behaviors.TransactionBehavior`2.&lt;&gt;c__DisplayClass3_0.&lt;&lt;Handle&gt;b__0&gt;d.MoveNext() in /Users/johannahulten/Documents/LifeOrbit/server/YellowHouseStudio.LifeOrbit.Application/Common/Behaviors/TransactionBehavior.cs:line 40
--- End of stack trace from previous location ---
   at YellowHouseStudio.LifeOrbit.Application.Common.Behaviors.TransactionBehavior`2.&lt;&gt;c__DisplayClass3_0.&lt;&lt;Handle&gt;b__0&gt;d.MoveNext() in /Users/johannahulten/Documents/LifeOrbit/server/YellowHouseStudio.LifeOrbit.Application/Common/Behaviors/TransactionBehavior.cs:line 53
--- End of stack trace from previous location ---
   at YellowHouseStudio.LifeOrbit.Application.Common.Behaviors.TransactionBehavior`2.Handle(TRequest request, RequestHandlerDelegate`1 next, CancellationToken cancellationToken) in /Users/johannahulten/Documents/LifeOrbit/server/YellowHouseStudio.LifeOrbit.Application/Common/Behaviors/TransactionBehavior.cs:line 32
   at YellowHouseStudio.LifeOrbit.Application.Common.Behaviors.ValidationBehavior`2.Handle(TRequest request, RequestHandlerDelegate`1 next, CancellationToken cancellationToken) in /Users/johannahulten/Documents/LifeOrbit/server/YellowHouseStudio.LifeOrbit.Application/Common/Behaviors/ValidationBehavior.cs:line 67
   at YellowHouseStudio.LifeOrbit.Application.Common.Behaviors.UnhandledExceptionBehavior`2.Handle(TRequest request, RequestHandlerDelegate`1 next, CancellationToken cancellationToken) in /Users/johannahulten/Documents/LifeOrbit/server/YellowHouseStudio.LifeOrbit.Application/Common/Behaviors/UnhandledExceptionBehavior.cs:line 16
   at YellowHouseStudio.LifeOrbit.Application.Common.Behaviors.LoggingBehavior`2.Handle(TRequest request, RequestHandlerDelegate`1 next, CancellationToken cancellationToken) in /Users/johannahulten/Documents/LifeOrbit/server/YellowHouseStudio.LifeOrbit.Application/Common/Behaviors/LoggingBehavior.cs:line 25
ValidationExceptionFilter
GlobalExceptionFilter
[20:26:29 ERR] Unhandled exception occurred while executing /settings/family/7792e36a-ff07-45c6-8e7e-0da6c35f3928/safe-foods {"ActionId": "5f09e951-7647-4962-96be-2e95b81083fc", "ActionName": "YellowHouseStudio.LifeOrbit.Api.Controllers.FamilySafeFoodsController.AddSafeFood (YellowHouseStudio.LifeOrbit.Api)", "RequestId": "0HNC5N43DU13R", "RequestPath": "/settings/family/7792e36a-ff07-45c6-8e7e-0da6c35f3928/safe-foods"}
YellowHouseStudio.LifeOrbit.Application.Common.Exceptions.NotFoundException: Family member 7792e36a-ff07-45c6-8e7e-0da6c35f3928 not found
   at YellowHouseStudio.LifeOrbit.Application.Family.AddSafeFood.AddSafeFoodCommandHandler.Handle(AddSafeFoodCommand request, CancellationToken cancellationToken) in /Users/johannahulten/Documents/LifeOrbit/server/YellowHouseStudio.LifeOrbit.Application/Family/AddSafeFood/AddSafeFoodCommandHandler.cs:line 34
   at YellowHouseStudio.LifeOrbit.Application.Common.Behaviors.TransactionBehavior`2.&lt;&gt;c__DisplayClass3_0.&lt;&lt;Handle&gt;b__0&gt;d.MoveNext() in /Users/johannahulten/Documents/LifeOrbit/server/YellowHouseStudio.LifeOrbit.Application/Common/Behaviors/TransactionBehavior.cs:line 40
--- End of stack trace from previous location ---
   at YellowHouseStudio.LifeOrbit.Application.Common.Behaviors.TransactionBehavior`2.&lt;&gt;c__DisplayClass3_0.&lt;&lt;Handle&gt;b__0&gt;d.MoveNext() in /Users/johannahulten/Documents/LifeOrbit/server/YellowHouseStudio.LifeOrbit.Application/Common/Behaviors/TransactionBehavior.cs:line 53
--- End of stack trace from previous location ---
   at YellowHouseStudio.LifeOrbit.Application.Common.Behaviors.TransactionBehavior`2.Handle(TRequest request, RequestHandlerDelegate`1 next, CancellationToken cancellationToken) in /Users/johannahulten/Documents/LifeOrbit/server/YellowHouseStudio.LifeOrbit.Application/Common/Behaviors/TransactionBehavior.cs:line 32
   at YellowHouseStudio.LifeOrbit.Application.Common.Behaviors.ValidationBehavior`2.Handle(TRequest request, RequestHandlerDelegate`1 next, CancellationToken cancellationToken) in /Users/johannahulten/Documents/LifeOrbit/server/YellowHouseStudio.LifeOrbit.Application/Common/Behaviors/ValidationBehavior.cs:line 67
   at YellowHouseStudio.LifeOrbit.Application.Common.Behaviors.UnhandledExceptionBehavior`2.Handle(TRequest request, RequestHandlerDelegate`1 next, CancellationToken cancellationToken) in /Users/johannahulten/Documents/LifeOrbit/server/YellowHouseStudio.LifeOrbit.Application/Common/Behaviors/UnhandledExceptionBehavior.cs:line 16
   at YellowHouseStudio.LifeOrbit.Application.Common.Behaviors.LoggingBehavior`2.Handle(TRequest request, RequestHandlerDelegate`1 next, CancellationToken cancellationToken) in /Users/johannahulten/Documents/LifeOrbit/server/YellowHouseStudio.LifeOrbit.Application/Common/Behaviors/LoggingBehavior.cs:line 25
   at YellowHouseStudio.LifeOrbit.Api.Controllers.FamilySafeFoodsController.AddSafeFood(Guid familyMemberId, AddSafeFoodRequest request) in /Users/johannahulten/Documents/LifeOrbit/server/YellowHouseStudio.LifeOrbit.Api/Controllers/FamilySafeFoodsController.cs:line 28
   at lambda_method319(Closure, Object)
   at Microsoft.AspNetCore.Mvc.Infrastructure.ActionMethodExecutor.AwaitableObjectResultExecutor.Execute(ActionContext actionContext, IActionResultTypeMapper mapper, ObjectMethodExecutor executor, Object controller, Object[] arguments)
   at Microsoft.AspNetCore.Mvc.Infrastructure.ControllerActionInvoker.&lt;InvokeActionMethodAsync&gt;g__Awaited|12_0(ControllerActionInvoker invoker, ValueTask`1 actionResultValueTask)
   at Microsoft.AspNetCore.Mvc.Infrastructure.ControllerActionInvoker.&lt;InvokeNextActionFilterAsync&gt;g__Awaited|10_0(ControllerActionInvoker invoker, Task lastTask, State next, Scope scope, Object state, Boolean isCompleted)
   at Microsoft.AspNetCore.Mvc.Infrastructure.ControllerActionInvoker.Rethrow(ActionExecutedContextSealed context)
   at Microsoft.AspNetCore.Mvc.Infrastructure.ControllerActionInvoker.Next(State&amp; next, Scope&amp; scope, Object&amp; state, Boolean&amp; isCompleted)
   at Microsoft.AspNetCore.Mvc.Infrastructure.ControllerActionInvoker.InvokeInnerFilterAsync()
--- End of stack trace from previous location ---
   at Microsoft.AspNetCore.Mvc.Infrastructure.ResourceInvoker.&lt;InvokeNextExceptionFilterAsync&gt;g__Awaited|26_0(ResourceInvoker invoker, Task lastTask, State next, Scope scope, Object state, Boolean isCompleted)</StdOut>
      </Output>
    </UnitTestResult>
    <UnitTestResult executionId="d898a8be-b4f3-4779-a70c-afc6f04a5846" testId="2c06e374-508c-42c5-957b-65618a2dd458" testName="RemoveAllergy_removes_allergy_from_family_member" computerName="MacBook-Air-som-tillhor-Johanna" duration="00:00:00.0027100" startTime="2025-04-27T20:26:28.9092470+02:00" endTime="2025-04-27T20:26:28.9119560+02:00" testType="13cdc9d9-ddb5-4fa4-a97d-d965ccfc6d4b" outcome="Passed" testListId="8c84fa94-04c1-424b-9868-57a2d4851a1d" relativeResultsDirectory="d898a8be-b4f3-4779-a70c-afc6f04a5846">
      <Output>
        <StdOut>[20:26:28 INF] Beginning request AddAllergyCommand [d58fb3bc-e955-4834-a663-f9bec56156b7]
[20:26:28 INF] Beginning transaction for AddAllergyCommand
[20:26:28 INF] Adding new allergy Peanuts for family member 7bfe1b2f-969b-45b1-9b55-4df4529666c0
[20:26:28 INF] Successfully added allergy Peanuts for family member 7bfe1b2f-969b-45b1-9b55-4df4529666c0
[20:26:28 INF] Committed transaction for AddAllergyCommand
[20:26:28 INF] Completed request AddAllergyCommand [d58fb3bc-e955-4834-a663-f9bec56156b7]
[20:26:28 INF] Beginning request RemoveAllergyCommand [eca0f338-5985-460d-85c4-3ddfe795ce0c]
[20:26:28 INF] Beginning transaction for RemoveAllergyCommand
[20:26:28 INF] Successfully removed allergy Peanuts for family member 7bfe1b2f-969b-45b1-9b55-4df4529666c0
[20:26:28 INF] Committed transaction for RemoveAllergyCommand
[20:26:28 INF] Completed request RemoveAllergyCommand [eca0f338-5985-460d-85c4-3ddfe795ce0c]</StdOut>
      </Output>
    </UnitTestResult>
    <UnitTestResult executionId="8b6acc93-67e8-4c3b-b7bc-2ec36150bd3d" testId="b9d20c05-042b-ea5f-bf01-de29abef2fe7" testName="RemoveAllergy_returns_not_found_for_non_existent_allergy" computerName="MacBook-Air-som-tillhor-Johanna" duration="00:00:00.0017010" startTime="2025-04-27T20:26:28.9119670+02:00" endTime="2025-04-27T20:26:28.9136680+02:00" testType="13cdc9d9-ddb5-4fa4-a97d-d965ccfc6d4b" outcome="Passed" testListId="8c84fa94-04c1-424b-9868-57a2d4851a1d" relativeResultsDirectory="8b6acc93-67e8-4c3b-b7bc-2ec36150bd3d">
      <Output>
        <StdOut>[20:26:28 INF] Beginning request RemoveAllergyCommand [4c448413-33c5-4819-8e8b-03c4ed0479e3]
[20:26:28 WRN] Validation failed for command RemoveAllergyCommand with 1 errors
[20:26:28 ERR] Request RemoveAllergyCommand [4c448413-33c5-4819-8e8b-03c4ed0479e3] failed
FluentValidation.ValidationException: Validation failed: 
 -- Allergen: This allergy is not registered for this family member. Severity: Error
   at YellowHouseStudio.LifeOrbit.Application.Common.Behaviors.ValidationBehavior`2.Handle(TRequest request, RequestHandlerDelegate`1 next, CancellationToken cancellationToken) in /Users/johannahulten/Documents/LifeOrbit/server/YellowHouseStudio.LifeOrbit.Application/Common/Behaviors/ValidationBehavior.cs:line 61
   at YellowHouseStudio.LifeOrbit.Application.Common.Behaviors.UnhandledExceptionBehavior`2.Handle(TRequest request, RequestHandlerDelegate`1 next, CancellationToken cancellationToken) in /Users/johannahulten/Documents/LifeOrbit/server/YellowHouseStudio.LifeOrbit.Application/Common/Behaviors/UnhandledExceptionBehavior.cs:line 16
   at YellowHouseStudio.LifeOrbit.Application.Common.Behaviors.LoggingBehavior`2.Handle(TRequest request, RequestHandlerDelegate`1 next, CancellationToken cancellationToken) in /Users/johannahulten/Documents/LifeOrbit/server/YellowHouseStudio.LifeOrbit.Application/Common/Behaviors/LoggingBehavior.cs:line 25
ValidationExceptionFilter</StdOut>
      </Output>
    </UnitTestResult>
    <UnitTestResult executionId="3e6b2473-ac6b-47ba-add8-abc1dbb3277e" testId="cbfeccb5-0112-a18d-59a7-585e13164470" testName="AddAllergy_returns_bad_request_when_ids_dont_match" computerName="MacBook-Air-som-tillhor-Johanna" duration="00:00:00.0006980" startTime="2025-04-27T20:26:28.8967830+02:00" endTime="2025-04-27T20:26:28.8974810+02:00" testType="13cdc9d9-ddb5-4fa4-a97d-d965ccfc6d4b" outcome="Passed" testListId="8c84fa94-04c1-424b-9868-57a2d4851a1d" relativeResultsDirectory="3e6b2473-ac6b-47ba-add8-abc1dbb3277e" />
    <UnitTestResult executionId="f5b2e405-f233-40a5-ad39-c0b575344779" testId="bf834fa2-f134-16d1-0b3e-298cd5900d20" testName="AddAllergy_returns_bad_request_for_empty_allergen" computerName="MacBook-Air-som-tillhor-Johanna" duration="00:00:00.0016090" startTime="2025-04-27T20:26:28.8951520+02:00" endTime="2025-04-27T20:26:28.8967610+02:00" testType="13cdc9d9-ddb5-4fa4-a97d-d965ccfc6d4b" outcome="Passed" testListId="8c84fa94-04c1-424b-9868-57a2d4851a1d" relativeResultsDirectory="f5b2e405-f233-40a5-ad39-c0b575344779">
      <Output>
        <StdOut>[20:26:28 INF] Beginning request AddAllergyCommand [32b46cd2-92e7-4192-bba5-445b5a4600d5]
[20:26:28 WRN] Validation failed for command AddAllergyCommand with 1 errors
[20:26:28 ERR] Request AddAllergyCommand [32b46cd2-92e7-4192-bba5-445b5a4600d5] failed
FluentValidation.ValidationException: Validation failed: 
 -- Allergen: Please enter an allergen Severity: Error
   at YellowHouseStudio.LifeOrbit.Application.Common.Behaviors.ValidationBehavior`2.Handle(TRequest request, RequestHandlerDelegate`1 next, CancellationToken cancellationToken) in /Users/johannahulten/Documents/LifeOrbit/server/YellowHouseStudio.LifeOrbit.Application/Common/Behaviors/ValidationBehavior.cs:line 61
   at YellowHouseStudio.LifeOrbit.Application.Common.Behaviors.UnhandledExceptionBehavior`2.Handle(TRequest request, RequestHandlerDelegate`1 next, CancellationToken cancellationToken) in /Users/johannahulten/Documents/LifeOrbit/server/YellowHouseStudio.LifeOrbit.Application/Common/Behaviors/UnhandledExceptionBehavior.cs:line 16
   at YellowHouseStudio.LifeOrbit.Application.Common.Behaviors.LoggingBehavior`2.Handle(TRequest request, RequestHandlerDelegate`1 next, CancellationToken cancellationToken) in /Users/johannahulten/Documents/LifeOrbit/server/YellowHouseStudio.LifeOrbit.Application/Common/Behaviors/LoggingBehavior.cs:line 25
ValidationExceptionFilter</StdOut>
      </Output>
    </UnitTestResult>
    <UnitTestResult executionId="db9de0f1-b919-4c70-b710-e4216c0e0c33" testId="70e28db4-e8e2-dbc3-1452-8046b86e3544" testName="RemoveSafeFood_returns_404_for_missing_member" computerName="MacBook-Air-som-tillhor-Johanna" duration="00:00:00.0021170" startTime="2025-04-27T20:26:29.0743510+02:00" endTime="2025-04-27T20:26:29.0764680+02:00" testType="13cdc9d9-ddb5-4fa4-a97d-d965ccfc6d4b" outcome="Passed" testListId="8c84fa94-04c1-424b-9868-57a2d4851a1d" relativeResultsDirectory="db9de0f1-b919-4c70-b710-e4216c0e0c33">
      <Output>
        <StdOut>[20:26:29 INF] Beginning request AddFamilyMemberCommand [83fa58af-9761-468d-93d0-bc48997a9db7]
[20:26:29 INF] Beginning transaction for AddFamilyMemberCommand
[20:26:29 INF] Committed transaction for AddFamilyMemberCommand
[20:26:29 INF] Completed request AddFamilyMemberCommand [83fa58af-9761-468d-93d0-bc48997a9db7]
[20:26:29 INF] Beginning request RemoveSafeFoodCommand [85d7655e-b6ab-4b16-b654-673d19fee6c6]
[20:26:29 INF] Beginning transaction for RemoveSafeFoodCommand
[20:26:29 WRN] Family member 049987b1-274b-48f3-98ed-2d02c405af16 not found for user b24dd736-77aa-494d-ab57-4135343e34ad
[20:26:29 INF] Rolling back transaction for RemoveSafeFoodCommand
[20:26:29 ERR] Unhandled Exception for Request RemoveSafeFoodCommand {"FamilyMemberId": "049987b1-274b-48f3-98ed-2d02c405af16", "FoodItem": "Apple", "$type": "RemoveSafeFoodCommand"}
YellowHouseStudio.LifeOrbit.Application.Common.Exceptions.NotFoundException: Family member 049987b1-274b-48f3-98ed-2d02c405af16 not found
   at YellowHouseStudio.LifeOrbit.Application.Family.RemoveSafeFood.RemoveSafeFoodCommandHandler.Handle(RemoveSafeFoodCommand request, CancellationToken cancellationToken) in /Users/johannahulten/Documents/LifeOrbit/server/YellowHouseStudio.LifeOrbit.Application/Family/RemoveSafeFood/RemoveSafeFoodCommandHandler.cs:line 33
   at YellowHouseStudio.LifeOrbit.Application.Common.Behaviors.TransactionBehavior`2.&lt;&gt;c__DisplayClass3_0.&lt;&lt;Handle&gt;b__0&gt;d.MoveNext() in /Users/johannahulten/Documents/LifeOrbit/server/YellowHouseStudio.LifeOrbit.Application/Common/Behaviors/TransactionBehavior.cs:line 40
--- End of stack trace from previous location ---
   at YellowHouseStudio.LifeOrbit.Application.Common.Behaviors.TransactionBehavior`2.&lt;&gt;c__DisplayClass3_0.&lt;&lt;Handle&gt;b__0&gt;d.MoveNext() in /Users/johannahulten/Documents/LifeOrbit/server/YellowHouseStudio.LifeOrbit.Application/Common/Behaviors/TransactionBehavior.cs:line 53
--- End of stack trace from previous location ---
   at YellowHouseStudio.LifeOrbit.Application.Common.Behaviors.TransactionBehavior`2.Handle(TRequest request, RequestHandlerDelegate`1 next, CancellationToken cancellationToken) in /Users/johannahulten/Documents/LifeOrbit/server/YellowHouseStudio.LifeOrbit.Application/Common/Behaviors/TransactionBehavior.cs:line 32
   at YellowHouseStudio.LifeOrbit.Application.Common.Behaviors.ValidationBehavior`2.Handle(TRequest request, RequestHandlerDelegate`1 next, CancellationToken cancellationToken) in /Users/johannahulten/Documents/LifeOrbit/server/YellowHouseStudio.LifeOrbit.Application/Common/Behaviors/ValidationBehavior.cs:line 67
   at YellowHouseStudio.LifeOrbit.Application.Common.Behaviors.UnhandledExceptionBehavior`2.Handle(TRequest request, RequestHandlerDelegate`1 next, CancellationToken cancellationToken) in /Users/johannahulten/Documents/LifeOrbit/server/YellowHouseStudio.LifeOrbit.Application/Common/Behaviors/UnhandledExceptionBehavior.cs:line 16
[20:26:29 ERR] Request RemoveSafeFoodCommand [85d7655e-b6ab-4b16-b654-673d19fee6c6] failed
YellowHouseStudio.LifeOrbit.Application.Common.Exceptions.NotFoundException: Family member 049987b1-274b-48f3-98ed-2d02c405af16 not found
   at YellowHouseStudio.LifeOrbit.Application.Family.RemoveSafeFood.RemoveSafeFoodCommandHandler.Handle(RemoveSafeFoodCommand request, CancellationToken cancellationToken) in /Users/johannahulten/Documents/LifeOrbit/server/YellowHouseStudio.LifeOrbit.Application/Family/RemoveSafeFood/RemoveSafeFoodCommandHandler.cs:line 33
   at YellowHouseStudio.LifeOrbit.Application.Common.Behaviors.TransactionBehavior`2.&lt;&gt;c__DisplayClass3_0.&lt;&lt;Handle&gt;b__0&gt;d.MoveNext() in /Users/johannahulten/Documents/LifeOrbit/server/YellowHouseStudio.LifeOrbit.Application/Common/Behaviors/TransactionBehavior.cs:line 40
--- End of stack trace from previous location ---
   at YellowHouseStudio.LifeOrbit.Application.Common.Behaviors.TransactionBehavior`2.&lt;&gt;c__DisplayClass3_0.&lt;&lt;Handle&gt;b__0&gt;d.MoveNext() in /Users/johannahulten/Documents/LifeOrbit/server/YellowHouseStudio.LifeOrbit.Application/Common/Behaviors/TransactionBehavior.cs:line 53
--- End of stack trace from previous location ---
   at YellowHouseStudio.LifeOrbit.Application.Common.Behaviors.TransactionBehavior`2.Handle(TRequest request, RequestHandlerDelegate`1 next, CancellationToken cancellationToken) in /Users/johannahulten/Documents/LifeOrbit/server/YellowHouseStudio.LifeOrbit.Application/Common/Behaviors/TransactionBehavior.cs:line 32
   at YellowHouseStudio.LifeOrbit.Application.Common.Behaviors.ValidationBehavior`2.Handle(TRequest request, RequestHandlerDelegate`1 next, CancellationToken cancellationToken) in /Users/johannahulten/Documents/LifeOrbit/server/YellowHouseStudio.LifeOrbit.Application/Common/Behaviors/ValidationBehavior.cs:line 67
   at YellowHouseStudio.LifeOrbit.Application.Common.Behaviors.UnhandledExceptionBehavior`2.Handle(TRequest request, RequestHandlerDelegate`1 next, CancellationToken cancellationToken) in /Users/johannahulten/Documents/LifeOrbit/server/YellowHouseStudio.LifeOrbit.Application/Common/Behaviors/UnhandledExceptionBehavior.cs:line 16
   at YellowHouseStudio.LifeOrbit.Application.Common.Behaviors.LoggingBehavior`2.Handle(TRequest request, RequestHandlerDelegate`1 next, CancellationToken cancellationToken) in /Users/johannahulten/Documents/LifeOrbit/server/YellowHouseStudio.LifeOrbit.Application/Common/Behaviors/LoggingBehavior.cs:line 25
ValidationExceptionFilter
GlobalExceptionFilter
[20:26:29 ERR] Unhandled exception occurred while executing /settings/family/049987b1-274b-48f3-98ed-2d02c405af16/safe-foods/Apple {"ActionId": "7c0778aa-5e42-433c-9819-49acf71822bc", "ActionName": "YellowHouseStudio.LifeOrbit.Api.Controllers.FamilySafeFoodsController.RemoveSafeFood (YellowHouseStudio.LifeOrbit.Api)", "RequestId": "0HNC5N43DU142", "RequestPath": "/settings/family/049987b1-274b-48f3-98ed-2d02c405af16/safe-foods/Apple"}
YellowHouseStudio.LifeOrbit.Application.Common.Exceptions.NotFoundException: Family member 049987b1-274b-48f3-98ed-2d02c405af16 not found
   at YellowHouseStudio.LifeOrbit.Application.Family.RemoveSafeFood.RemoveSafeFoodCommandHandler.Handle(RemoveSafeFoodCommand request, CancellationToken cancellationToken) in /Users/johannahulten/Documents/LifeOrbit/server/YellowHouseStudio.LifeOrbit.Application/Family/RemoveSafeFood/RemoveSafeFoodCommandHandler.cs:line 33
   at YellowHouseStudio.LifeOrbit.Application.Common.Behaviors.TransactionBehavior`2.&lt;&gt;c__DisplayClass3_0.&lt;&lt;Handle&gt;b__0&gt;d.MoveNext() in /Users/johannahulten/Documents/LifeOrbit/server/YellowHouseStudio.LifeOrbit.Application/Common/Behaviors/TransactionBehavior.cs:line 40
--- End of stack trace from previous location ---
   at YellowHouseStudio.LifeOrbit.Application.Common.Behaviors.TransactionBehavior`2.&lt;&gt;c__DisplayClass3_0.&lt;&lt;Handle&gt;b__0&gt;d.MoveNext() in /Users/johannahulten/Documents/LifeOrbit/server/YellowHouseStudio.LifeOrbit.Application/Common/Behaviors/TransactionBehavior.cs:line 53
--- End of stack trace from previous location ---
   at YellowHouseStudio.LifeOrbit.Application.Common.Behaviors.TransactionBehavior`2.Handle(TRequest request, RequestHandlerDelegate`1 next, CancellationToken cancellationToken) in /Users/johannahulten/Documents/LifeOrbit/server/YellowHouseStudio.LifeOrbit.Application/Common/Behaviors/TransactionBehavior.cs:line 32
   at YellowHouseStudio.LifeOrbit.Application.Common.Behaviors.ValidationBehavior`2.Handle(TRequest request, RequestHandlerDelegate`1 next, CancellationToken cancellationToken) in /Users/johannahulten/Documents/LifeOrbit/server/YellowHouseStudio.LifeOrbit.Application/Common/Behaviors/ValidationBehavior.cs:line 67
   at YellowHouseStudio.LifeOrbit.Application.Common.Behaviors.UnhandledExceptionBehavior`2.Handle(TRequest request, RequestHandlerDelegate`1 next, CancellationToken cancellationToken) in /Users/johannahulten/Documents/LifeOrbit/server/YellowHouseStudio.LifeOrbit.Application/Common/Behaviors/UnhandledExceptionBehavior.cs:line 16
   at YellowHouseStudio.LifeOrbit.Application.Common.Behaviors.LoggingBehavior`2.Handle(TRequest request, RequestHandlerDelegate`1 next, CancellationToken cancellationToken) in /Users/johannahulten/Documents/LifeOrbit/server/YellowHouseStudio.LifeOrbit.Application/Common/Behaviors/LoggingBehavior.cs:line 25
   at YellowHouseStudio.LifeOrbit.Api.Controllers.FamilySafeFoodsController.RemoveSafeFood(Guid familyMemberId, String foodItem) in /Users/johannahulten/Documents/LifeOrbit/server/YellowHouseStudio.LifeOrbit.Api/Controllers/FamilySafeFoodsController.cs:line 44
   at lambda_method369(Closure, Object)
   at Microsoft.AspNetCore.Mvc.Infrastructure.ActionMethodExecutor.AwaitableObjectResultExecutor.Execute(ActionContext actionContext, IActionResultTypeMapper mapper, ObjectMethodExecutor executor, Object controller, Object[] arguments)
   at Microsoft.AspNetCore.Mvc.Infrastructure.ControllerActionInvoker.&lt;InvokeActionMethodAsync&gt;g__Awaited|12_0(ControllerActionInvoker invoker, ValueTask`1 actionResultValueTask)
   at Microsoft.AspNetCore.Mvc.Infrastructure.ControllerActionInvoker.&lt;InvokeNextActionFilterAsync&gt;g__Awaited|10_0(ControllerActionInvoker invoker, Task lastTask, State next, Scope scope, Object state, Boolean isCompleted)
   at Microsoft.AspNetCore.Mvc.Infrastructure.ControllerActionInvoker.Rethrow(ActionExecutedContextSealed context)
   at Microsoft.AspNetCore.Mvc.Infrastructure.ControllerActionInvoker.Next(State&amp; next, Scope&amp; scope, Object&amp; state, Boolean&amp; isCompleted)
   at Microsoft.AspNetCore.Mvc.Infrastructure.ControllerActionInvoker.InvokeInnerFilterAsync()
--- End of stack trace from previous location ---
   at Microsoft.AspNetCore.Mvc.Infrastructure.ResourceInvoker.&lt;InvokeNextExceptionFilterAsync&gt;g__Awaited|26_0(ResourceInvoker invoker, Task lastTask, State next, Scope scope, Object state, Boolean isCompleted)</StdOut>
      </Output>
    </UnitTestResult>
    <UnitTestResult executionId="d0678db2-50c9-454d-8984-ba3ccc725f81" testId="a8a42d43-4d37-9324-db67-d2d58a84f616" testName="RemoveAllergy_handles_url_encoded_allergen_names" computerName="MacBook-Air-som-tillhor-Johanna" duration="00:00:00.0102420" startTime="2025-04-27T20:26:28.8989910+02:00" endTime="2025-04-27T20:26:28.9092330+02:00" testType="13cdc9d9-ddb5-4fa4-a97d-d965ccfc6d4b" outcome="Passed" testListId="8c84fa94-04c1-424b-9868-57a2d4851a1d" relativeResultsDirectory="d0678db2-50c9-454d-8984-ba3ccc725f81">
      <Output>
        <StdOut>[20:26:28 INF] Beginning request AddAllergyCommand [cf489317-1c49-4dd4-acc0-66949d4db068]
[20:26:28 INF] Beginning transaction for AddAllergyCommand
[20:26:28 INF] Adding new allergy Tree Nuts &amp; Seeds for family member c9e3907d-4a05-4ce3-9ed0-904f77ff51af
[20:26:28 INF] Successfully added allergy Tree Nuts &amp; Seeds for family member c9e3907d-4a05-4ce3-9ed0-904f77ff51af
[20:26:28 INF] Committed transaction for AddAllergyCommand
[20:26:28 INF] Completed request AddAllergyCommand [cf489317-1c49-4dd4-acc0-66949d4db068]
[20:26:28 INF] Beginning request RemoveAllergyCommand [48cd54d1-fc97-4506-9556-93d25036093d]
[20:26:28 INF] Beginning transaction for RemoveAllergyCommand
[20:26:28 INF] Successfully removed allergy Tree Nuts &amp; Seeds for family member c9e3907d-4a05-4ce3-9ed0-904f77ff51af
[20:26:28 INF] Committed transaction for RemoveAllergyCommand
[20:26:28 INF] Completed request RemoveAllergyCommand [48cd54d1-fc97-4506-9556-93d25036093d]</StdOut>
      </Output>
    </UnitTestResult>
    <UnitTestResult executionId="790450df-5a67-41e8-8468-355ab9f12dce" testId="1e90a9c0-2b5c-f03c-ca6f-5194b6dc5d5b" testName="AddAllergy_adds_allergy_to_family_member" computerName="MacBook-Air-som-tillhor-Johanna" duration="00:00:00.3247680" startTime="2025-04-27T20:26:28.5455400+02:00" endTime="2025-04-27T20:26:28.8702910+02:00" testType="13cdc9d9-ddb5-4fa4-a97d-d965ccfc6d4b" outcome="Passed" testListId="8c84fa94-04c1-424b-9868-57a2d4851a1d" relativeResultsDirectory="790450df-5a67-41e8-8468-355ab9f12dce">
      <Output>
        <StdOut>[20:26:28 WRN] Failed to determine the https port for redirect.
[20:26:28 INF] Beginning request AddAllergyCommand [9462a67b-abaf-491b-a0e8-c304b6709811]
[20:26:28 INF] Beginning transaction for AddAllergyCommand
[20:26:28 INF] Adding new allergy Peanuts for family member e71a299d-6c61-4b55-9d02-5f5df5b7fb8a
[20:26:28 INF] Successfully added allergy Peanuts for family member e71a299d-6c61-4b55-9d02-5f5df5b7fb8a
[20:26:28 INF] Committed transaction for AddAllergyCommand
[20:26:28 INF] Completed request AddAllergyCommand [9462a67b-abaf-491b-a0e8-c304b6709811]</StdOut>
      </Output>
    </UnitTestResult>
    <UnitTestResult executionId="1a095775-b69d-426b-94ee-b94b28ac1486" testId="47d79a34-7d3b-4c02-4d49-d1a26f6a8c2a" testName="GetFamilyMembers_WithInvalidUserId_ReturnsBadRequest" computerName="MacBook-Air-som-tillhor-Johanna" duration="00:00:00.0235940" startTime="2025-04-27T20:26:29.2487740+02:00" endTime="2025-04-27T20:26:29.2723680+02:00" testType="13cdc9d9-ddb5-4fa4-a97d-d965ccfc6d4b" outcome="Failed" testListId="8c84fa94-04c1-424b-9868-57a2d4851a1d" relativeResultsDirectory="1a095775-b69d-426b-94ee-b94b28ac1486">
      <Output>
        <StdOut>[20:26:29 INF] Beginning request GetFamilyMembersQuery [fbbe1c04-9ce1-4bb7-98cd-7ceafa36ded2]
[20:26:29 INF] Completed request GetFamilyMembersQuery [fbbe1c04-9ce1-4bb7-98cd-7ceafa36ded2]</StdOut>
        <ErrorInfo>
          <Message>Expected response.StatusCode to be HttpStatusCode.BadRequest {value: 400}, but found HttpStatusCode.OK {value: 200}.</Message>
          <StackTrace>   at FluentAssertions.Execution.LateBoundTestFramework.Throw(String message)
   at FluentAssertions.Execution.TestFrameworkProvider.Throw(String message)
   at FluentAssertions.Execution.DefaultAssertionStrategy.HandleFailure(String message)
   at FluentAssertions.Execution.AssertionScope.FailWith(Func`1 failReasonFunc)
   at FluentAssertions.Execution.AssertionScope.FailWith(Func`1 failReasonFunc)
   at FluentAssertions.Execution.AssertionScope.FailWith(String message, Object[] args)
   at FluentAssertions.Primitives.EnumAssertions`2.Be(TEnum expected, String because, Object[] becauseArgs)
   at YellowHouseStudio.LifeOrbit.Tests.API.Family.GetFamilyMembersTests.GetFamilyMembers_WithInvalidUserId_ReturnsBadRequest() in /Users/johannahulten/Documents/LifeOrbit/server/YellowHouseStudio.LifeOrbit.Tests.API/Family/GetFamilyMembersTests.cs:line 34
   at NUnit.Framework.Internal.TaskAwaitAdapter.GenericAdapter`1.BlockUntilCompleted()
   at NUnit.Framework.Internal.MessagePumpStrategy.NoMessagePumpStrategy.WaitForCompletion(AwaitAdapter awaiter)
   at NUnit.Framework.Internal.AsyncToSyncAdapter.Await[TResult](TestExecutionContext context, Func`1 invoke)
   at NUnit.Framework.Internal.AsyncToSyncAdapter.Await(TestExecutionContext context, Func`1 invoke)
   at NUnit.Framework.Internal.Commands.TestMethodCommand.RunTestMethod(TestExecutionContext context)
   at NUnit.Framework.Internal.Commands.TestMethodCommand.Execute(TestExecutionContext context)
   at NUnit.Framework.Internal.Commands.BeforeAndAfterTestCommand.&lt;&gt;c__DisplayClass1_0.&lt;Execute&gt;b__0()
   at NUnit.Framework.Internal.Commands.DelegatingTestCommand.RunTestMethodInThreadAbortSafeZone(TestExecutionContext context, Action action)

</StackTrace>
        </ErrorInfo>
      </Output>
    </UnitTestResult>
    <UnitTestResult executionId="84b114b4-3d70-4d06-b733-5acc6496a6da" testId="60769f17-d4cf-2ceb-63af-0fe31a34f1c2" testName="AddCompleteFamilyMember_with_invalid_severity_returns_bad_request" computerName="MacBook-Air-som-tillhor-Johanna" duration="00:00:00.0033950" startTime="2025-04-27T20:26:29.1356570+02:00" endTime="2025-04-27T20:26:29.1390530+02:00" testType="13cdc9d9-ddb5-4fa4-a97d-d965ccfc6d4b" outcome="Passed" testListId="8c84fa94-04c1-424b-9868-57a2d4851a1d" relativeResultsDirectory="84b114b4-3d70-4d06-b733-5acc6496a6da">
      <Output>
        <StdOut>[20:26:29 INF] Beginning request AddCompleteFamilyMemberCommand [838ff8ec-b4f7-4852-a68d-e4dd4e84ad37]
[20:26:29 WRN] Validation failed for command AddCompleteFamilyMemberCommand with 1 errors
[20:26:29 ERR] Request AddCompleteFamilyMemberCommand [838ff8ec-b4f7-4852-a68d-e4dd4e84ad37] failed
FluentValidation.ValidationException: Validation failed: 
 -- Allergies[0].Severity: Severity must be either 'AvailableForOthers' or 'NotAllowed' Severity: Error
   at YellowHouseStudio.LifeOrbit.Application.Common.Behaviors.ValidationBehavior`2.Handle(TRequest request, RequestHandlerDelegate`1 next, CancellationToken cancellationToken) in /Users/johannahulten/Documents/LifeOrbit/server/YellowHouseStudio.LifeOrbit.Application/Common/Behaviors/ValidationBehavior.cs:line 61
   at YellowHouseStudio.LifeOrbit.Application.Common.Behaviors.UnhandledExceptionBehavior`2.Handle(TRequest request, RequestHandlerDelegate`1 next, CancellationToken cancellationToken) in /Users/johannahulten/Documents/LifeOrbit/server/YellowHouseStudio.LifeOrbit.Application/Common/Behaviors/UnhandledExceptionBehavior.cs:line 16
   at YellowHouseStudio.LifeOrbit.Application.Common.Behaviors.LoggingBehavior`2.Handle(TRequest request, RequestHandlerDelegate`1 next, CancellationToken cancellationToken) in /Users/johannahulten/Documents/LifeOrbit/server/YellowHouseStudio.LifeOrbit.Application/Common/Behaviors/LoggingBehavior.cs:line 25
ValidationExceptionFilter</StdOut>
      </Output>
    </UnitTestResult>
    <UnitTestResult executionId="7804e1bc-a209-4bb7-845a-987d74f3ed19" testId="0bec3c9f-1a3b-6c69-7b6a-f89187fe64bc" testName="AddAllergy_returns_bad_request_for_duplicate_allergy" computerName="MacBook-Air-som-tillhor-Johanna" duration="00:00:00.0242789" startTime="2025-04-27T20:26:28.8708490+02:00" endTime="2025-04-27T20:26:28.8951280+02:00" testType="13cdc9d9-ddb5-4fa4-a97d-d965ccfc6d4b" outcome="Passed" testListId="8c84fa94-04c1-424b-9868-57a2d4851a1d" relativeResultsDirectory="7804e1bc-a209-4bb7-845a-987d74f3ed19">
      <Output>
        <StdOut>[20:26:28 INF] Beginning request AddAllergyCommand [e7b5b816-e8aa-4027-aa45-d758ef74ded3]
[20:26:28 INF] Beginning transaction for AddAllergyCommand
[20:26:28 INF] Adding new allergy Peanuts for family member aa069bb7-09f2-4efb-9fe0-4a00d7dcf358
[20:26:28 INF] Successfully added allergy Peanuts for family member aa069bb7-09f2-4efb-9fe0-4a00d7dcf358
[20:26:28 INF] Committed transaction for AddAllergyCommand
[20:26:28 INF] Completed request AddAllergyCommand [e7b5b816-e8aa-4027-aa45-d758ef74ded3]
[20:26:28 INF] Beginning request AddAllergyCommand [e98e12f6-002c-436d-8f0d-98475a5f1c95]
[20:26:28 WRN] Validation failed for command AddAllergyCommand with 1 errors
[20:26:28 ERR] Request AddAllergyCommand [e98e12f6-002c-436d-8f0d-98475a5f1c95] failed
FluentValidation.ValidationException: Validation failed: 
 -- Allergen: This allergy is already registered for this family member Severity: Error
   at YellowHouseStudio.LifeOrbit.Application.Common.Behaviors.ValidationBehavior`2.Handle(TRequest request, RequestHandlerDelegate`1 next, CancellationToken cancellationToken) in /Users/johannahulten/Documents/LifeOrbit/server/YellowHouseStudio.LifeOrbit.Application/Common/Behaviors/ValidationBehavior.cs:line 61
   at YellowHouseStudio.LifeOrbit.Application.Common.Behaviors.UnhandledExceptionBehavior`2.Handle(TRequest request, RequestHandlerDelegate`1 next, CancellationToken cancellationToken) in /Users/johannahulten/Documents/LifeOrbit/server/YellowHouseStudio.LifeOrbit.Application/Common/Behaviors/UnhandledExceptionBehavior.cs:line 16
   at YellowHouseStudio.LifeOrbit.Application.Common.Behaviors.LoggingBehavior`2.Handle(TRequest request, RequestHandlerDelegate`1 next, CancellationToken cancellationToken) in /Users/johannahulten/Documents/LifeOrbit/server/YellowHouseStudio.LifeOrbit.Application/Common/Behaviors/LoggingBehavior.cs:line 25
ValidationExceptionFilter</StdOut>
      </Output>
    </UnitTestResult>
    <UnitTestResult executionId="7a2a075f-feed-410a-a978-7dd61186210f" testId="6506122c-2566-6d50-2c8c-ea35b9a8dc8a" testName="AddCompleteFamilyMember_with_invalid_age_returns_bad_request" computerName="MacBook-Air-som-tillhor-Johanna" duration="00:00:00.0172930" startTime="2025-04-27T20:26:29.1183450+02:00" endTime="2025-04-27T20:26:29.1356380+02:00" testType="13cdc9d9-ddb5-4fa4-a97d-d965ccfc6d4b" outcome="Passed" testListId="8c84fa94-04c1-424b-9868-57a2d4851a1d" relativeResultsDirectory="7a2a075f-feed-410a-a978-7dd61186210f">
      <Output>
        <StdOut>[20:26:29 WRN] Failed to determine the https port for redirect.
[20:26:29 INF] Beginning request AddCompleteFamilyMemberCommand [a1485c02-fa81-445e-9395-48434ac42430]
[20:26:29 WRN] Validation failed for command AddCompleteFamilyMemberCommand with 1 errors
[20:26:29 ERR] Request AddCompleteFamilyMemberCommand [a1485c02-fa81-445e-9395-48434ac42430] failed
FluentValidation.ValidationException: Validation failed: 
 -- Age: Age must be between 0 and 120 Severity: Error
   at YellowHouseStudio.LifeOrbit.Application.Common.Behaviors.ValidationBehavior`2.Handle(TRequest request, RequestHandlerDelegate`1 next, CancellationToken cancellationToken) in /Users/johannahulten/Documents/LifeOrbit/server/YellowHouseStudio.LifeOrbit.Application/Common/Behaviors/ValidationBehavior.cs:line 61
   at YellowHouseStudio.LifeOrbit.Application.Common.Behaviors.UnhandledExceptionBehavior`2.Handle(TRequest request, RequestHandlerDelegate`1 next, CancellationToken cancellationToken) in /Users/johannahulten/Documents/LifeOrbit/server/YellowHouseStudio.LifeOrbit.Application/Common/Behaviors/UnhandledExceptionBehavior.cs:line 16
   at YellowHouseStudio.LifeOrbit.Application.Common.Behaviors.LoggingBehavior`2.Handle(TRequest request, RequestHandlerDelegate`1 next, CancellationToken cancellationToken) in /Users/johannahulten/Documents/LifeOrbit/server/YellowHouseStudio.LifeOrbit.Application/Common/Behaviors/LoggingBehavior.cs:line 25
ValidationExceptionFilter</StdOut>
      </Output>
    </UnitTestResult>
    <UnitTestResult executionId="d03ae7a9-5175-47be-8c3c-6c4024d36a10" testId="ab350db5-028c-e793-fdaf-977ddfb54f34" testName="AddSafeFood_returns_400_for_invalid_request" computerName="MacBook-Air-som-tillhor-Johanna" duration="00:00:00.0031220" startTime="2025-04-27T20:26:29.0580820+02:00" endTime="2025-04-27T20:26:29.0612040+02:00" testType="13cdc9d9-ddb5-4fa4-a97d-d965ccfc6d4b" outcome="Passed" testListId="8c84fa94-04c1-424b-9868-57a2d4851a1d" relativeResultsDirectory="d03ae7a9-5175-47be-8c3c-6c4024d36a10">
      <Output>
        <StdOut>[20:26:29 INF] Beginning request AddFamilyMemberCommand [9f470021-0ab3-472f-95e4-d4bfbbca5934]
[20:26:29 INF] Beginning transaction for AddFamilyMemberCommand
[20:26:29 INF] Committed transaction for AddFamilyMemberCommand
[20:26:29 INF] Completed request AddFamilyMemberCommand [9f470021-0ab3-472f-95e4-d4bfbbca5934]</StdOut>
      </Output>
    </UnitTestResult>
    <UnitTestResult executionId="3d413021-e58e-4d48-a1e0-9a6c9c20e4fe" testId="9fb15514-e1c8-98d6-4cfc-aeb5d592c777" testName="RemoveSafeFood_returns_404_for_missing_food" computerName="MacBook-Air-som-tillhor-Johanna" duration="00:00:00.0020550" startTime="2025-04-27T20:26:29.0722880+02:00" endTime="2025-04-27T20:26:29.0743420+02:00" testType="13cdc9d9-ddb5-4fa4-a97d-d965ccfc6d4b" outcome="Passed" testListId="8c84fa94-04c1-424b-9868-57a2d4851a1d" relativeResultsDirectory="3d413021-e58e-4d48-a1e0-9a6c9c20e4fe">
      <Output>
        <StdOut>[20:26:29 INF] Beginning request AddFamilyMemberCommand [e81ead0c-2eb8-4caf-b0ac-5bedc29e981f]
[20:26:29 INF] Beginning transaction for AddFamilyMemberCommand
[20:26:29 INF] Committed transaction for AddFamilyMemberCommand
[20:26:29 INF] Completed request AddFamilyMemberCommand [e81ead0c-2eb8-4caf-b0ac-5bedc29e981f]
[20:26:29 INF] Beginning request RemoveSafeFoodCommand [02f9ee4d-f415-4068-b511-ae7b1afc3db3]
[20:26:29 INF] Beginning transaction for RemoveSafeFoodCommand
[20:26:29 WRN] Safe food NotPresent not found for family member a7bae5bc-f5d7-45e2-bfe6-f088da6f6fbc
[20:26:29 INF] Rolling back transaction for RemoveSafeFoodCommand
[20:26:29 ERR] Unhandled Exception for Request RemoveSafeFoodCommand {"FamilyMemberId": "a7bae5bc-f5d7-45e2-bfe6-f088da6f6fbc", "FoodItem": "NotPresent", "$type": "RemoveSafeFoodCommand"}
YellowHouseStudio.LifeOrbit.Application.Common.Exceptions.NotFoundException: Safe food NotPresent not found for family member a7bae5bc-f5d7-45e2-bfe6-f088da6f6fbc
   at YellowHouseStudio.LifeOrbit.Application.Family.RemoveSafeFood.RemoveSafeFoodCommandHandler.Handle(RemoveSafeFoodCommand request, CancellationToken cancellationToken) in /Users/johannahulten/Documents/LifeOrbit/server/YellowHouseStudio.LifeOrbit.Application/Family/RemoveSafeFood/RemoveSafeFoodCommandHandler.cs:line 40
   at YellowHouseStudio.LifeOrbit.Application.Common.Behaviors.TransactionBehavior`2.&lt;&gt;c__DisplayClass3_0.&lt;&lt;Handle&gt;b__0&gt;d.MoveNext() in /Users/johannahulten/Documents/LifeOrbit/server/YellowHouseStudio.LifeOrbit.Application/Common/Behaviors/TransactionBehavior.cs:line 40
--- End of stack trace from previous location ---
   at YellowHouseStudio.LifeOrbit.Application.Common.Behaviors.TransactionBehavior`2.&lt;&gt;c__DisplayClass3_0.&lt;&lt;Handle&gt;b__0&gt;d.MoveNext() in /Users/johannahulten/Documents/LifeOrbit/server/YellowHouseStudio.LifeOrbit.Application/Common/Behaviors/TransactionBehavior.cs:line 53
--- End of stack trace from previous location ---
   at YellowHouseStudio.LifeOrbit.Application.Common.Behaviors.TransactionBehavior`2.Handle(TRequest request, RequestHandlerDelegate`1 next, CancellationToken cancellationToken) in /Users/johannahulten/Documents/LifeOrbit/server/YellowHouseStudio.LifeOrbit.Application/Common/Behaviors/TransactionBehavior.cs:line 32
   at YellowHouseStudio.LifeOrbit.Application.Common.Behaviors.ValidationBehavior`2.Handle(TRequest request, RequestHandlerDelegate`1 next, CancellationToken cancellationToken) in /Users/johannahulten/Documents/LifeOrbit/server/YellowHouseStudio.LifeOrbit.Application/Common/Behaviors/ValidationBehavior.cs:line 67
   at YellowHouseStudio.LifeOrbit.Application.Common.Behaviors.UnhandledExceptionBehavior`2.Handle(TRequest request, RequestHandlerDelegate`1 next, CancellationToken cancellationToken) in /Users/johannahulten/Documents/LifeOrbit/server/YellowHouseStudio.LifeOrbit.Application/Common/Behaviors/UnhandledExceptionBehavior.cs:line 16
[20:26:29 ERR] Request RemoveSafeFoodCommand [02f9ee4d-f415-4068-b511-ae7b1afc3db3] failed
YellowHouseStudio.LifeOrbit.Application.Common.Exceptions.NotFoundException: Safe food NotPresent not found for family member a7bae5bc-f5d7-45e2-bfe6-f088da6f6fbc
   at YellowHouseStudio.LifeOrbit.Application.Family.RemoveSafeFood.RemoveSafeFoodCommandHandler.Handle(RemoveSafeFoodCommand request, CancellationToken cancellationToken) in /Users/johannahulten/Documents/LifeOrbit/server/YellowHouseStudio.LifeOrbit.Application/Family/RemoveSafeFood/RemoveSafeFoodCommandHandler.cs:line 40
   at YellowHouseStudio.LifeOrbit.Application.Common.Behaviors.TransactionBehavior`2.&lt;&gt;c__DisplayClass3_0.&lt;&lt;Handle&gt;b__0&gt;d.MoveNext() in /Users/johannahulten/Documents/LifeOrbit/server/YellowHouseStudio.LifeOrbit.Application/Common/Behaviors/TransactionBehavior.cs:line 40
--- End of stack trace from previous location ---
   at YellowHouseStudio.LifeOrbit.Application.Common.Behaviors.TransactionBehavior`2.&lt;&gt;c__DisplayClass3_0.&lt;&lt;Handle&gt;b__0&gt;d.MoveNext() in /Users/johannahulten/Documents/LifeOrbit/server/YellowHouseStudio.LifeOrbit.Application/Common/Behaviors/TransactionBehavior.cs:line 53
--- End of stack trace from previous location ---
   at YellowHouseStudio.LifeOrbit.Application.Common.Behaviors.TransactionBehavior`2.Handle(TRequest request, RequestHandlerDelegate`1 next, CancellationToken cancellationToken) in /Users/johannahulten/Documents/LifeOrbit/server/YellowHouseStudio.LifeOrbit.Application/Common/Behaviors/TransactionBehavior.cs:line 32
   at YellowHouseStudio.LifeOrbit.Application.Common.Behaviors.ValidationBehavior`2.Handle(TRequest request, RequestHandlerDelegate`1 next, CancellationToken cancellationToken) in /Users/johannahulten/Documents/LifeOrbit/server/YellowHouseStudio.LifeOrbit.Application/Common/Behaviors/ValidationBehavior.cs:line 67
   at YellowHouseStudio.LifeOrbit.Application.Common.Behaviors.UnhandledExceptionBehavior`2.Handle(TRequest request, RequestHandlerDelegate`1 next, CancellationToken cancellationToken) in /Users/johannahulten/Documents/LifeOrbit/server/YellowHouseStudio.LifeOrbit.Application/Common/Behaviors/UnhandledExceptionBehavior.cs:line 16
   at YellowHouseStudio.LifeOrbit.Application.Common.Behaviors.LoggingBehavior`2.Handle(TRequest request, RequestHandlerDelegate`1 next, CancellationToken cancellationToken) in /Users/johannahulten/Documents/LifeOrbit/server/YellowHouseStudio.LifeOrbit.Application/Common/Behaviors/LoggingBehavior.cs:line 25
ValidationExceptionFilter
GlobalExceptionFilter
[20:26:29 ERR] Unhandled exception occurred while executing /settings/family/a7bae5bc-f5d7-45e2-bfe6-f088da6f6fbc/safe-foods/NotPresent {"ActionId": "7c0778aa-5e42-433c-9819-49acf71822bc", "ActionName": "YellowHouseStudio.LifeOrbit.Api.Controllers.FamilySafeFoodsController.RemoveSafeFood (YellowHouseStudio.LifeOrbit.Api)", "RequestId": "0HNC5N43DU140", "RequestPath": "/settings/family/a7bae5bc-f5d7-45e2-bfe6-f088da6f6fbc/safe-foods/NotPresent"}
YellowHouseStudio.LifeOrbit.Application.Common.Exceptions.NotFoundException: Safe food NotPresent not found for family member a7bae5bc-f5d7-45e2-bfe6-f088da6f6fbc
   at YellowHouseStudio.LifeOrbit.Application.Family.RemoveSafeFood.RemoveSafeFoodCommandHandler.Handle(RemoveSafeFoodCommand request, CancellationToken cancellationToken) in /Users/johannahulten/Documents/LifeOrbit/server/YellowHouseStudio.LifeOrbit.Application/Family/RemoveSafeFood/RemoveSafeFoodCommandHandler.cs:line 40
   at YellowHouseStudio.LifeOrbit.Application.Common.Behaviors.TransactionBehavior`2.&lt;&gt;c__DisplayClass3_0.&lt;&lt;Handle&gt;b__0&gt;d.MoveNext() in /Users/johannahulten/Documents/LifeOrbit/server/YellowHouseStudio.LifeOrbit.Application/Common/Behaviors/TransactionBehavior.cs:line 40
--- End of stack trace from previous location ---
   at YellowHouseStudio.LifeOrbit.Application.Common.Behaviors.TransactionBehavior`2.&lt;&gt;c__DisplayClass3_0.&lt;&lt;Handle&gt;b__0&gt;d.MoveNext() in /Users/johannahulten/Documents/LifeOrbit/server/YellowHouseStudio.LifeOrbit.Application/Common/Behaviors/TransactionBehavior.cs:line 53
--- End of stack trace from previous location ---
   at YellowHouseStudio.LifeOrbit.Application.Common.Behaviors.TransactionBehavior`2.Handle(TRequest request, RequestHandlerDelegate`1 next, CancellationToken cancellationToken) in /Users/johannahulten/Documents/LifeOrbit/server/YellowHouseStudio.LifeOrbit.Application/Common/Behaviors/TransactionBehavior.cs:line 32
   at YellowHouseStudio.LifeOrbit.Application.Common.Behaviors.ValidationBehavior`2.Handle(TRequest request, RequestHandlerDelegate`1 next, CancellationToken cancellationToken) in /Users/johannahulten/Documents/LifeOrbit/server/YellowHouseStudio.LifeOrbit.Application/Common/Behaviors/ValidationBehavior.cs:line 67
   at YellowHouseStudio.LifeOrbit.Application.Common.Behaviors.UnhandledExceptionBehavior`2.Handle(TRequest request, RequestHandlerDelegate`1 next, CancellationToken cancellationToken) in /Users/johannahulten/Documents/LifeOrbit/server/YellowHouseStudio.LifeOrbit.Application/Common/Behaviors/UnhandledExceptionBehavior.cs:line 16
   at YellowHouseStudio.LifeOrbit.Application.Common.Behaviors.LoggingBehavior`2.Handle(TRequest request, RequestHandlerDelegate`1 next, CancellationToken cancellationToken) in /Users/johannahulten/Documents/LifeOrbit/server/YellowHouseStudio.LifeOrbit.Application/Common/Behaviors/LoggingBehavior.cs:line 25
   at YellowHouseStudio.LifeOrbit.Api.Controllers.FamilySafeFoodsController.RemoveSafeFood(Guid familyMemberId, String foodItem) in /Users/johannahulten/Documents/LifeOrbit/server/YellowHouseStudio.LifeOrbit.Api/Controllers/FamilySafeFoodsController.cs:line 44
   at lambda_method369(Closure, Object)
   at Microsoft.AspNetCore.Mvc.Infrastructure.ActionMethodExecutor.AwaitableObjectResultExecutor.Execute(ActionContext actionContext, IActionResultTypeMapper mapper, ObjectMethodExecutor executor, Object controller, Object[] arguments)
   at Microsoft.AspNetCore.Mvc.Infrastructure.ControllerActionInvoker.&lt;InvokeActionMethodAsync&gt;g__Awaited|12_0(ControllerActionInvoker invoker, ValueTask`1 actionResultValueTask)
   at Microsoft.AspNetCore.Mvc.Infrastructure.ControllerActionInvoker.&lt;InvokeNextActionFilterAsync&gt;g__Awaited|10_0(ControllerActionInvoker invoker, Task lastTask, State next, Scope scope, Object state, Boolean isCompleted)
   at Microsoft.AspNetCore.Mvc.Infrastructure.ControllerActionInvoker.Rethrow(ActionExecutedContextSealed context)
   at Microsoft.AspNetCore.Mvc.Infrastructure.ControllerActionInvoker.Next(State&amp; next, Scope&amp; scope, Object&amp; state, Boolean&amp; isCompleted)
   at Microsoft.AspNetCore.Mvc.Infrastructure.ControllerActionInvoker.InvokeInnerFilterAsync()
--- End of stack trace from previous location ---
   at Microsoft.AspNetCore.Mvc.Infrastructure.ResourceInvoker.&lt;InvokeNextExceptionFilterAsync&gt;g__Awaited|26_0(ResourceInvoker invoker, Task lastTask, State next, Scope scope, Object state, Boolean isCompleted)</StdOut>
      </Output>
    </UnitTestResult>
  </Results>
  <TestDefinitions>
    <UnitTest name="RemoveAllergy_returns_not_found_for_non_existent_member" storage="/users/johannahulten/documents/lifeorbit/server/yellowhousestudio.lifeorbit.tests.api/bin/debug/net8.0/yellowhousestudio.lifeorbit.tests.api.dll" id="0feaf4b7-4c8e-6c50-931d-bb880377ce8c">
      <Execution id="9ed4397b-c77e-44b8-a058-bdf2a730864c" />
      <TestMethod codeBase="/Users/johannahulten/Documents/LifeOrbit/server/YellowHouseStudio.LifeOrbit.Tests.API/bin/Debug/net8.0/YellowHouseStudio.LifeOrbit.Tests.API.dll" adapterTypeName="executor://nunit3testexecutor/" className="YellowHouseStudio.LifeOrbit.Tests.API.Controllers.FamilyAllergiesControllerTests" name="RemoveAllergy_returns_not_found_for_non_existent_member" />
    </UnitTest>
    <UnitTest name="GetFamilyMembers_WithInvalidUserId_ReturnsBadRequest" storage="/users/johannahulten/documents/lifeorbit/server/yellowhousestudio.lifeorbit.tests.api/bin/debug/net8.0/yellowhousestudio.lifeorbit.tests.api.dll" id="47d79a34-7d3b-4c02-4d49-d1a26f6a8c2a">
      <Execution id="1a095775-b69d-426b-94ee-b94b28ac1486" />
      <TestMethod codeBase="/Users/johannahulten/Documents/LifeOrbit/server/YellowHouseStudio.LifeOrbit.Tests.API/bin/Debug/net8.0/YellowHouseStudio.LifeOrbit.Tests.API.dll" adapterTypeName="executor://nunit3testexecutor/" className="YellowHouseStudio.LifeOrbit.Tests.API.Family.GetFamilyMembersTests" name="GetFamilyMembers_WithInvalidUserId_ReturnsBadRequest" />
    </UnitTest>
    <UnitTest name="GetFamilyMembers_returns_empty_list_when_no_members" storage="/users/johannahulten/documents/lifeorbit/server/yellowhousestudio.lifeorbit.tests.api/bin/debug/net8.0/yellowhousestudio.lifeorbit.tests.api.dll" id="2a5b5c2b-098d-79f7-ab4c-e29bb7bad082">
      <Execution id="a9893f50-64f6-4753-9e12-5bdee37a32a6" />
      <TestMethod codeBase="/Users/johannahulten/Documents/LifeOrbit/server/YellowHouseStudio.LifeOrbit.Tests.API/bin/Debug/net8.0/YellowHouseStudio.LifeOrbit.Tests.API.dll" adapterTypeName="executor://nunit3testexecutor/" className="YellowHouseStudio.LifeOrbit.Tests.API.Family.GetFamilyMembersTests" name="GetFamilyMembers_returns_empty_list_when_no_members" />
    </UnitTest>
    <UnitTest name="AddFamilyMember_with_invalid_age_returns_bad_request" storage="/users/johannahulten/documents/lifeorbit/server/yellowhousestudio.lifeorbit.tests.api/bin/debug/net8.0/yellowhousestudio.lifeorbit.tests.api.dll" id="6cd55c3d-bbfe-5165-7236-6e61acfb0e14">
      <Execution id="f1238009-1a81-4767-86ba-7391a70e67ed" />
      <TestMethod codeBase="/Users/johannahulten/Documents/LifeOrbit/server/YellowHouseStudio.LifeOrbit.Tests.API/bin/Debug/net8.0/YellowHouseStudio.LifeOrbit.Tests.API.dll" adapterTypeName="executor://nunit3testexecutor/" className="YellowHouseStudio.LifeOrbit.Tests.API.Family.AddFamilyMemberTests" name="AddFamilyMember_with_invalid_age_returns_bad_request" />
    </UnitTest>
    <UnitTest name="RemoveAllergy_removes_allergy_from_family_member" storage="/users/johannahulten/documents/lifeorbit/server/yellowhousestudio.lifeorbit.tests.api/bin/debug/net8.0/yellowhousestudio.lifeorbit.tests.api.dll" id="2c06e374-508c-42c5-957b-65618a2dd458">
      <Execution id="d898a8be-b4f3-4779-a70c-afc6f04a5846" />
      <TestMethod codeBase="/Users/johannahulten/Documents/LifeOrbit/server/YellowHouseStudio.LifeOrbit.Tests.API/bin/Debug/net8.0/YellowHouseStudio.LifeOrbit.Tests.API.dll" adapterTypeName="executor://nunit3testexecutor/" className="YellowHouseStudio.LifeOrbit.Tests.API.Controllers.FamilyAllergiesControllerTests" name="RemoveAllergy_removes_allergy_from_family_member" />
    </UnitTest>
    <UnitTest name="AddFamilyMember_with_valid_command_returns_new_member_id" storage="/users/johannahulten/documents/lifeorbit/server/yellowhousestudio.lifeorbit.tests.api/bin/debug/net8.0/yellowhousestudio.lifeorbit.tests.api.dll" id="23379fb6-fb57-e42a-d629-b9d77a45b17b">
      <Execution id="4773437e-5cf2-482e-b006-6785128fcb05" />
      <TestMethod codeBase="/Users/johannahulten/Documents/LifeOrbit/server/YellowHouseStudio.LifeOrbit.Tests.API/bin/Debug/net8.0/YellowHouseStudio.LifeOrbit.Tests.API.dll" adapterTypeName="executor://nunit3testexecutor/" className="YellowHouseStudio.LifeOrbit.Tests.API.Family.AddFamilyMemberTests" name="AddFamilyMember_with_valid_command_returns_new_member_id" />
    </UnitTest>
    <UnitTest name="AddSafeFood_returns_400_for_invalid_request" storage="/users/johannahulten/documents/lifeorbit/server/yellowhousestudio.lifeorbit.tests.api/bin/debug/net8.0/yellowhousestudio.lifeorbit.tests.api.dll" id="ab350db5-028c-e793-fdaf-977ddfb54f34">
      <Execution id="d03ae7a9-5175-47be-8c3c-6c4024d36a10" />
      <TestMethod codeBase="/Users/johannahulten/Documents/LifeOrbit/server/YellowHouseStudio.LifeOrbit.Tests.API/bin/Debug/net8.0/YellowHouseStudio.LifeOrbit.Tests.API.dll" adapterTypeName="executor://nunit3testexecutor/" className="YellowHouseStudio.LifeOrbit.Tests.API.Controllers.FamilySafeFoodsControllerTests" name="AddSafeFood_returns_400_for_invalid_request" />
    </UnitTest>
    <UnitTest name="RemoveFoodPreference_should_return_NotFound_when_not_exists" storage="/users/johannahulten/documents/lifeorbit/server/yellowhousestudio.lifeorbit.tests.api/bin/debug/net8.0/yellowhousestudio.lifeorbit.tests.api.dll" id="d0ac68c2-31b9-7fdf-4449-0d7e1124fe4e">
      <Execution id="07370d6d-6f3c-4f4f-97ee-7f86c5a1a367" />
      <TestMethod codeBase="/Users/johannahulten/Documents/LifeOrbit/server/YellowHouseStudio.LifeOrbit.Tests.API/bin/Debug/net8.0/YellowHouseStudio.LifeOrbit.Tests.API.dll" adapterTypeName="executor://nunit3testexecutor/" className="YellowHouseStudio.LifeOrbit.Tests.API.Controllers.FamilyFoodPreferencesControllerTests" name="RemoveFoodPreference_should_return_NotFound_when_not_exists" />
    </UnitTest>
    <UnitTest name="AddSafeFood_returns_404_for_missing_member" storage="/users/johannahulten/documents/lifeorbit/server/yellowhousestudio.lifeorbit.tests.api/bin/debug/net8.0/yellowhousestudio.lifeorbit.tests.api.dll" id="689687cb-557a-ff7f-b8f5-9622d03806b1">
      <Execution id="595e887d-4736-4a9f-b861-a576ef13728f" />
      <TestMethod codeBase="/Users/johannahulten/Documents/LifeOrbit/server/YellowHouseStudio.LifeOrbit.Tests.API/bin/Debug/net8.0/YellowHouseStudio.LifeOrbit.Tests.API.dll" adapterTypeName="executor://nunit3testexecutor/" className="YellowHouseStudio.LifeOrbit.Tests.API.Controllers.FamilySafeFoodsControllerTests" name="AddSafeFood_returns_404_for_missing_member" />
    </UnitTest>
    <UnitTest name="AddAllergy_returns_bad_request_when_ids_dont_match" storage="/users/johannahulten/documents/lifeorbit/server/yellowhousestudio.lifeorbit.tests.api/bin/debug/net8.0/yellowhousestudio.lifeorbit.tests.api.dll" id="cbfeccb5-0112-a18d-59a7-585e13164470">
      <Execution id="3e6b2473-ac6b-47ba-add8-abc1dbb3277e" />
      <TestMethod codeBase="/Users/johannahulten/Documents/LifeOrbit/server/YellowHouseStudio.LifeOrbit.Tests.API/bin/Debug/net8.0/YellowHouseStudio.LifeOrbit.Tests.API.dll" adapterTypeName="executor://nunit3testexecutor/" className="YellowHouseStudio.LifeOrbit.Tests.API.Controllers.FamilyAllergiesControllerTests" name="AddAllergy_returns_bad_request_when_ids_dont_match" />
    </UnitTest>
    <UnitTest name="AddAllergy_returns_bad_request_for_duplicate_allergy" storage="/users/johannahulten/documents/lifeorbit/server/yellowhousestudio.lifeorbit.tests.api/bin/debug/net8.0/yellowhousestudio.lifeorbit.tests.api.dll" id="0bec3c9f-1a3b-6c69-7b6a-f89187fe64bc">
      <Execution id="7804e1bc-a209-4bb7-845a-987d74f3ed19" />
      <TestMethod codeBase="/Users/johannahulten/Documents/LifeOrbit/server/YellowHouseStudio.LifeOrbit.Tests.API/bin/Debug/net8.0/YellowHouseStudio.LifeOrbit.Tests.API.dll" adapterTypeName="executor://nunit3testexecutor/" className="YellowHouseStudio.LifeOrbit.Tests.API.Controllers.FamilyAllergiesControllerTests" name="AddAllergy_returns_bad_request_for_duplicate_allergy" />
    </UnitTest>
    <UnitTest name="RemoveAllergy_handles_url_encoded_allergen_names" storage="/users/johannahulten/documents/lifeorbit/server/yellowhousestudio.lifeorbit.tests.api/bin/debug/net8.0/yellowhousestudio.lifeorbit.tests.api.dll" id="a8a42d43-4d37-9324-db67-d2d58a84f616">
      <Execution id="d0678db2-50c9-454d-8984-ba3ccc725f81" />
      <TestMethod codeBase="/Users/johannahulten/Documents/LifeOrbit/server/YellowHouseStudio.LifeOrbit.Tests.API/bin/Debug/net8.0/YellowHouseStudio.LifeOrbit.Tests.API.dll" adapterTypeName="executor://nunit3testexecutor/" className="YellowHouseStudio.LifeOrbit.Tests.API.Controllers.FamilyAllergiesControllerTests" name="RemoveAllergy_handles_url_encoded_allergen_names" />
    </UnitTest>
    <UnitTest name="AddAllergy_returns_not_found_for_non_existent_member" storage="/users/johannahulten/documents/lifeorbit/server/yellowhousestudio.lifeorbit.tests.api/bin/debug/net8.0/yellowhousestudio.lifeorbit.tests.api.dll" id="41ed81d1-58f6-508a-fa25-5cd7a1dc8c4e">
      <Execution id="6461a337-76b2-4306-a3b9-31ae596f835e" />
      <TestMethod codeBase="/Users/johannahulten/Documents/LifeOrbit/server/YellowHouseStudio.LifeOrbit.Tests.API/bin/Debug/net8.0/YellowHouseStudio.LifeOrbit.Tests.API.dll" adapterTypeName="executor://nunit3testexecutor/" className="YellowHouseStudio.LifeOrbit.Tests.API.Controllers.FamilyAllergiesControllerTests" name="AddAllergy_returns_not_found_for_non_existent_member" />
    </UnitTest>
    <UnitTest name="AddFoodPreference_should_succeed_when_valid" storage="/users/johannahulten/documents/lifeorbit/server/yellowhousestudio.lifeorbit.tests.api/bin/debug/net8.0/yellowhousestudio.lifeorbit.tests.api.dll" id="10fda6c4-3bec-1111-7e8e-f7081ac94021">
      <Execution id="90bf1d5b-1413-471d-bc76-c18f0109b5f9" />
      <TestMethod codeBase="/Users/johannahulten/Documents/LifeOrbit/server/YellowHouseStudio.LifeOrbit.Tests.API/bin/Debug/net8.0/YellowHouseStudio.LifeOrbit.Tests.API.dll" adapterTypeName="executor://nunit3testexecutor/" className="YellowHouseStudio.LifeOrbit.Tests.API.Controllers.FamilyFoodPreferencesControllerTests" name="AddFoodPreference_should_succeed_when_valid" />
    </UnitTest>
    <UnitTest name="AddAllergy_adds_allergy_to_family_member" storage="/users/johannahulten/documents/lifeorbit/server/yellowhousestudio.lifeorbit.tests.api/bin/debug/net8.0/yellowhousestudio.lifeorbit.tests.api.dll" id="1e90a9c0-2b5c-f03c-ca6f-5194b6dc5d5b">
      <Execution id="790450df-5a67-41e8-8468-355ab9f12dce" />
      <TestMethod codeBase="/Users/johannahulten/Documents/LifeOrbit/server/YellowHouseStudio.LifeOrbit.Tests.API/bin/Debug/net8.0/YellowHouseStudio.LifeOrbit.Tests.API.dll" adapterTypeName="executor://nunit3testexecutor/" className="YellowHouseStudio.LifeOrbit.Tests.API.Controllers.FamilyAllergiesControllerTests" name="AddAllergy_adds_allergy_to_family_member" />
    </UnitTest>
    <UnitTest name="AddAllergy_returns_bad_request_for_empty_allergen" storage="/users/johannahulten/documents/lifeorbit/server/yellowhousestudio.lifeorbit.tests.api/bin/debug/net8.0/yellowhousestudio.lifeorbit.tests.api.dll" id="bf834fa2-f134-16d1-0b3e-298cd5900d20">
      <Execution id="f5b2e405-f233-40a5-ad39-c0b575344779" />
      <TestMethod codeBase="/Users/johannahulten/Documents/LifeOrbit/server/YellowHouseStudio.LifeOrbit.Tests.API/bin/Debug/net8.0/YellowHouseStudio.LifeOrbit.Tests.API.dll" adapterTypeName="executor://nunit3testexecutor/" className="YellowHouseStudio.LifeOrbit.Tests.API.Controllers.FamilyAllergiesControllerTests" name="AddAllergy_returns_bad_request_for_empty_allergen" />
    </UnitTest>
    <UnitTest name="AddCompleteFamilyMember_with_valid_command_returns_created_member" storage="/users/johannahulten/documents/lifeorbit/server/yellowhousestudio.lifeorbit.tests.api/bin/debug/net8.0/yellowhousestudio.lifeorbit.tests.api.dll" id="8397c865-3e17-9de5-925e-c92ee07d594e">
      <Execution id="acb3d3da-81dc-41b4-b6dc-74dea7a30d2e" />
      <TestMethod codeBase="/Users/johannahulten/Documents/LifeOrbit/server/YellowHouseStudio.LifeOrbit.Tests.API/bin/Debug/net8.0/YellowHouseStudio.LifeOrbit.Tests.API.dll" adapterTypeName="executor://nunit3testexecutor/" className="YellowHouseStudio.LifeOrbit.Tests.API.Family.AddCompleteFamilyMemberTests" name="AddCompleteFamilyMember_with_valid_command_returns_created_member" />
    </UnitTest>
    <UnitTest name="AddCompleteFamilyMember_with_invalid_severity_returns_bad_request" storage="/users/johannahulten/documents/lifeorbit/server/yellowhousestudio.lifeorbit.tests.api/bin/debug/net8.0/yellowhousestudio.lifeorbit.tests.api.dll" id="60769f17-d4cf-2ceb-63af-0fe31a34f1c2">
      <Execution id="84b114b4-3d70-4d06-b733-5acc6496a6da" />
      <TestMethod codeBase="/Users/johannahulten/Documents/LifeOrbit/server/YellowHouseStudio.LifeOrbit.Tests.API/bin/Debug/net8.0/YellowHouseStudio.LifeOrbit.Tests.API.dll" adapterTypeName="executor://nunit3testexecutor/" className="YellowHouseStudio.LifeOrbit.Tests.API.Family.AddCompleteFamilyMemberTests" name="AddCompleteFamilyMember_with_invalid_severity_returns_bad_request" />
    </UnitTest>
    <UnitTest name="RemoveSafeFood_returns_404_for_missing_member" storage="/users/johannahulten/documents/lifeorbit/server/yellowhousestudio.lifeorbit.tests.api/bin/debug/net8.0/yellowhousestudio.lifeorbit.tests.api.dll" id="70e28db4-e8e2-dbc3-1452-8046b86e3544">
      <Execution id="db9de0f1-b919-4c70-b710-e4216c0e0c33" />
      <TestMethod codeBase="/Users/johannahulten/Documents/LifeOrbit/server/YellowHouseStudio.LifeOrbit.Tests.API/bin/Debug/net8.0/YellowHouseStudio.LifeOrbit.Tests.API.dll" adapterTypeName="executor://nunit3testexecutor/" className="YellowHouseStudio.LifeOrbit.Tests.API.Controllers.FamilySafeFoodsControllerTests" name="RemoveSafeFood_returns_404_for_missing_member" />
    </UnitTest>
    <UnitTest name="RemoveFoodPreference_should_succeed_when_valid" storage="/users/johannahulten/documents/lifeorbit/server/yellowhousestudio.lifeorbit.tests.api/bin/debug/net8.0/yellowhousestudio.lifeorbit.tests.api.dll" id="18b851f1-1120-016a-0d48-ec7d7908716d">
      <Execution id="4cdebf36-a6cd-4e6e-8e86-33a3309107f0" />
      <TestMethod codeBase="/Users/johannahulten/Documents/LifeOrbit/server/YellowHouseStudio.LifeOrbit.Tests.API/bin/Debug/net8.0/YellowHouseStudio.LifeOrbit.Tests.API.dll" adapterTypeName="executor://nunit3testexecutor/" className="YellowHouseStudio.LifeOrbit.Tests.API.Controllers.FamilyFoodPreferencesControllerTests" name="RemoveFoodPreference_should_succeed_when_valid" />
    </UnitTest>
    <UnitTest name="RemoveSafeFood_returns_404_for_missing_food" storage="/users/johannahulten/documents/lifeorbit/server/yellowhousestudio.lifeorbit.tests.api/bin/debug/net8.0/yellowhousestudio.lifeorbit.tests.api.dll" id="9fb15514-e1c8-98d6-4cfc-aeb5d592c777">
      <Execution id="3d413021-e58e-4d48-a1e0-9a6c9c20e4fe" />
      <TestMethod codeBase="/Users/johannahulten/Documents/LifeOrbit/server/YellowHouseStudio.LifeOrbit.Tests.API/bin/Debug/net8.0/YellowHouseStudio.LifeOrbit.Tests.API.dll" adapterTypeName="executor://nunit3testexecutor/" className="YellowHouseStudio.LifeOrbit.Tests.API.Controllers.FamilySafeFoodsControllerTests" name="RemoveSafeFood_returns_404_for_missing_food" />
    </UnitTest>
    <UnitTest name="AddFoodPreference_should_return_BadRequest_when_invalid_status" storage="/users/johannahulten/documents/lifeorbit/server/yellowhousestudio.lifeorbit.tests.api/bin/debug/net8.0/yellowhousestudio.lifeorbit.tests.api.dll" id="77068e91-3b82-85b5-b7a1-db2b233e136f">
      <Execution id="354de31e-d95d-4504-8172-25bda912bcf9" />
      <TestMethod codeBase="/Users/johannahulten/Documents/LifeOrbit/server/YellowHouseStudio.LifeOrbit.Tests.API/bin/Debug/net8.0/YellowHouseStudio.LifeOrbit.Tests.API.dll" adapterTypeName="executor://nunit3testexecutor/" className="YellowHouseStudio.LifeOrbit.Tests.API.Controllers.FamilyFoodPreferencesControllerTests" name="AddFoodPreference_should_return_BadRequest_when_invalid_status" />
    </UnitTest>
    <UnitTest name="AddFoodPreference_should_return_NotFound_when_family_member_not_exists" storage="/users/johannahulten/documents/lifeorbit/server/yellowhousestudio.lifeorbit.tests.api/bin/debug/net8.0/yellowhousestudio.lifeorbit.tests.api.dll" id="4c9d15cf-27b9-317d-cde7-0b11619e262c">
      <Execution id="42810a2a-9d02-4cf7-bc7c-cc3263dd7cbd" />
      <TestMethod codeBase="/Users/johannahulten/Documents/LifeOrbit/server/YellowHouseStudio.LifeOrbit.Tests.API/bin/Debug/net8.0/YellowHouseStudio.LifeOrbit.Tests.API.dll" adapterTypeName="executor://nunit3testexecutor/" className="YellowHouseStudio.LifeOrbit.Tests.API.Controllers.FamilyFoodPreferencesControllerTests" name="AddFoodPreference_should_return_NotFound_when_family_member_not_exists" />
    </UnitTest>
    <UnitTest name="RemoveSafeFood_returns_200_and_result" storage="/users/johannahulten/documents/lifeorbit/server/yellowhousestudio.lifeorbit.tests.api/bin/debug/net8.0/yellowhousestudio.lifeorbit.tests.api.dll" id="cfdc977c-ff99-450b-d153-534a95d01c7a">
      <Execution id="9d09a3ce-4ccd-44f8-bfaa-35f15fea7854" />
      <TestMethod codeBase="/Users/johannahulten/Documents/LifeOrbit/server/YellowHouseStudio.LifeOrbit.Tests.API/bin/Debug/net8.0/YellowHouseStudio.LifeOrbit.Tests.API.dll" adapterTypeName="executor://nunit3testexecutor/" className="YellowHouseStudio.LifeOrbit.Tests.API.Controllers.FamilySafeFoodsControllerTests" name="RemoveSafeFood_returns_200_and_result" />
    </UnitTest>
    <UnitTest name="AddSafeFood_returns_200_and_result" storage="/users/johannahulten/documents/lifeorbit/server/yellowhousestudio.lifeorbit.tests.api/bin/debug/net8.0/yellowhousestudio.lifeorbit.tests.api.dll" id="c18f0431-13b7-7c1e-b2b6-5e3b1888c2a1">
      <Execution id="a90ef489-2cb5-438f-b850-fa04a2fe8197" />
      <TestMethod codeBase="/Users/johannahulten/Documents/LifeOrbit/server/YellowHouseStudio.LifeOrbit.Tests.API/bin/Debug/net8.0/YellowHouseStudio.LifeOrbit.Tests.API.dll" adapterTypeName="executor://nunit3testexecutor/" className="YellowHouseStudio.LifeOrbit.Tests.API.Controllers.FamilySafeFoodsControllerTests" name="AddSafeFood_returns_200_and_result" />
    </UnitTest>
    <UnitTest name="RemoveAllergy_returns_not_found_for_non_existent_allergy" storage="/users/johannahulten/documents/lifeorbit/server/yellowhousestudio.lifeorbit.tests.api/bin/debug/net8.0/yellowhousestudio.lifeorbit.tests.api.dll" id="b9d20c05-042b-ea5f-bf01-de29abef2fe7">
      <Execution id="8b6acc93-67e8-4c3b-b7bc-2ec36150bd3d" />
      <TestMethod codeBase="/Users/johannahulten/Documents/LifeOrbit/server/YellowHouseStudio.LifeOrbit.Tests.API/bin/Debug/net8.0/YellowHouseStudio.LifeOrbit.Tests.API.dll" adapterTypeName="executor://nunit3testexecutor/" className="YellowHouseStudio.LifeOrbit.Tests.API.Controllers.FamilyAllergiesControllerTests" name="RemoveAllergy_returns_not_found_for_non_existent_allergy" />
    </UnitTest>
    <UnitTest name="AddCompleteFamilyMember_with_invalid_age_returns_bad_request" storage="/users/johannahulten/documents/lifeorbit/server/yellowhousestudio.lifeorbit.tests.api/bin/debug/net8.0/yellowhousestudio.lifeorbit.tests.api.dll" id="6506122c-2566-6d50-2c8c-ea35b9a8dc8a">
      <Execution id="7a2a075f-feed-410a-a978-7dd61186210f" />
      <TestMethod codeBase="/Users/johannahulten/Documents/LifeOrbit/server/YellowHouseStudio.LifeOrbit.Tests.API/bin/Debug/net8.0/YellowHouseStudio.LifeOrbit.Tests.API.dll" adapterTypeName="executor://nunit3testexecutor/" className="YellowHouseStudio.LifeOrbit.Tests.API.Family.AddCompleteFamilyMemberTests" name="AddCompleteFamilyMember_with_invalid_age_returns_bad_request" />
    </UnitTest>
  </TestDefinitions>
  <TestEntries>
    <TestEntry testId="d0ac68c2-31b9-7fdf-4449-0d7e1124fe4e" executionId="07370d6d-6f3c-4f4f-97ee-7f86c5a1a367" testListId="8c84fa94-04c1-424b-9868-57a2d4851a1d" />
    <TestEntry testId="23379fb6-fb57-e42a-d629-b9d77a45b17b" executionId="4773437e-5cf2-482e-b006-6785128fcb05" testListId="8c84fa94-04c1-424b-9868-57a2d4851a1d" />
    <TestEntry testId="6cd55c3d-bbfe-5165-7236-6e61acfb0e14" executionId="f1238009-1a81-4767-86ba-7391a70e67ed" testListId="8c84fa94-04c1-424b-9868-57a2d4851a1d" />
    <TestEntry testId="4c9d15cf-27b9-317d-cde7-0b11619e262c" executionId="42810a2a-9d02-4cf7-bc7c-cc3263dd7cbd" testListId="8c84fa94-04c1-424b-9868-57a2d4851a1d" />
    <TestEntry testId="cfdc977c-ff99-450b-d153-534a95d01c7a" executionId="9d09a3ce-4ccd-44f8-bfaa-35f15fea7854" testListId="8c84fa94-04c1-424b-9868-57a2d4851a1d" />
    <TestEntry testId="18b851f1-1120-016a-0d48-ec7d7908716d" executionId="4cdebf36-a6cd-4e6e-8e86-33a3309107f0" testListId="8c84fa94-04c1-424b-9868-57a2d4851a1d" />
    <TestEntry testId="c18f0431-13b7-7c1e-b2b6-5e3b1888c2a1" executionId="a90ef489-2cb5-438f-b850-fa04a2fe8197" testListId="8c84fa94-04c1-424b-9868-57a2d4851a1d" />
    <TestEntry testId="77068e91-3b82-85b5-b7a1-db2b233e136f" executionId="354de31e-d95d-4504-8172-25bda912bcf9" testListId="8c84fa94-04c1-424b-9868-57a2d4851a1d" />
    <TestEntry testId="2a5b5c2b-098d-79f7-ab4c-e29bb7bad082" executionId="a9893f50-64f6-4753-9e12-5bdee37a32a6" testListId="8c84fa94-04c1-424b-9868-57a2d4851a1d" />
    <TestEntry testId="0feaf4b7-4c8e-6c50-931d-bb880377ce8c" executionId="9ed4397b-c77e-44b8-a058-bdf2a730864c" testListId="8c84fa94-04c1-424b-9868-57a2d4851a1d" />
    <TestEntry testId="8397c865-3e17-9de5-925e-c92ee07d594e" executionId="acb3d3da-81dc-41b4-b6dc-74dea7a30d2e" testListId="8c84fa94-04c1-424b-9868-57a2d4851a1d" />
    <TestEntry testId="41ed81d1-58f6-508a-fa25-5cd7a1dc8c4e" executionId="6461a337-76b2-4306-a3b9-31ae596f835e" testListId="8c84fa94-04c1-424b-9868-57a2d4851a1d" />
    <TestEntry testId="10fda6c4-3bec-1111-7e8e-f7081ac94021" executionId="90bf1d5b-1413-471d-bc76-c18f0109b5f9" testListId="8c84fa94-04c1-424b-9868-57a2d4851a1d" />
    <TestEntry testId="689687cb-557a-ff7f-b8f5-9622d03806b1" executionId="595e887d-4736-4a9f-b861-a576ef13728f" testListId="8c84fa94-04c1-424b-9868-57a2d4851a1d" />
    <TestEntry testId="2c06e374-508c-42c5-957b-65618a2dd458" executionId="d898a8be-b4f3-4779-a70c-afc6f04a5846" testListId="8c84fa94-04c1-424b-9868-57a2d4851a1d" />
    <TestEntry testId="b9d20c05-042b-ea5f-bf01-de29abef2fe7" executionId="8b6acc93-67e8-4c3b-b7bc-2ec36150bd3d" testListId="8c84fa94-04c1-424b-9868-57a2d4851a1d" />
    <TestEntry testId="cbfeccb5-0112-a18d-59a7-585e13164470" executionId="3e6b2473-ac6b-47ba-add8-abc1dbb3277e" testListId="8c84fa94-04c1-424b-9868-57a2d4851a1d" />
    <TestEntry testId="bf834fa2-f134-16d1-0b3e-298cd5900d20" executionId="f5b2e405-f233-40a5-ad39-c0b575344779" testListId="8c84fa94-04c1-424b-9868-57a2d4851a1d" />
    <TestEntry testId="70e28db4-e8e2-dbc3-1452-8046b86e3544" executionId="db9de0f1-b919-4c70-b710-e4216c0e0c33" testListId="8c84fa94-04c1-424b-9868-57a2d4851a1d" />
    <TestEntry testId="a8a42d43-4d37-9324-db67-d2d58a84f616" executionId="d0678db2-50c9-454d-8984-ba3ccc725f81" testListId="8c84fa94-04c1-424b-9868-57a2d4851a1d" />
    <TestEntry testId="1e90a9c0-2b5c-f03c-ca6f-5194b6dc5d5b" executionId="790450df-5a67-41e8-8468-355ab9f12dce" testListId="8c84fa94-04c1-424b-9868-57a2d4851a1d" />
    <TestEntry testId="47d79a34-7d3b-4c02-4d49-d1a26f6a8c2a" executionId="1a095775-b69d-426b-94ee-b94b28ac1486" testListId="8c84fa94-04c1-424b-9868-57a2d4851a1d" />
    <TestEntry testId="60769f17-d4cf-2ceb-63af-0fe31a34f1c2" executionId="84b114b4-3d70-4d06-b733-5acc6496a6da" testListId="8c84fa94-04c1-424b-9868-57a2d4851a1d" />
    <TestEntry testId="0bec3c9f-1a3b-6c69-7b6a-f89187fe64bc" executionId="7804e1bc-a209-4bb7-845a-987d74f3ed19" testListId="8c84fa94-04c1-424b-9868-57a2d4851a1d" />
    <TestEntry testId="6506122c-2566-6d50-2c8c-ea35b9a8dc8a" executionId="7a2a075f-feed-410a-a978-7dd61186210f" testListId="8c84fa94-04c1-424b-9868-57a2d4851a1d" />
    <TestEntry testId="ab350db5-028c-e793-fdaf-977ddfb54f34" executionId="d03ae7a9-5175-47be-8c3c-6c4024d36a10" testListId="8c84fa94-04c1-424b-9868-57a2d4851a1d" />
    <TestEntry testId="9fb15514-e1c8-98d6-4cfc-aeb5d592c777" executionId="3d413021-e58e-4d48-a1e0-9a6c9c20e4fe" testListId="8c84fa94-04c1-424b-9868-57a2d4851a1d" />
  </TestEntries>
  <TestLists>
    <TestList name="Results Not in a List" id="8c84fa94-04c1-424b-9868-57a2d4851a1d" />
    <TestList name="All Loaded Results" id="19431567-8539-422a-85d7-44ee4e166bda" />
  </TestLists>
  <ResultSummary outcome="Failed">
    <Counters total="27" executed="27" passed="21" failed="6" error="0" timeout="0" aborted="0" inconclusive="0" passedButRunAborted="0" notRunnable="0" notExecuted="0" disconnected="0" warning="0" completed="0" inProgress="0" pending="0" />
    <Output>
      <StdOut>NUnit Adapter 5.0.0.0: Test execution started
Running all tests in /Users/johannahulten/Documents/LifeOrbit/server/YellowHouseStudio.LifeOrbit.Tests.API/bin/Debug/net8.0/YellowHouseStudio.LifeOrbit.Tests.API.dll
   NUnit3TestExecutor discovered 27 of 27 NUnit test cases using Current Discovery mode, Non-Explicit run
[20:26:28 WRN] Failed to determine the https port for redirect.
[20:26:28 INF] Beginning request AddAllergyCommand [9462a67b-abaf-491b-a0e8-c304b6709811]
[20:26:28 INF] Beginning transaction for AddAllergyCommand
[20:26:28 INF] Adding new allergy Peanuts for family member e71a299d-6c61-4b55-9d02-5f5df5b7fb8a
[20:26:28 INF] Successfully added allergy Peanuts for family member e71a299d-6c61-4b55-9d02-5f5df5b7fb8a
[20:26:28 INF] Committed transaction for AddAllergyCommand
[20:26:28 INF] Completed request AddAllergyCommand [9462a67b-abaf-491b-a0e8-c304b6709811]

[20:26:28 INF] Beginning request AddAllergyCommand [e7b5b816-e8aa-4027-aa45-d758ef74ded3]
[20:26:28 INF] Beginning transaction for AddAllergyCommand
[20:26:28 INF] Adding new allergy Peanuts for family member aa069bb7-09f2-4efb-9fe0-4a00d7dcf358
[20:26:28 INF] Successfully added allergy Peanuts for family member aa069bb7-09f2-4efb-9fe0-4a00d7dcf358
[20:26:28 INF] Committed transaction for AddAllergyCommand
[20:26:28 INF] Completed request AddAllergyCommand [e7b5b816-e8aa-4027-aa45-d758ef74ded3]
[20:26:28 INF] Beginning request AddAllergyCommand [e98e12f6-002c-436d-8f0d-98475a5f1c95]
[20:26:28 WRN] Validation failed for command AddAllergyCommand with 1 errors
[20:26:28 ERR] Request AddAllergyCommand [e98e12f6-002c-436d-8f0d-98475a5f1c95] failed
FluentValidation.ValidationException: Validation failed: 
 -- Allergen: This allergy is already registered for this family member Severity: Error
   at YellowHouseStudio.LifeOrbit.Application.Common.Behaviors.ValidationBehavior`2.Handle(TRequest request, RequestHandlerDelegate`1 next, CancellationToken cancellationToken) in /Users/johannahulten/Documents/LifeOrbit/server/YellowHouseStudio.LifeOrbit.Application/Common/Behaviors/ValidationBehavior.cs:line 61
   at YellowHouseStudio.LifeOrbit.Application.Common.Behaviors.UnhandledExceptionBehavior`2.Handle(TRequest request, RequestHandlerDelegate`1 next, CancellationToken cancellationToken) in /Users/johannahulten/Documents/LifeOrbit/server/YellowHouseStudio.LifeOrbit.Application/Common/Behaviors/UnhandledExceptionBehavior.cs:line 16
   at YellowHouseStudio.LifeOrbit.Application.Common.Behaviors.LoggingBehavior`2.Handle(TRequest request, RequestHandlerDelegate`1 next, CancellationToken cancellationToken) in /Users/johannahulten/Documents/LifeOrbit/server/YellowHouseStudio.LifeOrbit.Application/Common/Behaviors/LoggingBehavior.cs:line 25
ValidationExceptionFilter

[20:26:28 INF] Beginning request AddAllergyCommand [32b46cd2-92e7-4192-bba5-445b5a4600d5]
[20:26:28 WRN] Validation failed for command AddAllergyCommand with 1 errors
[20:26:28 ERR] Request AddAllergyCommand [32b46cd2-92e7-4192-bba5-445b5a4600d5] failed
FluentValidation.ValidationException: Validation failed: 
 -- Allergen: Please enter an allergen Severity: Error
   at YellowHouseStudio.LifeOrbit.Application.Common.Behaviors.ValidationBehavior`2.Handle(TRequest request, RequestHandlerDelegate`1 next, CancellationToken cancellationToken) in /Users/johannahulten/Documents/LifeOrbit/server/YellowHouseStudio.LifeOrbit.Application/Common/Behaviors/ValidationBehavior.cs:line 61
   at YellowHouseStudio.LifeOrbit.Application.Common.Behaviors.UnhandledExceptionBehavior`2.Handle(TRequest request, RequestHandlerDelegate`1 next, CancellationToken cancellationToken) in /Users/johannahulten/Documents/LifeOrbit/server/YellowHouseStudio.LifeOrbit.Application/Common/Behaviors/UnhandledExceptionBehavior.cs:line 16
   at YellowHouseStudio.LifeOrbit.Application.Common.Behaviors.LoggingBehavior`2.Handle(TRequest request, RequestHandlerDelegate`1 next, CancellationToken cancellationToken) in /Users/johannahulten/Documents/LifeOrbit/server/YellowHouseStudio.LifeOrbit.Application/Common/Behaviors/LoggingBehavior.cs:line 25
ValidationExceptionFilter

[20:26:28 INF] Beginning request AddAllergyCommand [7ba0f080-ce82-4083-94ac-3e330ec8418b]
[20:26:28 WRN] Validation failed for command AddAllergyCommand with 1 errors
[20:26:28 ERR] Request AddAllergyCommand [7ba0f080-ce82-4083-94ac-3e330ec8418b] failed
FluentValidation.ValidationException: Validation failed: 
 -- FamilyMemberId: Family member not found Severity: Error
   at YellowHouseStudio.LifeOrbit.Application.Common.Behaviors.ValidationBehavior`2.Handle(TRequest request, RequestHandlerDelegate`1 next, CancellationToken cancellationToken) in /Users/johannahulten/Documents/LifeOrbit/server/YellowHouseStudio.LifeOrbit.Application/Common/Behaviors/ValidationBehavior.cs:line 61
   at YellowHouseStudio.LifeOrbit.Application.Common.Behaviors.UnhandledExceptionBehavior`2.Handle(TRequest request, RequestHandlerDelegate`1 next, CancellationToken cancellationToken) in /Users/johannahulten/Documents/LifeOrbit/server/YellowHouseStudio.LifeOrbit.Application/Common/Behaviors/UnhandledExceptionBehavior.cs:line 16
   at YellowHouseStudio.LifeOrbit.Application.Common.Behaviors.LoggingBehavior`2.Handle(TRequest request, RequestHandlerDelegate`1 next, CancellationToken cancellationToken) in /Users/johannahulten/Documents/LifeOrbit/server/YellowHouseStudio.LifeOrbit.Application/Common/Behaviors/LoggingBehavior.cs:line 25
ValidationExceptionFilter

[20:26:28 INF] Beginning request AddAllergyCommand [cf489317-1c49-4dd4-acc0-66949d4db068]
[20:26:28 INF] Beginning transaction for AddAllergyCommand
[20:26:28 INF] Adding new allergy Tree Nuts &amp; Seeds for family member c9e3907d-4a05-4ce3-9ed0-904f77ff51af
[20:26:28 INF] Successfully added allergy Tree Nuts &amp; Seeds for family member c9e3907d-4a05-4ce3-9ed0-904f77ff51af
[20:26:28 INF] Committed transaction for AddAllergyCommand
[20:26:28 INF] Completed request AddAllergyCommand [cf489317-1c49-4dd4-acc0-66949d4db068]
[20:26:28 INF] Beginning request RemoveAllergyCommand [48cd54d1-fc97-4506-9556-93d25036093d]
[20:26:28 INF] Beginning transaction for RemoveAllergyCommand
[20:26:28 INF] Successfully removed allergy Tree Nuts &amp; Seeds for family member c9e3907d-4a05-4ce3-9ed0-904f77ff51af
[20:26:28 INF] Committed transaction for RemoveAllergyCommand
[20:26:28 INF] Completed request RemoveAllergyCommand [48cd54d1-fc97-4506-9556-93d25036093d]

[20:26:28 INF] Beginning request AddAllergyCommand [d58fb3bc-e955-4834-a663-f9bec56156b7]
[20:26:28 INF] Beginning transaction for AddAllergyCommand
[20:26:28 INF] Adding new allergy Peanuts for family member 7bfe1b2f-969b-45b1-9b55-4df4529666c0
[20:26:28 INF] Successfully added allergy Peanuts for family member 7bfe1b2f-969b-45b1-9b55-4df4529666c0
[20:26:28 INF] Committed transaction for AddAllergyCommand
[20:26:28 INF] Completed request AddAllergyCommand [d58fb3bc-e955-4834-a663-f9bec56156b7]
[20:26:28 INF] Beginning request RemoveAllergyCommand [eca0f338-5985-460d-85c4-3ddfe795ce0c]
[20:26:28 INF] Beginning transaction for RemoveAllergyCommand
[20:26:28 INF] Successfully removed allergy Peanuts for family member 7bfe1b2f-969b-45b1-9b55-4df4529666c0
[20:26:28 INF] Committed transaction for RemoveAllergyCommand
[20:26:28 INF] Completed request RemoveAllergyCommand [eca0f338-5985-460d-85c4-3ddfe795ce0c]

[20:26:28 INF] Beginning request RemoveAllergyCommand [4c448413-33c5-4819-8e8b-03c4ed0479e3]
[20:26:28 WRN] Validation failed for command RemoveAllergyCommand with 1 errors
[20:26:28 ERR] Request RemoveAllergyCommand [4c448413-33c5-4819-8e8b-03c4ed0479e3] failed
FluentValidation.ValidationException: Validation failed: 
 -- Allergen: This allergy is not registered for this family member. Severity: Error
   at YellowHouseStudio.LifeOrbit.Application.Common.Behaviors.ValidationBehavior`2.Handle(TRequest request, RequestHandlerDelegate`1 next, CancellationToken cancellationToken) in /Users/johannahulten/Documents/LifeOrbit/server/YellowHouseStudio.LifeOrbit.Application/Common/Behaviors/ValidationBehavior.cs:line 61
   at YellowHouseStudio.LifeOrbit.Application.Common.Behaviors.UnhandledExceptionBehavior`2.Handle(TRequest request, RequestHandlerDelegate`1 next, CancellationToken cancellationToken) in /Users/johannahulten/Documents/LifeOrbit/server/YellowHouseStudio.LifeOrbit.Application/Common/Behaviors/UnhandledExceptionBehavior.cs:line 16
   at YellowHouseStudio.LifeOrbit.Application.Common.Behaviors.LoggingBehavior`2.Handle(TRequest request, RequestHandlerDelegate`1 next, CancellationToken cancellationToken) in /Users/johannahulten/Documents/LifeOrbit/server/YellowHouseStudio.LifeOrbit.Application/Common/Behaviors/LoggingBehavior.cs:line 25
ValidationExceptionFilter

[20:26:28 INF] Beginning request RemoveAllergyCommand [f8e22274-d97e-4101-a8b0-3523c95be6d4]
[20:26:28 WRN] Validation failed for command RemoveAllergyCommand with 2 errors
[20:26:28 ERR] Request RemoveAllergyCommand [f8e22274-d97e-4101-a8b0-3523c95be6d4] failed
FluentValidation.ValidationException: Validation failed: 
 -- FamilyMemberId: Family member not found Severity: Error
 -- Allergen: This allergy is not registered for this family member. Severity: Error
   at YellowHouseStudio.LifeOrbit.Application.Common.Behaviors.ValidationBehavior`2.Handle(TRequest request, RequestHandlerDelegate`1 next, CancellationToken cancellationToken) in /Users/johannahulten/Documents/LifeOrbit/server/YellowHouseStudio.LifeOrbit.Application/Common/Behaviors/ValidationBehavior.cs:line 61
   at YellowHouseStudio.LifeOrbit.Application.Common.Behaviors.UnhandledExceptionBehavior`2.Handle(TRequest request, RequestHandlerDelegate`1 next, CancellationToken cancellationToken) in /Users/johannahulten/Documents/LifeOrbit/server/YellowHouseStudio.LifeOrbit.Application/Common/Behaviors/UnhandledExceptionBehavior.cs:line 16
   at YellowHouseStudio.LifeOrbit.Application.Common.Behaviors.LoggingBehavior`2.Handle(TRequest request, RequestHandlerDelegate`1 next, CancellationToken cancellationToken) in /Users/johannahulten/Documents/LifeOrbit/server/YellowHouseStudio.LifeOrbit.Application/Common/Behaviors/LoggingBehavior.cs:line 25
ValidationExceptionFilter

[20:26:28 WRN] Failed to determine the https port for redirect.
[20:26:28 INF] Beginning request AddFamilyMemberCommand [b6b690e0-2962-4fef-8f81-f85ce591c001]
[20:26:28 WRN] Validation failed for command AddFamilyMemberCommand with 1 errors
[20:26:28 ERR] Request AddFamilyMemberCommand [b6b690e0-2962-4fef-8f81-f85ce591c001] failed
FluentValidation.ValidationException: Validation failed: 
 -- UserId: UserId is required Severity: Error
   at YellowHouseStudio.LifeOrbit.Application.Common.Behaviors.ValidationBehavior`2.Handle(TRequest request, RequestHandlerDelegate`1 next, CancellationToken cancellationToken) in /Users/johannahulten/Documents/LifeOrbit/server/YellowHouseStudio.LifeOrbit.Application/Common/Behaviors/ValidationBehavior.cs:line 61
   at YellowHouseStudio.LifeOrbit.Application.Common.Behaviors.UnhandledExceptionBehavior`2.Handle(TRequest request, RequestHandlerDelegate`1 next, CancellationToken cancellationToken) in /Users/johannahulten/Documents/LifeOrbit/server/YellowHouseStudio.LifeOrbit.Application/Common/Behaviors/UnhandledExceptionBehavior.cs:line 16
   at YellowHouseStudio.LifeOrbit.Application.Common.Behaviors.LoggingBehavior`2.Handle(TRequest request, RequestHandlerDelegate`1 next, CancellationToken cancellationToken) in /Users/johannahulten/Documents/LifeOrbit/server/YellowHouseStudio.LifeOrbit.Application/Common/Behaviors/LoggingBehavior.cs:line 25
ValidationExceptionFilter

[20:26:28 INF] Beginning request AddFamilyMemberCommand [01837cdd-1a58-475d-b774-fa37525867ba]
[20:26:28 WRN] Validation failed for command AddFamilyMemberCommand with 1 errors
[20:26:28 ERR] Request AddFamilyMemberCommand [01837cdd-1a58-475d-b774-fa37525867ba] failed
FluentValidation.ValidationException: Validation failed: 
 -- UserId: UserId is required Severity: Error
   at YellowHouseStudio.LifeOrbit.Application.Common.Behaviors.ValidationBehavior`2.Handle(TRequest request, RequestHandlerDelegate`1 next, CancellationToken cancellationToken) in /Users/johannahulten/Documents/LifeOrbit/server/YellowHouseStudio.LifeOrbit.Application/Common/Behaviors/ValidationBehavior.cs:line 61
   at YellowHouseStudio.LifeOrbit.Application.Common.Behaviors.UnhandledExceptionBehavior`2.Handle(TRequest request, RequestHandlerDelegate`1 next, CancellationToken cancellationToken) in /Users/johannahulten/Documents/LifeOrbit/server/YellowHouseStudio.LifeOrbit.Application/Common/Behaviors/UnhandledExceptionBehavior.cs:line 16
   at YellowHouseStudio.LifeOrbit.Application.Common.Behaviors.LoggingBehavior`2.Handle(TRequest request, RequestHandlerDelegate`1 next, CancellationToken cancellationToken) in /Users/johannahulten/Documents/LifeOrbit/server/YellowHouseStudio.LifeOrbit.Application/Common/Behaviors/LoggingBehavior.cs:line 25
ValidationExceptionFilter

[20:26:28 INF] Beginning request AddFamilyMemberCommand [34e57b04-c698-4575-aea6-159549ff63f1]
[20:26:28 WRN] Validation failed for command AddFamilyMemberCommand with 1 errors
[20:26:28 ERR] Request AddFamilyMemberCommand [34e57b04-c698-4575-aea6-159549ff63f1] failed
FluentValidation.ValidationException: Validation failed: 
 -- UserId: UserId is required Severity: Error
   at YellowHouseStudio.LifeOrbit.Application.Common.Behaviors.ValidationBehavior`2.Handle(TRequest request, RequestHandlerDelegate`1 next, CancellationToken cancellationToken) in /Users/johannahulten/Documents/LifeOrbit/server/YellowHouseStudio.LifeOrbit.Application/Common/Behaviors/ValidationBehavior.cs:line 61
   at YellowHouseStudio.LifeOrbit.Application.Common.Behaviors.UnhandledExceptionBehavior`2.Handle(TRequest request, RequestHandlerDelegate`1 next, CancellationToken cancellationToken) in /Users/johannahulten/Documents/LifeOrbit/server/YellowHouseStudio.LifeOrbit.Application/Common/Behaviors/UnhandledExceptionBehavior.cs:line 16
   at YellowHouseStudio.LifeOrbit.Application.Common.Behaviors.LoggingBehavior`2.Handle(TRequest request, RequestHandlerDelegate`1 next, CancellationToken cancellationToken) in /Users/johannahulten/Documents/LifeOrbit/server/YellowHouseStudio.LifeOrbit.Application/Common/Behaviors/LoggingBehavior.cs:line 25
ValidationExceptionFilter

[20:26:28 INF] Beginning request AddFamilyMemberCommand [feb4c562-067d-469c-bea5-5121e841a2ce]
[20:26:28 WRN] Validation failed for command AddFamilyMemberCommand with 1 errors
[20:26:28 ERR] Request AddFamilyMemberCommand [feb4c562-067d-469c-bea5-5121e841a2ce] failed
FluentValidation.ValidationException: Validation failed: 
 -- UserId: UserId is required Severity: Error
   at YellowHouseStudio.LifeOrbit.Application.Common.Behaviors.ValidationBehavior`2.Handle(TRequest request, RequestHandlerDelegate`1 next, CancellationToken cancellationToken) in /Users/johannahulten/Documents/LifeOrbit/server/YellowHouseStudio.LifeOrbit.Application/Common/Behaviors/ValidationBehavior.cs:line 61
   at YellowHouseStudio.LifeOrbit.Application.Common.Behaviors.UnhandledExceptionBehavior`2.Handle(TRequest request, RequestHandlerDelegate`1 next, CancellationToken cancellationToken) in /Users/johannahulten/Documents/LifeOrbit/server/YellowHouseStudio.LifeOrbit.Application/Common/Behaviors/UnhandledExceptionBehavior.cs:line 16
   at YellowHouseStudio.LifeOrbit.Application.Common.Behaviors.LoggingBehavior`2.Handle(TRequest request, RequestHandlerDelegate`1 next, CancellationToken cancellationToken) in /Users/johannahulten/Documents/LifeOrbit/server/YellowHouseStudio.LifeOrbit.Application/Common/Behaviors/LoggingBehavior.cs:line 25
ValidationExceptionFilter

[20:26:28 INF] Beginning request AddFamilyMemberCommand [4762683a-6268-4c31-bb35-85324eb212d0]
[20:26:28 WRN] Validation failed for command AddFamilyMemberCommand with 1 errors
[20:26:28 ERR] Request AddFamilyMemberCommand [4762683a-6268-4c31-bb35-85324eb212d0] failed
FluentValidation.ValidationException: Validation failed: 
 -- UserId: UserId is required Severity: Error
   at YellowHouseStudio.LifeOrbit.Application.Common.Behaviors.ValidationBehavior`2.Handle(TRequest request, RequestHandlerDelegate`1 next, CancellationToken cancellationToken) in /Users/johannahulten/Documents/LifeOrbit/server/YellowHouseStudio.LifeOrbit.Application/Common/Behaviors/ValidationBehavior.cs:line 61
   at YellowHouseStudio.LifeOrbit.Application.Common.Behaviors.UnhandledExceptionBehavior`2.Handle(TRequest request, RequestHandlerDelegate`1 next, CancellationToken cancellationToken) in /Users/johannahulten/Documents/LifeOrbit/server/YellowHouseStudio.LifeOrbit.Application/Common/Behaviors/UnhandledExceptionBehavior.cs:line 16
   at YellowHouseStudio.LifeOrbit.Application.Common.Behaviors.LoggingBehavior`2.Handle(TRequest request, RequestHandlerDelegate`1 next, CancellationToken cancellationToken) in /Users/johannahulten/Documents/LifeOrbit/server/YellowHouseStudio.LifeOrbit.Application/Common/Behaviors/LoggingBehavior.cs:line 25
ValidationExceptionFilter

[20:26:29 WRN] Failed to determine the https port for redirect.
[20:26:29 INF] Beginning request AddFamilyMemberCommand [0f09ff7b-861e-465d-9e47-a280271edbe6]
[20:26:29 INF] Beginning transaction for AddFamilyMemberCommand
[20:26:29 INF] Committed transaction for AddFamilyMemberCommand
[20:26:29 INF] Completed request AddFamilyMemberCommand [0f09ff7b-861e-465d-9e47-a280271edbe6]
[20:26:29 INF] Beginning request AddSafeFoodCommand [d8f3e025-8d0f-40f7-bd2b-5aa3047fc39c]
[20:26:29 INF] Beginning transaction for AddSafeFoodCommand
[20:26:29 INF] Successfully added safe food Apple for family member 49f71be3-134a-45ed-9a86-7adfb9725f14
[20:26:29 INF] Committed transaction for AddSafeFoodCommand
[20:26:29 INF] Completed request AddSafeFoodCommand [d8f3e025-8d0f-40f7-bd2b-5aa3047fc39c]

[20:26:29 INF] Beginning request AddFamilyMemberCommand [9f470021-0ab3-472f-95e4-d4bfbbca5934]
[20:26:29 INF] Beginning transaction for AddFamilyMemberCommand
[20:26:29 INF] Committed transaction for AddFamilyMemberCommand
[20:26:29 INF] Completed request AddFamilyMemberCommand [9f470021-0ab3-472f-95e4-d4bfbbca5934]

[20:26:29 INF] Beginning request AddFamilyMemberCommand [5c5dd53e-95c3-4b32-9f91-552b903e6bcb]
[20:26:29 INF] Beginning transaction for AddFamilyMemberCommand
[20:26:29 INF] Committed transaction for AddFamilyMemberCommand
[20:26:29 INF] Completed request AddFamilyMemberCommand [5c5dd53e-95c3-4b32-9f91-552b903e6bcb]
[20:26:29 INF] Beginning request AddSafeFoodCommand [4c147811-e2a9-45b1-a6b0-19a661fd939e]
[20:26:29 INF] Beginning transaction for AddSafeFoodCommand
[20:26:29 WRN] Family member 7792e36a-ff07-45c6-8e7e-0da6c35f3928 not found for user b24dd736-77aa-494d-ab57-4135343e34ad
[20:26:29 INF] Rolling back transaction for AddSafeFoodCommand
[20:26:29 ERR] Unhandled Exception for Request AddSafeFoodCommand {"FamilyMemberId": "7792e36a-ff07-45c6-8e7e-0da6c35f3928", "FoodItem": "Banana", "$type": "AddSafeFoodCommand"}
YellowHouseStudio.LifeOrbit.Application.Common.Exceptions.NotFoundException: Family member 7792e36a-ff07-45c6-8e7e-0da6c35f3928 not found
   at YellowHouseStudio.LifeOrbit.Application.Family.AddSafeFood.AddSafeFoodCommandHandler.Handle(AddSafeFoodCommand request, CancellationToken cancellationToken) in /Users/johannahulten/Documents/LifeOrbit/server/YellowHouseStudio.LifeOrbit.Application/Family/AddSafeFood/AddSafeFoodCommandHandler.cs:line 34
   at YellowHouseStudio.LifeOrbit.Application.Common.Behaviors.TransactionBehavior`2.&lt;&gt;c__DisplayClass3_0.&lt;&lt;Handle&gt;b__0&gt;d.MoveNext() in /Users/johannahulten/Documents/LifeOrbit/server/YellowHouseStudio.LifeOrbit.Application/Common/Behaviors/TransactionBehavior.cs:line 40
--- End of stack trace from previous location ---
   at YellowHouseStudio.LifeOrbit.Application.Common.Behaviors.TransactionBehavior`2.&lt;&gt;c__DisplayClass3_0.&lt;&lt;Handle&gt;b__0&gt;d.MoveNext() in /Users/johannahulten/Documents/LifeOrbit/server/YellowHouseStudio.LifeOrbit.Application/Common/Behaviors/TransactionBehavior.cs:line 53
--- End of stack trace from previous location ---
   at YellowHouseStudio.LifeOrbit.Application.Common.Behaviors.TransactionBehavior`2.Handle(TRequest request, RequestHandlerDelegate`1 next, CancellationToken cancellationToken) in /Users/johannahulten/Documents/LifeOrbit/server/YellowHouseStudio.LifeOrbit.Application/Common/Behaviors/TransactionBehavior.cs:line 32
   at YellowHouseStudio.LifeOrbit.Application.Common.Behaviors.ValidationBehavior`2.Handle(TRequest request, RequestHandlerDelegate`1 next, CancellationToken cancellationToken) in /Users/johannahulten/Documents/LifeOrbit/server/YellowHouseStudio.LifeOrbit.Application/Common/Behaviors/ValidationBehavior.cs:line 67
   at YellowHouseStudio.LifeOrbit.Application.Common.Behaviors.UnhandledExceptionBehavior`2.Handle(TRequest request, RequestHandlerDelegate`1 next, CancellationToken cancellationToken) in /Users/johannahulten/Documents/LifeOrbit/server/YellowHouseStudio.LifeOrbit.Application/Common/Behaviors/UnhandledExceptionBehavior.cs:line 16
[20:26:29 ERR] Request AddSafeFoodCommand [4c147811-e2a9-45b1-a6b0-19a661fd939e] failed
YellowHouseStudio.LifeOrbit.Application.Common.Exceptions.NotFoundException: Family member 7792e36a-ff07-45c6-8e7e-0da6c35f3928 not found
   at YellowHouseStudio.LifeOrbit.Application.Family.AddSafeFood.AddSafeFoodCommandHandler.Handle(AddSafeFoodCommand request, CancellationToken cancellationToken) in /Users/johannahulten/Documents/LifeOrbit/server/YellowHouseStudio.LifeOrbit.Application/Family/AddSafeFood/AddSafeFoodCommandHandler.cs:line 34
   at YellowHouseStudio.LifeOrbit.Application.Common.Behaviors.TransactionBehavior`2.&lt;&gt;c__DisplayClass3_0.&lt;&lt;Handle&gt;b__0&gt;d.MoveNext() in /Users/johannahulten/Documents/LifeOrbit/server/YellowHouseStudio.LifeOrbit.Application/Common/Behaviors/TransactionBehavior.cs:line 40
--- End of stack trace from previous location ---
   at YellowHouseStudio.LifeOrbit.Application.Common.Behaviors.TransactionBehavior`2.&lt;&gt;c__DisplayClass3_0.&lt;&lt;Handle&gt;b__0&gt;d.MoveNext() in /Users/johannahulten/Documents/LifeOrbit/server/YellowHouseStudio.LifeOrbit.Application/Common/Behaviors/TransactionBehavior.cs:line 53
--- End of stack trace from previous location ---
   at YellowHouseStudio.LifeOrbit.Application.Common.Behaviors.TransactionBehavior`2.Handle(TRequest request, RequestHandlerDelegate`1 next, CancellationToken cancellationToken) in /Users/johannahulten/Documents/LifeOrbit/server/YellowHouseStudio.LifeOrbit.Application/Common/Behaviors/TransactionBehavior.cs:line 32
   at YellowHouseStudio.LifeOrbit.Application.Common.Behaviors.ValidationBehavior`2.Handle(TRequest request, RequestHandlerDelegate`1 next, CancellationToken cancellationToken) in /Users/johannahulten/Documents/LifeOrbit/server/YellowHouseStudio.LifeOrbit.Application/Common/Behaviors/ValidationBehavior.cs:line 67
   at YellowHouseStudio.LifeOrbit.Application.Common.Behaviors.UnhandledExceptionBehavior`2.Handle(TRequest request, RequestHandlerDelegate`1 next, CancellationToken cancellationToken) in /Users/johannahulten/Documents/LifeOrbit/server/YellowHouseStudio.LifeOrbit.Application/Common/Behaviors/UnhandledExceptionBehavior.cs:line 16
   at YellowHouseStudio.LifeOrbit.Application.Common.Behaviors.LoggingBehavior`2.Handle(TRequest request, RequestHandlerDelegate`1 next, CancellationToken cancellationToken) in /Users/johannahulten/Documents/LifeOrbit/server/YellowHouseStudio.LifeOrbit.Application/Common/Behaviors/LoggingBehavior.cs:line 25
ValidationExceptionFilter
GlobalExceptionFilter
[20:26:29 ERR] Unhandled exception occurred while executing /settings/family/7792e36a-ff07-45c6-8e7e-0da6c35f3928/safe-foods {"ActionId": "5f09e951-7647-4962-96be-2e95b81083fc", "ActionName": "YellowHouseStudio.LifeOrbit.Api.Controllers.FamilySafeFoodsController.AddSafeFood (YellowHouseStudio.LifeOrbit.Api)", "RequestId": "0HNC5N43DU13R", "RequestPath": "/settings/family/7792e36a-ff07-45c6-8e7e-0da6c35f3928/safe-foods"}
YellowHouseStudio.LifeOrbit.Application.Common.Exceptions.NotFoundException: Family member 7792e36a-ff07-45c6-8e7e-0da6c35f3928 not found
   at YellowHouseStudio.LifeOrbit.Application.Family.AddSafeFood.AddSafeFoodCommandHandler.Handle(AddSafeFoodCommand request, CancellationToken cancellationToken) in /Users/johannahulten/Documents/LifeOrbit/server/YellowHouseStudio.LifeOrbit.Application/Family/AddSafeFood/AddSafeFoodCommandHandler.cs:line 34
   at YellowHouseStudio.LifeOrbit.Application.Common.Behaviors.TransactionBehavior`2.&lt;&gt;c__DisplayClass3_0.&lt;&lt;Handle&gt;b__0&gt;d.MoveNext() in /Users/johannahulten/Documents/LifeOrbit/server/YellowHouseStudio.LifeOrbit.Application/Common/Behaviors/TransactionBehavior.cs:line 40
--- End of stack trace from previous location ---
   at YellowHouseStudio.LifeOrbit.Application.Common.Behaviors.TransactionBehavior`2.&lt;&gt;c__DisplayClass3_0.&lt;&lt;Handle&gt;b__0&gt;d.MoveNext() in /Users/johannahulten/Documents/LifeOrbit/server/YellowHouseStudio.LifeOrbit.Application/Common/Behaviors/TransactionBehavior.cs:line 53
--- End of stack trace from previous location ---
   at YellowHouseStudio.LifeOrbit.Application.Common.Behaviors.TransactionBehavior`2.Handle(TRequest request, RequestHandlerDelegate`1 next, CancellationToken cancellationToken) in /Users/johannahulten/Documents/LifeOrbit/server/YellowHouseStudio.LifeOrbit.Application/Common/Behaviors/TransactionBehavior.cs:line 32
   at YellowHouseStudio.LifeOrbit.Application.Common.Behaviors.ValidationBehavior`2.Handle(TRequest request, RequestHandlerDelegate`1 next, CancellationToken cancellationToken) in /Users/johannahulten/Documents/LifeOrbit/server/YellowHouseStudio.LifeOrbit.Application/Common/Behaviors/ValidationBehavior.cs:line 67
   at YellowHouseStudio.LifeOrbit.Application.Common.Behaviors.UnhandledExceptionBehavior`2.Handle(TRequest request, RequestHandlerDelegate`1 next, CancellationToken cancellationToken) in /Users/johannahulten/Documents/LifeOrbit/server/YellowHouseStudio.LifeOrbit.Application/Common/Behaviors/UnhandledExceptionBehavior.cs:line 16
   at YellowHouseStudio.LifeOrbit.Application.Common.Behaviors.LoggingBehavior`2.Handle(TRequest request, RequestHandlerDelegate`1 next, CancellationToken cancellationToken) in /Users/johannahulten/Documents/LifeOrbit/server/YellowHouseStudio.LifeOrbit.Application/Common/Behaviors/LoggingBehavior.cs:line 25
   at YellowHouseStudio.LifeOrbit.Api.Controllers.FamilySafeFoodsController.AddSafeFood(Guid familyMemberId, AddSafeFoodRequest request) in /Users/johannahulten/Documents/LifeOrbit/server/YellowHouseStudio.LifeOrbit.Api/Controllers/FamilySafeFoodsController.cs:line 28
   at lambda_method319(Closure, Object)
   at Microsoft.AspNetCore.Mvc.Infrastructure.ActionMethodExecutor.AwaitableObjectResultExecutor.Execute(ActionContext actionContext, IActionResultTypeMapper mapper, ObjectMethodExecutor executor, Object controller, Object[] arguments)
   at Microsoft.AspNetCore.Mvc.Infrastructure.ControllerActionInvoker.&lt;InvokeActionMethodAsync&gt;g__Awaited|12_0(ControllerActionInvoker invoker, ValueTask`1 actionResultValueTask)
   at Microsoft.AspNetCore.Mvc.Infrastructure.ControllerActionInvoker.&lt;InvokeNextActionFilterAsync&gt;g__Awaited|10_0(ControllerActionInvoker invoker, Task lastTask, State next, Scope scope, Object state, Boolean isCompleted)
   at Microsoft.AspNetCore.Mvc.Infrastructure.ControllerActionInvoker.Rethrow(ActionExecutedContextSealed context)
   at Microsoft.AspNetCore.Mvc.Infrastructure.ControllerActionInvoker.Next(State&amp; next, Scope&amp; scope, Object&amp; state, Boolean&amp; isCompleted)
   at Microsoft.AspNetCore.Mvc.Infrastructure.ControllerActionInvoker.InvokeInnerFilterAsync()
--- End of stack trace from previous location ---
   at Microsoft.AspNetCore.Mvc.Infrastructure.ResourceInvoker.&lt;InvokeNextExceptionFilterAsync&gt;g__Awaited|26_0(ResourceInvoker invoker, Task lastTask, State next, Scope scope, Object state, Boolean isCompleted)

[20:26:29 INF] Beginning request AddFamilyMemberCommand [6d6236a6-05b3-42dc-8e34-1ac1fdbc420c]
[20:26:29 INF] Beginning transaction for AddFamilyMemberCommand
[20:26:29 INF] Committed transaction for AddFamilyMemberCommand
[20:26:29 INF] Completed request AddFamilyMemberCommand [6d6236a6-05b3-42dc-8e34-1ac1fdbc420c]
[20:26:29 INF] Beginning request AddSafeFoodCommand [04be8699-169c-415b-afd0-5b379ad6065a]
[20:26:29 INF] Beginning transaction for AddSafeFoodCommand
[20:26:29 INF] Successfully added safe food Orange for family member 40234d41-994c-4b52-a2c1-b228268bb08a
[20:26:29 INF] Committed transaction for AddSafeFoodCommand
[20:26:29 INF] Completed request AddSafeFoodCommand [04be8699-169c-415b-afd0-5b379ad6065a]
[20:26:29 INF] Beginning request RemoveSafeFoodCommand [49a8a72d-f567-415d-8d44-8f7339dfebd0]
[20:26:29 INF] Beginning transaction for RemoveSafeFoodCommand
[20:26:29 INF] Successfully removed safe food Orange for family member 40234d41-994c-4b52-a2c1-b228268bb08a
[20:26:29 INF] Committed transaction for RemoveSafeFoodCommand
[20:26:29 INF] Completed request RemoveSafeFoodCommand [49a8a72d-f567-415d-8d44-8f7339dfebd0]

[20:26:29 INF] Beginning request AddFamilyMemberCommand [e81ead0c-2eb8-4caf-b0ac-5bedc29e981f]
[20:26:29 INF] Beginning transaction for AddFamilyMemberCommand
[20:26:29 INF] Committed transaction for AddFamilyMemberCommand
[20:26:29 INF] Completed request AddFamilyMemberCommand [e81ead0c-2eb8-4caf-b0ac-5bedc29e981f]
[20:26:29 INF] Beginning request RemoveSafeFoodCommand [02f9ee4d-f415-4068-b511-ae7b1afc3db3]
[20:26:29 INF] Beginning transaction for RemoveSafeFoodCommand
[20:26:29 WRN] Safe food NotPresent not found for family member a7bae5bc-f5d7-45e2-bfe6-f088da6f6fbc
[20:26:29 INF] Rolling back transaction for RemoveSafeFoodCommand
[20:26:29 ERR] Unhandled Exception for Request RemoveSafeFoodCommand {"FamilyMemberId": "a7bae5bc-f5d7-45e2-bfe6-f088da6f6fbc", "FoodItem": "NotPresent", "$type": "RemoveSafeFoodCommand"}
YellowHouseStudio.LifeOrbit.Application.Common.Exceptions.NotFoundException: Safe food NotPresent not found for family member a7bae5bc-f5d7-45e2-bfe6-f088da6f6fbc
   at YellowHouseStudio.LifeOrbit.Application.Family.RemoveSafeFood.RemoveSafeFoodCommandHandler.Handle(RemoveSafeFoodCommand request, CancellationToken cancellationToken) in /Users/johannahulten/Documents/LifeOrbit/server/YellowHouseStudio.LifeOrbit.Application/Family/RemoveSafeFood/RemoveSafeFoodCommandHandler.cs:line 40
   at YellowHouseStudio.LifeOrbit.Application.Common.Behaviors.TransactionBehavior`2.&lt;&gt;c__DisplayClass3_0.&lt;&lt;Handle&gt;b__0&gt;d.MoveNext() in /Users/johannahulten/Documents/LifeOrbit/server/YellowHouseStudio.LifeOrbit.Application/Common/Behaviors/TransactionBehavior.cs:line 40
--- End of stack trace from previous location ---
   at YellowHouseStudio.LifeOrbit.Application.Common.Behaviors.TransactionBehavior`2.&lt;&gt;c__DisplayClass3_0.&lt;&lt;Handle&gt;b__0&gt;d.MoveNext() in /Users/johannahulten/Documents/LifeOrbit/server/YellowHouseStudio.LifeOrbit.Application/Common/Behaviors/TransactionBehavior.cs:line 53
--- End of stack trace from previous location ---
   at YellowHouseStudio.LifeOrbit.Application.Common.Behaviors.TransactionBehavior`2.Handle(TRequest request, RequestHandlerDelegate`1 next, CancellationToken cancellationToken) in /Users/johannahulten/Documents/LifeOrbit/server/YellowHouseStudio.LifeOrbit.Application/Common/Behaviors/TransactionBehavior.cs:line 32
   at YellowHouseStudio.LifeOrbit.Application.Common.Behaviors.ValidationBehavior`2.Handle(TRequest request, RequestHandlerDelegate`1 next, CancellationToken cancellationToken) in /Users/johannahulten/Documents/LifeOrbit/server/YellowHouseStudio.LifeOrbit.Application/Common/Behaviors/ValidationBehavior.cs:line 67
   at YellowHouseStudio.LifeOrbit.Application.Common.Behaviors.UnhandledExceptionBehavior`2.Handle(TRequest request, RequestHandlerDelegate`1 next, CancellationToken cancellationToken) in /Users/johannahulten/Documents/LifeOrbit/server/YellowHouseStudio.LifeOrbit.Application/Common/Behaviors/UnhandledExceptionBehavior.cs:line 16
[20:26:29 ERR] Request RemoveSafeFoodCommand [02f9ee4d-f415-4068-b511-ae7b1afc3db3] failed
YellowHouseStudio.LifeOrbit.Application.Common.Exceptions.NotFoundException: Safe food NotPresent not found for family member a7bae5bc-f5d7-45e2-bfe6-f088da6f6fbc
   at YellowHouseStudio.LifeOrbit.Application.Family.RemoveSafeFood.RemoveSafeFoodCommandHandler.Handle(RemoveSafeFoodCommand request, CancellationToken cancellationToken) in /Users/johannahulten/Documents/LifeOrbit/server/YellowHouseStudio.LifeOrbit.Application/Family/RemoveSafeFood/RemoveSafeFoodCommandHandler.cs:line 40
   at YellowHouseStudio.LifeOrbit.Application.Common.Behaviors.TransactionBehavior`2.&lt;&gt;c__DisplayClass3_0.&lt;&lt;Handle&gt;b__0&gt;d.MoveNext() in /Users/johannahulten/Documents/LifeOrbit/server/YellowHouseStudio.LifeOrbit.Application/Common/Behaviors/TransactionBehavior.cs:line 40
--- End of stack trace from previous location ---
   at YellowHouseStudio.LifeOrbit.Application.Common.Behaviors.TransactionBehavior`2.&lt;&gt;c__DisplayClass3_0.&lt;&lt;Handle&gt;b__0&gt;d.MoveNext() in /Users/johannahulten/Documents/LifeOrbit/server/YellowHouseStudio.LifeOrbit.Application/Common/Behaviors/TransactionBehavior.cs:line 53
--- End of stack trace from previous location ---
   at YellowHouseStudio.LifeOrbit.Application.Common.Behaviors.TransactionBehavior`2.Handle(TRequest request, RequestHandlerDelegate`1 next, CancellationToken cancellationToken) in /Users/johannahulten/Documents/LifeOrbit/server/YellowHouseStudio.LifeOrbit.Application/Common/Behaviors/TransactionBehavior.cs:line 32
   at YellowHouseStudio.LifeOrbit.Application.Common.Behaviors.ValidationBehavior`2.Handle(TRequest request, RequestHandlerDelegate`1 next, CancellationToken cancellationToken) in /Users/johannahulten/Documents/LifeOrbit/server/YellowHouseStudio.LifeOrbit.Application/Common/Behaviors/ValidationBehavior.cs:line 67
   at YellowHouseStudio.LifeOrbit.Application.Common.Behaviors.UnhandledExceptionBehavior`2.Handle(TRequest request, RequestHandlerDelegate`1 next, CancellationToken cancellationToken) in /Users/johannahulten/Documents/LifeOrbit/server/YellowHouseStudio.LifeOrbit.Application/Common/Behaviors/UnhandledExceptionBehavior.cs:line 16
   at YellowHouseStudio.LifeOrbit.Application.Common.Behaviors.LoggingBehavior`2.Handle(TRequest request, RequestHandlerDelegate`1 next, CancellationToken cancellationToken) in /Users/johannahulten/Documents/LifeOrbit/server/YellowHouseStudio.LifeOrbit.Application/Common/Behaviors/LoggingBehavior.cs:line 25
ValidationExceptionFilter
GlobalExceptionFilter
[20:26:29 ERR] Unhandled exception occurred while executing /settings/family/a7bae5bc-f5d7-45e2-bfe6-f088da6f6fbc/safe-foods/NotPresent {"ActionId": "7c0778aa-5e42-433c-9819-49acf71822bc", "ActionName": "YellowHouseStudio.LifeOrbit.Api.Controllers.FamilySafeFoodsController.RemoveSafeFood (YellowHouseStudio.LifeOrbit.Api)", "RequestId": "0HNC5N43DU140", "RequestPath": "/settings/family/a7bae5bc-f5d7-45e2-bfe6-f088da6f6fbc/safe-foods/NotPresent"}
YellowHouseStudio.LifeOrbit.Application.Common.Exceptions.NotFoundException: Safe food NotPresent not found for family member a7bae5bc-f5d7-45e2-bfe6-f088da6f6fbc
   at YellowHouseStudio.LifeOrbit.Application.Family.RemoveSafeFood.RemoveSafeFoodCommandHandler.Handle(RemoveSafeFoodCommand request, CancellationToken cancellationToken) in /Users/johannahulten/Documents/LifeOrbit/server/YellowHouseStudio.LifeOrbit.Application/Family/RemoveSafeFood/RemoveSafeFoodCommandHandler.cs:line 40
   at YellowHouseStudio.LifeOrbit.Application.Common.Behaviors.TransactionBehavior`2.&lt;&gt;c__DisplayClass3_0.&lt;&lt;Handle&gt;b__0&gt;d.MoveNext() in /Users/johannahulten/Documents/LifeOrbit/server/YellowHouseStudio.LifeOrbit.Application/Common/Behaviors/TransactionBehavior.cs:line 40
--- End of stack trace from previous location ---
   at YellowHouseStudio.LifeOrbit.Application.Common.Behaviors.TransactionBehavior`2.&lt;&gt;c__DisplayClass3_0.&lt;&lt;Handle&gt;b__0&gt;d.MoveNext() in /Users/johannahulten/Documents/LifeOrbit/server/YellowHouseStudio.LifeOrbit.Application/Common/Behaviors/TransactionBehavior.cs:line 53
--- End of stack trace from previous location ---
   at YellowHouseStudio.LifeOrbit.Application.Common.Behaviors.TransactionBehavior`2.Handle(TRequest request, RequestHandlerDelegate`1 next, CancellationToken cancellationToken) in /Users/johannahulten/Documents/LifeOrbit/server/YellowHouseStudio.LifeOrbit.Application/Common/Behaviors/TransactionBehavior.cs:line 32
   at YellowHouseStudio.LifeOrbit.Application.Common.Behaviors.ValidationBehavior`2.Handle(TRequest request, RequestHandlerDelegate`1 next, CancellationToken cancellationToken) in /Users/johannahulten/Documents/LifeOrbit/server/YellowHouseStudio.LifeOrbit.Application/Common/Behaviors/ValidationBehavior.cs:line 67
   at YellowHouseStudio.LifeOrbit.Application.Common.Behaviors.UnhandledExceptionBehavior`2.Handle(TRequest request, RequestHandlerDelegate`1 next, CancellationToken cancellationToken) in /Users/johannahulten/Documents/LifeOrbit/server/YellowHouseStudio.LifeOrbit.Application/Common/Behaviors/UnhandledExceptionBehavior.cs:line 16
   at YellowHouseStudio.LifeOrbit.Application.Common.Behaviors.LoggingBehavior`2.Handle(TRequest request, RequestHandlerDelegate`1 next, CancellationToken cancellationToken) in /Users/johannahulten/Documents/LifeOrbit/server/YellowHouseStudio.LifeOrbit.Application/Common/Behaviors/LoggingBehavior.cs:line 25
   at YellowHouseStudio.LifeOrbit.Api.Controllers.FamilySafeFoodsController.RemoveSafeFood(Guid familyMemberId, String foodItem) in /Users/johannahulten/Documents/LifeOrbit/server/YellowHouseStudio.LifeOrbit.Api/Controllers/FamilySafeFoodsController.cs:line 44
   at lambda_method369(Closure, Object)
   at Microsoft.AspNetCore.Mvc.Infrastructure.ActionMethodExecutor.AwaitableObjectResultExecutor.Execute(ActionContext actionContext, IActionResultTypeMapper mapper, ObjectMethodExecutor executor, Object controller, Object[] arguments)
   at Microsoft.AspNetCore.Mvc.Infrastructure.ControllerActionInvoker.&lt;InvokeActionMethodAsync&gt;g__Awaited|12_0(ControllerActionInvoker invoker, ValueTask`1 actionResultValueTask)
   at Microsoft.AspNetCore.Mvc.Infrastructure.ControllerActionInvoker.&lt;InvokeNextActionFilterAsync&gt;g__Awaited|10_0(ControllerActionInvoker invoker, Task lastTask, State next, Scope scope, Object state, Boolean isCompleted)
   at Microsoft.AspNetCore.Mvc.Infrastructure.ControllerActionInvoker.Rethrow(ActionExecutedContextSealed context)
   at Microsoft.AspNetCore.Mvc.Infrastructure.ControllerActionInvoker.Next(State&amp; next, Scope&amp; scope, Object&amp; state, Boolean&amp; isCompleted)
   at Microsoft.AspNetCore.Mvc.Infrastructure.ControllerActionInvoker.InvokeInnerFilterAsync()
--- End of stack trace from previous location ---
   at Microsoft.AspNetCore.Mvc.Infrastructure.ResourceInvoker.&lt;InvokeNextExceptionFilterAsync&gt;g__Awaited|26_0(ResourceInvoker invoker, Task lastTask, State next, Scope scope, Object state, Boolean isCompleted)

[20:26:29 INF] Beginning request AddFamilyMemberCommand [83fa58af-9761-468d-93d0-bc48997a9db7]
[20:26:29 INF] Beginning transaction for AddFamilyMemberCommand
[20:26:29 INF] Committed transaction for AddFamilyMemberCommand
[20:26:29 INF] Completed request AddFamilyMemberCommand [83fa58af-9761-468d-93d0-bc48997a9db7]
[20:26:29 INF] Beginning request RemoveSafeFoodCommand [85d7655e-b6ab-4b16-b654-673d19fee6c6]
[20:26:29 INF] Beginning transaction for RemoveSafeFoodCommand
[20:26:29 WRN] Family member 049987b1-274b-48f3-98ed-2d02c405af16 not found for user b24dd736-77aa-494d-ab57-4135343e34ad
[20:26:29 INF] Rolling back transaction for RemoveSafeFoodCommand
[20:26:29 ERR] Unhandled Exception for Request RemoveSafeFoodCommand {"FamilyMemberId": "049987b1-274b-48f3-98ed-2d02c405af16", "FoodItem": "Apple", "$type": "RemoveSafeFoodCommand"}
YellowHouseStudio.LifeOrbit.Application.Common.Exceptions.NotFoundException: Family member 049987b1-274b-48f3-98ed-2d02c405af16 not found
   at YellowHouseStudio.LifeOrbit.Application.Family.RemoveSafeFood.RemoveSafeFoodCommandHandler.Handle(RemoveSafeFoodCommand request, CancellationToken cancellationToken) in /Users/johannahulten/Documents/LifeOrbit/server/YellowHouseStudio.LifeOrbit.Application/Family/RemoveSafeFood/RemoveSafeFoodCommandHandler.cs:line 33
   at YellowHouseStudio.LifeOrbit.Application.Common.Behaviors.TransactionBehavior`2.&lt;&gt;c__DisplayClass3_0.&lt;&lt;Handle&gt;b__0&gt;d.MoveNext() in /Users/johannahulten/Documents/LifeOrbit/server/YellowHouseStudio.LifeOrbit.Application/Common/Behaviors/TransactionBehavior.cs:line 40
--- End of stack trace from previous location ---
   at YellowHouseStudio.LifeOrbit.Application.Common.Behaviors.TransactionBehavior`2.&lt;&gt;c__DisplayClass3_0.&lt;&lt;Handle&gt;b__0&gt;d.MoveNext() in /Users/johannahulten/Documents/LifeOrbit/server/YellowHouseStudio.LifeOrbit.Application/Common/Behaviors/TransactionBehavior.cs:line 53
--- End of stack trace from previous location ---
   at YellowHouseStudio.LifeOrbit.Application.Common.Behaviors.TransactionBehavior`2.Handle(TRequest request, RequestHandlerDelegate`1 next, CancellationToken cancellationToken) in /Users/johannahulten/Documents/LifeOrbit/server/YellowHouseStudio.LifeOrbit.Application/Common/Behaviors/TransactionBehavior.cs:line 32
   at YellowHouseStudio.LifeOrbit.Application.Common.Behaviors.ValidationBehavior`2.Handle(TRequest request, RequestHandlerDelegate`1 next, CancellationToken cancellationToken) in /Users/johannahulten/Documents/LifeOrbit/server/YellowHouseStudio.LifeOrbit.Application/Common/Behaviors/ValidationBehavior.cs:line 67
   at YellowHouseStudio.LifeOrbit.Application.Common.Behaviors.UnhandledExceptionBehavior`2.Handle(TRequest request, RequestHandlerDelegate`1 next, CancellationToken cancellationToken) in /Users/johannahulten/Documents/LifeOrbit/server/YellowHouseStudio.LifeOrbit.Application/Common/Behaviors/UnhandledExceptionBehavior.cs:line 16
[20:26:29 ERR] Request RemoveSafeFoodCommand [85d7655e-b6ab-4b16-b654-673d19fee6c6] failed
YellowHouseStudio.LifeOrbit.Application.Common.Exceptions.NotFoundException: Family member 049987b1-274b-48f3-98ed-2d02c405af16 not found
   at YellowHouseStudio.LifeOrbit.Application.Family.RemoveSafeFood.RemoveSafeFoodCommandHandler.Handle(RemoveSafeFoodCommand request, CancellationToken cancellationToken) in /Users/johannahulten/Documents/LifeOrbit/server/YellowHouseStudio.LifeOrbit.Application/Family/RemoveSafeFood/RemoveSafeFoodCommandHandler.cs:line 33
   at YellowHouseStudio.LifeOrbit.Application.Common.Behaviors.TransactionBehavior`2.&lt;&gt;c__DisplayClass3_0.&lt;&lt;Handle&gt;b__0&gt;d.MoveNext() in /Users/johannahulten/Documents/LifeOrbit/server/YellowHouseStudio.LifeOrbit.Application/Common/Behaviors/TransactionBehavior.cs:line 40
--- End of stack trace from previous location ---
   at YellowHouseStudio.LifeOrbit.Application.Common.Behaviors.TransactionBehavior`2.&lt;&gt;c__DisplayClass3_0.&lt;&lt;Handle&gt;b__0&gt;d.MoveNext() in /Users/johannahulten/Documents/LifeOrbit/server/YellowHouseStudio.LifeOrbit.Application/Common/Behaviors/TransactionBehavior.cs:line 53
--- End of stack trace from previous location ---
   at YellowHouseStudio.LifeOrbit.Application.Common.Behaviors.TransactionBehavior`2.Handle(TRequest request, RequestHandlerDelegate`1 next, CancellationToken cancellationToken) in /Users/johannahulten/Documents/LifeOrbit/server/YellowHouseStudio.LifeOrbit.Application/Common/Behaviors/TransactionBehavior.cs:line 32
   at YellowHouseStudio.LifeOrbit.Application.Common.Behaviors.ValidationBehavior`2.Handle(TRequest request, RequestHandlerDelegate`1 next, CancellationToken cancellationToken) in /Users/johannahulten/Documents/LifeOrbit/server/YellowHouseStudio.LifeOrbit.Application/Common/Behaviors/ValidationBehavior.cs:line 67
   at YellowHouseStudio.LifeOrbit.Application.Common.Behaviors.UnhandledExceptionBehavior`2.Handle(TRequest request, RequestHandlerDelegate`1 next, CancellationToken cancellationToken) in /Users/johannahulten/Documents/LifeOrbit/server/YellowHouseStudio.LifeOrbit.Application/Common/Behaviors/UnhandledExceptionBehavior.cs:line 16
   at YellowHouseStudio.LifeOrbit.Application.Common.Behaviors.LoggingBehavior`2.Handle(TRequest request, RequestHandlerDelegate`1 next, CancellationToken cancellationToken) in /Users/johannahulten/Documents/LifeOrbit/server/YellowHouseStudio.LifeOrbit.Application/Common/Behaviors/LoggingBehavior.cs:line 25
ValidationExceptionFilter
GlobalExceptionFilter
[20:26:29 ERR] Unhandled exception occurred while executing /settings/family/049987b1-274b-48f3-98ed-2d02c405af16/safe-foods/Apple {"ActionId": "7c0778aa-5e42-433c-9819-49acf71822bc", "ActionName": "YellowHouseStudio.LifeOrbit.Api.Controllers.FamilySafeFoodsController.RemoveSafeFood (YellowHouseStudio.LifeOrbit.Api)", "RequestId": "0HNC5N43DU142", "RequestPath": "/settings/family/049987b1-274b-48f3-98ed-2d02c405af16/safe-foods/Apple"}
YellowHouseStudio.LifeOrbit.Application.Common.Exceptions.NotFoundException: Family member 049987b1-274b-48f3-98ed-2d02c405af16 not found
   at YellowHouseStudio.LifeOrbit.Application.Family.RemoveSafeFood.RemoveSafeFoodCommandHandler.Handle(RemoveSafeFoodCommand request, CancellationToken cancellationToken) in /Users/johannahulten/Documents/LifeOrbit/server/YellowHouseStudio.LifeOrbit.Application/Family/RemoveSafeFood/RemoveSafeFoodCommandHandler.cs:line 33
   at YellowHouseStudio.LifeOrbit.Application.Common.Behaviors.TransactionBehavior`2.&lt;&gt;c__DisplayClass3_0.&lt;&lt;Handle&gt;b__0&gt;d.MoveNext() in /Users/johannahulten/Documents/LifeOrbit/server/YellowHouseStudio.LifeOrbit.Application/Common/Behaviors/TransactionBehavior.cs:line 40
--- End of stack trace from previous location ---
   at YellowHouseStudio.LifeOrbit.Application.Common.Behaviors.TransactionBehavior`2.&lt;&gt;c__DisplayClass3_0.&lt;&lt;Handle&gt;b__0&gt;d.MoveNext() in /Users/johannahulten/Documents/LifeOrbit/server/YellowHouseStudio.LifeOrbit.Application/Common/Behaviors/TransactionBehavior.cs:line 53
--- End of stack trace from previous location ---
   at YellowHouseStudio.LifeOrbit.Application.Common.Behaviors.TransactionBehavior`2.Handle(TRequest request, RequestHandlerDelegate`1 next, CancellationToken cancellationToken) in /Users/johannahulten/Documents/LifeOrbit/server/YellowHouseStudio.LifeOrbit.Application/Common/Behaviors/TransactionBehavior.cs:line 32
   at YellowHouseStudio.LifeOrbit.Application.Common.Behaviors.ValidationBehavior`2.Handle(TRequest request, RequestHandlerDelegate`1 next, CancellationToken cancellationToken) in /Users/johannahulten/Documents/LifeOrbit/server/YellowHouseStudio.LifeOrbit.Application/Common/Behaviors/ValidationBehavior.cs:line 67
   at YellowHouseStudio.LifeOrbit.Application.Common.Behaviors.UnhandledExceptionBehavior`2.Handle(TRequest request, RequestHandlerDelegate`1 next, CancellationToken cancellationToken) in /Users/johannahulten/Documents/LifeOrbit/server/YellowHouseStudio.LifeOrbit.Application/Common/Behaviors/UnhandledExceptionBehavior.cs:line 16
   at YellowHouseStudio.LifeOrbit.Application.Common.Behaviors.LoggingBehavior`2.Handle(TRequest request, RequestHandlerDelegate`1 next, CancellationToken cancellationToken) in /Users/johannahulten/Documents/LifeOrbit/server/YellowHouseStudio.LifeOrbit.Application/Common/Behaviors/LoggingBehavior.cs:line 25
   at YellowHouseStudio.LifeOrbit.Api.Controllers.FamilySafeFoodsController.RemoveSafeFood(Guid familyMemberId, String foodItem) in /Users/johannahulten/Documents/LifeOrbit/server/YellowHouseStudio.LifeOrbit.Api/Controllers/FamilySafeFoodsController.cs:line 44
   at lambda_method369(Closure, Object)
   at Microsoft.AspNetCore.Mvc.Infrastructure.ActionMethodExecutor.AwaitableObjectResultExecutor.Execute(ActionContext actionContext, IActionResultTypeMapper mapper, ObjectMethodExecutor executor, Object controller, Object[] arguments)
   at Microsoft.AspNetCore.Mvc.Infrastructure.ControllerActionInvoker.&lt;InvokeActionMethodAsync&gt;g__Awaited|12_0(ControllerActionInvoker invoker, ValueTask`1 actionResultValueTask)
   at Microsoft.AspNetCore.Mvc.Infrastructure.ControllerActionInvoker.&lt;InvokeNextActionFilterAsync&gt;g__Awaited|10_0(ControllerActionInvoker invoker, Task lastTask, State next, Scope scope, Object state, Boolean isCompleted)
   at Microsoft.AspNetCore.Mvc.Infrastructure.ControllerActionInvoker.Rethrow(ActionExecutedContextSealed context)
   at Microsoft.AspNetCore.Mvc.Infrastructure.ControllerActionInvoker.Next(State&amp; next, Scope&amp; scope, Object&amp; state, Boolean&amp; isCompleted)
   at Microsoft.AspNetCore.Mvc.Infrastructure.ControllerActionInvoker.InvokeInnerFilterAsync()
--- End of stack trace from previous location ---
   at Microsoft.AspNetCore.Mvc.Infrastructure.ResourceInvoker.&lt;InvokeNextExceptionFilterAsync&gt;g__Awaited|26_0(ResourceInvoker invoker, Task lastTask, State next, Scope scope, Object state, Boolean isCompleted)

[20:26:29 WRN] Failed to determine the https port for redirect.
[20:26:29 INF] Beginning request AddCompleteFamilyMemberCommand [a1485c02-fa81-445e-9395-48434ac42430]
[20:26:29 WRN] Validation failed for command AddCompleteFamilyMemberCommand with 1 errors
[20:26:29 ERR] Request AddCompleteFamilyMemberCommand [a1485c02-fa81-445e-9395-48434ac42430] failed
FluentValidation.ValidationException: Validation failed: 
 -- Age: Age must be between 0 and 120 Severity: Error
   at YellowHouseStudio.LifeOrbit.Application.Common.Behaviors.ValidationBehavior`2.Handle(TRequest request, RequestHandlerDelegate`1 next, CancellationToken cancellationToken) in /Users/johannahulten/Documents/LifeOrbit/server/YellowHouseStudio.LifeOrbit.Application/Common/Behaviors/ValidationBehavior.cs:line 61
   at YellowHouseStudio.LifeOrbit.Application.Common.Behaviors.UnhandledExceptionBehavior`2.Handle(TRequest request, RequestHandlerDelegate`1 next, CancellationToken cancellationToken) in /Users/johannahulten/Documents/LifeOrbit/server/YellowHouseStudio.LifeOrbit.Application/Common/Behaviors/UnhandledExceptionBehavior.cs:line 16
   at YellowHouseStudio.LifeOrbit.Application.Common.Behaviors.LoggingBehavior`2.Handle(TRequest request, RequestHandlerDelegate`1 next, CancellationToken cancellationToken) in /Users/johannahulten/Documents/LifeOrbit/server/YellowHouseStudio.LifeOrbit.Application/Common/Behaviors/LoggingBehavior.cs:line 25
ValidationExceptionFilter

[20:26:29 INF] Beginning request AddCompleteFamilyMemberCommand [838ff8ec-b4f7-4852-a68d-e4dd4e84ad37]
[20:26:29 WRN] Validation failed for command AddCompleteFamilyMemberCommand with 1 errors
[20:26:29 ERR] Request AddCompleteFamilyMemberCommand [838ff8ec-b4f7-4852-a68d-e4dd4e84ad37] failed
FluentValidation.ValidationException: Validation failed: 
 -- Allergies[0].Severity: Severity must be either 'AvailableForOthers' or 'NotAllowed' Severity: Error
   at YellowHouseStudio.LifeOrbit.Application.Common.Behaviors.ValidationBehavior`2.Handle(TRequest request, RequestHandlerDelegate`1 next, CancellationToken cancellationToken) in /Users/johannahulten/Documents/LifeOrbit/server/YellowHouseStudio.LifeOrbit.Application/Common/Behaviors/ValidationBehavior.cs:line 61
   at YellowHouseStudio.LifeOrbit.Application.Common.Behaviors.UnhandledExceptionBehavior`2.Handle(TRequest request, RequestHandlerDelegate`1 next, CancellationToken cancellationToken) in /Users/johannahulten/Documents/LifeOrbit/server/YellowHouseStudio.LifeOrbit.Application/Common/Behaviors/UnhandledExceptionBehavior.cs:line 16
   at YellowHouseStudio.LifeOrbit.Application.Common.Behaviors.LoggingBehavior`2.Handle(TRequest request, RequestHandlerDelegate`1 next, CancellationToken cancellationToken) in /Users/johannahulten/Documents/LifeOrbit/server/YellowHouseStudio.LifeOrbit.Application/Common/Behaviors/LoggingBehavior.cs:line 25
ValidationExceptionFilter

[20:26:29 INF] Beginning request AddCompleteFamilyMemberCommand [49d9075d-3d79-42c8-9db5-9d4cfbb06845]
[20:26:29 INF] Beginning transaction for AddCompleteFamilyMemberCommand
[20:26:29 INF] Successfully created family member d09b9fd7-0529-479f-b624-d3365dfc2c05 for user ecda7c00-4803-4d83-893f-37ff4175f115
[20:26:29 INF] Committed transaction for AddCompleteFamilyMemberCommand
[20:26:29 INF] Completed request AddCompleteFamilyMemberCommand [49d9075d-3d79-42c8-9db5-9d4cfbb06845]

[20:26:29 WRN] Failed to determine the https port for redirect.
[20:26:29 INF] Beginning request AddFamilyMemberCommand [c393f2cf-2f68-4e90-89de-c69101dd2747]
[20:26:29 WRN] Validation failed for command AddFamilyMemberCommand with 1 errors
[20:26:29 ERR] Request AddFamilyMemberCommand [c393f2cf-2f68-4e90-89de-c69101dd2747] failed
FluentValidation.ValidationException: Validation failed: 
 -- Age: Age must be greater than or equal to 0 Severity: Error
   at YellowHouseStudio.LifeOrbit.Application.Common.Behaviors.ValidationBehavior`2.Handle(TRequest request, RequestHandlerDelegate`1 next, CancellationToken cancellationToken) in /Users/johannahulten/Documents/LifeOrbit/server/YellowHouseStudio.LifeOrbit.Application/Common/Behaviors/ValidationBehavior.cs:line 61
   at YellowHouseStudio.LifeOrbit.Application.Common.Behaviors.UnhandledExceptionBehavior`2.Handle(TRequest request, RequestHandlerDelegate`1 next, CancellationToken cancellationToken) in /Users/johannahulten/Documents/LifeOrbit/server/YellowHouseStudio.LifeOrbit.Application/Common/Behaviors/UnhandledExceptionBehavior.cs:line 16
   at YellowHouseStudio.LifeOrbit.Application.Common.Behaviors.LoggingBehavior`2.Handle(TRequest request, RequestHandlerDelegate`1 next, CancellationToken cancellationToken) in /Users/johannahulten/Documents/LifeOrbit/server/YellowHouseStudio.LifeOrbit.Application/Common/Behaviors/LoggingBehavior.cs:line 25
ValidationExceptionFilter

[20:26:29 INF] Beginning request AddFamilyMemberCommand [83e5c4e1-737d-442d-b9d7-cb68af92c569]
[20:26:29 INF] Beginning transaction for AddFamilyMemberCommand
[20:26:29 INF] Committed transaction for AddFamilyMemberCommand
[20:26:29 INF] Completed request AddFamilyMemberCommand [83e5c4e1-737d-442d-b9d7-cb68af92c569]

[20:26:29 WRN] Failed to determine the https port for redirect.
[20:26:29 INF] Beginning request GetFamilyMembersQuery [7295d6ad-3642-421f-abc3-320750e09566]
[20:26:29 INF] Completed request GetFamilyMembersQuery [7295d6ad-3642-421f-abc3-320750e09566]

[20:26:29 INF] Beginning request GetFamilyMembersQuery [fbbe1c04-9ce1-4bb7-98cd-7ceafa36ded2]
[20:26:29 INF] Completed request GetFamilyMembersQuery [fbbe1c04-9ce1-4bb7-98cd-7ceafa36ded2]

NUnit Adapter 5.0.0.0: Test execution complete
</StdOut>
    </Output>
  </ResultSummary>
</TestRun>