<?xml version="1.0" encoding="utf-8"?>
<TestRun id="2fbc36f6-00d4-4b96-85cb-10816530485e" name="@MacBook-Air-som-tillhor-Johanna 2025-04-27 08:44:12" xmlns="http://microsoft.com/schemas/VisualStudio/TeamTest/2010">
  <Times creation="2025-04-27T08:44:12.7729970+02:00" queuing="2025-04-27T08:44:12.7729970+02:00" start="2025-04-27T08:44:12.2861040+02:00" finish="2025-04-27T08:44:12.7768240+02:00" />
  <TestSettings name="default" id="7e9fa1f8-1a03-4c4b-b14d-600e09d35c47">
    <Deployment runDeploymentRoot="_MacBook-Air-som-tillhor-Johanna_2025-04-27_08_44_12" />
  </TestSettings>
  <Results>
    <UnitTestResult executionId="74f5806f-f370-43da-a4fc-4c5919aa9e6a" testId="cbfeccb5-0112-a18d-59a7-585e13164470" testName="AddAllergy_returns_bad_request_when_ids_dont_match" computerName="MacBook-Air-som-tillhor-Johanna" duration="00:00:00.1529370" startTime="2025-04-27T08:44:12.5444320+02:00" endTime="2025-04-27T08:44:12.6973670+02:00" testType="13cdc9d9-ddb5-4fa4-a97d-d965ccfc6d4b" outcome="Failed" testListId="8c84fa94-04c1-424b-9868-57a2d4851a1d" relativeResultsDirectory="74f5806f-f370-43da-a4fc-4c5919aa9e6a">
      <Output>
        <ErrorInfo>
          <Message>OneTimeSetUp: System.AggregateException : Some services are not able to be constructed (Error while validating the service descriptor 'ServiceType: MediatR.IRequestHandler`2[YellowHouseStudio.LifeOrbit.Application.Family.AddAllergy.AddAllergyCommand,YellowHouseStudio.LifeOrbit.Application.Family.Common.FamilyMemberResponse] Lifetime: Transient ImplementationType: YellowHouseStudio.LifeOrbit.Application.Family.AddAllergy.AddAllergyCommandHandler': Unable to resolve service for type 'YellowHouseStudio.LifeOrbit.Application.Family.Common.IFamilyMemberRepository' while attempting to activate 'YellowHouseStudio.LifeOrbit.Application.Family.AddAllergy.AddAllergyCommandHandler'.) (Error while validating the service descriptor 'ServiceType: FluentValidation.IValidator`1[YellowHouseStudio.LifeOrbit.Application.Family.AddAllergy.AddAllergyCommand] Lifetime: Scoped ImplementationType: YellowHouseStudio.LifeOrbit.Application.Family.AddAllergy.AddAllergyCommandValidator': Unable to resolve service for type 'YellowHouseStudio.LifeOrbit.Application.Family.Common.IFamilyMemberRepository' while attempting to activate 'YellowHouseStudio.LifeOrbit.Application.Family.AddAllergy.AddAllergyCommandValidator'.) (Error while validating the service descriptor 'ServiceType: YellowHouseStudio.LifeOrbit.Application.Family.AddAllergy.AddAllergyCommandValidator Lifetime: Scoped ImplementationType: YellowHouseStudio.LifeOrbit.Application.Family.AddAllergy.AddAllergyCommandValidator': Unable to resolve service for type 'YellowHouseStudio.LifeOrbit.Application.Family.Common.IFamilyMemberRepository' while attempting to activate 'YellowHouseStudio.LifeOrbit.Application.Family.AddAllergy.AddAllergyCommandValidator'.)
  ----&gt; System.InvalidOperationException : Error while validating the service descriptor 'ServiceType: MediatR.IRequestHandler`2[YellowHouseStudio.LifeOrbit.Application.Family.AddAllergy.AddAllergyCommand,YellowHouseStudio.LifeOrbit.Application.Family.Common.FamilyMemberResponse] Lifetime: Transient ImplementationType: YellowHouseStudio.LifeOrbit.Application.Family.AddAllergy.AddAllergyCommandHandler': Unable to resolve service for type 'YellowHouseStudio.LifeOrbit.Application.Family.Common.IFamilyMemberRepository' while attempting to activate 'YellowHouseStudio.LifeOrbit.Application.Family.AddAllergy.AddAllergyCommandHandler'.
  ----&gt; System.InvalidOperationException : Error while validating the service descriptor 'ServiceType: FluentValidation.IValidator`1[YellowHouseStudio.LifeOrbit.Application.Family.AddAllergy.AddAllergyCommand] Lifetime: Scoped ImplementationType: YellowHouseStudio.LifeOrbit.Application.Family.AddAllergy.AddAllergyCommandValidator': Unable to resolve service for type 'YellowHouseStudio.LifeOrbit.Application.Family.Common.IFamilyMemberRepository' while attempting to activate 'YellowHouseStudio.LifeOrbit.Application.Family.AddAllergy.AddAllergyCommandValidator'.
  ----&gt; System.InvalidOperationException : Error while validating the service descriptor 'ServiceType: YellowHouseStudio.LifeOrbit.Application.Family.AddAllergy.AddAllergyCommandValidator Lifetime: Scoped ImplementationType: YellowHouseStudio.LifeOrbit.Application.Family.AddAllergy.AddAllergyCommandValidator': Unable to resolve service for type 'YellowHouseStudio.LifeOrbit.Application.Family.Common.IFamilyMemberRepository' while attempting to activate 'YellowHouseStudio.LifeOrbit.Application.Family.AddAllergy.AddAllergyCommandValidator'.
  ----&gt; System.InvalidOperationException : Unable to resolve service for type 'YellowHouseStudio.LifeOrbit.Application.Family.Common.IFamilyMemberRepository' while attempting to activate 'YellowHouseStudio.LifeOrbit.Application.Family.AddAllergy.AddAllergyCommandHandler'.
  ----&gt; System.InvalidOperationException : Unable to resolve service for type 'YellowHouseStudio.LifeOrbit.Application.Family.Common.IFamilyMemberRepository' while attempting to activate 'YellowHouseStudio.LifeOrbit.Application.Family.AddAllergy.AddAllergyCommandValidator'.
  ----&gt; System.InvalidOperationException : Unable to resolve service for type 'YellowHouseStudio.LifeOrbit.Application.Family.Common.IFamilyMemberRepository' while attempting to activate 'YellowHouseStudio.LifeOrbit.Application.Family.AddAllergy.AddAllergyCommandValidator'.</Message>
          <StackTrace>   at Microsoft.Extensions.DependencyInjection.ServiceProvider..ctor(ICollection`1 serviceDescriptors, ServiceProviderOptions options)
   at Microsoft.Extensions.DependencyInjection.ServiceCollectionContainerBuilderExtensions.BuildServiceProvider(IServiceCollection services, ServiceProviderOptions options)
   at Microsoft.Extensions.Hosting.HostApplicationBuilder.Build()
   at Microsoft.AspNetCore.Builder.WebApplicationBuilder.Build()
   at Program.&lt;Main&gt;$(String[] args) in /Users/johannahulten/Documents/LifeOrbit/server/YellowHouseStudio.LifeOrbit.Api/Program.cs:line 65
   at System.RuntimeMethodHandle.InvokeMethod(Object target, Void** arguments, Signature sig, Boolean isConstructor)
   at System.Reflection.MethodBaseInvoker.InvokeDirectByRefWithFewArgs(Object obj, Span`1 copyOfArgs, BindingFlags invokeAttr)
--- End of stack trace from previous location ---
   at Microsoft.Extensions.Hosting.HostFactoryResolver.HostingListener.CreateHost()
   at Microsoft.Extensions.Hosting.HostFactoryResolver.&lt;&gt;c__DisplayClass10_0.&lt;ResolveHostFactory&gt;b__0(String[] args)
   at Microsoft.AspNetCore.Mvc.Testing.DeferredHostBuilder.Build()
   at Microsoft.AspNetCore.Mvc.Testing.WebApplicationFactory`1.CreateHost(IHostBuilder builder)
   at Microsoft.AspNetCore.Mvc.Testing.WebApplicationFactory`1.DelegatedWebApplicationFactory.CreateHost(IHostBuilder builder)
   at Microsoft.AspNetCore.Mvc.Testing.WebApplicationFactory`1.ConfigureHostBuilder(IHostBuilder hostBuilder)
   at Microsoft.AspNetCore.Mvc.Testing.WebApplicationFactory`1.EnsureServer()
   at Microsoft.AspNetCore.Mvc.Testing.WebApplicationFactory`1.get_Server()
   at YellowHouseStudio.LifeOrbit.Tests.API.Infrastructure.ApiTestBase.BaseSetup() in /Users/johannahulten/Documents/LifeOrbit/server/YellowHouseStudio.LifeOrbit.Tests.API/Infrastructure/ApiTestBase.cs:line 83
   at System.RuntimeMethodHandle.InvokeMethod(Object target, Void** arguments, Signature sig, Boolean isConstructor)
   at System.Reflection.MethodBaseInvoker.InvokeWithNoArgs(Object obj, BindingFlags invokeAttr)
--InvalidOperationException
   at Microsoft.Extensions.DependencyInjection.ServiceProvider.ValidateService(ServiceDescriptor descriptor)
   at Microsoft.Extensions.DependencyInjection.ServiceProvider..ctor(ICollection`1 serviceDescriptors, ServiceProviderOptions options)
--InvalidOperationException
   at Microsoft.Extensions.DependencyInjection.ServiceProvider.ValidateService(ServiceDescriptor descriptor)
   at Microsoft.Extensions.DependencyInjection.ServiceProvider..ctor(ICollection`1 serviceDescriptors, ServiceProviderOptions options)
--InvalidOperationException
   at Microsoft.Extensions.DependencyInjection.ServiceProvider.ValidateService(ServiceDescriptor descriptor)
   at Microsoft.Extensions.DependencyInjection.ServiceProvider..ctor(ICollection`1 serviceDescriptors, ServiceProviderOptions options)
--InvalidOperationException
   at Microsoft.Extensions.DependencyInjection.ServiceLookup.CallSiteFactory.CreateArgumentCallSites(ServiceIdentifier serviceIdentifier, Type implementationType, CallSiteChain callSiteChain, ParameterInfo[] parameters, Boolean throwIfCallSiteNotFound)
   at Microsoft.Extensions.DependencyInjection.ServiceLookup.CallSiteFactory.CreateConstructorCallSite(ResultCache lifetime, ServiceIdentifier serviceIdentifier, Type implementationType, CallSiteChain callSiteChain)
   at Microsoft.Extensions.DependencyInjection.ServiceLookup.CallSiteFactory.TryCreateExact(ServiceDescriptor descriptor, ServiceIdentifier serviceIdentifier, CallSiteChain callSiteChain, Int32 slot)
   at Microsoft.Extensions.DependencyInjection.ServiceLookup.CallSiteFactory.GetCallSite(ServiceDescriptor serviceDescriptor, CallSiteChain callSiteChain)
   at Microsoft.Extensions.DependencyInjection.ServiceProvider.ValidateService(ServiceDescriptor descriptor)
--InvalidOperationException
   at Microsoft.Extensions.DependencyInjection.ServiceLookup.CallSiteFactory.CreateArgumentCallSites(ServiceIdentifier serviceIdentifier, Type implementationType, CallSiteChain callSiteChain, ParameterInfo[] parameters, Boolean throwIfCallSiteNotFound)
   at Microsoft.Extensions.DependencyInjection.ServiceLookup.CallSiteFactory.CreateConstructorCallSite(ResultCache lifetime, ServiceIdentifier serviceIdentifier, Type implementationType, CallSiteChain callSiteChain)
   at Microsoft.Extensions.DependencyInjection.ServiceLookup.CallSiteFactory.TryCreateExact(ServiceDescriptor descriptor, ServiceIdentifier serviceIdentifier, CallSiteChain callSiteChain, Int32 slot)
   at Microsoft.Extensions.DependencyInjection.ServiceLookup.CallSiteFactory.GetCallSite(ServiceDescriptor serviceDescriptor, CallSiteChain callSiteChain)
   at Microsoft.Extensions.DependencyInjection.ServiceProvider.ValidateService(ServiceDescriptor descriptor)
--InvalidOperationException
   at Microsoft.Extensions.DependencyInjection.ServiceLookup.CallSiteFactory.CreateArgumentCallSites(ServiceIdentifier serviceIdentifier, Type implementationType, CallSiteChain callSiteChain, ParameterInfo[] parameters, Boolean throwIfCallSiteNotFound)
   at Microsoft.Extensions.DependencyInjection.ServiceLookup.CallSiteFactory.CreateConstructorCallSite(ResultCache lifetime, ServiceIdentifier serviceIdentifier, Type implementationType, CallSiteChain callSiteChain)
   at Microsoft.Extensions.DependencyInjection.ServiceLookup.CallSiteFactory.TryCreateExact(ServiceDescriptor descriptor, ServiceIdentifier serviceIdentifier, CallSiteChain callSiteChain, Int32 slot)
   at Microsoft.Extensions.DependencyInjection.ServiceLookup.CallSiteFactory.GetCallSite(ServiceDescriptor serviceDescriptor, CallSiteChain callSiteChain)
   at Microsoft.Extensions.DependencyInjection.ServiceProvider.ValidateService(ServiceDescriptor descriptor)
</StackTrace>
        </ErrorInfo>
      </Output>
    </UnitTestResult>
    <UnitTestResult executionId="273d9209-2d0e-4732-b0e9-c5b129eed76e" testId="b9d20c05-042b-ea5f-bf01-de29abef2fe7" testName="RemoveAllergy_returns_not_found_for_non_existent_allergy" computerName="MacBook-Air-som-tillhor-Johanna" duration="00:00:00.1529390" startTime="2025-04-27T08:44:12.5444320+02:00" endTime="2025-04-27T08:44:12.6973690+02:00" testType="13cdc9d9-ddb5-4fa4-a97d-d965ccfc6d4b" outcome="Failed" testListId="8c84fa94-04c1-424b-9868-57a2d4851a1d" relativeResultsDirectory="273d9209-2d0e-4732-b0e9-c5b129eed76e">
      <Output>
        <ErrorInfo>
          <Message>OneTimeSetUp: System.AggregateException : Some services are not able to be constructed (Error while validating the service descriptor 'ServiceType: MediatR.IRequestHandler`2[YellowHouseStudio.LifeOrbit.Application.Family.AddAllergy.AddAllergyCommand,YellowHouseStudio.LifeOrbit.Application.Family.Common.FamilyMemberResponse] Lifetime: Transient ImplementationType: YellowHouseStudio.LifeOrbit.Application.Family.AddAllergy.AddAllergyCommandHandler': Unable to resolve service for type 'YellowHouseStudio.LifeOrbit.Application.Family.Common.IFamilyMemberRepository' while attempting to activate 'YellowHouseStudio.LifeOrbit.Application.Family.AddAllergy.AddAllergyCommandHandler'.) (Error while validating the service descriptor 'ServiceType: FluentValidation.IValidator`1[YellowHouseStudio.LifeOrbit.Application.Family.AddAllergy.AddAllergyCommand] Lifetime: Scoped ImplementationType: YellowHouseStudio.LifeOrbit.Application.Family.AddAllergy.AddAllergyCommandValidator': Unable to resolve service for type 'YellowHouseStudio.LifeOrbit.Application.Family.Common.IFamilyMemberRepository' while attempting to activate 'YellowHouseStudio.LifeOrbit.Application.Family.AddAllergy.AddAllergyCommandValidator'.) (Error while validating the service descriptor 'ServiceType: YellowHouseStudio.LifeOrbit.Application.Family.AddAllergy.AddAllergyCommandValidator Lifetime: Scoped ImplementationType: YellowHouseStudio.LifeOrbit.Application.Family.AddAllergy.AddAllergyCommandValidator': Unable to resolve service for type 'YellowHouseStudio.LifeOrbit.Application.Family.Common.IFamilyMemberRepository' while attempting to activate 'YellowHouseStudio.LifeOrbit.Application.Family.AddAllergy.AddAllergyCommandValidator'.)
  ----&gt; System.InvalidOperationException : Error while validating the service descriptor 'ServiceType: MediatR.IRequestHandler`2[YellowHouseStudio.LifeOrbit.Application.Family.AddAllergy.AddAllergyCommand,YellowHouseStudio.LifeOrbit.Application.Family.Common.FamilyMemberResponse] Lifetime: Transient ImplementationType: YellowHouseStudio.LifeOrbit.Application.Family.AddAllergy.AddAllergyCommandHandler': Unable to resolve service for type 'YellowHouseStudio.LifeOrbit.Application.Family.Common.IFamilyMemberRepository' while attempting to activate 'YellowHouseStudio.LifeOrbit.Application.Family.AddAllergy.AddAllergyCommandHandler'.
  ----&gt; System.InvalidOperationException : Error while validating the service descriptor 'ServiceType: FluentValidation.IValidator`1[YellowHouseStudio.LifeOrbit.Application.Family.AddAllergy.AddAllergyCommand] Lifetime: Scoped ImplementationType: YellowHouseStudio.LifeOrbit.Application.Family.AddAllergy.AddAllergyCommandValidator': Unable to resolve service for type 'YellowHouseStudio.LifeOrbit.Application.Family.Common.IFamilyMemberRepository' while attempting to activate 'YellowHouseStudio.LifeOrbit.Application.Family.AddAllergy.AddAllergyCommandValidator'.
  ----&gt; System.InvalidOperationException : Error while validating the service descriptor 'ServiceType: YellowHouseStudio.LifeOrbit.Application.Family.AddAllergy.AddAllergyCommandValidator Lifetime: Scoped ImplementationType: YellowHouseStudio.LifeOrbit.Application.Family.AddAllergy.AddAllergyCommandValidator': Unable to resolve service for type 'YellowHouseStudio.LifeOrbit.Application.Family.Common.IFamilyMemberRepository' while attempting to activate 'YellowHouseStudio.LifeOrbit.Application.Family.AddAllergy.AddAllergyCommandValidator'.
  ----&gt; System.InvalidOperationException : Unable to resolve service for type 'YellowHouseStudio.LifeOrbit.Application.Family.Common.IFamilyMemberRepository' while attempting to activate 'YellowHouseStudio.LifeOrbit.Application.Family.AddAllergy.AddAllergyCommandHandler'.
  ----&gt; System.InvalidOperationException : Unable to resolve service for type 'YellowHouseStudio.LifeOrbit.Application.Family.Common.IFamilyMemberRepository' while attempting to activate 'YellowHouseStudio.LifeOrbit.Application.Family.AddAllergy.AddAllergyCommandValidator'.
  ----&gt; System.InvalidOperationException : Unable to resolve service for type 'YellowHouseStudio.LifeOrbit.Application.Family.Common.IFamilyMemberRepository' while attempting to activate 'YellowHouseStudio.LifeOrbit.Application.Family.AddAllergy.AddAllergyCommandValidator'.</Message>
          <StackTrace>   at Microsoft.Extensions.DependencyInjection.ServiceProvider..ctor(ICollection`1 serviceDescriptors, ServiceProviderOptions options)
   at Microsoft.Extensions.DependencyInjection.ServiceCollectionContainerBuilderExtensions.BuildServiceProvider(IServiceCollection services, ServiceProviderOptions options)
   at Microsoft.Extensions.Hosting.HostApplicationBuilder.Build()
   at Microsoft.AspNetCore.Builder.WebApplicationBuilder.Build()
   at Program.&lt;Main&gt;$(String[] args) in /Users/johannahulten/Documents/LifeOrbit/server/YellowHouseStudio.LifeOrbit.Api/Program.cs:line 65
   at System.RuntimeMethodHandle.InvokeMethod(Object target, Void** arguments, Signature sig, Boolean isConstructor)
   at System.Reflection.MethodBaseInvoker.InvokeDirectByRefWithFewArgs(Object obj, Span`1 copyOfArgs, BindingFlags invokeAttr)
--- End of stack trace from previous location ---
   at Microsoft.Extensions.Hosting.HostFactoryResolver.HostingListener.CreateHost()
   at Microsoft.Extensions.Hosting.HostFactoryResolver.&lt;&gt;c__DisplayClass10_0.&lt;ResolveHostFactory&gt;b__0(String[] args)
   at Microsoft.AspNetCore.Mvc.Testing.DeferredHostBuilder.Build()
   at Microsoft.AspNetCore.Mvc.Testing.WebApplicationFactory`1.CreateHost(IHostBuilder builder)
   at Microsoft.AspNetCore.Mvc.Testing.WebApplicationFactory`1.DelegatedWebApplicationFactory.CreateHost(IHostBuilder builder)
   at Microsoft.AspNetCore.Mvc.Testing.WebApplicationFactory`1.ConfigureHostBuilder(IHostBuilder hostBuilder)
   at Microsoft.AspNetCore.Mvc.Testing.WebApplicationFactory`1.EnsureServer()
   at Microsoft.AspNetCore.Mvc.Testing.WebApplicationFactory`1.get_Server()
   at YellowHouseStudio.LifeOrbit.Tests.API.Infrastructure.ApiTestBase.BaseSetup() in /Users/johannahulten/Documents/LifeOrbit/server/YellowHouseStudio.LifeOrbit.Tests.API/Infrastructure/ApiTestBase.cs:line 83
   at System.RuntimeMethodHandle.InvokeMethod(Object target, Void** arguments, Signature sig, Boolean isConstructor)
   at System.Reflection.MethodBaseInvoker.InvokeWithNoArgs(Object obj, BindingFlags invokeAttr)
--InvalidOperationException
   at Microsoft.Extensions.DependencyInjection.ServiceProvider.ValidateService(ServiceDescriptor descriptor)
   at Microsoft.Extensions.DependencyInjection.ServiceProvider..ctor(ICollection`1 serviceDescriptors, ServiceProviderOptions options)
--InvalidOperationException
   at Microsoft.Extensions.DependencyInjection.ServiceProvider.ValidateService(ServiceDescriptor descriptor)
   at Microsoft.Extensions.DependencyInjection.ServiceProvider..ctor(ICollection`1 serviceDescriptors, ServiceProviderOptions options)
--InvalidOperationException
   at Microsoft.Extensions.DependencyInjection.ServiceProvider.ValidateService(ServiceDescriptor descriptor)
   at Microsoft.Extensions.DependencyInjection.ServiceProvider..ctor(ICollection`1 serviceDescriptors, ServiceProviderOptions options)
--InvalidOperationException
   at Microsoft.Extensions.DependencyInjection.ServiceLookup.CallSiteFactory.CreateArgumentCallSites(ServiceIdentifier serviceIdentifier, Type implementationType, CallSiteChain callSiteChain, ParameterInfo[] parameters, Boolean throwIfCallSiteNotFound)
   at Microsoft.Extensions.DependencyInjection.ServiceLookup.CallSiteFactory.CreateConstructorCallSite(ResultCache lifetime, ServiceIdentifier serviceIdentifier, Type implementationType, CallSiteChain callSiteChain)
   at Microsoft.Extensions.DependencyInjection.ServiceLookup.CallSiteFactory.TryCreateExact(ServiceDescriptor descriptor, ServiceIdentifier serviceIdentifier, CallSiteChain callSiteChain, Int32 slot)
   at Microsoft.Extensions.DependencyInjection.ServiceLookup.CallSiteFactory.GetCallSite(ServiceDescriptor serviceDescriptor, CallSiteChain callSiteChain)
   at Microsoft.Extensions.DependencyInjection.ServiceProvider.ValidateService(ServiceDescriptor descriptor)
--InvalidOperationException
   at Microsoft.Extensions.DependencyInjection.ServiceLookup.CallSiteFactory.CreateArgumentCallSites(ServiceIdentifier serviceIdentifier, Type implementationType, CallSiteChain callSiteChain, ParameterInfo[] parameters, Boolean throwIfCallSiteNotFound)
   at Microsoft.Extensions.DependencyInjection.ServiceLookup.CallSiteFactory.CreateConstructorCallSite(ResultCache lifetime, ServiceIdentifier serviceIdentifier, Type implementationType, CallSiteChain callSiteChain)
   at Microsoft.Extensions.DependencyInjection.ServiceLookup.CallSiteFactory.TryCreateExact(ServiceDescriptor descriptor, ServiceIdentifier serviceIdentifier, CallSiteChain callSiteChain, Int32 slot)
   at Microsoft.Extensions.DependencyInjection.ServiceLookup.CallSiteFactory.GetCallSite(ServiceDescriptor serviceDescriptor, CallSiteChain callSiteChain)
   at Microsoft.Extensions.DependencyInjection.ServiceProvider.ValidateService(ServiceDescriptor descriptor)
--InvalidOperationException
   at Microsoft.Extensions.DependencyInjection.ServiceLookup.CallSiteFactory.CreateArgumentCallSites(ServiceIdentifier serviceIdentifier, Type implementationType, CallSiteChain callSiteChain, ParameterInfo[] parameters, Boolean throwIfCallSiteNotFound)
   at Microsoft.Extensions.DependencyInjection.ServiceLookup.CallSiteFactory.CreateConstructorCallSite(ResultCache lifetime, ServiceIdentifier serviceIdentifier, Type implementationType, CallSiteChain callSiteChain)
   at Microsoft.Extensions.DependencyInjection.ServiceLookup.CallSiteFactory.TryCreateExact(ServiceDescriptor descriptor, ServiceIdentifier serviceIdentifier, CallSiteChain callSiteChain, Int32 slot)
   at Microsoft.Extensions.DependencyInjection.ServiceLookup.CallSiteFactory.GetCallSite(ServiceDescriptor serviceDescriptor, CallSiteChain callSiteChain)
   at Microsoft.Extensions.DependencyInjection.ServiceProvider.ValidateService(ServiceDescriptor descriptor)
</StackTrace>
        </ErrorInfo>
      </Output>
    </UnitTestResult>
    <UnitTestResult executionId="ea5c6caf-0675-455c-9de3-9db02cdcf4e9" testId="41ed81d1-58f6-508a-fa25-5cd7a1dc8c4e" testName="AddAllergy_returns_not_found_for_non_existent_member" computerName="MacBook-Air-som-tillhor-Johanna" duration="00:00:00.1529380" startTime="2025-04-27T08:44:12.5444320+02:00" endTime="2025-04-27T08:44:12.6973670+02:00" testType="13cdc9d9-ddb5-4fa4-a97d-d965ccfc6d4b" outcome="Failed" testListId="8c84fa94-04c1-424b-9868-57a2d4851a1d" relativeResultsDirectory="ea5c6caf-0675-455c-9de3-9db02cdcf4e9">
      <Output>
        <ErrorInfo>
          <Message>OneTimeSetUp: System.AggregateException : Some services are not able to be constructed (Error while validating the service descriptor 'ServiceType: MediatR.IRequestHandler`2[YellowHouseStudio.LifeOrbit.Application.Family.AddAllergy.AddAllergyCommand,YellowHouseStudio.LifeOrbit.Application.Family.Common.FamilyMemberResponse] Lifetime: Transient ImplementationType: YellowHouseStudio.LifeOrbit.Application.Family.AddAllergy.AddAllergyCommandHandler': Unable to resolve service for type 'YellowHouseStudio.LifeOrbit.Application.Family.Common.IFamilyMemberRepository' while attempting to activate 'YellowHouseStudio.LifeOrbit.Application.Family.AddAllergy.AddAllergyCommandHandler'.) (Error while validating the service descriptor 'ServiceType: FluentValidation.IValidator`1[YellowHouseStudio.LifeOrbit.Application.Family.AddAllergy.AddAllergyCommand] Lifetime: Scoped ImplementationType: YellowHouseStudio.LifeOrbit.Application.Family.AddAllergy.AddAllergyCommandValidator': Unable to resolve service for type 'YellowHouseStudio.LifeOrbit.Application.Family.Common.IFamilyMemberRepository' while attempting to activate 'YellowHouseStudio.LifeOrbit.Application.Family.AddAllergy.AddAllergyCommandValidator'.) (Error while validating the service descriptor 'ServiceType: YellowHouseStudio.LifeOrbit.Application.Family.AddAllergy.AddAllergyCommandValidator Lifetime: Scoped ImplementationType: YellowHouseStudio.LifeOrbit.Application.Family.AddAllergy.AddAllergyCommandValidator': Unable to resolve service for type 'YellowHouseStudio.LifeOrbit.Application.Family.Common.IFamilyMemberRepository' while attempting to activate 'YellowHouseStudio.LifeOrbit.Application.Family.AddAllergy.AddAllergyCommandValidator'.)
  ----&gt; System.InvalidOperationException : Error while validating the service descriptor 'ServiceType: MediatR.IRequestHandler`2[YellowHouseStudio.LifeOrbit.Application.Family.AddAllergy.AddAllergyCommand,YellowHouseStudio.LifeOrbit.Application.Family.Common.FamilyMemberResponse] Lifetime: Transient ImplementationType: YellowHouseStudio.LifeOrbit.Application.Family.AddAllergy.AddAllergyCommandHandler': Unable to resolve service for type 'YellowHouseStudio.LifeOrbit.Application.Family.Common.IFamilyMemberRepository' while attempting to activate 'YellowHouseStudio.LifeOrbit.Application.Family.AddAllergy.AddAllergyCommandHandler'.
  ----&gt; System.InvalidOperationException : Error while validating the service descriptor 'ServiceType: FluentValidation.IValidator`1[YellowHouseStudio.LifeOrbit.Application.Family.AddAllergy.AddAllergyCommand] Lifetime: Scoped ImplementationType: YellowHouseStudio.LifeOrbit.Application.Family.AddAllergy.AddAllergyCommandValidator': Unable to resolve service for type 'YellowHouseStudio.LifeOrbit.Application.Family.Common.IFamilyMemberRepository' while attempting to activate 'YellowHouseStudio.LifeOrbit.Application.Family.AddAllergy.AddAllergyCommandValidator'.
  ----&gt; System.InvalidOperationException : Error while validating the service descriptor 'ServiceType: YellowHouseStudio.LifeOrbit.Application.Family.AddAllergy.AddAllergyCommandValidator Lifetime: Scoped ImplementationType: YellowHouseStudio.LifeOrbit.Application.Family.AddAllergy.AddAllergyCommandValidator': Unable to resolve service for type 'YellowHouseStudio.LifeOrbit.Application.Family.Common.IFamilyMemberRepository' while attempting to activate 'YellowHouseStudio.LifeOrbit.Application.Family.AddAllergy.AddAllergyCommandValidator'.
  ----&gt; System.InvalidOperationException : Unable to resolve service for type 'YellowHouseStudio.LifeOrbit.Application.Family.Common.IFamilyMemberRepository' while attempting to activate 'YellowHouseStudio.LifeOrbit.Application.Family.AddAllergy.AddAllergyCommandHandler'.
  ----&gt; System.InvalidOperationException : Unable to resolve service for type 'YellowHouseStudio.LifeOrbit.Application.Family.Common.IFamilyMemberRepository' while attempting to activate 'YellowHouseStudio.LifeOrbit.Application.Family.AddAllergy.AddAllergyCommandValidator'.
  ----&gt; System.InvalidOperationException : Unable to resolve service for type 'YellowHouseStudio.LifeOrbit.Application.Family.Common.IFamilyMemberRepository' while attempting to activate 'YellowHouseStudio.LifeOrbit.Application.Family.AddAllergy.AddAllergyCommandValidator'.</Message>
          <StackTrace>   at Microsoft.Extensions.DependencyInjection.ServiceProvider..ctor(ICollection`1 serviceDescriptors, ServiceProviderOptions options)
   at Microsoft.Extensions.DependencyInjection.ServiceCollectionContainerBuilderExtensions.BuildServiceProvider(IServiceCollection services, ServiceProviderOptions options)
   at Microsoft.Extensions.Hosting.HostApplicationBuilder.Build()
   at Microsoft.AspNetCore.Builder.WebApplicationBuilder.Build()
   at Program.&lt;Main&gt;$(String[] args) in /Users/johannahulten/Documents/LifeOrbit/server/YellowHouseStudio.LifeOrbit.Api/Program.cs:line 65
   at System.RuntimeMethodHandle.InvokeMethod(Object target, Void** arguments, Signature sig, Boolean isConstructor)
   at System.Reflection.MethodBaseInvoker.InvokeDirectByRefWithFewArgs(Object obj, Span`1 copyOfArgs, BindingFlags invokeAttr)
--- End of stack trace from previous location ---
   at Microsoft.Extensions.Hosting.HostFactoryResolver.HostingListener.CreateHost()
   at Microsoft.Extensions.Hosting.HostFactoryResolver.&lt;&gt;c__DisplayClass10_0.&lt;ResolveHostFactory&gt;b__0(String[] args)
   at Microsoft.AspNetCore.Mvc.Testing.DeferredHostBuilder.Build()
   at Microsoft.AspNetCore.Mvc.Testing.WebApplicationFactory`1.CreateHost(IHostBuilder builder)
   at Microsoft.AspNetCore.Mvc.Testing.WebApplicationFactory`1.DelegatedWebApplicationFactory.CreateHost(IHostBuilder builder)
   at Microsoft.AspNetCore.Mvc.Testing.WebApplicationFactory`1.ConfigureHostBuilder(IHostBuilder hostBuilder)
   at Microsoft.AspNetCore.Mvc.Testing.WebApplicationFactory`1.EnsureServer()
   at Microsoft.AspNetCore.Mvc.Testing.WebApplicationFactory`1.get_Server()
   at YellowHouseStudio.LifeOrbit.Tests.API.Infrastructure.ApiTestBase.BaseSetup() in /Users/johannahulten/Documents/LifeOrbit/server/YellowHouseStudio.LifeOrbit.Tests.API/Infrastructure/ApiTestBase.cs:line 83
   at System.RuntimeMethodHandle.InvokeMethod(Object target, Void** arguments, Signature sig, Boolean isConstructor)
   at System.Reflection.MethodBaseInvoker.InvokeWithNoArgs(Object obj, BindingFlags invokeAttr)
--InvalidOperationException
   at Microsoft.Extensions.DependencyInjection.ServiceProvider.ValidateService(ServiceDescriptor descriptor)
   at Microsoft.Extensions.DependencyInjection.ServiceProvider..ctor(ICollection`1 serviceDescriptors, ServiceProviderOptions options)
--InvalidOperationException
   at Microsoft.Extensions.DependencyInjection.ServiceProvider.ValidateService(ServiceDescriptor descriptor)
   at Microsoft.Extensions.DependencyInjection.ServiceProvider..ctor(ICollection`1 serviceDescriptors, ServiceProviderOptions options)
--InvalidOperationException
   at Microsoft.Extensions.DependencyInjection.ServiceProvider.ValidateService(ServiceDescriptor descriptor)
   at Microsoft.Extensions.DependencyInjection.ServiceProvider..ctor(ICollection`1 serviceDescriptors, ServiceProviderOptions options)
--InvalidOperationException
   at Microsoft.Extensions.DependencyInjection.ServiceLookup.CallSiteFactory.CreateArgumentCallSites(ServiceIdentifier serviceIdentifier, Type implementationType, CallSiteChain callSiteChain, ParameterInfo[] parameters, Boolean throwIfCallSiteNotFound)
   at Microsoft.Extensions.DependencyInjection.ServiceLookup.CallSiteFactory.CreateConstructorCallSite(ResultCache lifetime, ServiceIdentifier serviceIdentifier, Type implementationType, CallSiteChain callSiteChain)
   at Microsoft.Extensions.DependencyInjection.ServiceLookup.CallSiteFactory.TryCreateExact(ServiceDescriptor descriptor, ServiceIdentifier serviceIdentifier, CallSiteChain callSiteChain, Int32 slot)
   at Microsoft.Extensions.DependencyInjection.ServiceLookup.CallSiteFactory.GetCallSite(ServiceDescriptor serviceDescriptor, CallSiteChain callSiteChain)
   at Microsoft.Extensions.DependencyInjection.ServiceProvider.ValidateService(ServiceDescriptor descriptor)
--InvalidOperationException
   at Microsoft.Extensions.DependencyInjection.ServiceLookup.CallSiteFactory.CreateArgumentCallSites(ServiceIdentifier serviceIdentifier, Type implementationType, CallSiteChain callSiteChain, ParameterInfo[] parameters, Boolean throwIfCallSiteNotFound)
   at Microsoft.Extensions.DependencyInjection.ServiceLookup.CallSiteFactory.CreateConstructorCallSite(ResultCache lifetime, ServiceIdentifier serviceIdentifier, Type implementationType, CallSiteChain callSiteChain)
   at Microsoft.Extensions.DependencyInjection.ServiceLookup.CallSiteFactory.TryCreateExact(ServiceDescriptor descriptor, ServiceIdentifier serviceIdentifier, CallSiteChain callSiteChain, Int32 slot)
   at Microsoft.Extensions.DependencyInjection.ServiceLookup.CallSiteFactory.GetCallSite(ServiceDescriptor serviceDescriptor, CallSiteChain callSiteChain)
   at Microsoft.Extensions.DependencyInjection.ServiceProvider.ValidateService(ServiceDescriptor descriptor)
--InvalidOperationException
   at Microsoft.Extensions.DependencyInjection.ServiceLookup.CallSiteFactory.CreateArgumentCallSites(ServiceIdentifier serviceIdentifier, Type implementationType, CallSiteChain callSiteChain, ParameterInfo[] parameters, Boolean throwIfCallSiteNotFound)
   at Microsoft.Extensions.DependencyInjection.ServiceLookup.CallSiteFactory.CreateConstructorCallSite(ResultCache lifetime, ServiceIdentifier serviceIdentifier, Type implementationType, CallSiteChain callSiteChain)
   at Microsoft.Extensions.DependencyInjection.ServiceLookup.CallSiteFactory.TryCreateExact(ServiceDescriptor descriptor, ServiceIdentifier serviceIdentifier, CallSiteChain callSiteChain, Int32 slot)
   at Microsoft.Extensions.DependencyInjection.ServiceLookup.CallSiteFactory.GetCallSite(ServiceDescriptor serviceDescriptor, CallSiteChain callSiteChain)
   at Microsoft.Extensions.DependencyInjection.ServiceProvider.ValidateService(ServiceDescriptor descriptor)
</StackTrace>
        </ErrorInfo>
      </Output>
    </UnitTestResult>
    <UnitTestResult executionId="ca8b401c-85d7-49bd-97f8-3f5eb44dfe7b" testId="bf834fa2-f134-16d1-0b3e-298cd5900d20" testName="AddAllergy_returns_bad_request_for_empty_allergen" computerName="MacBook-Air-som-tillhor-Johanna" duration="00:00:00.1529360" startTime="2025-04-27T08:44:12.5444320+02:00" endTime="2025-04-27T08:44:12.6973660+02:00" testType="13cdc9d9-ddb5-4fa4-a97d-d965ccfc6d4b" outcome="Failed" testListId="8c84fa94-04c1-424b-9868-57a2d4851a1d" relativeResultsDirectory="ca8b401c-85d7-49bd-97f8-3f5eb44dfe7b">
      <Output>
        <ErrorInfo>
          <Message>OneTimeSetUp: System.AggregateException : Some services are not able to be constructed (Error while validating the service descriptor 'ServiceType: MediatR.IRequestHandler`2[YellowHouseStudio.LifeOrbit.Application.Family.AddAllergy.AddAllergyCommand,YellowHouseStudio.LifeOrbit.Application.Family.Common.FamilyMemberResponse] Lifetime: Transient ImplementationType: YellowHouseStudio.LifeOrbit.Application.Family.AddAllergy.AddAllergyCommandHandler': Unable to resolve service for type 'YellowHouseStudio.LifeOrbit.Application.Family.Common.IFamilyMemberRepository' while attempting to activate 'YellowHouseStudio.LifeOrbit.Application.Family.AddAllergy.AddAllergyCommandHandler'.) (Error while validating the service descriptor 'ServiceType: FluentValidation.IValidator`1[YellowHouseStudio.LifeOrbit.Application.Family.AddAllergy.AddAllergyCommand] Lifetime: Scoped ImplementationType: YellowHouseStudio.LifeOrbit.Application.Family.AddAllergy.AddAllergyCommandValidator': Unable to resolve service for type 'YellowHouseStudio.LifeOrbit.Application.Family.Common.IFamilyMemberRepository' while attempting to activate 'YellowHouseStudio.LifeOrbit.Application.Family.AddAllergy.AddAllergyCommandValidator'.) (Error while validating the service descriptor 'ServiceType: YellowHouseStudio.LifeOrbit.Application.Family.AddAllergy.AddAllergyCommandValidator Lifetime: Scoped ImplementationType: YellowHouseStudio.LifeOrbit.Application.Family.AddAllergy.AddAllergyCommandValidator': Unable to resolve service for type 'YellowHouseStudio.LifeOrbit.Application.Family.Common.IFamilyMemberRepository' while attempting to activate 'YellowHouseStudio.LifeOrbit.Application.Family.AddAllergy.AddAllergyCommandValidator'.)
  ----&gt; System.InvalidOperationException : Error while validating the service descriptor 'ServiceType: MediatR.IRequestHandler`2[YellowHouseStudio.LifeOrbit.Application.Family.AddAllergy.AddAllergyCommand,YellowHouseStudio.LifeOrbit.Application.Family.Common.FamilyMemberResponse] Lifetime: Transient ImplementationType: YellowHouseStudio.LifeOrbit.Application.Family.AddAllergy.AddAllergyCommandHandler': Unable to resolve service for type 'YellowHouseStudio.LifeOrbit.Application.Family.Common.IFamilyMemberRepository' while attempting to activate 'YellowHouseStudio.LifeOrbit.Application.Family.AddAllergy.AddAllergyCommandHandler'.
  ----&gt; System.InvalidOperationException : Error while validating the service descriptor 'ServiceType: FluentValidation.IValidator`1[YellowHouseStudio.LifeOrbit.Application.Family.AddAllergy.AddAllergyCommand] Lifetime: Scoped ImplementationType: YellowHouseStudio.LifeOrbit.Application.Family.AddAllergy.AddAllergyCommandValidator': Unable to resolve service for type 'YellowHouseStudio.LifeOrbit.Application.Family.Common.IFamilyMemberRepository' while attempting to activate 'YellowHouseStudio.LifeOrbit.Application.Family.AddAllergy.AddAllergyCommandValidator'.
  ----&gt; System.InvalidOperationException : Error while validating the service descriptor 'ServiceType: YellowHouseStudio.LifeOrbit.Application.Family.AddAllergy.AddAllergyCommandValidator Lifetime: Scoped ImplementationType: YellowHouseStudio.LifeOrbit.Application.Family.AddAllergy.AddAllergyCommandValidator': Unable to resolve service for type 'YellowHouseStudio.LifeOrbit.Application.Family.Common.IFamilyMemberRepository' while attempting to activate 'YellowHouseStudio.LifeOrbit.Application.Family.AddAllergy.AddAllergyCommandValidator'.
  ----&gt; System.InvalidOperationException : Unable to resolve service for type 'YellowHouseStudio.LifeOrbit.Application.Family.Common.IFamilyMemberRepository' while attempting to activate 'YellowHouseStudio.LifeOrbit.Application.Family.AddAllergy.AddAllergyCommandHandler'.
  ----&gt; System.InvalidOperationException : Unable to resolve service for type 'YellowHouseStudio.LifeOrbit.Application.Family.Common.IFamilyMemberRepository' while attempting to activate 'YellowHouseStudio.LifeOrbit.Application.Family.AddAllergy.AddAllergyCommandValidator'.
  ----&gt; System.InvalidOperationException : Unable to resolve service for type 'YellowHouseStudio.LifeOrbit.Application.Family.Common.IFamilyMemberRepository' while attempting to activate 'YellowHouseStudio.LifeOrbit.Application.Family.AddAllergy.AddAllergyCommandValidator'.</Message>
          <StackTrace>   at Microsoft.Extensions.DependencyInjection.ServiceProvider..ctor(ICollection`1 serviceDescriptors, ServiceProviderOptions options)
   at Microsoft.Extensions.DependencyInjection.ServiceCollectionContainerBuilderExtensions.BuildServiceProvider(IServiceCollection services, ServiceProviderOptions options)
   at Microsoft.Extensions.Hosting.HostApplicationBuilder.Build()
   at Microsoft.AspNetCore.Builder.WebApplicationBuilder.Build()
   at Program.&lt;Main&gt;$(String[] args) in /Users/johannahulten/Documents/LifeOrbit/server/YellowHouseStudio.LifeOrbit.Api/Program.cs:line 65
   at System.RuntimeMethodHandle.InvokeMethod(Object target, Void** arguments, Signature sig, Boolean isConstructor)
   at System.Reflection.MethodBaseInvoker.InvokeDirectByRefWithFewArgs(Object obj, Span`1 copyOfArgs, BindingFlags invokeAttr)
--- End of stack trace from previous location ---
   at Microsoft.Extensions.Hosting.HostFactoryResolver.HostingListener.CreateHost()
   at Microsoft.Extensions.Hosting.HostFactoryResolver.&lt;&gt;c__DisplayClass10_0.&lt;ResolveHostFactory&gt;b__0(String[] args)
   at Microsoft.AspNetCore.Mvc.Testing.DeferredHostBuilder.Build()
   at Microsoft.AspNetCore.Mvc.Testing.WebApplicationFactory`1.CreateHost(IHostBuilder builder)
   at Microsoft.AspNetCore.Mvc.Testing.WebApplicationFactory`1.DelegatedWebApplicationFactory.CreateHost(IHostBuilder builder)
   at Microsoft.AspNetCore.Mvc.Testing.WebApplicationFactory`1.ConfigureHostBuilder(IHostBuilder hostBuilder)
   at Microsoft.AspNetCore.Mvc.Testing.WebApplicationFactory`1.EnsureServer()
   at Microsoft.AspNetCore.Mvc.Testing.WebApplicationFactory`1.get_Server()
   at YellowHouseStudio.LifeOrbit.Tests.API.Infrastructure.ApiTestBase.BaseSetup() in /Users/johannahulten/Documents/LifeOrbit/server/YellowHouseStudio.LifeOrbit.Tests.API/Infrastructure/ApiTestBase.cs:line 83
   at System.RuntimeMethodHandle.InvokeMethod(Object target, Void** arguments, Signature sig, Boolean isConstructor)
   at System.Reflection.MethodBaseInvoker.InvokeWithNoArgs(Object obj, BindingFlags invokeAttr)
--InvalidOperationException
   at Microsoft.Extensions.DependencyInjection.ServiceProvider.ValidateService(ServiceDescriptor descriptor)
   at Microsoft.Extensions.DependencyInjection.ServiceProvider..ctor(ICollection`1 serviceDescriptors, ServiceProviderOptions options)
--InvalidOperationException
   at Microsoft.Extensions.DependencyInjection.ServiceProvider.ValidateService(ServiceDescriptor descriptor)
   at Microsoft.Extensions.DependencyInjection.ServiceProvider..ctor(ICollection`1 serviceDescriptors, ServiceProviderOptions options)
--InvalidOperationException
   at Microsoft.Extensions.DependencyInjection.ServiceProvider.ValidateService(ServiceDescriptor descriptor)
   at Microsoft.Extensions.DependencyInjection.ServiceProvider..ctor(ICollection`1 serviceDescriptors, ServiceProviderOptions options)
--InvalidOperationException
   at Microsoft.Extensions.DependencyInjection.ServiceLookup.CallSiteFactory.CreateArgumentCallSites(ServiceIdentifier serviceIdentifier, Type implementationType, CallSiteChain callSiteChain, ParameterInfo[] parameters, Boolean throwIfCallSiteNotFound)
   at Microsoft.Extensions.DependencyInjection.ServiceLookup.CallSiteFactory.CreateConstructorCallSite(ResultCache lifetime, ServiceIdentifier serviceIdentifier, Type implementationType, CallSiteChain callSiteChain)
   at Microsoft.Extensions.DependencyInjection.ServiceLookup.CallSiteFactory.TryCreateExact(ServiceDescriptor descriptor, ServiceIdentifier serviceIdentifier, CallSiteChain callSiteChain, Int32 slot)
   at Microsoft.Extensions.DependencyInjection.ServiceLookup.CallSiteFactory.GetCallSite(ServiceDescriptor serviceDescriptor, CallSiteChain callSiteChain)
   at Microsoft.Extensions.DependencyInjection.ServiceProvider.ValidateService(ServiceDescriptor descriptor)
--InvalidOperationException
   at Microsoft.Extensions.DependencyInjection.ServiceLookup.CallSiteFactory.CreateArgumentCallSites(ServiceIdentifier serviceIdentifier, Type implementationType, CallSiteChain callSiteChain, ParameterInfo[] parameters, Boolean throwIfCallSiteNotFound)
   at Microsoft.Extensions.DependencyInjection.ServiceLookup.CallSiteFactory.CreateConstructorCallSite(ResultCache lifetime, ServiceIdentifier serviceIdentifier, Type implementationType, CallSiteChain callSiteChain)
   at Microsoft.Extensions.DependencyInjection.ServiceLookup.CallSiteFactory.TryCreateExact(ServiceDescriptor descriptor, ServiceIdentifier serviceIdentifier, CallSiteChain callSiteChain, Int32 slot)
   at Microsoft.Extensions.DependencyInjection.ServiceLookup.CallSiteFactory.GetCallSite(ServiceDescriptor serviceDescriptor, CallSiteChain callSiteChain)
   at Microsoft.Extensions.DependencyInjection.ServiceProvider.ValidateService(ServiceDescriptor descriptor)
--InvalidOperationException
   at Microsoft.Extensions.DependencyInjection.ServiceLookup.CallSiteFactory.CreateArgumentCallSites(ServiceIdentifier serviceIdentifier, Type implementationType, CallSiteChain callSiteChain, ParameterInfo[] parameters, Boolean throwIfCallSiteNotFound)
   at Microsoft.Extensions.DependencyInjection.ServiceLookup.CallSiteFactory.CreateConstructorCallSite(ResultCache lifetime, ServiceIdentifier serviceIdentifier, Type implementationType, CallSiteChain callSiteChain)
   at Microsoft.Extensions.DependencyInjection.ServiceLookup.CallSiteFactory.TryCreateExact(ServiceDescriptor descriptor, ServiceIdentifier serviceIdentifier, CallSiteChain callSiteChain, Int32 slot)
   at Microsoft.Extensions.DependencyInjection.ServiceLookup.CallSiteFactory.GetCallSite(ServiceDescriptor serviceDescriptor, CallSiteChain callSiteChain)
   at Microsoft.Extensions.DependencyInjection.ServiceProvider.ValidateService(ServiceDescriptor descriptor)
</StackTrace>
        </ErrorInfo>
      </Output>
    </UnitTestResult>
    <UnitTestResult executionId="db0ba90b-9c25-4c36-8456-536a3ea751fa" testId="0feaf4b7-4c8e-6c50-931d-bb880377ce8c" testName="RemoveAllergy_returns_not_found_for_non_existent_member" computerName="MacBook-Air-som-tillhor-Johanna" duration="00:00:00.1529390" startTime="2025-04-27T08:44:12.5444320+02:00" endTime="2025-04-27T08:44:12.6973690+02:00" testType="13cdc9d9-ddb5-4fa4-a97d-d965ccfc6d4b" outcome="Failed" testListId="8c84fa94-04c1-424b-9868-57a2d4851a1d" relativeResultsDirectory="db0ba90b-9c25-4c36-8456-536a3ea751fa">
      <Output>
        <ErrorInfo>
          <Message>OneTimeSetUp: System.AggregateException : Some services are not able to be constructed (Error while validating the service descriptor 'ServiceType: MediatR.IRequestHandler`2[YellowHouseStudio.LifeOrbit.Application.Family.AddAllergy.AddAllergyCommand,YellowHouseStudio.LifeOrbit.Application.Family.Common.FamilyMemberResponse] Lifetime: Transient ImplementationType: YellowHouseStudio.LifeOrbit.Application.Family.AddAllergy.AddAllergyCommandHandler': Unable to resolve service for type 'YellowHouseStudio.LifeOrbit.Application.Family.Common.IFamilyMemberRepository' while attempting to activate 'YellowHouseStudio.LifeOrbit.Application.Family.AddAllergy.AddAllergyCommandHandler'.) (Error while validating the service descriptor 'ServiceType: FluentValidation.IValidator`1[YellowHouseStudio.LifeOrbit.Application.Family.AddAllergy.AddAllergyCommand] Lifetime: Scoped ImplementationType: YellowHouseStudio.LifeOrbit.Application.Family.AddAllergy.AddAllergyCommandValidator': Unable to resolve service for type 'YellowHouseStudio.LifeOrbit.Application.Family.Common.IFamilyMemberRepository' while attempting to activate 'YellowHouseStudio.LifeOrbit.Application.Family.AddAllergy.AddAllergyCommandValidator'.) (Error while validating the service descriptor 'ServiceType: YellowHouseStudio.LifeOrbit.Application.Family.AddAllergy.AddAllergyCommandValidator Lifetime: Scoped ImplementationType: YellowHouseStudio.LifeOrbit.Application.Family.AddAllergy.AddAllergyCommandValidator': Unable to resolve service for type 'YellowHouseStudio.LifeOrbit.Application.Family.Common.IFamilyMemberRepository' while attempting to activate 'YellowHouseStudio.LifeOrbit.Application.Family.AddAllergy.AddAllergyCommandValidator'.)
  ----&gt; System.InvalidOperationException : Error while validating the service descriptor 'ServiceType: MediatR.IRequestHandler`2[YellowHouseStudio.LifeOrbit.Application.Family.AddAllergy.AddAllergyCommand,YellowHouseStudio.LifeOrbit.Application.Family.Common.FamilyMemberResponse] Lifetime: Transient ImplementationType: YellowHouseStudio.LifeOrbit.Application.Family.AddAllergy.AddAllergyCommandHandler': Unable to resolve service for type 'YellowHouseStudio.LifeOrbit.Application.Family.Common.IFamilyMemberRepository' while attempting to activate 'YellowHouseStudio.LifeOrbit.Application.Family.AddAllergy.AddAllergyCommandHandler'.
  ----&gt; System.InvalidOperationException : Error while validating the service descriptor 'ServiceType: FluentValidation.IValidator`1[YellowHouseStudio.LifeOrbit.Application.Family.AddAllergy.AddAllergyCommand] Lifetime: Scoped ImplementationType: YellowHouseStudio.LifeOrbit.Application.Family.AddAllergy.AddAllergyCommandValidator': Unable to resolve service for type 'YellowHouseStudio.LifeOrbit.Application.Family.Common.IFamilyMemberRepository' while attempting to activate 'YellowHouseStudio.LifeOrbit.Application.Family.AddAllergy.AddAllergyCommandValidator'.
  ----&gt; System.InvalidOperationException : Error while validating the service descriptor 'ServiceType: YellowHouseStudio.LifeOrbit.Application.Family.AddAllergy.AddAllergyCommandValidator Lifetime: Scoped ImplementationType: YellowHouseStudio.LifeOrbit.Application.Family.AddAllergy.AddAllergyCommandValidator': Unable to resolve service for type 'YellowHouseStudio.LifeOrbit.Application.Family.Common.IFamilyMemberRepository' while attempting to activate 'YellowHouseStudio.LifeOrbit.Application.Family.AddAllergy.AddAllergyCommandValidator'.
  ----&gt; System.InvalidOperationException : Unable to resolve service for type 'YellowHouseStudio.LifeOrbit.Application.Family.Common.IFamilyMemberRepository' while attempting to activate 'YellowHouseStudio.LifeOrbit.Application.Family.AddAllergy.AddAllergyCommandHandler'.
  ----&gt; System.InvalidOperationException : Unable to resolve service for type 'YellowHouseStudio.LifeOrbit.Application.Family.Common.IFamilyMemberRepository' while attempting to activate 'YellowHouseStudio.LifeOrbit.Application.Family.AddAllergy.AddAllergyCommandValidator'.
  ----&gt; System.InvalidOperationException : Unable to resolve service for type 'YellowHouseStudio.LifeOrbit.Application.Family.Common.IFamilyMemberRepository' while attempting to activate 'YellowHouseStudio.LifeOrbit.Application.Family.AddAllergy.AddAllergyCommandValidator'.</Message>
          <StackTrace>   at Microsoft.Extensions.DependencyInjection.ServiceProvider..ctor(ICollection`1 serviceDescriptors, ServiceProviderOptions options)
   at Microsoft.Extensions.DependencyInjection.ServiceCollectionContainerBuilderExtensions.BuildServiceProvider(IServiceCollection services, ServiceProviderOptions options)
   at Microsoft.Extensions.Hosting.HostApplicationBuilder.Build()
   at Microsoft.AspNetCore.Builder.WebApplicationBuilder.Build()
   at Program.&lt;Main&gt;$(String[] args) in /Users/johannahulten/Documents/LifeOrbit/server/YellowHouseStudio.LifeOrbit.Api/Program.cs:line 65
   at System.RuntimeMethodHandle.InvokeMethod(Object target, Void** arguments, Signature sig, Boolean isConstructor)
   at System.Reflection.MethodBaseInvoker.InvokeDirectByRefWithFewArgs(Object obj, Span`1 copyOfArgs, BindingFlags invokeAttr)
--- End of stack trace from previous location ---
   at Microsoft.Extensions.Hosting.HostFactoryResolver.HostingListener.CreateHost()
   at Microsoft.Extensions.Hosting.HostFactoryResolver.&lt;&gt;c__DisplayClass10_0.&lt;ResolveHostFactory&gt;b__0(String[] args)
   at Microsoft.AspNetCore.Mvc.Testing.DeferredHostBuilder.Build()
   at Microsoft.AspNetCore.Mvc.Testing.WebApplicationFactory`1.CreateHost(IHostBuilder builder)
   at Microsoft.AspNetCore.Mvc.Testing.WebApplicationFactory`1.DelegatedWebApplicationFactory.CreateHost(IHostBuilder builder)
   at Microsoft.AspNetCore.Mvc.Testing.WebApplicationFactory`1.ConfigureHostBuilder(IHostBuilder hostBuilder)
   at Microsoft.AspNetCore.Mvc.Testing.WebApplicationFactory`1.EnsureServer()
   at Microsoft.AspNetCore.Mvc.Testing.WebApplicationFactory`1.get_Server()
   at YellowHouseStudio.LifeOrbit.Tests.API.Infrastructure.ApiTestBase.BaseSetup() in /Users/johannahulten/Documents/LifeOrbit/server/YellowHouseStudio.LifeOrbit.Tests.API/Infrastructure/ApiTestBase.cs:line 83
   at System.RuntimeMethodHandle.InvokeMethod(Object target, Void** arguments, Signature sig, Boolean isConstructor)
   at System.Reflection.MethodBaseInvoker.InvokeWithNoArgs(Object obj, BindingFlags invokeAttr)
--InvalidOperationException
   at Microsoft.Extensions.DependencyInjection.ServiceProvider.ValidateService(ServiceDescriptor descriptor)
   at Microsoft.Extensions.DependencyInjection.ServiceProvider..ctor(ICollection`1 serviceDescriptors, ServiceProviderOptions options)
--InvalidOperationException
   at Microsoft.Extensions.DependencyInjection.ServiceProvider.ValidateService(ServiceDescriptor descriptor)
   at Microsoft.Extensions.DependencyInjection.ServiceProvider..ctor(ICollection`1 serviceDescriptors, ServiceProviderOptions options)
--InvalidOperationException
   at Microsoft.Extensions.DependencyInjection.ServiceProvider.ValidateService(ServiceDescriptor descriptor)
   at Microsoft.Extensions.DependencyInjection.ServiceProvider..ctor(ICollection`1 serviceDescriptors, ServiceProviderOptions options)
--InvalidOperationException
   at Microsoft.Extensions.DependencyInjection.ServiceLookup.CallSiteFactory.CreateArgumentCallSites(ServiceIdentifier serviceIdentifier, Type implementationType, CallSiteChain callSiteChain, ParameterInfo[] parameters, Boolean throwIfCallSiteNotFound)
   at Microsoft.Extensions.DependencyInjection.ServiceLookup.CallSiteFactory.CreateConstructorCallSite(ResultCache lifetime, ServiceIdentifier serviceIdentifier, Type implementationType, CallSiteChain callSiteChain)
   at Microsoft.Extensions.DependencyInjection.ServiceLookup.CallSiteFactory.TryCreateExact(ServiceDescriptor descriptor, ServiceIdentifier serviceIdentifier, CallSiteChain callSiteChain, Int32 slot)
   at Microsoft.Extensions.DependencyInjection.ServiceLookup.CallSiteFactory.GetCallSite(ServiceDescriptor serviceDescriptor, CallSiteChain callSiteChain)
   at Microsoft.Extensions.DependencyInjection.ServiceProvider.ValidateService(ServiceDescriptor descriptor)
--InvalidOperationException
   at Microsoft.Extensions.DependencyInjection.ServiceLookup.CallSiteFactory.CreateArgumentCallSites(ServiceIdentifier serviceIdentifier, Type implementationType, CallSiteChain callSiteChain, ParameterInfo[] parameters, Boolean throwIfCallSiteNotFound)
   at Microsoft.Extensions.DependencyInjection.ServiceLookup.CallSiteFactory.CreateConstructorCallSite(ResultCache lifetime, ServiceIdentifier serviceIdentifier, Type implementationType, CallSiteChain callSiteChain)
   at Microsoft.Extensions.DependencyInjection.ServiceLookup.CallSiteFactory.TryCreateExact(ServiceDescriptor descriptor, ServiceIdentifier serviceIdentifier, CallSiteChain callSiteChain, Int32 slot)
   at Microsoft.Extensions.DependencyInjection.ServiceLookup.CallSiteFactory.GetCallSite(ServiceDescriptor serviceDescriptor, CallSiteChain callSiteChain)
   at Microsoft.Extensions.DependencyInjection.ServiceProvider.ValidateService(ServiceDescriptor descriptor)
--InvalidOperationException
   at Microsoft.Extensions.DependencyInjection.ServiceLookup.CallSiteFactory.CreateArgumentCallSites(ServiceIdentifier serviceIdentifier, Type implementationType, CallSiteChain callSiteChain, ParameterInfo[] parameters, Boolean throwIfCallSiteNotFound)
   at Microsoft.Extensions.DependencyInjection.ServiceLookup.CallSiteFactory.CreateConstructorCallSite(ResultCache lifetime, ServiceIdentifier serviceIdentifier, Type implementationType, CallSiteChain callSiteChain)
   at Microsoft.Extensions.DependencyInjection.ServiceLookup.CallSiteFactory.TryCreateExact(ServiceDescriptor descriptor, ServiceIdentifier serviceIdentifier, CallSiteChain callSiteChain, Int32 slot)
   at Microsoft.Extensions.DependencyInjection.ServiceLookup.CallSiteFactory.GetCallSite(ServiceDescriptor serviceDescriptor, CallSiteChain callSiteChain)
   at Microsoft.Extensions.DependencyInjection.ServiceProvider.ValidateService(ServiceDescriptor descriptor)
</StackTrace>
        </ErrorInfo>
      </Output>
    </UnitTestResult>
    <UnitTestResult executionId="e3a2aefe-cfc1-4283-841e-08eab9f9f8ff" testId="2c06e374-508c-42c5-957b-65618a2dd458" testName="RemoveAllergy_removes_allergy_from_family_member" computerName="MacBook-Air-som-tillhor-Johanna" duration="00:00:00.1529390" startTime="2025-04-27T08:44:12.5444320+02:00" endTime="2025-04-27T08:44:12.6973680+02:00" testType="13cdc9d9-ddb5-4fa4-a97d-d965ccfc6d4b" outcome="Failed" testListId="8c84fa94-04c1-424b-9868-57a2d4851a1d" relativeResultsDirectory="e3a2aefe-cfc1-4283-841e-08eab9f9f8ff">
      <Output>
        <ErrorInfo>
          <Message>OneTimeSetUp: System.AggregateException : Some services are not able to be constructed (Error while validating the service descriptor 'ServiceType: MediatR.IRequestHandler`2[YellowHouseStudio.LifeOrbit.Application.Family.AddAllergy.AddAllergyCommand,YellowHouseStudio.LifeOrbit.Application.Family.Common.FamilyMemberResponse] Lifetime: Transient ImplementationType: YellowHouseStudio.LifeOrbit.Application.Family.AddAllergy.AddAllergyCommandHandler': Unable to resolve service for type 'YellowHouseStudio.LifeOrbit.Application.Family.Common.IFamilyMemberRepository' while attempting to activate 'YellowHouseStudio.LifeOrbit.Application.Family.AddAllergy.AddAllergyCommandHandler'.) (Error while validating the service descriptor 'ServiceType: FluentValidation.IValidator`1[YellowHouseStudio.LifeOrbit.Application.Family.AddAllergy.AddAllergyCommand] Lifetime: Scoped ImplementationType: YellowHouseStudio.LifeOrbit.Application.Family.AddAllergy.AddAllergyCommandValidator': Unable to resolve service for type 'YellowHouseStudio.LifeOrbit.Application.Family.Common.IFamilyMemberRepository' while attempting to activate 'YellowHouseStudio.LifeOrbit.Application.Family.AddAllergy.AddAllergyCommandValidator'.) (Error while validating the service descriptor 'ServiceType: YellowHouseStudio.LifeOrbit.Application.Family.AddAllergy.AddAllergyCommandValidator Lifetime: Scoped ImplementationType: YellowHouseStudio.LifeOrbit.Application.Family.AddAllergy.AddAllergyCommandValidator': Unable to resolve service for type 'YellowHouseStudio.LifeOrbit.Application.Family.Common.IFamilyMemberRepository' while attempting to activate 'YellowHouseStudio.LifeOrbit.Application.Family.AddAllergy.AddAllergyCommandValidator'.)
  ----&gt; System.InvalidOperationException : Error while validating the service descriptor 'ServiceType: MediatR.IRequestHandler`2[YellowHouseStudio.LifeOrbit.Application.Family.AddAllergy.AddAllergyCommand,YellowHouseStudio.LifeOrbit.Application.Family.Common.FamilyMemberResponse] Lifetime: Transient ImplementationType: YellowHouseStudio.LifeOrbit.Application.Family.AddAllergy.AddAllergyCommandHandler': Unable to resolve service for type 'YellowHouseStudio.LifeOrbit.Application.Family.Common.IFamilyMemberRepository' while attempting to activate 'YellowHouseStudio.LifeOrbit.Application.Family.AddAllergy.AddAllergyCommandHandler'.
  ----&gt; System.InvalidOperationException : Error while validating the service descriptor 'ServiceType: FluentValidation.IValidator`1[YellowHouseStudio.LifeOrbit.Application.Family.AddAllergy.AddAllergyCommand] Lifetime: Scoped ImplementationType: YellowHouseStudio.LifeOrbit.Application.Family.AddAllergy.AddAllergyCommandValidator': Unable to resolve service for type 'YellowHouseStudio.LifeOrbit.Application.Family.Common.IFamilyMemberRepository' while attempting to activate 'YellowHouseStudio.LifeOrbit.Application.Family.AddAllergy.AddAllergyCommandValidator'.
  ----&gt; System.InvalidOperationException : Error while validating the service descriptor 'ServiceType: YellowHouseStudio.LifeOrbit.Application.Family.AddAllergy.AddAllergyCommandValidator Lifetime: Scoped ImplementationType: YellowHouseStudio.LifeOrbit.Application.Family.AddAllergy.AddAllergyCommandValidator': Unable to resolve service for type 'YellowHouseStudio.LifeOrbit.Application.Family.Common.IFamilyMemberRepository' while attempting to activate 'YellowHouseStudio.LifeOrbit.Application.Family.AddAllergy.AddAllergyCommandValidator'.
  ----&gt; System.InvalidOperationException : Unable to resolve service for type 'YellowHouseStudio.LifeOrbit.Application.Family.Common.IFamilyMemberRepository' while attempting to activate 'YellowHouseStudio.LifeOrbit.Application.Family.AddAllergy.AddAllergyCommandHandler'.
  ----&gt; System.InvalidOperationException : Unable to resolve service for type 'YellowHouseStudio.LifeOrbit.Application.Family.Common.IFamilyMemberRepository' while attempting to activate 'YellowHouseStudio.LifeOrbit.Application.Family.AddAllergy.AddAllergyCommandValidator'.
  ----&gt; System.InvalidOperationException : Unable to resolve service for type 'YellowHouseStudio.LifeOrbit.Application.Family.Common.IFamilyMemberRepository' while attempting to activate 'YellowHouseStudio.LifeOrbit.Application.Family.AddAllergy.AddAllergyCommandValidator'.</Message>
          <StackTrace>   at Microsoft.Extensions.DependencyInjection.ServiceProvider..ctor(ICollection`1 serviceDescriptors, ServiceProviderOptions options)
   at Microsoft.Extensions.DependencyInjection.ServiceCollectionContainerBuilderExtensions.BuildServiceProvider(IServiceCollection services, ServiceProviderOptions options)
   at Microsoft.Extensions.Hosting.HostApplicationBuilder.Build()
   at Microsoft.AspNetCore.Builder.WebApplicationBuilder.Build()
   at Program.&lt;Main&gt;$(String[] args) in /Users/johannahulten/Documents/LifeOrbit/server/YellowHouseStudio.LifeOrbit.Api/Program.cs:line 65
   at System.RuntimeMethodHandle.InvokeMethod(Object target, Void** arguments, Signature sig, Boolean isConstructor)
   at System.Reflection.MethodBaseInvoker.InvokeDirectByRefWithFewArgs(Object obj, Span`1 copyOfArgs, BindingFlags invokeAttr)
--- End of stack trace from previous location ---
   at Microsoft.Extensions.Hosting.HostFactoryResolver.HostingListener.CreateHost()
   at Microsoft.Extensions.Hosting.HostFactoryResolver.&lt;&gt;c__DisplayClass10_0.&lt;ResolveHostFactory&gt;b__0(String[] args)
   at Microsoft.AspNetCore.Mvc.Testing.DeferredHostBuilder.Build()
   at Microsoft.AspNetCore.Mvc.Testing.WebApplicationFactory`1.CreateHost(IHostBuilder builder)
   at Microsoft.AspNetCore.Mvc.Testing.WebApplicationFactory`1.DelegatedWebApplicationFactory.CreateHost(IHostBuilder builder)
   at Microsoft.AspNetCore.Mvc.Testing.WebApplicationFactory`1.ConfigureHostBuilder(IHostBuilder hostBuilder)
   at Microsoft.AspNetCore.Mvc.Testing.WebApplicationFactory`1.EnsureServer()
   at Microsoft.AspNetCore.Mvc.Testing.WebApplicationFactory`1.get_Server()
   at YellowHouseStudio.LifeOrbit.Tests.API.Infrastructure.ApiTestBase.BaseSetup() in /Users/johannahulten/Documents/LifeOrbit/server/YellowHouseStudio.LifeOrbit.Tests.API/Infrastructure/ApiTestBase.cs:line 83
   at System.RuntimeMethodHandle.InvokeMethod(Object target, Void** arguments, Signature sig, Boolean isConstructor)
   at System.Reflection.MethodBaseInvoker.InvokeWithNoArgs(Object obj, BindingFlags invokeAttr)
--InvalidOperationException
   at Microsoft.Extensions.DependencyInjection.ServiceProvider.ValidateService(ServiceDescriptor descriptor)
   at Microsoft.Extensions.DependencyInjection.ServiceProvider..ctor(ICollection`1 serviceDescriptors, ServiceProviderOptions options)
--InvalidOperationException
   at Microsoft.Extensions.DependencyInjection.ServiceProvider.ValidateService(ServiceDescriptor descriptor)
   at Microsoft.Extensions.DependencyInjection.ServiceProvider..ctor(ICollection`1 serviceDescriptors, ServiceProviderOptions options)
--InvalidOperationException
   at Microsoft.Extensions.DependencyInjection.ServiceProvider.ValidateService(ServiceDescriptor descriptor)
   at Microsoft.Extensions.DependencyInjection.ServiceProvider..ctor(ICollection`1 serviceDescriptors, ServiceProviderOptions options)
--InvalidOperationException
   at Microsoft.Extensions.DependencyInjection.ServiceLookup.CallSiteFactory.CreateArgumentCallSites(ServiceIdentifier serviceIdentifier, Type implementationType, CallSiteChain callSiteChain, ParameterInfo[] parameters, Boolean throwIfCallSiteNotFound)
   at Microsoft.Extensions.DependencyInjection.ServiceLookup.CallSiteFactory.CreateConstructorCallSite(ResultCache lifetime, ServiceIdentifier serviceIdentifier, Type implementationType, CallSiteChain callSiteChain)
   at Microsoft.Extensions.DependencyInjection.ServiceLookup.CallSiteFactory.TryCreateExact(ServiceDescriptor descriptor, ServiceIdentifier serviceIdentifier, CallSiteChain callSiteChain, Int32 slot)
   at Microsoft.Extensions.DependencyInjection.ServiceLookup.CallSiteFactory.GetCallSite(ServiceDescriptor serviceDescriptor, CallSiteChain callSiteChain)
   at Microsoft.Extensions.DependencyInjection.ServiceProvider.ValidateService(ServiceDescriptor descriptor)
--InvalidOperationException
   at Microsoft.Extensions.DependencyInjection.ServiceLookup.CallSiteFactory.CreateArgumentCallSites(ServiceIdentifier serviceIdentifier, Type implementationType, CallSiteChain callSiteChain, ParameterInfo[] parameters, Boolean throwIfCallSiteNotFound)
   at Microsoft.Extensions.DependencyInjection.ServiceLookup.CallSiteFactory.CreateConstructorCallSite(ResultCache lifetime, ServiceIdentifier serviceIdentifier, Type implementationType, CallSiteChain callSiteChain)
   at Microsoft.Extensions.DependencyInjection.ServiceLookup.CallSiteFactory.TryCreateExact(ServiceDescriptor descriptor, ServiceIdentifier serviceIdentifier, CallSiteChain callSiteChain, Int32 slot)
   at Microsoft.Extensions.DependencyInjection.ServiceLookup.CallSiteFactory.GetCallSite(ServiceDescriptor serviceDescriptor, CallSiteChain callSiteChain)
   at Microsoft.Extensions.DependencyInjection.ServiceProvider.ValidateService(ServiceDescriptor descriptor)
--InvalidOperationException
   at Microsoft.Extensions.DependencyInjection.ServiceLookup.CallSiteFactory.CreateArgumentCallSites(ServiceIdentifier serviceIdentifier, Type implementationType, CallSiteChain callSiteChain, ParameterInfo[] parameters, Boolean throwIfCallSiteNotFound)
   at Microsoft.Extensions.DependencyInjection.ServiceLookup.CallSiteFactory.CreateConstructorCallSite(ResultCache lifetime, ServiceIdentifier serviceIdentifier, Type implementationType, CallSiteChain callSiteChain)
   at Microsoft.Extensions.DependencyInjection.ServiceLookup.CallSiteFactory.TryCreateExact(ServiceDescriptor descriptor, ServiceIdentifier serviceIdentifier, CallSiteChain callSiteChain, Int32 slot)
   at Microsoft.Extensions.DependencyInjection.ServiceLookup.CallSiteFactory.GetCallSite(ServiceDescriptor serviceDescriptor, CallSiteChain callSiteChain)
   at Microsoft.Extensions.DependencyInjection.ServiceProvider.ValidateService(ServiceDescriptor descriptor)
</StackTrace>
        </ErrorInfo>
      </Output>
    </UnitTestResult>
    <UnitTestResult executionId="6bb6deae-8f08-486d-88bf-f6082d70f8e8" testId="a8a42d43-4d37-9324-db67-d2d58a84f616" testName="RemoveAllergy_handles_url_encoded_allergen_names" computerName="MacBook-Air-som-tillhor-Johanna" duration="00:00:00.1529380" startTime="2025-04-27T08:44:12.5444320+02:00" endTime="2025-04-27T08:44:12.6973680+02:00" testType="13cdc9d9-ddb5-4fa4-a97d-d965ccfc6d4b" outcome="Failed" testListId="8c84fa94-04c1-424b-9868-57a2d4851a1d" relativeResultsDirectory="6bb6deae-8f08-486d-88bf-f6082d70f8e8">
      <Output>
        <ErrorInfo>
          <Message>OneTimeSetUp: System.AggregateException : Some services are not able to be constructed (Error while validating the service descriptor 'ServiceType: MediatR.IRequestHandler`2[YellowHouseStudio.LifeOrbit.Application.Family.AddAllergy.AddAllergyCommand,YellowHouseStudio.LifeOrbit.Application.Family.Common.FamilyMemberResponse] Lifetime: Transient ImplementationType: YellowHouseStudio.LifeOrbit.Application.Family.AddAllergy.AddAllergyCommandHandler': Unable to resolve service for type 'YellowHouseStudio.LifeOrbit.Application.Family.Common.IFamilyMemberRepository' while attempting to activate 'YellowHouseStudio.LifeOrbit.Application.Family.AddAllergy.AddAllergyCommandHandler'.) (Error while validating the service descriptor 'ServiceType: FluentValidation.IValidator`1[YellowHouseStudio.LifeOrbit.Application.Family.AddAllergy.AddAllergyCommand] Lifetime: Scoped ImplementationType: YellowHouseStudio.LifeOrbit.Application.Family.AddAllergy.AddAllergyCommandValidator': Unable to resolve service for type 'YellowHouseStudio.LifeOrbit.Application.Family.Common.IFamilyMemberRepository' while attempting to activate 'YellowHouseStudio.LifeOrbit.Application.Family.AddAllergy.AddAllergyCommandValidator'.) (Error while validating the service descriptor 'ServiceType: YellowHouseStudio.LifeOrbit.Application.Family.AddAllergy.AddAllergyCommandValidator Lifetime: Scoped ImplementationType: YellowHouseStudio.LifeOrbit.Application.Family.AddAllergy.AddAllergyCommandValidator': Unable to resolve service for type 'YellowHouseStudio.LifeOrbit.Application.Family.Common.IFamilyMemberRepository' while attempting to activate 'YellowHouseStudio.LifeOrbit.Application.Family.AddAllergy.AddAllergyCommandValidator'.)
  ----&gt; System.InvalidOperationException : Error while validating the service descriptor 'ServiceType: MediatR.IRequestHandler`2[YellowHouseStudio.LifeOrbit.Application.Family.AddAllergy.AddAllergyCommand,YellowHouseStudio.LifeOrbit.Application.Family.Common.FamilyMemberResponse] Lifetime: Transient ImplementationType: YellowHouseStudio.LifeOrbit.Application.Family.AddAllergy.AddAllergyCommandHandler': Unable to resolve service for type 'YellowHouseStudio.LifeOrbit.Application.Family.Common.IFamilyMemberRepository' while attempting to activate 'YellowHouseStudio.LifeOrbit.Application.Family.AddAllergy.AddAllergyCommandHandler'.
  ----&gt; System.InvalidOperationException : Error while validating the service descriptor 'ServiceType: FluentValidation.IValidator`1[YellowHouseStudio.LifeOrbit.Application.Family.AddAllergy.AddAllergyCommand] Lifetime: Scoped ImplementationType: YellowHouseStudio.LifeOrbit.Application.Family.AddAllergy.AddAllergyCommandValidator': Unable to resolve service for type 'YellowHouseStudio.LifeOrbit.Application.Family.Common.IFamilyMemberRepository' while attempting to activate 'YellowHouseStudio.LifeOrbit.Application.Family.AddAllergy.AddAllergyCommandValidator'.
  ----&gt; System.InvalidOperationException : Error while validating the service descriptor 'ServiceType: YellowHouseStudio.LifeOrbit.Application.Family.AddAllergy.AddAllergyCommandValidator Lifetime: Scoped ImplementationType: YellowHouseStudio.LifeOrbit.Application.Family.AddAllergy.AddAllergyCommandValidator': Unable to resolve service for type 'YellowHouseStudio.LifeOrbit.Application.Family.Common.IFamilyMemberRepository' while attempting to activate 'YellowHouseStudio.LifeOrbit.Application.Family.AddAllergy.AddAllergyCommandValidator'.
  ----&gt; System.InvalidOperationException : Unable to resolve service for type 'YellowHouseStudio.LifeOrbit.Application.Family.Common.IFamilyMemberRepository' while attempting to activate 'YellowHouseStudio.LifeOrbit.Application.Family.AddAllergy.AddAllergyCommandHandler'.
  ----&gt; System.InvalidOperationException : Unable to resolve service for type 'YellowHouseStudio.LifeOrbit.Application.Family.Common.IFamilyMemberRepository' while attempting to activate 'YellowHouseStudio.LifeOrbit.Application.Family.AddAllergy.AddAllergyCommandValidator'.
  ----&gt; System.InvalidOperationException : Unable to resolve service for type 'YellowHouseStudio.LifeOrbit.Application.Family.Common.IFamilyMemberRepository' while attempting to activate 'YellowHouseStudio.LifeOrbit.Application.Family.AddAllergy.AddAllergyCommandValidator'.</Message>
          <StackTrace>   at Microsoft.Extensions.DependencyInjection.ServiceProvider..ctor(ICollection`1 serviceDescriptors, ServiceProviderOptions options)
   at Microsoft.Extensions.DependencyInjection.ServiceCollectionContainerBuilderExtensions.BuildServiceProvider(IServiceCollection services, ServiceProviderOptions options)
   at Microsoft.Extensions.Hosting.HostApplicationBuilder.Build()
   at Microsoft.AspNetCore.Builder.WebApplicationBuilder.Build()
   at Program.&lt;Main&gt;$(String[] args) in /Users/johannahulten/Documents/LifeOrbit/server/YellowHouseStudio.LifeOrbit.Api/Program.cs:line 65
   at System.RuntimeMethodHandle.InvokeMethod(Object target, Void** arguments, Signature sig, Boolean isConstructor)
   at System.Reflection.MethodBaseInvoker.InvokeDirectByRefWithFewArgs(Object obj, Span`1 copyOfArgs, BindingFlags invokeAttr)
--- End of stack trace from previous location ---
   at Microsoft.Extensions.Hosting.HostFactoryResolver.HostingListener.CreateHost()
   at Microsoft.Extensions.Hosting.HostFactoryResolver.&lt;&gt;c__DisplayClass10_0.&lt;ResolveHostFactory&gt;b__0(String[] args)
   at Microsoft.AspNetCore.Mvc.Testing.DeferredHostBuilder.Build()
   at Microsoft.AspNetCore.Mvc.Testing.WebApplicationFactory`1.CreateHost(IHostBuilder builder)
   at Microsoft.AspNetCore.Mvc.Testing.WebApplicationFactory`1.DelegatedWebApplicationFactory.CreateHost(IHostBuilder builder)
   at Microsoft.AspNetCore.Mvc.Testing.WebApplicationFactory`1.ConfigureHostBuilder(IHostBuilder hostBuilder)
   at Microsoft.AspNetCore.Mvc.Testing.WebApplicationFactory`1.EnsureServer()
   at Microsoft.AspNetCore.Mvc.Testing.WebApplicationFactory`1.get_Server()
   at YellowHouseStudio.LifeOrbit.Tests.API.Infrastructure.ApiTestBase.BaseSetup() in /Users/johannahulten/Documents/LifeOrbit/server/YellowHouseStudio.LifeOrbit.Tests.API/Infrastructure/ApiTestBase.cs:line 83
   at System.RuntimeMethodHandle.InvokeMethod(Object target, Void** arguments, Signature sig, Boolean isConstructor)
   at System.Reflection.MethodBaseInvoker.InvokeWithNoArgs(Object obj, BindingFlags invokeAttr)
--InvalidOperationException
   at Microsoft.Extensions.DependencyInjection.ServiceProvider.ValidateService(ServiceDescriptor descriptor)
   at Microsoft.Extensions.DependencyInjection.ServiceProvider..ctor(ICollection`1 serviceDescriptors, ServiceProviderOptions options)
--InvalidOperationException
   at Microsoft.Extensions.DependencyInjection.ServiceProvider.ValidateService(ServiceDescriptor descriptor)
   at Microsoft.Extensions.DependencyInjection.ServiceProvider..ctor(ICollection`1 serviceDescriptors, ServiceProviderOptions options)
--InvalidOperationException
   at Microsoft.Extensions.DependencyInjection.ServiceProvider.ValidateService(ServiceDescriptor descriptor)
   at Microsoft.Extensions.DependencyInjection.ServiceProvider..ctor(ICollection`1 serviceDescriptors, ServiceProviderOptions options)
--InvalidOperationException
   at Microsoft.Extensions.DependencyInjection.ServiceLookup.CallSiteFactory.CreateArgumentCallSites(ServiceIdentifier serviceIdentifier, Type implementationType, CallSiteChain callSiteChain, ParameterInfo[] parameters, Boolean throwIfCallSiteNotFound)
   at Microsoft.Extensions.DependencyInjection.ServiceLookup.CallSiteFactory.CreateConstructorCallSite(ResultCache lifetime, ServiceIdentifier serviceIdentifier, Type implementationType, CallSiteChain callSiteChain)
   at Microsoft.Extensions.DependencyInjection.ServiceLookup.CallSiteFactory.TryCreateExact(ServiceDescriptor descriptor, ServiceIdentifier serviceIdentifier, CallSiteChain callSiteChain, Int32 slot)
   at Microsoft.Extensions.DependencyInjection.ServiceLookup.CallSiteFactory.GetCallSite(ServiceDescriptor serviceDescriptor, CallSiteChain callSiteChain)
   at Microsoft.Extensions.DependencyInjection.ServiceProvider.ValidateService(ServiceDescriptor descriptor)
--InvalidOperationException
   at Microsoft.Extensions.DependencyInjection.ServiceLookup.CallSiteFactory.CreateArgumentCallSites(ServiceIdentifier serviceIdentifier, Type implementationType, CallSiteChain callSiteChain, ParameterInfo[] parameters, Boolean throwIfCallSiteNotFound)
   at Microsoft.Extensions.DependencyInjection.ServiceLookup.CallSiteFactory.CreateConstructorCallSite(ResultCache lifetime, ServiceIdentifier serviceIdentifier, Type implementationType, CallSiteChain callSiteChain)
   at Microsoft.Extensions.DependencyInjection.ServiceLookup.CallSiteFactory.TryCreateExact(ServiceDescriptor descriptor, ServiceIdentifier serviceIdentifier, CallSiteChain callSiteChain, Int32 slot)
   at Microsoft.Extensions.DependencyInjection.ServiceLookup.CallSiteFactory.GetCallSite(ServiceDescriptor serviceDescriptor, CallSiteChain callSiteChain)
   at Microsoft.Extensions.DependencyInjection.ServiceProvider.ValidateService(ServiceDescriptor descriptor)
--InvalidOperationException
   at Microsoft.Extensions.DependencyInjection.ServiceLookup.CallSiteFactory.CreateArgumentCallSites(ServiceIdentifier serviceIdentifier, Type implementationType, CallSiteChain callSiteChain, ParameterInfo[] parameters, Boolean throwIfCallSiteNotFound)
   at Microsoft.Extensions.DependencyInjection.ServiceLookup.CallSiteFactory.CreateConstructorCallSite(ResultCache lifetime, ServiceIdentifier serviceIdentifier, Type implementationType, CallSiteChain callSiteChain)
   at Microsoft.Extensions.DependencyInjection.ServiceLookup.CallSiteFactory.TryCreateExact(ServiceDescriptor descriptor, ServiceIdentifier serviceIdentifier, CallSiteChain callSiteChain, Int32 slot)
   at Microsoft.Extensions.DependencyInjection.ServiceLookup.CallSiteFactory.GetCallSite(ServiceDescriptor serviceDescriptor, CallSiteChain callSiteChain)
   at Microsoft.Extensions.DependencyInjection.ServiceProvider.ValidateService(ServiceDescriptor descriptor)
</StackTrace>
        </ErrorInfo>
      </Output>
    </UnitTestResult>
    <UnitTestResult executionId="f7615a94-20d0-450f-9859-845a4d9fc027" testId="0bec3c9f-1a3b-6c69-7b6a-f89187fe64bc" testName="AddAllergy_returns_bad_request_for_duplicate_allergy" computerName="MacBook-Air-som-tillhor-Johanna" duration="00:00:00.1529290" startTime="2025-04-27T08:44:12.5444320+02:00" endTime="2025-04-27T08:44:12.6973580+02:00" testType="13cdc9d9-ddb5-4fa4-a97d-d965ccfc6d4b" outcome="Failed" testListId="8c84fa94-04c1-424b-9868-57a2d4851a1d" relativeResultsDirectory="f7615a94-20d0-450f-9859-845a4d9fc027">
      <Output>
        <ErrorInfo>
          <Message>OneTimeSetUp: System.AggregateException : Some services are not able to be constructed (Error while validating the service descriptor 'ServiceType: MediatR.IRequestHandler`2[YellowHouseStudio.LifeOrbit.Application.Family.AddAllergy.AddAllergyCommand,YellowHouseStudio.LifeOrbit.Application.Family.Common.FamilyMemberResponse] Lifetime: Transient ImplementationType: YellowHouseStudio.LifeOrbit.Application.Family.AddAllergy.AddAllergyCommandHandler': Unable to resolve service for type 'YellowHouseStudio.LifeOrbit.Application.Family.Common.IFamilyMemberRepository' while attempting to activate 'YellowHouseStudio.LifeOrbit.Application.Family.AddAllergy.AddAllergyCommandHandler'.) (Error while validating the service descriptor 'ServiceType: FluentValidation.IValidator`1[YellowHouseStudio.LifeOrbit.Application.Family.AddAllergy.AddAllergyCommand] Lifetime: Scoped ImplementationType: YellowHouseStudio.LifeOrbit.Application.Family.AddAllergy.AddAllergyCommandValidator': Unable to resolve service for type 'YellowHouseStudio.LifeOrbit.Application.Family.Common.IFamilyMemberRepository' while attempting to activate 'YellowHouseStudio.LifeOrbit.Application.Family.AddAllergy.AddAllergyCommandValidator'.) (Error while validating the service descriptor 'ServiceType: YellowHouseStudio.LifeOrbit.Application.Family.AddAllergy.AddAllergyCommandValidator Lifetime: Scoped ImplementationType: YellowHouseStudio.LifeOrbit.Application.Family.AddAllergy.AddAllergyCommandValidator': Unable to resolve service for type 'YellowHouseStudio.LifeOrbit.Application.Family.Common.IFamilyMemberRepository' while attempting to activate 'YellowHouseStudio.LifeOrbit.Application.Family.AddAllergy.AddAllergyCommandValidator'.)
  ----&gt; System.InvalidOperationException : Error while validating the service descriptor 'ServiceType: MediatR.IRequestHandler`2[YellowHouseStudio.LifeOrbit.Application.Family.AddAllergy.AddAllergyCommand,YellowHouseStudio.LifeOrbit.Application.Family.Common.FamilyMemberResponse] Lifetime: Transient ImplementationType: YellowHouseStudio.LifeOrbit.Application.Family.AddAllergy.AddAllergyCommandHandler': Unable to resolve service for type 'YellowHouseStudio.LifeOrbit.Application.Family.Common.IFamilyMemberRepository' while attempting to activate 'YellowHouseStudio.LifeOrbit.Application.Family.AddAllergy.AddAllergyCommandHandler'.
  ----&gt; System.InvalidOperationException : Error while validating the service descriptor 'ServiceType: FluentValidation.IValidator`1[YellowHouseStudio.LifeOrbit.Application.Family.AddAllergy.AddAllergyCommand] Lifetime: Scoped ImplementationType: YellowHouseStudio.LifeOrbit.Application.Family.AddAllergy.AddAllergyCommandValidator': Unable to resolve service for type 'YellowHouseStudio.LifeOrbit.Application.Family.Common.IFamilyMemberRepository' while attempting to activate 'YellowHouseStudio.LifeOrbit.Application.Family.AddAllergy.AddAllergyCommandValidator'.
  ----&gt; System.InvalidOperationException : Error while validating the service descriptor 'ServiceType: YellowHouseStudio.LifeOrbit.Application.Family.AddAllergy.AddAllergyCommandValidator Lifetime: Scoped ImplementationType: YellowHouseStudio.LifeOrbit.Application.Family.AddAllergy.AddAllergyCommandValidator': Unable to resolve service for type 'YellowHouseStudio.LifeOrbit.Application.Family.Common.IFamilyMemberRepository' while attempting to activate 'YellowHouseStudio.LifeOrbit.Application.Family.AddAllergy.AddAllergyCommandValidator'.
  ----&gt; System.InvalidOperationException : Unable to resolve service for type 'YellowHouseStudio.LifeOrbit.Application.Family.Common.IFamilyMemberRepository' while attempting to activate 'YellowHouseStudio.LifeOrbit.Application.Family.AddAllergy.AddAllergyCommandHandler'.
  ----&gt; System.InvalidOperationException : Unable to resolve service for type 'YellowHouseStudio.LifeOrbit.Application.Family.Common.IFamilyMemberRepository' while attempting to activate 'YellowHouseStudio.LifeOrbit.Application.Family.AddAllergy.AddAllergyCommandValidator'.
  ----&gt; System.InvalidOperationException : Unable to resolve service for type 'YellowHouseStudio.LifeOrbit.Application.Family.Common.IFamilyMemberRepository' while attempting to activate 'YellowHouseStudio.LifeOrbit.Application.Family.AddAllergy.AddAllergyCommandValidator'.</Message>
          <StackTrace>   at Microsoft.Extensions.DependencyInjection.ServiceProvider..ctor(ICollection`1 serviceDescriptors, ServiceProviderOptions options)
   at Microsoft.Extensions.DependencyInjection.ServiceCollectionContainerBuilderExtensions.BuildServiceProvider(IServiceCollection services, ServiceProviderOptions options)
   at Microsoft.Extensions.Hosting.HostApplicationBuilder.Build()
   at Microsoft.AspNetCore.Builder.WebApplicationBuilder.Build()
   at Program.&lt;Main&gt;$(String[] args) in /Users/johannahulten/Documents/LifeOrbit/server/YellowHouseStudio.LifeOrbit.Api/Program.cs:line 65
   at System.RuntimeMethodHandle.InvokeMethod(Object target, Void** arguments, Signature sig, Boolean isConstructor)
   at System.Reflection.MethodBaseInvoker.InvokeDirectByRefWithFewArgs(Object obj, Span`1 copyOfArgs, BindingFlags invokeAttr)
--- End of stack trace from previous location ---
   at Microsoft.Extensions.Hosting.HostFactoryResolver.HostingListener.CreateHost()
   at Microsoft.Extensions.Hosting.HostFactoryResolver.&lt;&gt;c__DisplayClass10_0.&lt;ResolveHostFactory&gt;b__0(String[] args)
   at Microsoft.AspNetCore.Mvc.Testing.DeferredHostBuilder.Build()
   at Microsoft.AspNetCore.Mvc.Testing.WebApplicationFactory`1.CreateHost(IHostBuilder builder)
   at Microsoft.AspNetCore.Mvc.Testing.WebApplicationFactory`1.DelegatedWebApplicationFactory.CreateHost(IHostBuilder builder)
   at Microsoft.AspNetCore.Mvc.Testing.WebApplicationFactory`1.ConfigureHostBuilder(IHostBuilder hostBuilder)
   at Microsoft.AspNetCore.Mvc.Testing.WebApplicationFactory`1.EnsureServer()
   at Microsoft.AspNetCore.Mvc.Testing.WebApplicationFactory`1.get_Server()
   at YellowHouseStudio.LifeOrbit.Tests.API.Infrastructure.ApiTestBase.BaseSetup() in /Users/johannahulten/Documents/LifeOrbit/server/YellowHouseStudio.LifeOrbit.Tests.API/Infrastructure/ApiTestBase.cs:line 83
   at System.RuntimeMethodHandle.InvokeMethod(Object target, Void** arguments, Signature sig, Boolean isConstructor)
   at System.Reflection.MethodBaseInvoker.InvokeWithNoArgs(Object obj, BindingFlags invokeAttr)
--InvalidOperationException
   at Microsoft.Extensions.DependencyInjection.ServiceProvider.ValidateService(ServiceDescriptor descriptor)
   at Microsoft.Extensions.DependencyInjection.ServiceProvider..ctor(ICollection`1 serviceDescriptors, ServiceProviderOptions options)
--InvalidOperationException
   at Microsoft.Extensions.DependencyInjection.ServiceProvider.ValidateService(ServiceDescriptor descriptor)
   at Microsoft.Extensions.DependencyInjection.ServiceProvider..ctor(ICollection`1 serviceDescriptors, ServiceProviderOptions options)
--InvalidOperationException
   at Microsoft.Extensions.DependencyInjection.ServiceProvider.ValidateService(ServiceDescriptor descriptor)
   at Microsoft.Extensions.DependencyInjection.ServiceProvider..ctor(ICollection`1 serviceDescriptors, ServiceProviderOptions options)
--InvalidOperationException
   at Microsoft.Extensions.DependencyInjection.ServiceLookup.CallSiteFactory.CreateArgumentCallSites(ServiceIdentifier serviceIdentifier, Type implementationType, CallSiteChain callSiteChain, ParameterInfo[] parameters, Boolean throwIfCallSiteNotFound)
   at Microsoft.Extensions.DependencyInjection.ServiceLookup.CallSiteFactory.CreateConstructorCallSite(ResultCache lifetime, ServiceIdentifier serviceIdentifier, Type implementationType, CallSiteChain callSiteChain)
   at Microsoft.Extensions.DependencyInjection.ServiceLookup.CallSiteFactory.TryCreateExact(ServiceDescriptor descriptor, ServiceIdentifier serviceIdentifier, CallSiteChain callSiteChain, Int32 slot)
   at Microsoft.Extensions.DependencyInjection.ServiceLookup.CallSiteFactory.GetCallSite(ServiceDescriptor serviceDescriptor, CallSiteChain callSiteChain)
   at Microsoft.Extensions.DependencyInjection.ServiceProvider.ValidateService(ServiceDescriptor descriptor)
--InvalidOperationException
   at Microsoft.Extensions.DependencyInjection.ServiceLookup.CallSiteFactory.CreateArgumentCallSites(ServiceIdentifier serviceIdentifier, Type implementationType, CallSiteChain callSiteChain, ParameterInfo[] parameters, Boolean throwIfCallSiteNotFound)
   at Microsoft.Extensions.DependencyInjection.ServiceLookup.CallSiteFactory.CreateConstructorCallSite(ResultCache lifetime, ServiceIdentifier serviceIdentifier, Type implementationType, CallSiteChain callSiteChain)
   at Microsoft.Extensions.DependencyInjection.ServiceLookup.CallSiteFactory.TryCreateExact(ServiceDescriptor descriptor, ServiceIdentifier serviceIdentifier, CallSiteChain callSiteChain, Int32 slot)
   at Microsoft.Extensions.DependencyInjection.ServiceLookup.CallSiteFactory.GetCallSite(ServiceDescriptor serviceDescriptor, CallSiteChain callSiteChain)
   at Microsoft.Extensions.DependencyInjection.ServiceProvider.ValidateService(ServiceDescriptor descriptor)
--InvalidOperationException
   at Microsoft.Extensions.DependencyInjection.ServiceLookup.CallSiteFactory.CreateArgumentCallSites(ServiceIdentifier serviceIdentifier, Type implementationType, CallSiteChain callSiteChain, ParameterInfo[] parameters, Boolean throwIfCallSiteNotFound)
   at Microsoft.Extensions.DependencyInjection.ServiceLookup.CallSiteFactory.CreateConstructorCallSite(ResultCache lifetime, ServiceIdentifier serviceIdentifier, Type implementationType, CallSiteChain callSiteChain)
   at Microsoft.Extensions.DependencyInjection.ServiceLookup.CallSiteFactory.TryCreateExact(ServiceDescriptor descriptor, ServiceIdentifier serviceIdentifier, CallSiteChain callSiteChain, Int32 slot)
   at Microsoft.Extensions.DependencyInjection.ServiceLookup.CallSiteFactory.GetCallSite(ServiceDescriptor serviceDescriptor, CallSiteChain callSiteChain)
   at Microsoft.Extensions.DependencyInjection.ServiceProvider.ValidateService(ServiceDescriptor descriptor)
</StackTrace>
        </ErrorInfo>
      </Output>
    </UnitTestResult>
    <UnitTestResult executionId="3b66c38d-1660-4ceb-9d35-3effa9b250f0" testId="1e90a9c0-2b5c-f03c-ca6f-5194b6dc5d5b" testName="AddAllergy_adds_allergy_to_family_member" computerName="MacBook-Air-som-tillhor-Johanna" duration="00:00:00.1525960" startTime="2025-04-27T08:44:12.5444320+02:00" endTime="2025-04-27T08:44:12.6970020+02:00" testType="13cdc9d9-ddb5-4fa4-a97d-d965ccfc6d4b" outcome="Failed" testListId="8c84fa94-04c1-424b-9868-57a2d4851a1d" relativeResultsDirectory="3b66c38d-1660-4ceb-9d35-3effa9b250f0">
      <Output>
        <ErrorInfo>
          <Message>OneTimeSetUp: System.AggregateException : Some services are not able to be constructed (Error while validating the service descriptor 'ServiceType: MediatR.IRequestHandler`2[YellowHouseStudio.LifeOrbit.Application.Family.AddAllergy.AddAllergyCommand,YellowHouseStudio.LifeOrbit.Application.Family.Common.FamilyMemberResponse] Lifetime: Transient ImplementationType: YellowHouseStudio.LifeOrbit.Application.Family.AddAllergy.AddAllergyCommandHandler': Unable to resolve service for type 'YellowHouseStudio.LifeOrbit.Application.Family.Common.IFamilyMemberRepository' while attempting to activate 'YellowHouseStudio.LifeOrbit.Application.Family.AddAllergy.AddAllergyCommandHandler'.) (Error while validating the service descriptor 'ServiceType: FluentValidation.IValidator`1[YellowHouseStudio.LifeOrbit.Application.Family.AddAllergy.AddAllergyCommand] Lifetime: Scoped ImplementationType: YellowHouseStudio.LifeOrbit.Application.Family.AddAllergy.AddAllergyCommandValidator': Unable to resolve service for type 'YellowHouseStudio.LifeOrbit.Application.Family.Common.IFamilyMemberRepository' while attempting to activate 'YellowHouseStudio.LifeOrbit.Application.Family.AddAllergy.AddAllergyCommandValidator'.) (Error while validating the service descriptor 'ServiceType: YellowHouseStudio.LifeOrbit.Application.Family.AddAllergy.AddAllergyCommandValidator Lifetime: Scoped ImplementationType: YellowHouseStudio.LifeOrbit.Application.Family.AddAllergy.AddAllergyCommandValidator': Unable to resolve service for type 'YellowHouseStudio.LifeOrbit.Application.Family.Common.IFamilyMemberRepository' while attempting to activate 'YellowHouseStudio.LifeOrbit.Application.Family.AddAllergy.AddAllergyCommandValidator'.)
  ----&gt; System.InvalidOperationException : Error while validating the service descriptor 'ServiceType: MediatR.IRequestHandler`2[YellowHouseStudio.LifeOrbit.Application.Family.AddAllergy.AddAllergyCommand,YellowHouseStudio.LifeOrbit.Application.Family.Common.FamilyMemberResponse] Lifetime: Transient ImplementationType: YellowHouseStudio.LifeOrbit.Application.Family.AddAllergy.AddAllergyCommandHandler': Unable to resolve service for type 'YellowHouseStudio.LifeOrbit.Application.Family.Common.IFamilyMemberRepository' while attempting to activate 'YellowHouseStudio.LifeOrbit.Application.Family.AddAllergy.AddAllergyCommandHandler'.
  ----&gt; System.InvalidOperationException : Error while validating the service descriptor 'ServiceType: FluentValidation.IValidator`1[YellowHouseStudio.LifeOrbit.Application.Family.AddAllergy.AddAllergyCommand] Lifetime: Scoped ImplementationType: YellowHouseStudio.LifeOrbit.Application.Family.AddAllergy.AddAllergyCommandValidator': Unable to resolve service for type 'YellowHouseStudio.LifeOrbit.Application.Family.Common.IFamilyMemberRepository' while attempting to activate 'YellowHouseStudio.LifeOrbit.Application.Family.AddAllergy.AddAllergyCommandValidator'.
  ----&gt; System.InvalidOperationException : Error while validating the service descriptor 'ServiceType: YellowHouseStudio.LifeOrbit.Application.Family.AddAllergy.AddAllergyCommandValidator Lifetime: Scoped ImplementationType: YellowHouseStudio.LifeOrbit.Application.Family.AddAllergy.AddAllergyCommandValidator': Unable to resolve service for type 'YellowHouseStudio.LifeOrbit.Application.Family.Common.IFamilyMemberRepository' while attempting to activate 'YellowHouseStudio.LifeOrbit.Application.Family.AddAllergy.AddAllergyCommandValidator'.
  ----&gt; System.InvalidOperationException : Unable to resolve service for type 'YellowHouseStudio.LifeOrbit.Application.Family.Common.IFamilyMemberRepository' while attempting to activate 'YellowHouseStudio.LifeOrbit.Application.Family.AddAllergy.AddAllergyCommandHandler'.
  ----&gt; System.InvalidOperationException : Unable to resolve service for type 'YellowHouseStudio.LifeOrbit.Application.Family.Common.IFamilyMemberRepository' while attempting to activate 'YellowHouseStudio.LifeOrbit.Application.Family.AddAllergy.AddAllergyCommandValidator'.
  ----&gt; System.InvalidOperationException : Unable to resolve service for type 'YellowHouseStudio.LifeOrbit.Application.Family.Common.IFamilyMemberRepository' while attempting to activate 'YellowHouseStudio.LifeOrbit.Application.Family.AddAllergy.AddAllergyCommandValidator'.</Message>
          <StackTrace>   at Microsoft.Extensions.DependencyInjection.ServiceProvider..ctor(ICollection`1 serviceDescriptors, ServiceProviderOptions options)
   at Microsoft.Extensions.DependencyInjection.ServiceCollectionContainerBuilderExtensions.BuildServiceProvider(IServiceCollection services, ServiceProviderOptions options)
   at Microsoft.Extensions.Hosting.HostApplicationBuilder.Build()
   at Microsoft.AspNetCore.Builder.WebApplicationBuilder.Build()
   at Program.&lt;Main&gt;$(String[] args) in /Users/johannahulten/Documents/LifeOrbit/server/YellowHouseStudio.LifeOrbit.Api/Program.cs:line 65
   at System.RuntimeMethodHandle.InvokeMethod(Object target, Void** arguments, Signature sig, Boolean isConstructor)
   at System.Reflection.MethodBaseInvoker.InvokeDirectByRefWithFewArgs(Object obj, Span`1 copyOfArgs, BindingFlags invokeAttr)
--- End of stack trace from previous location ---
   at Microsoft.Extensions.Hosting.HostFactoryResolver.HostingListener.CreateHost()
   at Microsoft.Extensions.Hosting.HostFactoryResolver.&lt;&gt;c__DisplayClass10_0.&lt;ResolveHostFactory&gt;b__0(String[] args)
   at Microsoft.AspNetCore.Mvc.Testing.DeferredHostBuilder.Build()
   at Microsoft.AspNetCore.Mvc.Testing.WebApplicationFactory`1.CreateHost(IHostBuilder builder)
   at Microsoft.AspNetCore.Mvc.Testing.WebApplicationFactory`1.DelegatedWebApplicationFactory.CreateHost(IHostBuilder builder)
   at Microsoft.AspNetCore.Mvc.Testing.WebApplicationFactory`1.ConfigureHostBuilder(IHostBuilder hostBuilder)
   at Microsoft.AspNetCore.Mvc.Testing.WebApplicationFactory`1.EnsureServer()
   at Microsoft.AspNetCore.Mvc.Testing.WebApplicationFactory`1.get_Server()
   at YellowHouseStudio.LifeOrbit.Tests.API.Infrastructure.ApiTestBase.BaseSetup() in /Users/johannahulten/Documents/LifeOrbit/server/YellowHouseStudio.LifeOrbit.Tests.API/Infrastructure/ApiTestBase.cs:line 83
   at System.RuntimeMethodHandle.InvokeMethod(Object target, Void** arguments, Signature sig, Boolean isConstructor)
   at System.Reflection.MethodBaseInvoker.InvokeWithNoArgs(Object obj, BindingFlags invokeAttr)
--InvalidOperationException
   at Microsoft.Extensions.DependencyInjection.ServiceProvider.ValidateService(ServiceDescriptor descriptor)
   at Microsoft.Extensions.DependencyInjection.ServiceProvider..ctor(ICollection`1 serviceDescriptors, ServiceProviderOptions options)
--InvalidOperationException
   at Microsoft.Extensions.DependencyInjection.ServiceProvider.ValidateService(ServiceDescriptor descriptor)
   at Microsoft.Extensions.DependencyInjection.ServiceProvider..ctor(ICollection`1 serviceDescriptors, ServiceProviderOptions options)
--InvalidOperationException
   at Microsoft.Extensions.DependencyInjection.ServiceProvider.ValidateService(ServiceDescriptor descriptor)
   at Microsoft.Extensions.DependencyInjection.ServiceProvider..ctor(ICollection`1 serviceDescriptors, ServiceProviderOptions options)
--InvalidOperationException
   at Microsoft.Extensions.DependencyInjection.ServiceLookup.CallSiteFactory.CreateArgumentCallSites(ServiceIdentifier serviceIdentifier, Type implementationType, CallSiteChain callSiteChain, ParameterInfo[] parameters, Boolean throwIfCallSiteNotFound)
   at Microsoft.Extensions.DependencyInjection.ServiceLookup.CallSiteFactory.CreateConstructorCallSite(ResultCache lifetime, ServiceIdentifier serviceIdentifier, Type implementationType, CallSiteChain callSiteChain)
   at Microsoft.Extensions.DependencyInjection.ServiceLookup.CallSiteFactory.TryCreateExact(ServiceDescriptor descriptor, ServiceIdentifier serviceIdentifier, CallSiteChain callSiteChain, Int32 slot)
   at Microsoft.Extensions.DependencyInjection.ServiceLookup.CallSiteFactory.GetCallSite(ServiceDescriptor serviceDescriptor, CallSiteChain callSiteChain)
   at Microsoft.Extensions.DependencyInjection.ServiceProvider.ValidateService(ServiceDescriptor descriptor)
--InvalidOperationException
   at Microsoft.Extensions.DependencyInjection.ServiceLookup.CallSiteFactory.CreateArgumentCallSites(ServiceIdentifier serviceIdentifier, Type implementationType, CallSiteChain callSiteChain, ParameterInfo[] parameters, Boolean throwIfCallSiteNotFound)
   at Microsoft.Extensions.DependencyInjection.ServiceLookup.CallSiteFactory.CreateConstructorCallSite(ResultCache lifetime, ServiceIdentifier serviceIdentifier, Type implementationType, CallSiteChain callSiteChain)
   at Microsoft.Extensions.DependencyInjection.ServiceLookup.CallSiteFactory.TryCreateExact(ServiceDescriptor descriptor, ServiceIdentifier serviceIdentifier, CallSiteChain callSiteChain, Int32 slot)
   at Microsoft.Extensions.DependencyInjection.ServiceLookup.CallSiteFactory.GetCallSite(ServiceDescriptor serviceDescriptor, CallSiteChain callSiteChain)
   at Microsoft.Extensions.DependencyInjection.ServiceProvider.ValidateService(ServiceDescriptor descriptor)
--InvalidOperationException
   at Microsoft.Extensions.DependencyInjection.ServiceLookup.CallSiteFactory.CreateArgumentCallSites(ServiceIdentifier serviceIdentifier, Type implementationType, CallSiteChain callSiteChain, ParameterInfo[] parameters, Boolean throwIfCallSiteNotFound)
   at Microsoft.Extensions.DependencyInjection.ServiceLookup.CallSiteFactory.CreateConstructorCallSite(ResultCache lifetime, ServiceIdentifier serviceIdentifier, Type implementationType, CallSiteChain callSiteChain)
   at Microsoft.Extensions.DependencyInjection.ServiceLookup.CallSiteFactory.TryCreateExact(ServiceDescriptor descriptor, ServiceIdentifier serviceIdentifier, CallSiteChain callSiteChain, Int32 slot)
   at Microsoft.Extensions.DependencyInjection.ServiceLookup.CallSiteFactory.GetCallSite(ServiceDescriptor serviceDescriptor, CallSiteChain callSiteChain)
   at Microsoft.Extensions.DependencyInjection.ServiceProvider.ValidateService(ServiceDescriptor descriptor)
</StackTrace>
        </ErrorInfo>
      </Output>
    </UnitTestResult>
  </Results>
  <TestDefinitions>
    <UnitTest name="AddAllergy_returns_not_found_for_non_existent_member" storage="/users/johannahulten/documents/lifeorbit/server/yellowhousestudio.lifeorbit.tests.api/bin/debug/net8.0/yellowhousestudio.lifeorbit.tests.api.dll" id="41ed81d1-58f6-508a-fa25-5cd7a1dc8c4e">
      <Execution id="ea5c6caf-0675-455c-9de3-9db02cdcf4e9" />
      <TestMethod codeBase="/Users/johannahulten/Documents/LifeOrbit/server/YellowHouseStudio.LifeOrbit.Tests.API/bin/Debug/net8.0/YellowHouseStudio.LifeOrbit.Tests.API.dll" adapterTypeName="executor://nunit3testexecutor/" className="YellowHouseStudio.LifeOrbit.Tests.API.Controllers.FamilyAllergiesControllerTests" name="AddAllergy_returns_not_found_for_non_existent_member" />
    </UnitTest>
    <UnitTest name="AddAllergy_returns_bad_request_for_duplicate_allergy" storage="/users/johannahulten/documents/lifeorbit/server/yellowhousestudio.lifeorbit.tests.api/bin/debug/net8.0/yellowhousestudio.lifeorbit.tests.api.dll" id="0bec3c9f-1a3b-6c69-7b6a-f89187fe64bc">
      <Execution id="f7615a94-20d0-450f-9859-845a4d9fc027" />
      <TestMethod codeBase="/Users/johannahulten/Documents/LifeOrbit/server/YellowHouseStudio.LifeOrbit.Tests.API/bin/Debug/net8.0/YellowHouseStudio.LifeOrbit.Tests.API.dll" adapterTypeName="executor://nunit3testexecutor/" className="YellowHouseStudio.LifeOrbit.Tests.API.Controllers.FamilyAllergiesControllerTests" name="AddAllergy_returns_bad_request_for_duplicate_allergy" />
    </UnitTest>
    <UnitTest name="RemoveAllergy_handles_url_encoded_allergen_names" storage="/users/johannahulten/documents/lifeorbit/server/yellowhousestudio.lifeorbit.tests.api/bin/debug/net8.0/yellowhousestudio.lifeorbit.tests.api.dll" id="a8a42d43-4d37-9324-db67-d2d58a84f616">
      <Execution id="6bb6deae-8f08-486d-88bf-f6082d70f8e8" />
      <TestMethod codeBase="/Users/johannahulten/Documents/LifeOrbit/server/YellowHouseStudio.LifeOrbit.Tests.API/bin/Debug/net8.0/YellowHouseStudio.LifeOrbit.Tests.API.dll" adapterTypeName="executor://nunit3testexecutor/" className="YellowHouseStudio.LifeOrbit.Tests.API.Controllers.FamilyAllergiesControllerTests" name="RemoveAllergy_handles_url_encoded_allergen_names" />
    </UnitTest>
    <UnitTest name="RemoveAllergy_returns_not_found_for_non_existent_allergy" storage="/users/johannahulten/documents/lifeorbit/server/yellowhousestudio.lifeorbit.tests.api/bin/debug/net8.0/yellowhousestudio.lifeorbit.tests.api.dll" id="b9d20c05-042b-ea5f-bf01-de29abef2fe7">
      <Execution id="273d9209-2d0e-4732-b0e9-c5b129eed76e" />
      <TestMethod codeBase="/Users/johannahulten/Documents/LifeOrbit/server/YellowHouseStudio.LifeOrbit.Tests.API/bin/Debug/net8.0/YellowHouseStudio.LifeOrbit.Tests.API.dll" adapterTypeName="executor://nunit3testexecutor/" className="YellowHouseStudio.LifeOrbit.Tests.API.Controllers.FamilyAllergiesControllerTests" name="RemoveAllergy_returns_not_found_for_non_existent_allergy" />
    </UnitTest>
    <UnitTest name="AddAllergy_returns_bad_request_for_empty_allergen" storage="/users/johannahulten/documents/lifeorbit/server/yellowhousestudio.lifeorbit.tests.api/bin/debug/net8.0/yellowhousestudio.lifeorbit.tests.api.dll" id="bf834fa2-f134-16d1-0b3e-298cd5900d20">
      <Execution id="ca8b401c-85d7-49bd-97f8-3f5eb44dfe7b" />
      <TestMethod codeBase="/Users/johannahulten/Documents/LifeOrbit/server/YellowHouseStudio.LifeOrbit.Tests.API/bin/Debug/net8.0/YellowHouseStudio.LifeOrbit.Tests.API.dll" adapterTypeName="executor://nunit3testexecutor/" className="YellowHouseStudio.LifeOrbit.Tests.API.Controllers.FamilyAllergiesControllerTests" name="AddAllergy_returns_bad_request_for_empty_allergen" />
    </UnitTest>
    <UnitTest name="RemoveAllergy_returns_not_found_for_non_existent_member" storage="/users/johannahulten/documents/lifeorbit/server/yellowhousestudio.lifeorbit.tests.api/bin/debug/net8.0/yellowhousestudio.lifeorbit.tests.api.dll" id="0feaf4b7-4c8e-6c50-931d-bb880377ce8c">
      <Execution id="db0ba90b-9c25-4c36-8456-536a3ea751fa" />
      <TestMethod codeBase="/Users/johannahulten/Documents/LifeOrbit/server/YellowHouseStudio.LifeOrbit.Tests.API/bin/Debug/net8.0/YellowHouseStudio.LifeOrbit.Tests.API.dll" adapterTypeName="executor://nunit3testexecutor/" className="YellowHouseStudio.LifeOrbit.Tests.API.Controllers.FamilyAllergiesControllerTests" name="RemoveAllergy_returns_not_found_for_non_existent_member" />
    </UnitTest>
    <UnitTest name="AddAllergy_returns_bad_request_when_ids_dont_match" storage="/users/johannahulten/documents/lifeorbit/server/yellowhousestudio.lifeorbit.tests.api/bin/debug/net8.0/yellowhousestudio.lifeorbit.tests.api.dll" id="cbfeccb5-0112-a18d-59a7-585e13164470">
      <Execution id="74f5806f-f370-43da-a4fc-4c5919aa9e6a" />
      <TestMethod codeBase="/Users/johannahulten/Documents/LifeOrbit/server/YellowHouseStudio.LifeOrbit.Tests.API/bin/Debug/net8.0/YellowHouseStudio.LifeOrbit.Tests.API.dll" adapterTypeName="executor://nunit3testexecutor/" className="YellowHouseStudio.LifeOrbit.Tests.API.Controllers.FamilyAllergiesControllerTests" name="AddAllergy_returns_bad_request_when_ids_dont_match" />
    </UnitTest>
    <UnitTest name="RemoveAllergy_removes_allergy_from_family_member" storage="/users/johannahulten/documents/lifeorbit/server/yellowhousestudio.lifeorbit.tests.api/bin/debug/net8.0/yellowhousestudio.lifeorbit.tests.api.dll" id="2c06e374-508c-42c5-957b-65618a2dd458">
      <Execution id="e3a2aefe-cfc1-4283-841e-08eab9f9f8ff" />
      <TestMethod codeBase="/Users/johannahulten/Documents/LifeOrbit/server/YellowHouseStudio.LifeOrbit.Tests.API/bin/Debug/net8.0/YellowHouseStudio.LifeOrbit.Tests.API.dll" adapterTypeName="executor://nunit3testexecutor/" className="YellowHouseStudio.LifeOrbit.Tests.API.Controllers.FamilyAllergiesControllerTests" name="RemoveAllergy_removes_allergy_from_family_member" />
    </UnitTest>
    <UnitTest name="AddAllergy_adds_allergy_to_family_member" storage="/users/johannahulten/documents/lifeorbit/server/yellowhousestudio.lifeorbit.tests.api/bin/debug/net8.0/yellowhousestudio.lifeorbit.tests.api.dll" id="1e90a9c0-2b5c-f03c-ca6f-5194b6dc5d5b">
      <Execution id="3b66c38d-1660-4ceb-9d35-3effa9b250f0" />
      <TestMethod codeBase="/Users/johannahulten/Documents/LifeOrbit/server/YellowHouseStudio.LifeOrbit.Tests.API/bin/Debug/net8.0/YellowHouseStudio.LifeOrbit.Tests.API.dll" adapterTypeName="executor://nunit3testexecutor/" className="YellowHouseStudio.LifeOrbit.Tests.API.Controllers.FamilyAllergiesControllerTests" name="AddAllergy_adds_allergy_to_family_member" />
    </UnitTest>
  </TestDefinitions>
  <TestEntries>
    <TestEntry testId="cbfeccb5-0112-a18d-59a7-585e13164470" executionId="74f5806f-f370-43da-a4fc-4c5919aa9e6a" testListId="8c84fa94-04c1-424b-9868-57a2d4851a1d" />
    <TestEntry testId="b9d20c05-042b-ea5f-bf01-de29abef2fe7" executionId="273d9209-2d0e-4732-b0e9-c5b129eed76e" testListId="8c84fa94-04c1-424b-9868-57a2d4851a1d" />
    <TestEntry testId="41ed81d1-58f6-508a-fa25-5cd7a1dc8c4e" executionId="ea5c6caf-0675-455c-9de3-9db02cdcf4e9" testListId="8c84fa94-04c1-424b-9868-57a2d4851a1d" />
    <TestEntry testId="bf834fa2-f134-16d1-0b3e-298cd5900d20" executionId="ca8b401c-85d7-49bd-97f8-3f5eb44dfe7b" testListId="8c84fa94-04c1-424b-9868-57a2d4851a1d" />
    <TestEntry testId="0feaf4b7-4c8e-6c50-931d-bb880377ce8c" executionId="db0ba90b-9c25-4c36-8456-536a3ea751fa" testListId="8c84fa94-04c1-424b-9868-57a2d4851a1d" />
    <TestEntry testId="2c06e374-508c-42c5-957b-65618a2dd458" executionId="e3a2aefe-cfc1-4283-841e-08eab9f9f8ff" testListId="8c84fa94-04c1-424b-9868-57a2d4851a1d" />
    <TestEntry testId="a8a42d43-4d37-9324-db67-d2d58a84f616" executionId="6bb6deae-8f08-486d-88bf-f6082d70f8e8" testListId="8c84fa94-04c1-424b-9868-57a2d4851a1d" />
    <TestEntry testId="0bec3c9f-1a3b-6c69-7b6a-f89187fe64bc" executionId="f7615a94-20d0-450f-9859-845a4d9fc027" testListId="8c84fa94-04c1-424b-9868-57a2d4851a1d" />
    <TestEntry testId="1e90a9c0-2b5c-f03c-ca6f-5194b6dc5d5b" executionId="3b66c38d-1660-4ceb-9d35-3effa9b250f0" testListId="8c84fa94-04c1-424b-9868-57a2d4851a1d" />
  </TestEntries>
  <TestLists>
    <TestList name="Results Not in a List" id="8c84fa94-04c1-424b-9868-57a2d4851a1d" />
    <TestList name="All Loaded Results" id="19431567-8539-422a-85d7-44ee4e166bda" />
  </TestLists>
  <ResultSummary outcome="Failed">
    <Counters total="9" executed="9" passed="0" failed="9" error="0" timeout="0" aborted="0" inconclusive="0" passedButRunAborted="0" notRunnable="0" notExecuted="0" disconnected="0" warning="0" completed="0" inProgress="0" pending="0" />
    <Output>
      <StdOut>NUnit Adapter 5.0.0.0: Test execution started
Running selected tests in /Users/johannahulten/Documents/LifeOrbit/server/YellowHouseStudio.LifeOrbit.Tests.API/bin/Debug/net8.0/YellowHouseStudio.LifeOrbit.Tests.API.dll
   NUnit3TestExecutor discovered 9 of 9 NUnit test cases using Current Discovery mode, Non-Explicit run
NUnit Adapter 5.0.0.0: Test execution complete
</StdOut>
    </Output>
    <RunInfos>
      <RunInfo computerName="MacBook-Air-som-tillhor-Johanna" outcome="Warning" timestamp="2025-04-27T08:44:12.7086060+02:00">
        <Text>TearDown failed for test fixture YellowHouseStudio.LifeOrbit.Tests.API.Controllers.FamilyAllergiesControllerTests</Text>
      </RunInfo>
      <RunInfo computerName="MacBook-Air-som-tillhor-Johanna" outcome="Warning" timestamp="2025-04-27T08:44:12.7093740+02:00">
        <Text>System.AggregateException : Some services are not able to be constructed (Error while validating the service descriptor 'ServiceType: MediatR.IRequestHandler`2[YellowHouseStudio.LifeOrbit.Application.Family.AddAllergy.AddAllergyCommand,YellowHouseStudio.LifeOrbit.Application.Family.Common.FamilyMemberResponse] Lifetime: Transient ImplementationType: YellowHouseStudio.LifeOrbit.Application.Family.AddAllergy.AddAllergyCommandHandler': Unable to resolve service for type 'YellowHouseStudio.LifeOrbit.Application.Family.Common.IFamilyMemberRepository' while attempting to activate 'YellowHouseStudio.LifeOrbit.Application.Family.AddAllergy.AddAllergyCommandHandler'.) (Error while validating the service descriptor 'ServiceType: FluentValidation.IValidator`1[YellowHouseStudio.LifeOrbit.Application.Family.AddAllergy.AddAllergyCommand] Lifetime: Scoped ImplementationType: YellowHouseStudio.LifeOrbit.Application.Family.AddAllergy.AddAllergyCommandValidator': Unable to resolve service for type 'YellowHouseStudio.LifeOrbit.Application.Family.Common.IFamilyMemberRepository' while attempting to activate 'YellowHouseStudio.LifeOrbit.Application.Family.AddAllergy.AddAllergyCommandValidator'.) (Error while validating the service descriptor 'ServiceType: YellowHouseStudio.LifeOrbit.Application.Family.AddAllergy.AddAllergyCommandValidator Lifetime: Scoped ImplementationType: YellowHouseStudio.LifeOrbit.Application.Family.AddAllergy.AddAllergyCommandValidator': Unable to resolve service for type 'YellowHouseStudio.LifeOrbit.Application.Family.Common.IFamilyMemberRepository' while attempting to activate 'YellowHouseStudio.LifeOrbit.Application.Family.AddAllergy.AddAllergyCommandValidator'.)
  ----&gt; System.InvalidOperationException : Error while validating the service descriptor 'ServiceType: MediatR.IRequestHandler`2[YellowHouseStudio.LifeOrbit.Application.Family.AddAllergy.AddAllergyCommand,YellowHouseStudio.LifeOrbit.Application.Family.Common.FamilyMemberResponse] Lifetime: Transient ImplementationType: YellowHouseStudio.LifeOrbit.Application.Family.AddAllergy.AddAllergyCommandHandler': Unable to resolve service for type 'YellowHouseStudio.LifeOrbit.Application.Family.Common.IFamilyMemberRepository' while attempting to activate 'YellowHouseStudio.LifeOrbit.Application.Family.AddAllergy.AddAllergyCommandHandler'.
  ----&gt; System.InvalidOperationException : Error while validating the service descriptor 'ServiceType: FluentValidation.IValidator`1[YellowHouseStudio.LifeOrbit.Application.Family.AddAllergy.AddAllergyCommand] Lifetime: Scoped ImplementationType: YellowHouseStudio.LifeOrbit.Application.Family.AddAllergy.AddAllergyCommandValidator': Unable to resolve service for type 'YellowHouseStudio.LifeOrbit.Application.Family.Common.IFamilyMemberRepository' while attempting to activate 'YellowHouseStudio.LifeOrbit.Application.Family.AddAllergy.AddAllergyCommandValidator'.
  ----&gt; System.InvalidOperationException : Error while validating the service descriptor 'ServiceType: YellowHouseStudio.LifeOrbit.Application.Family.AddAllergy.AddAllergyCommandValidator Lifetime: Scoped ImplementationType: YellowHouseStudio.LifeOrbit.Application.Family.AddAllergy.AddAllergyCommandValidator': Unable to resolve service for type 'YellowHouseStudio.LifeOrbit.Application.Family.Common.IFamilyMemberRepository' while attempting to activate 'YellowHouseStudio.LifeOrbit.Application.Family.AddAllergy.AddAllergyCommandValidator'.
  ----&gt; System.InvalidOperationException : Unable to resolve service for type 'YellowHouseStudio.LifeOrbit.Application.Family.Common.IFamilyMemberRepository' while attempting to activate 'YellowHouseStudio.LifeOrbit.Application.Family.AddAllergy.AddAllergyCommandHandler'.
  ----&gt; System.InvalidOperationException : Unable to resolve service for type 'YellowHouseStudio.LifeOrbit.Application.Family.Common.IFamilyMemberRepository' while attempting to activate 'YellowHouseStudio.LifeOrbit.Application.Family.AddAllergy.AddAllergyCommandValidator'.
  ----&gt; System.InvalidOperationException : Unable to resolve service for type 'YellowHouseStudio.LifeOrbit.Application.Family.Common.IFamilyMemberRepository' while attempting to activate 'YellowHouseStudio.LifeOrbit.Application.Family.AddAllergy.AddAllergyCommandValidator'.
TearDown : System.NullReferenceException : Object reference not set to an instance of an object.
StackTrace:    at Microsoft.Extensions.DependencyInjection.ServiceProvider..ctor(ICollection`1 serviceDescriptors, ServiceProviderOptions options)
   at Microsoft.Extensions.DependencyInjection.ServiceCollectionContainerBuilderExtensions.BuildServiceProvider(IServiceCollection services, ServiceProviderOptions options)
   at Microsoft.Extensions.Hosting.HostApplicationBuilder.Build()
   at Microsoft.AspNetCore.Builder.WebApplicationBuilder.Build()
   at Program.&lt;Main&gt;$(String[] args) in /Users/johannahulten/Documents/LifeOrbit/server/YellowHouseStudio.LifeOrbit.Api/Program.cs:line 65
   at System.RuntimeMethodHandle.InvokeMethod(Object target, Void** arguments, Signature sig, Boolean isConstructor)
   at System.Reflection.MethodBaseInvoker.InvokeDirectByRefWithFewArgs(Object obj, Span`1 copyOfArgs, BindingFlags invokeAttr)
--- End of stack trace from previous location ---
   at Microsoft.Extensions.Hosting.HostFactoryResolver.HostingListener.CreateHost()
   at Microsoft.Extensions.Hosting.HostFactoryResolver.&lt;&gt;c__DisplayClass10_0.&lt;ResolveHostFactory&gt;b__0(String[] args)
   at Microsoft.AspNetCore.Mvc.Testing.DeferredHostBuilder.Build()
   at Microsoft.AspNetCore.Mvc.Testing.WebApplicationFactory`1.CreateHost(IHostBuilder builder)
   at Microsoft.AspNetCore.Mvc.Testing.WebApplicationFactory`1.DelegatedWebApplicationFactory.CreateHost(IHostBuilder builder)
   at Microsoft.AspNetCore.Mvc.Testing.WebApplicationFactory`1.ConfigureHostBuilder(IHostBuilder hostBuilder)
   at Microsoft.AspNetCore.Mvc.Testing.WebApplicationFactory`1.EnsureServer()
   at Microsoft.AspNetCore.Mvc.Testing.WebApplicationFactory`1.get_Server()
   at YellowHouseStudio.LifeOrbit.Tests.API.Infrastructure.ApiTestBase.BaseSetup() in /Users/johannahulten/Documents/LifeOrbit/server/YellowHouseStudio.LifeOrbit.Tests.API/Infrastructure/ApiTestBase.cs:line 83
   at System.RuntimeMethodHandle.InvokeMethod(Object target, Void** arguments, Signature sig, Boolean isConstructor)
   at System.Reflection.MethodBaseInvoker.InvokeWithNoArgs(Object obj, BindingFlags invokeAttr)
--InvalidOperationException
   at Microsoft.Extensions.DependencyInjection.ServiceProvider.ValidateService(ServiceDescriptor descriptor)
   at Microsoft.Extensions.DependencyInjection.ServiceProvider..ctor(ICollection`1 serviceDescriptors, ServiceProviderOptions options)
--InvalidOperationException
   at Microsoft.Extensions.DependencyInjection.ServiceProvider.ValidateService(ServiceDescriptor descriptor)
   at Microsoft.Extensions.DependencyInjection.ServiceProvider..ctor(ICollection`1 serviceDescriptors, ServiceProviderOptions options)
--InvalidOperationException
   at Microsoft.Extensions.DependencyInjection.ServiceProvider.ValidateService(ServiceDescriptor descriptor)
   at Microsoft.Extensions.DependencyInjection.ServiceProvider..ctor(ICollection`1 serviceDescriptors, ServiceProviderOptions options)
--InvalidOperationException
   at Microsoft.Extensions.DependencyInjection.ServiceLookup.CallSiteFactory.CreateArgumentCallSites(ServiceIdentifier serviceIdentifier, Type implementationType, CallSiteChain callSiteChain, ParameterInfo[] parameters, Boolean throwIfCallSiteNotFound)
   at Microsoft.Extensions.DependencyInjection.ServiceLookup.CallSiteFactory.CreateConstructorCallSite(ResultCache lifetime, ServiceIdentifier serviceIdentifier, Type implementationType, CallSiteChain callSiteChain)
   at Microsoft.Extensions.DependencyInjection.ServiceLookup.CallSiteFactory.TryCreateExact(ServiceDescriptor descriptor, ServiceIdentifier serviceIdentifier, CallSiteChain callSiteChain, Int32 slot)
   at Microsoft.Extensions.DependencyInjection.ServiceLookup.CallSiteFactory.GetCallSite(ServiceDescriptor serviceDescriptor, CallSiteChain callSiteChain)
   at Microsoft.Extensions.DependencyInjection.ServiceProvider.ValidateService(ServiceDescriptor descriptor)
--InvalidOperationException
   at Microsoft.Extensions.DependencyInjection.ServiceLookup.CallSiteFactory.CreateArgumentCallSites(ServiceIdentifier serviceIdentifier, Type implementationType, CallSiteChain callSiteChain, ParameterInfo[] parameters, Boolean throwIfCallSiteNotFound)
   at Microsoft.Extensions.DependencyInjection.ServiceLookup.CallSiteFactory.CreateConstructorCallSite(ResultCache lifetime, ServiceIdentifier serviceIdentifier, Type implementationType, CallSiteChain callSiteChain)
   at Microsoft.Extensions.DependencyInjection.ServiceLookup.CallSiteFactory.TryCreateExact(ServiceDescriptor descriptor, ServiceIdentifier serviceIdentifier, CallSiteChain callSiteChain, Int32 slot)
   at Microsoft.Extensions.DependencyInjection.ServiceLookup.CallSiteFactory.GetCallSite(ServiceDescriptor serviceDescriptor, CallSiteChain callSiteChain)
   at Microsoft.Extensions.DependencyInjection.ServiceProvider.ValidateService(ServiceDescriptor descriptor)
--InvalidOperationException
   at Microsoft.Extensions.DependencyInjection.ServiceLookup.CallSiteFactory.CreateArgumentCallSites(ServiceIdentifier serviceIdentifier, Type implementationType, CallSiteChain callSiteChain, ParameterInfo[] parameters, Boolean throwIfCallSiteNotFound)
   at Microsoft.Extensions.DependencyInjection.ServiceLookup.CallSiteFactory.CreateConstructorCallSite(ResultCache lifetime, ServiceIdentifier serviceIdentifier, Type implementationType, CallSiteChain callSiteChain)
   at Microsoft.Extensions.DependencyInjection.ServiceLookup.CallSiteFactory.TryCreateExact(ServiceDescriptor descriptor, ServiceIdentifier serviceIdentifier, CallSiteChain callSiteChain, Int32 slot)
   at Microsoft.Extensions.DependencyInjection.ServiceLookup.CallSiteFactory.GetCallSite(ServiceDescriptor serviceDescriptor, CallSiteChain callSiteChain)
   at Microsoft.Extensions.DependencyInjection.ServiceProvider.ValidateService(ServiceDescriptor descriptor)
--TearDown
   at YellowHouseStudio.LifeOrbit.Tests.API.Infrastructure.ApiTestBase.BaseTearDown() in /Users/johannahulten/Documents/LifeOrbit/server/YellowHouseStudio.LifeOrbit.Tests.API/Infrastructure/ApiTestBase.cs:line 109
   at System.RuntimeMethodHandle.InvokeMethod(Object target, Void** arguments, Signature sig, Boolean isConstructor)
   at System.Reflection.MethodBaseInvoker.InvokeWithNoArgs(Object obj, BindingFlags invokeAttr)</Text>
      </RunInfo>
    </RunInfos>
  </ResultSummary>
</TestRun>