<?xml version="1.0" encoding="utf-8"?>
<TestRun id="8661e204-2ed5-408d-9db5-679c5f9ae467" name="@MacBook-Air-som-tillhor-Johanna 2025-04-27 12:30:34" xmlns="http://microsoft.com/schemas/VisualStudio/TeamTest/2010">
  <Times creation="2025-04-27T12:30:34.3324220+02:00" queuing="2025-04-27T12:30:34.3324220+02:00" start="2025-04-27T12:30:33.7960830+02:00" finish="2025-04-27T12:30:34.3454830+02:00" />
  <TestSettings name="default" id="1906b578-fee7-4b7a-b316-1e35bb7247ff">
    <Deployment runDeploymentRoot="_MacBook-Air-som-tillhor-Johanna_2025-04-27_12_30_34" />
  </TestSettings>
  <Results>
    <UnitTestResult executionId="e2fbe1d3-2912-49bb-be95-081f8eac6c6b" testId="2fa585af-a391-3ae2-c21a-66c7ef35a28c" testName="Should_have_error_when_allergy_already_exists" computerName="MacBook-Air-som-tillhor-Johanna" duration="00:00:00.0125380" startTime="2025-04-27T12:30:34.2622490+02:00" endTime="2025-04-27T12:30:34.2747870+02:00" testType="13cdc9d9-ddb5-4fa4-a97d-d965ccfc6d4b" outcome="Passed" testListId="8c84fa94-04c1-424b-9868-57a2d4851a1d" relativeResultsDirectory="e2fbe1d3-2912-49bb-be95-081f8eac6c6b" />
    <UnitTestResult executionId="3eaebdbc-cbdc-4afb-baa1-8c43a60c634c" testId="935d956b-efab-b801-df2a-dd03507c5a17" testName="Should_have_error_when_Severity_is_invalid" computerName="MacBook-Air-som-tillhor-Johanna" duration="00:00:00.0009510" startTime="2025-04-27T12:30:34.2782440+02:00" endTime="2025-04-27T12:30:34.2791960+02:00" testType="13cdc9d9-ddb5-4fa4-a97d-d965ccfc6d4b" outcome="Passed" testListId="8c84fa94-04c1-424b-9868-57a2d4851a1d" relativeResultsDirectory="3eaebdbc-cbdc-4afb-baa1-8c43a60c634c" />
    <UnitTestResult executionId="83d83134-fb73-43da-aec0-6f1520849c00" testId="1d6a2b08-1373-6de4-0ac6-1a39d973da8d" testName="Should_not_have_error_when_command_is_valid" computerName="MacBook-Air-som-tillhor-Johanna" duration="00:00:00.0025030" startTime="2025-04-27T12:30:34.2793850+02:00" endTime="2025-04-27T12:30:34.2818880+02:00" testType="13cdc9d9-ddb5-4fa4-a97d-d965ccfc6d4b" outcome="Passed" testListId="8c84fa94-04c1-424b-9868-57a2d4851a1d" relativeResultsDirectory="83d83134-fb73-43da-aec0-6f1520849c00" />
    <UnitTestResult executionId="d46404f9-9cc8-4981-9e6f-e80262bcc172" testId="fe4c8a2e-b86b-2a3e-af57-2413e054bdd8" testName="Should_have_error_when_Allergen_is_empty" computerName="MacBook-Air-som-tillhor-Johanna" duration="00:00:00.0788170" startTime="2025-04-27T12:30:34.1796420+02:00" endTime="2025-04-27T12:30:34.2584380+02:00" testType="13cdc9d9-ddb5-4fa4-a97d-d965ccfc6d4b" outcome="Passed" testListId="8c84fa94-04c1-424b-9868-57a2d4851a1d" relativeResultsDirectory="d46404f9-9cc8-4981-9e6f-e80262bcc172" />
    <UnitTestResult executionId="078532e9-251f-4e03-b36c-41ee81d6779b" testId="eea70b5d-cb2a-f16c-363c-018b6dfdf662" testName="Should_pass_when_all_fields_are_valid" computerName="MacBook-Air-som-tillhor-Johanna" duration="00:00:00.0007190" startTime="2025-04-27T12:30:34.2989420+02:00" endTime="2025-04-27T12:30:34.2996610+02:00" testType="13cdc9d9-ddb5-4fa4-a97d-d965ccfc6d4b" outcome="Passed" testListId="8c84fa94-04c1-424b-9868-57a2d4851a1d" relativeResultsDirectory="078532e9-251f-4e03-b36c-41ee81d6779b" />
    <UnitTestResult executionId="61603624-7875-49f0-8d0b-bd35ad9fc05d" testId="fd67e436-0a5c-522c-2a8b-59c6e32a50f0" testName="Should_fail_when_family_member_does_not_exist" computerName="MacBook-Air-som-tillhor-Johanna" duration="00:00:00.0006820" startTime="2025-04-27T12:30:34.2978380+02:00" endTime="2025-04-27T12:30:34.2985200+02:00" testType="13cdc9d9-ddb5-4fa4-a97d-d965ccfc6d4b" outcome="Passed" testListId="8c84fa94-04c1-424b-9868-57a2d4851a1d" relativeResultsDirectory="61603624-7875-49f0-8d0b-bd35ad9fc05d" />
    <UnitTestResult executionId="574c73ec-8432-40a8-b444-5370a9c25a38" testId="16b76c81-6314-5b65-408d-89c0be2db1ac" testName="Should_fail_when_family_member_id_is_empty" computerName="MacBook-Air-som-tillhor-Johanna" duration="00:00:00.0004110" startTime="2025-04-27T12:30:34.2985250+02:00" endTime="2025-04-27T12:30:34.2989360+02:00" testType="13cdc9d9-ddb5-4fa4-a97d-d965ccfc6d4b" outcome="Passed" testListId="8c84fa94-04c1-424b-9868-57a2d4851a1d" relativeResultsDirectory="574c73ec-8432-40a8-b444-5370a9c25a38" />
    <UnitTestResult executionId="c91996fb-8335-4e16-9428-41017e8a514d" testId="a20d17f0-5752-e211-49bb-cbff74c48a50" testName="Should_have_error_when_family_member_not_found" computerName="MacBook-Air-som-tillhor-Johanna" duration="00:00:00.0010070" startTime="2025-04-27T12:30:34.2748120+02:00" endTime="2025-04-27T12:30:34.2758190+02:00" testType="13cdc9d9-ddb5-4fa4-a97d-d965ccfc6d4b" outcome="Passed" testListId="8c84fa94-04c1-424b-9868-57a2d4851a1d" relativeResultsDirectory="c91996fb-8335-4e16-9428-41017e8a514d" />
    <UnitTestResult executionId="1f919952-2c33-4067-83e3-1f46f8a0c1ab" testId="507b6665-cc0e-8241-82c8-6769368befeb" testName="Should_fail_when_allergy_does_not_exist" computerName="MacBook-Air-som-tillhor-Johanna" duration="00:00:00.0010529" startTime="2025-04-27T12:30:34.2967790+02:00" endTime="2025-04-27T12:30:34.2978320+02:00" testType="13cdc9d9-ddb5-4fa4-a97d-d965ccfc6d4b" outcome="Passed" testListId="8c84fa94-04c1-424b-9868-57a2d4851a1d" relativeResultsDirectory="1f919952-2c33-4067-83e3-1f46f8a0c1ab" />
    <UnitTestResult executionId="a994c28f-507d-48cf-8f52-ce3a227d56df" testId="26f83e64-303d-c640-75bf-078c99e834b7" testName="Should_fail_when_allergen_is_too_long" computerName="MacBook-Air-som-tillhor-Johanna" duration="00:00:00.0020720" startTime="2025-04-27T12:30:34.2946940+02:00" endTime="2025-04-27T12:30:34.2967670+02:00" testType="13cdc9d9-ddb5-4fa4-a97d-d965ccfc6d4b" outcome="Passed" testListId="8c84fa94-04c1-424b-9868-57a2d4851a1d" relativeResultsDirectory="a994c28f-507d-48cf-8f52-ce3a227d56df" />
    <UnitTestResult executionId="2797c70b-4857-450c-8f5f-fd25572a7a84" testId="e4a0aef8-a95a-4a76-7ab8-473c97d21117" testName="Should_fail_when_allergen_is_empty" computerName="MacBook-Air-som-tillhor-Johanna" duration="00:00:00.0117160" startTime="2025-04-27T12:30:34.2829210+02:00" endTime="2025-04-27T12:30:34.2946360+02:00" testType="13cdc9d9-ddb5-4fa4-a97d-d965ccfc6d4b" outcome="Passed" testListId="8c84fa94-04c1-424b-9868-57a2d4851a1d" relativeResultsDirectory="2797c70b-4857-450c-8f5f-fd25572a7a84" />
    <UnitTestResult executionId="b391e709-e678-4cf0-9762-4869ff3386fa" testId="1e8dac91-adc7-cd6c-43f3-bcb66cee8640" testName="Should_have_error_when_Allergen_is_too_long" computerName="MacBook-Air-som-tillhor-Johanna" duration="00:00:00.0026500" startTime="2025-04-27T12:30:34.2594420+02:00" endTime="2025-04-27T12:30:34.2620910+02:00" testType="13cdc9d9-ddb5-4fa4-a97d-d965ccfc6d4b" outcome="Passed" testListId="8c84fa94-04c1-424b-9868-57a2d4851a1d" relativeResultsDirectory="b391e709-e678-4cf0-9762-4869ff3386fa" />
    <UnitTestResult executionId="076ad5df-ad4f-4dc7-bbe6-1a9946db483c" testId="103b07aa-4ecf-a016-1f59-91c9355c40a3" testName="Should_have_error_when_Severity_is_empty" computerName="MacBook-Air-som-tillhor-Johanna" duration="00:00:00.0009960" startTime="2025-04-27T12:30:34.2770730+02:00" endTime="2025-04-27T12:30:34.2780690+02:00" testType="13cdc9d9-ddb5-4fa4-a97d-d965ccfc6d4b" outcome="Passed" testListId="8c84fa94-04c1-424b-9868-57a2d4851a1d" relativeResultsDirectory="076ad5df-ad4f-4dc7-bbe6-1a9946db483c" />
    <UnitTestResult executionId="847b2f58-9880-4d39-8ad1-34b5170e22ab" testId="c99d0e69-93f4-7363-41f9-f8afc18ef297" testName="Should_have_error_when_FamilyMemberId_is_empty" computerName="MacBook-Air-som-tillhor-Johanna" duration="00:00:00.0009410" startTime="2025-04-27T12:30:34.2759990+02:00" endTime="2025-04-27T12:30:34.2769410+02:00" testType="13cdc9d9-ddb5-4fa4-a97d-d965ccfc6d4b" outcome="Passed" testListId="8c84fa94-04c1-424b-9868-57a2d4851a1d" relativeResultsDirectory="847b2f58-9880-4d39-8ad1-34b5170e22ab" />
  </Results>
  <TestDefinitions>
    <UnitTest name="Should_pass_when_all_fields_are_valid" storage="/users/johannahulten/documents/lifeorbit/server/yellowhousestudio.lifeorbit.tests.unit/bin/debug/net8.0/yellowhousestudio.lifeorbit.tests.unit.dll" id="eea70b5d-cb2a-f16c-363c-018b6dfdf662">
      <Execution id="078532e9-251f-4e03-b36c-41ee81d6779b" />
      <TestMethod codeBase="/Users/johannahulten/Documents/LifeOrbit/server/YellowHouseStudio.LifeOrbit.Tests.Unit/bin/Debug/net8.0/YellowHouseStudio.LifeOrbit.Tests.Unit.dll" adapterTypeName="executor://nunit3testexecutor/" className="YellowHouseStudio.LifeOrbit.Tests.Unit.Application.Family.RemoveAllergy.RemoveAllergyCommandValidatorTests" name="Should_pass_when_all_fields_are_valid" />
    </UnitTest>
    <UnitTest name="Should_have_error_when_Severity_is_invalid" storage="/users/johannahulten/documents/lifeorbit/server/yellowhousestudio.lifeorbit.tests.unit/bin/debug/net8.0/yellowhousestudio.lifeorbit.tests.unit.dll" id="935d956b-efab-b801-df2a-dd03507c5a17">
      <Execution id="3eaebdbc-cbdc-4afb-baa1-8c43a60c634c" />
      <TestMethod codeBase="/Users/johannahulten/Documents/LifeOrbit/server/YellowHouseStudio.LifeOrbit.Tests.Unit/bin/Debug/net8.0/YellowHouseStudio.LifeOrbit.Tests.Unit.dll" adapterTypeName="executor://nunit3testexecutor/" className="YellowHouseStudio.LifeOrbit.Tests.Unit.Application.Family.AddAllergy.AddAllergyCommandValidatorTests" name="Should_have_error_when_Severity_is_invalid" />
    </UnitTest>
    <UnitTest name="Should_have_error_when_family_member_not_found" storage="/users/johannahulten/documents/lifeorbit/server/yellowhousestudio.lifeorbit.tests.unit/bin/debug/net8.0/yellowhousestudio.lifeorbit.tests.unit.dll" id="a20d17f0-5752-e211-49bb-cbff74c48a50">
      <Execution id="c91996fb-8335-4e16-9428-41017e8a514d" />
      <TestMethod codeBase="/Users/johannahulten/Documents/LifeOrbit/server/YellowHouseStudio.LifeOrbit.Tests.Unit/bin/Debug/net8.0/YellowHouseStudio.LifeOrbit.Tests.Unit.dll" adapterTypeName="executor://nunit3testexecutor/" className="YellowHouseStudio.LifeOrbit.Tests.Unit.Application.Family.AddAllergy.AddAllergyCommandValidatorTests" name="Should_have_error_when_family_member_not_found" />
    </UnitTest>
    <UnitTest name="Should_fail_when_family_member_id_is_empty" storage="/users/johannahulten/documents/lifeorbit/server/yellowhousestudio.lifeorbit.tests.unit/bin/debug/net8.0/yellowhousestudio.lifeorbit.tests.unit.dll" id="16b76c81-6314-5b65-408d-89c0be2db1ac">
      <Execution id="574c73ec-8432-40a8-b444-5370a9c25a38" />
      <TestMethod codeBase="/Users/johannahulten/Documents/LifeOrbit/server/YellowHouseStudio.LifeOrbit.Tests.Unit/bin/Debug/net8.0/YellowHouseStudio.LifeOrbit.Tests.Unit.dll" adapterTypeName="executor://nunit3testexecutor/" className="YellowHouseStudio.LifeOrbit.Tests.Unit.Application.Family.RemoveAllergy.RemoveAllergyCommandValidatorTests" name="Should_fail_when_family_member_id_is_empty" />
    </UnitTest>
    <UnitTest name="Should_have_error_when_Allergen_is_too_long" storage="/users/johannahulten/documents/lifeorbit/server/yellowhousestudio.lifeorbit.tests.unit/bin/debug/net8.0/yellowhousestudio.lifeorbit.tests.unit.dll" id="1e8dac91-adc7-cd6c-43f3-bcb66cee8640">
      <Execution id="b391e709-e678-4cf0-9762-4869ff3386fa" />
      <TestMethod codeBase="/Users/johannahulten/Documents/LifeOrbit/server/YellowHouseStudio.LifeOrbit.Tests.Unit/bin/Debug/net8.0/YellowHouseStudio.LifeOrbit.Tests.Unit.dll" adapterTypeName="executor://nunit3testexecutor/" className="YellowHouseStudio.LifeOrbit.Tests.Unit.Application.Family.AddAllergy.AddAllergyCommandValidatorTests" name="Should_have_error_when_Allergen_is_too_long" />
    </UnitTest>
    <UnitTest name="Should_fail_when_allergy_does_not_exist" storage="/users/johannahulten/documents/lifeorbit/server/yellowhousestudio.lifeorbit.tests.unit/bin/debug/net8.0/yellowhousestudio.lifeorbit.tests.unit.dll" id="507b6665-cc0e-8241-82c8-6769368befeb">
      <Execution id="1f919952-2c33-4067-83e3-1f46f8a0c1ab" />
      <TestMethod codeBase="/Users/johannahulten/Documents/LifeOrbit/server/YellowHouseStudio.LifeOrbit.Tests.Unit/bin/Debug/net8.0/YellowHouseStudio.LifeOrbit.Tests.Unit.dll" adapterTypeName="executor://nunit3testexecutor/" className="YellowHouseStudio.LifeOrbit.Tests.Unit.Application.Family.RemoveAllergy.RemoveAllergyCommandValidatorTests" name="Should_fail_when_allergy_does_not_exist" />
    </UnitTest>
    <UnitTest name="Should_not_have_error_when_command_is_valid" storage="/users/johannahulten/documents/lifeorbit/server/yellowhousestudio.lifeorbit.tests.unit/bin/debug/net8.0/yellowhousestudio.lifeorbit.tests.unit.dll" id="1d6a2b08-1373-6de4-0ac6-1a39d973da8d">
      <Execution id="83d83134-fb73-43da-aec0-6f1520849c00" />
      <TestMethod codeBase="/Users/johannahulten/Documents/LifeOrbit/server/YellowHouseStudio.LifeOrbit.Tests.Unit/bin/Debug/net8.0/YellowHouseStudio.LifeOrbit.Tests.Unit.dll" adapterTypeName="executor://nunit3testexecutor/" className="YellowHouseStudio.LifeOrbit.Tests.Unit.Application.Family.AddAllergy.AddAllergyCommandValidatorTests" name="Should_not_have_error_when_command_is_valid" />
    </UnitTest>
    <UnitTest name="Should_fail_when_allergen_is_empty" storage="/users/johannahulten/documents/lifeorbit/server/yellowhousestudio.lifeorbit.tests.unit/bin/debug/net8.0/yellowhousestudio.lifeorbit.tests.unit.dll" id="e4a0aef8-a95a-4a76-7ab8-473c97d21117">
      <Execution id="2797c70b-4857-450c-8f5f-fd25572a7a84" />
      <TestMethod codeBase="/Users/johannahulten/Documents/LifeOrbit/server/YellowHouseStudio.LifeOrbit.Tests.Unit/bin/Debug/net8.0/YellowHouseStudio.LifeOrbit.Tests.Unit.dll" adapterTypeName="executor://nunit3testexecutor/" className="YellowHouseStudio.LifeOrbit.Tests.Unit.Application.Family.RemoveAllergy.RemoveAllergyCommandValidatorTests" name="Should_fail_when_allergen_is_empty" />
    </UnitTest>
    <UnitTest name="Should_have_error_when_allergy_already_exists" storage="/users/johannahulten/documents/lifeorbit/server/yellowhousestudio.lifeorbit.tests.unit/bin/debug/net8.0/yellowhousestudio.lifeorbit.tests.unit.dll" id="2fa585af-a391-3ae2-c21a-66c7ef35a28c">
      <Execution id="e2fbe1d3-2912-49bb-be95-081f8eac6c6b" />
      <TestMethod codeBase="/Users/johannahulten/Documents/LifeOrbit/server/YellowHouseStudio.LifeOrbit.Tests.Unit/bin/Debug/net8.0/YellowHouseStudio.LifeOrbit.Tests.Unit.dll" adapterTypeName="executor://nunit3testexecutor/" className="YellowHouseStudio.LifeOrbit.Tests.Unit.Application.Family.AddAllergy.AddAllergyCommandValidatorTests" name="Should_have_error_when_allergy_already_exists" />
    </UnitTest>
    <UnitTest name="Should_fail_when_family_member_does_not_exist" storage="/users/johannahulten/documents/lifeorbit/server/yellowhousestudio.lifeorbit.tests.unit/bin/debug/net8.0/yellowhousestudio.lifeorbit.tests.unit.dll" id="fd67e436-0a5c-522c-2a8b-59c6e32a50f0">
      <Execution id="61603624-7875-49f0-8d0b-bd35ad9fc05d" />
      <TestMethod codeBase="/Users/johannahulten/Documents/LifeOrbit/server/YellowHouseStudio.LifeOrbit.Tests.Unit/bin/Debug/net8.0/YellowHouseStudio.LifeOrbit.Tests.Unit.dll" adapterTypeName="executor://nunit3testexecutor/" className="YellowHouseStudio.LifeOrbit.Tests.Unit.Application.Family.RemoveAllergy.RemoveAllergyCommandValidatorTests" name="Should_fail_when_family_member_does_not_exist" />
    </UnitTest>
    <UnitTest name="Should_fail_when_allergen_is_too_long" storage="/users/johannahulten/documents/lifeorbit/server/yellowhousestudio.lifeorbit.tests.unit/bin/debug/net8.0/yellowhousestudio.lifeorbit.tests.unit.dll" id="26f83e64-303d-c640-75bf-078c99e834b7">
      <Execution id="a994c28f-507d-48cf-8f52-ce3a227d56df" />
      <TestMethod codeBase="/Users/johannahulten/Documents/LifeOrbit/server/YellowHouseStudio.LifeOrbit.Tests.Unit/bin/Debug/net8.0/YellowHouseStudio.LifeOrbit.Tests.Unit.dll" adapterTypeName="executor://nunit3testexecutor/" className="YellowHouseStudio.LifeOrbit.Tests.Unit.Application.Family.RemoveAllergy.RemoveAllergyCommandValidatorTests" name="Should_fail_when_allergen_is_too_long" />
    </UnitTest>
    <UnitTest name="Should_have_error_when_Severity_is_empty" storage="/users/johannahulten/documents/lifeorbit/server/yellowhousestudio.lifeorbit.tests.unit/bin/debug/net8.0/yellowhousestudio.lifeorbit.tests.unit.dll" id="103b07aa-4ecf-a016-1f59-91c9355c40a3">
      <Execution id="076ad5df-ad4f-4dc7-bbe6-1a9946db483c" />
      <TestMethod codeBase="/Users/johannahulten/Documents/LifeOrbit/server/YellowHouseStudio.LifeOrbit.Tests.Unit/bin/Debug/net8.0/YellowHouseStudio.LifeOrbit.Tests.Unit.dll" adapterTypeName="executor://nunit3testexecutor/" className="YellowHouseStudio.LifeOrbit.Tests.Unit.Application.Family.AddAllergy.AddAllergyCommandValidatorTests" name="Should_have_error_when_Severity_is_empty" />
    </UnitTest>
    <UnitTest name="Should_have_error_when_Allergen_is_empty" storage="/users/johannahulten/documents/lifeorbit/server/yellowhousestudio.lifeorbit.tests.unit/bin/debug/net8.0/yellowhousestudio.lifeorbit.tests.unit.dll" id="fe4c8a2e-b86b-2a3e-af57-2413e054bdd8">
      <Execution id="d46404f9-9cc8-4981-9e6f-e80262bcc172" />
      <TestMethod codeBase="/Users/johannahulten/Documents/LifeOrbit/server/YellowHouseStudio.LifeOrbit.Tests.Unit/bin/Debug/net8.0/YellowHouseStudio.LifeOrbit.Tests.Unit.dll" adapterTypeName="executor://nunit3testexecutor/" className="YellowHouseStudio.LifeOrbit.Tests.Unit.Application.Family.AddAllergy.AddAllergyCommandValidatorTests" name="Should_have_error_when_Allergen_is_empty" />
    </UnitTest>
    <UnitTest name="Should_have_error_when_FamilyMemberId_is_empty" storage="/users/johannahulten/documents/lifeorbit/server/yellowhousestudio.lifeorbit.tests.unit/bin/debug/net8.0/yellowhousestudio.lifeorbit.tests.unit.dll" id="c99d0e69-93f4-7363-41f9-f8afc18ef297">
      <Execution id="847b2f58-9880-4d39-8ad1-34b5170e22ab" />
      <TestMethod codeBase="/Users/johannahulten/Documents/LifeOrbit/server/YellowHouseStudio.LifeOrbit.Tests.Unit/bin/Debug/net8.0/YellowHouseStudio.LifeOrbit.Tests.Unit.dll" adapterTypeName="executor://nunit3testexecutor/" className="YellowHouseStudio.LifeOrbit.Tests.Unit.Application.Family.AddAllergy.AddAllergyCommandValidatorTests" name="Should_have_error_when_FamilyMemberId_is_empty" />
    </UnitTest>
  </TestDefinitions>
  <TestEntries>
    <TestEntry testId="2fa585af-a391-3ae2-c21a-66c7ef35a28c" executionId="e2fbe1d3-2912-49bb-be95-081f8eac6c6b" testListId="8c84fa94-04c1-424b-9868-57a2d4851a1d" />
    <TestEntry testId="935d956b-efab-b801-df2a-dd03507c5a17" executionId="3eaebdbc-cbdc-4afb-baa1-8c43a60c634c" testListId="8c84fa94-04c1-424b-9868-57a2d4851a1d" />
    <TestEntry testId="1d6a2b08-1373-6de4-0ac6-1a39d973da8d" executionId="83d83134-fb73-43da-aec0-6f1520849c00" testListId="8c84fa94-04c1-424b-9868-57a2d4851a1d" />
    <TestEntry testId="fe4c8a2e-b86b-2a3e-af57-2413e054bdd8" executionId="d46404f9-9cc8-4981-9e6f-e80262bcc172" testListId="8c84fa94-04c1-424b-9868-57a2d4851a1d" />
    <TestEntry testId="eea70b5d-cb2a-f16c-363c-018b6dfdf662" executionId="078532e9-251f-4e03-b36c-41ee81d6779b" testListId="8c84fa94-04c1-424b-9868-57a2d4851a1d" />
    <TestEntry testId="fd67e436-0a5c-522c-2a8b-59c6e32a50f0" executionId="61603624-7875-49f0-8d0b-bd35ad9fc05d" testListId="8c84fa94-04c1-424b-9868-57a2d4851a1d" />
    <TestEntry testId="16b76c81-6314-5b65-408d-89c0be2db1ac" executionId="574c73ec-8432-40a8-b444-5370a9c25a38" testListId="8c84fa94-04c1-424b-9868-57a2d4851a1d" />
    <TestEntry testId="a20d17f0-5752-e211-49bb-cbff74c48a50" executionId="c91996fb-8335-4e16-9428-41017e8a514d" testListId="8c84fa94-04c1-424b-9868-57a2d4851a1d" />
    <TestEntry testId="507b6665-cc0e-8241-82c8-6769368befeb" executionId="1f919952-2c33-4067-83e3-1f46f8a0c1ab" testListId="8c84fa94-04c1-424b-9868-57a2d4851a1d" />
    <TestEntry testId="26f83e64-303d-c640-75bf-078c99e834b7" executionId="a994c28f-507d-48cf-8f52-ce3a227d56df" testListId="8c84fa94-04c1-424b-9868-57a2d4851a1d" />
    <TestEntry testId="e4a0aef8-a95a-4a76-7ab8-473c97d21117" executionId="2797c70b-4857-450c-8f5f-fd25572a7a84" testListId="8c84fa94-04c1-424b-9868-57a2d4851a1d" />
    <TestEntry testId="1e8dac91-adc7-cd6c-43f3-bcb66cee8640" executionId="b391e709-e678-4cf0-9762-4869ff3386fa" testListId="8c84fa94-04c1-424b-9868-57a2d4851a1d" />
    <TestEntry testId="103b07aa-4ecf-a016-1f59-91c9355c40a3" executionId="076ad5df-ad4f-4dc7-bbe6-1a9946db483c" testListId="8c84fa94-04c1-424b-9868-57a2d4851a1d" />
    <TestEntry testId="c99d0e69-93f4-7363-41f9-f8afc18ef297" executionId="847b2f58-9880-4d39-8ad1-34b5170e22ab" testListId="8c84fa94-04c1-424b-9868-57a2d4851a1d" />
  </TestEntries>
  <TestLists>
    <TestList name="Results Not in a List" id="8c84fa94-04c1-424b-9868-57a2d4851a1d" />
    <TestList name="All Loaded Results" id="19431567-8539-422a-85d7-44ee4e166bda" />
  </TestLists>
  <ResultSummary outcome="Completed">
    <Counters total="14" executed="14" passed="14" failed="0" error="0" timeout="0" aborted="0" inconclusive="0" passedButRunAborted="0" notRunnable="0" notExecuted="0" disconnected="0" warning="0" completed="0" inProgress="0" pending="0" />
    <Output>
      <StdOut>NUnit Adapter 5.0.0.0: Test execution started
Running all tests in /Users/johannahulten/Documents/LifeOrbit/server/YellowHouseStudio.LifeOrbit.Tests.Unit/bin/Debug/net8.0/YellowHouseStudio.LifeOrbit.Tests.Unit.dll
   NUnit3TestExecutor discovered 14 of 14 NUnit test cases using Current Discovery mode, Non-Explicit run
NUnit Adapter 5.0.0.0: Test execution complete
</StdOut>
    </Output>
  </ResultSummary>
</TestRun>