<?xml version="1.0" encoding="utf-8"?>
<TestRun id="9fdc7044-f641-4110-8fd1-3a776a5820f8" name="@MacBook-Air-som-tillhor-Johanna 2025-04-27 20:26:28" xmlns="http://microsoft.com/schemas/VisualStudio/TeamTest/2010">
  <Times creation="2025-04-27T20:26:28.4798160+02:00" queuing="2025-04-27T20:26:28.4798160+02:00" start="2025-04-27T20:26:28.1298070+02:00" finish="2025-04-27T20:26:28.5242620+02:00" />
  <TestSettings name="default" id="23c68c9a-5daa-4279-aea9-c2e6a1d6ed90">
    <Deployment runDeploymentRoot="_MacBook-Air-som-tillhor-Johanna_2025-04-27_20_26_28" />
  </TestSettings>
  <Results>
    <UnitTestResult executionId="117cd425-0fc0-48ee-b763-8e518609898c" testId="f908793a-02e4-14da-dd1f-b81d5d49a982" testName="Should_have_error_when_family_member_not_found" computerName="MacBook-Air-som-tillhor-Johanna" duration="00:00:00.0102420" startTime="2025-04-27T20:26:28.4526730+02:00" endTime="2025-04-27T20:26:28.4629150+02:00" testType="13cdc9d9-ddb5-4fa4-a97d-d965ccfc6d4b" outcome="Failed" testListId="8c84fa94-04c1-424b-9868-57a2d4851a1d" relativeResultsDirectory="117cd425-0fc0-48ee-b763-8e518609898c">
      <Output>
        <ErrorInfo>
          <Message>FluentValidation.TestHelper.ValidationTestException : Expected a validation error for property FamilyMemberId
----
Properties with Validation Errors:
[0]: FoodItem
[1]: Status
[2]: Status
[3]: 
</Message>
          <StackTrace>   at FluentValidation.TestHelper.TestValidationResult`1.ShouldHaveValidationError(String propertyName, Boolean shouldNormalizePropertyName) in /_/src/FluentValidation/TestHelper/TestValidationResult.cs:line 82
   at FluentValidation.TestHelper.TestValidationResult`1.ShouldHaveValidationErrorFor[TProperty](Expression`1 memberAccessor) in /_/src/FluentValidation/TestHelper/TestValidationResult.cs:line 39
   at YellowHouseStudio.LifeOrbit.Tests.Unit.Application.Family.AddFoodPreference.AddFoodPreferenceCommandValidatorTests.Should_have_error_when_family_member_not_found() in /Users/johannahulten/Documents/LifeOrbit/server/YellowHouseStudio.LifeOrbit.Tests.Unit/Application/Family/AddFoodPreference/AddFoodPreferenceCommandValidatorTests.cs:line 75
   at NUnit.Framework.Internal.TaskAwaitAdapter.GenericAdapter`1.GetResult()
   at NUnit.Framework.Internal.AsyncToSyncAdapter.Await[TResult](TestExecutionContext context, Func`1 invoke)
   at NUnit.Framework.Internal.AsyncToSyncAdapter.Await(TestExecutionContext context, Func`1 invoke)
   at NUnit.Framework.Internal.Commands.TestMethodCommand.RunTestMethod(TestExecutionContext context)
   at NUnit.Framework.Internal.Commands.TestMethodCommand.Execute(TestExecutionContext context)
   at NUnit.Framework.Internal.Commands.BeforeAndAfterTestCommand.&lt;&gt;c__DisplayClass1_0.&lt;Execute&gt;b__0()
   at NUnit.Framework.Internal.Commands.DelegatingTestCommand.RunTestMethodInThreadAbortSafeZone(TestExecutionContext context, Action action)
</StackTrace>
        </ErrorInfo>
      </Output>
    </UnitTestResult>
    <UnitTestResult executionId="eb576866-e739-4ce1-a0dc-75b1804a6204" testId="452cf301-2031-4ed1-ce6d-69aa0b6c0b89" testName="Should_have_error_when_FoodItem_is_empty" computerName="MacBook-Air-som-tillhor-Johanna" duration="00:00:00.0004320" startTime="2025-04-27T20:26:28.4681620+02:00" endTime="2025-04-27T20:26:28.4685950+02:00" testType="13cdc9d9-ddb5-4fa4-a97d-d965ccfc6d4b" outcome="Passed" testListId="8c84fa94-04c1-424b-9868-57a2d4851a1d" relativeResultsDirectory="eb576866-e739-4ce1-a0dc-75b1804a6204" />
    <UnitTestResult executionId="98c9b2bd-7534-444c-a6d3-ab98af638081" testId="437d4260-df5c-09c9-0d15-4f6f25305671" testName="Handle_should_throw_NotFoundException_if_member_not_found" computerName="MacBook-Air-som-tillhor-Johanna" duration="00:00:00.0010900" startTime="2025-04-27T20:26:28.4768810+02:00" endTime="2025-04-27T20:26:28.4779710+02:00" testType="13cdc9d9-ddb5-4fa4-a97d-d965ccfc6d4b" outcome="Passed" testListId="8c84fa94-04c1-424b-9868-57a2d4851a1d" relativeResultsDirectory="98c9b2bd-7534-444c-a6d3-ab98af638081" />
    <UnitTestResult executionId="ae41d561-436a-41cb-a97f-880d1a674f8c" testId="c99d0e69-93f4-7363-41f9-f8afc18ef297" testName="Should_have_error_when_FamilyMemberId_is_empty" computerName="MacBook-Air-som-tillhor-Johanna" duration="00:00:00.0004240" startTime="2025-04-27T20:26:28.4358610+02:00" endTime="2025-04-27T20:26:28.4362860+02:00" testType="13cdc9d9-ddb5-4fa4-a97d-d965ccfc6d4b" outcome="Passed" testListId="8c84fa94-04c1-424b-9868-57a2d4851a1d" relativeResultsDirectory="ae41d561-436a-41cb-a97f-880d1a674f8c" />
    <UnitTestResult executionId="2f5ad96b-b68f-46a8-bc4c-740e3d0345e4" testId="1d6a2b08-1373-6de4-0ac6-1a39d973da8d" testName="Should_not_have_error_when_command_is_valid" computerName="MacBook-Air-som-tillhor-Johanna" duration="00:00:00.0014480" startTime="2025-04-27T20:26:28.4368630+02:00" endTime="2025-04-27T20:26:28.4383110+02:00" testType="13cdc9d9-ddb5-4fa4-a97d-d965ccfc6d4b" outcome="Passed" testListId="8c84fa94-04c1-424b-9868-57a2d4851a1d" relativeResultsDirectory="2f5ad96b-b68f-46a8-bc4c-740e3d0345e4" />
    <UnitTestResult executionId="cf024a85-d7fa-46f8-80c7-fd270a317c47" testId="2fa585af-a391-3ae2-c21a-66c7ef35a28c" testName="Should_have_error_when_allergy_already_exists" computerName="MacBook-Air-som-tillhor-Johanna" duration="00:00:00.0062680" startTime="2025-04-27T20:26:28.4286860+02:00" endTime="2025-04-27T20:26:28.4349540+02:00" testType="13cdc9d9-ddb5-4fa4-a97d-d965ccfc6d4b" outcome="Passed" testListId="8c84fa94-04c1-424b-9868-57a2d4851a1d" relativeResultsDirectory="cf024a85-d7fa-46f8-80c7-fd270a317c47" />
    <UnitTestResult executionId="08e4d07b-476d-407d-b274-047f6d575177" testId="507b6665-cc0e-8241-82c8-6769368befeb" testName="Should_fail_when_allergy_does_not_exist" computerName="MacBook-Air-som-tillhor-Johanna" duration="00:00:00.0009700" startTime="2025-04-27T20:26:28.4833270+02:00" endTime="2025-04-27T20:26:28.4842970+02:00" testType="13cdc9d9-ddb5-4fa4-a97d-d965ccfc6d4b" outcome="Passed" testListId="8c84fa94-04c1-424b-9868-57a2d4851a1d" relativeResultsDirectory="08e4d07b-476d-407d-b274-047f6d575177" />
    <UnitTestResult executionId="bee39574-edf0-4266-a193-c4cb921f456f" testId="ddbf6456-d694-6595-fb69-f3e9e49e3a83" testName="SafeFoods_should_be_empty_by_default" computerName="MacBook-Air-som-tillhor-Johanna" duration="00:00:00.0000570" startTime="2025-04-27T20:26:28.4956800+02:00" endTime="2025-04-27T20:26:28.4957360+02:00" testType="13cdc9d9-ddb5-4fa4-a97d-d965ccfc6d4b" outcome="Passed" testListId="8c84fa94-04c1-424b-9868-57a2d4851a1d" relativeResultsDirectory="bee39574-edf0-4266-a193-c4cb921f456f" />
    <UnitTestResult executionId="dad540f0-ea01-43d2-9a6f-436a9790ac5b" testId="e4a0aef8-a95a-4a76-7ab8-473c97d21117" testName="Should_fail_when_allergen_is_empty" computerName="MacBook-Air-som-tillhor-Johanna" duration="00:00:00.0016840" startTime="2025-04-27T20:26:28.4810230+02:00" endTime="2025-04-27T20:26:28.4827070+02:00" testType="13cdc9d9-ddb5-4fa4-a97d-d965ccfc6d4b" outcome="Passed" testListId="8c84fa94-04c1-424b-9868-57a2d4851a1d" relativeResultsDirectory="dad540f0-ea01-43d2-9a6f-436a9790ac5b" />
    <UnitTestResult executionId="ae32bdbf-786c-4e9c-b5c3-116f108ec637" testId="a20d17f0-5752-e211-49bb-cbff74c48a50" testName="Should_have_error_when_family_member_not_found" computerName="MacBook-Air-som-tillhor-Johanna" duration="00:00:00.0008760" startTime="2025-04-27T20:26:28.4349660+02:00" endTime="2025-04-27T20:26:28.4358420+02:00" testType="13cdc9d9-ddb5-4fa4-a97d-d965ccfc6d4b" outcome="Passed" testListId="8c84fa94-04c1-424b-9868-57a2d4851a1d" relativeResultsDirectory="ae32bdbf-786c-4e9c-b5c3-116f108ec637" />
    <UnitTestResult executionId="5790d9c4-fe72-4646-9336-ca1bcfc12c78" testId="16b76c81-6314-5b65-408d-89c0be2db1ac" testName="Should_fail_when_family_member_id_is_empty" computerName="MacBook-Air-som-tillhor-Johanna" duration="00:00:00.0003910" startTime="2025-04-27T20:26:28.4850540+02:00" endTime="2025-04-27T20:26:28.4854450+02:00" testType="13cdc9d9-ddb5-4fa4-a97d-d965ccfc6d4b" outcome="Passed" testListId="8c84fa94-04c1-424b-9868-57a2d4851a1d" relativeResultsDirectory="5790d9c4-fe72-4646-9336-ca1bcfc12c78" />
    <UnitTestResult executionId="59eb687f-f138-4397-8f27-cfb336fe3ec1" testId="111a7769-e0d8-3d84-474f-e66f8b3f7de7" testName="AddSafeFood_should_add_new_safe_food" computerName="MacBook-Air-som-tillhor-Johanna" duration="00:00:00.0002910" startTime="2025-04-27T20:26:28.4942020+02:00" endTime="2025-04-27T20:26:28.4944930+02:00" testType="13cdc9d9-ddb5-4fa4-a97d-d965ccfc6d4b" outcome="Passed" testListId="8c84fa94-04c1-424b-9868-57a2d4851a1d" relativeResultsDirectory="59eb687f-f138-4397-8f27-cfb336fe3ec1" />
    <UnitTestResult executionId="c0e360a9-3a8e-4d08-8ba6-e3075a05ed8a" testId="0653866c-502d-15b5-8864-a7973b3084d2" testName="Handle_should_throw_NotFoundException_if_member_not_found" computerName="MacBook-Air-som-tillhor-Johanna" duration="00:00:00.0011840" startTime="2025-04-27T20:26:28.4894300+02:00" endTime="2025-04-27T20:26:28.4906140+02:00" testType="13cdc9d9-ddb5-4fa4-a97d-d965ccfc6d4b" outcome="Passed" testListId="8c84fa94-04c1-424b-9868-57a2d4851a1d" relativeResultsDirectory="c0e360a9-3a8e-4d08-8ba6-e3075a05ed8a" />
    <UnitTestResult executionId="fb5850f2-349f-4f23-937f-4b9d5609e2cb" testId="b0db387f-2e5d-7fdb-9155-ce0bcbf88c68" testName="Should_have_error_when_food_preference_already_exists" computerName="MacBook-Air-som-tillhor-Johanna" duration="00:00:00.0047260" startTime="2025-04-27T20:26:28.4634110+02:00" endTime="2025-04-27T20:26:28.4681360+02:00" testType="13cdc9d9-ddb5-4fa4-a97d-d965ccfc6d4b" outcome="Failed" testListId="8c84fa94-04c1-424b-9868-57a2d4851a1d" relativeResultsDirectory="fb5850f2-349f-4f23-937f-4b9d5609e2cb">
      <Output>
        <ErrorInfo>
          <Message>FluentValidation.TestHelper.ValidationTestException : Expected a validation error for property FoodItem
----
Properties with Validation Errors:
[0]: Status
[1]: Status
[2]: 
</Message>
          <StackTrace>   at FluentValidation.TestHelper.TestValidationResult`1.ShouldHaveValidationError(String propertyName, Boolean shouldNormalizePropertyName) in /_/src/FluentValidation/TestHelper/TestValidationResult.cs:line 82
   at FluentValidation.TestHelper.TestValidationResult`1.ShouldHaveValidationErrorFor[TProperty](Expression`1 memberAccessor) in /_/src/FluentValidation/TestHelper/TestValidationResult.cs:line 39
   at YellowHouseStudio.LifeOrbit.Tests.Unit.Application.Family.AddFoodPreference.AddFoodPreferenceCommandValidatorTests.Should_have_error_when_food_preference_already_exists() in /Users/johannahulten/Documents/LifeOrbit/server/YellowHouseStudio.LifeOrbit.Tests.Unit/Application/Family/AddFoodPreference/AddFoodPreferenceCommandValidatorTests.cs:line 85
   at NUnit.Framework.Internal.TaskAwaitAdapter.GenericAdapter`1.GetResult()
   at NUnit.Framework.Internal.AsyncToSyncAdapter.Await[TResult](TestExecutionContext context, Func`1 invoke)
   at NUnit.Framework.Internal.AsyncToSyncAdapter.Await(TestExecutionContext context, Func`1 invoke)
   at NUnit.Framework.Internal.Commands.TestMethodCommand.RunTestMethod(TestExecutionContext context)
   at NUnit.Framework.Internal.Commands.TestMethodCommand.Execute(TestExecutionContext context)
   at NUnit.Framework.Internal.Commands.BeforeAndAfterTestCommand.&lt;&gt;c__DisplayClass1_0.&lt;Execute&gt;b__0()
   at NUnit.Framework.Internal.Commands.DelegatingTestCommand.RunTestMethodInThreadAbortSafeZone(TestExecutionContext context, Action action)
</StackTrace>
        </ErrorInfo>
      </Output>
    </UnitTestResult>
    <UnitTestResult executionId="9ede07b4-5bee-40e1-8426-51cf3d6cbb3d" testId="fe4c8a2e-b86b-2a3e-af57-2413e054bdd8" testName="Should_have_error_when_Allergen_is_empty" computerName="MacBook-Air-som-tillhor-Johanna" duration="00:00:00.0429700" startTime="2025-04-27T20:26:28.3842530+02:00" endTime="2025-04-27T20:26:28.4272000+02:00" testType="13cdc9d9-ddb5-4fa4-a97d-d965ccfc6d4b" outcome="Passed" testListId="8c84fa94-04c1-424b-9868-57a2d4851a1d" relativeResultsDirectory="9ede07b4-5bee-40e1-8426-51cf3d6cbb3d" />
    <UnitTestResult executionId="d7202e0f-ec9a-4628-ad69-9c2a27469a47" testId="103b07aa-4ecf-a016-1f59-91c9355c40a3" testName="Should_have_error_when_Severity_is_empty" computerName="MacBook-Air-som-tillhor-Johanna" duration="00:00:00.0002650" startTime="2025-04-27T20:26:28.4362950+02:00" endTime="2025-04-27T20:26:28.4365610+02:00" testType="13cdc9d9-ddb5-4fa4-a97d-d965ccfc6d4b" outcome="Passed" testListId="8c84fa94-04c1-424b-9868-57a2d4851a1d" relativeResultsDirectory="d7202e0f-ec9a-4628-ad69-9c2a27469a47" />
    <UnitTestResult executionId="fcf8f5d7-4e30-40f9-8041-f9289fc67150" testId="26f83e64-303d-c640-75bf-078c99e834b7" testName="Should_fail_when_allergen_is_too_long" computerName="MacBook-Air-som-tillhor-Johanna" duration="00:00:00.0005680" startTime="2025-04-27T20:26:28.4827430+02:00" endTime="2025-04-27T20:26:28.4833110+02:00" testType="13cdc9d9-ddb5-4fa4-a97d-d965ccfc6d4b" outcome="Passed" testListId="8c84fa94-04c1-424b-9868-57a2d4851a1d" relativeResultsDirectory="fcf8f5d7-4e30-40f9-8041-f9289fc67150" />
    <UnitTestResult executionId="a9565ffd-20dc-496f-adb2-8568f704afcd" testId="1e8dac91-adc7-cd6c-43f3-bcb66cee8640" testName="Should_have_error_when_Allergen_is_too_long" computerName="MacBook-Air-som-tillhor-Johanna" duration="00:00:00.0009250" startTime="2025-04-27T20:26:28.4277510+02:00" endTime="2025-04-27T20:26:28.4286760+02:00" testType="13cdc9d9-ddb5-4fa4-a97d-d965ccfc6d4b" outcome="Passed" testListId="8c84fa94-04c1-424b-9868-57a2d4851a1d" relativeResultsDirectory="a9565ffd-20dc-496f-adb2-8568f704afcd" />
    <UnitTestResult executionId="374c3fcc-906a-4d6c-bcd9-fe0dabdecee6" testId="856cc9b7-d90e-0919-12ec-4f8fa669c84f" testName="Handle_should_add_food_preference_when_valid" computerName="MacBook-Air-som-tillhor-Johanna" duration="00:00:00.0095370" startTime="2025-04-27T20:26:28.4394540+02:00" endTime="2025-04-27T20:26:28.4489920+02:00" testType="13cdc9d9-ddb5-4fa4-a97d-d965ccfc6d4b" outcome="Passed" testListId="8c84fa94-04c1-424b-9868-57a2d4851a1d" relativeResultsDirectory="374c3fcc-906a-4d6c-bcd9-fe0dabdecee6" />
    <UnitTestResult executionId="a9403f4e-aa7e-452f-861d-876ab7b68780" testId="188c4182-265c-bf33-a0b1-abe58d6f8f0c" testName="Handle_should_remove_safe_food" computerName="MacBook-Air-som-tillhor-Johanna" duration="00:00:00.0031390" startTime="2025-04-27T20:26:28.4862350+02:00" endTime="2025-04-27T20:26:28.4893730+02:00" testType="13cdc9d9-ddb5-4fa4-a97d-d965ccfc6d4b" outcome="Passed" testListId="8c84fa94-04c1-424b-9868-57a2d4851a1d" relativeResultsDirectory="a9403f4e-aa7e-452f-861d-876ab7b68780" />
    <UnitTestResult executionId="8b9de684-30ab-4107-8553-af7f19b131fb" testId="ea22dfce-8112-3399-5531-f9750561f723" testName="Should_have_error_when_Status_is_empty" computerName="MacBook-Air-som-tillhor-Johanna" duration="00:00:00.0002540" startTime="2025-04-27T20:26:28.4689990+02:00" endTime="2025-04-27T20:26:28.4692520+02:00" testType="13cdc9d9-ddb5-4fa4-a97d-d965ccfc6d4b" outcome="Passed" testListId="8c84fa94-04c1-424b-9868-57a2d4851a1d" relativeResultsDirectory="8b9de684-30ab-4107-8553-af7f19b131fb" />
    <UnitTestResult executionId="937f7e3d-7e67-433c-a6af-115e311b28e9" testId="c31cfec0-ec05-2764-8a49-4865b5a1ece6" testName="Validate_should_fail_when_FoodItem_exceeds_max_length" computerName="MacBook-Air-som-tillhor-Johanna" duration="00:00:00.0002500" startTime="2025-04-27T20:26:28.4930050+02:00" endTime="2025-04-27T20:26:28.4932550+02:00" testType="13cdc9d9-ddb5-4fa4-a97d-d965ccfc6d4b" outcome="Passed" testListId="8c84fa94-04c1-424b-9868-57a2d4851a1d" relativeResultsDirectory="937f7e3d-7e67-433c-a6af-115e311b28e9" />
    <UnitTestResult executionId="cf55ed2f-edd8-465b-8501-b3059f65da07" testId="e2d15ff8-6ea1-dcab-a5fc-0ba2c4d7bc98" testName="Validate_should_fail_when_FoodItem_exceeds_max_length" computerName="MacBook-Air-som-tillhor-Johanna" duration="00:00:00.0002760" startTime="2025-04-27T20:26:28.4794750+02:00" endTime="2025-04-27T20:26:28.4797510+02:00" testType="13cdc9d9-ddb5-4fa4-a97d-d965ccfc6d4b" outcome="Passed" testListId="8c84fa94-04c1-424b-9868-57a2d4851a1d" relativeResultsDirectory="cf55ed2f-edd8-465b-8501-b3059f65da07" />
    <UnitTestResult executionId="3bb56b5d-63fd-44c2-a1be-05188ad40159" testId="b2d3380c-1364-8977-ff46-82700fd12d06" testName="Should_not_have_error_when_command_is_valid" computerName="MacBook-Air-som-tillhor-Johanna" duration="00:00:00.0009330" startTime="2025-04-27T20:26:28.4695910+02:00" endTime="2025-04-27T20:26:28.4705240+02:00" testType="13cdc9d9-ddb5-4fa4-a97d-d965ccfc6d4b" outcome="Passed" testListId="8c84fa94-04c1-424b-9868-57a2d4851a1d" relativeResultsDirectory="3bb56b5d-63fd-44c2-a1be-05188ad40159" />
    <UnitTestResult executionId="31eba1ac-0abd-42d6-a718-733666f2ef27" testId="09cb8dbf-e956-7ee2-9fb5-d890bb43589e" testName="Validate_should_fail_when_FamilyMemberId_is_empty" computerName="MacBook-Air-som-tillhor-Johanna" duration="00:00:00.0011080" startTime="2025-04-27T20:26:28.4918780+02:00" endTime="2025-04-27T20:26:28.4929860+02:00" testType="13cdc9d9-ddb5-4fa4-a97d-d965ccfc6d4b" outcome="Passed" testListId="8c84fa94-04c1-424b-9868-57a2d4851a1d" relativeResultsDirectory="31eba1ac-0abd-42d6-a718-733666f2ef27" />
    <UnitTestResult executionId="5dc2cd3b-b66c-4a67-8f67-63473b3f691d" testId="fcc27b01-2330-77f0-d343-1496d2cad809" testName="Constructor_should_set_food_item_and_generate_id" computerName="MacBook-Air-som-tillhor-Johanna" duration="00:00:00.0008230" startTime="2025-04-27T20:26:28.4957780+02:00" endTime="2025-04-27T20:26:28.4966010+02:00" testType="13cdc9d9-ddb5-4fa4-a97d-d965ccfc6d4b" outcome="Passed" testListId="8c84fa94-04c1-424b-9868-57a2d4851a1d" relativeResultsDirectory="5dc2cd3b-b66c-4a67-8f67-63473b3f691d" />
    <UnitTestResult executionId="a10c0e54-6682-4a5a-bafc-5d70bff8adcc" testId="afa15efe-7299-c507-2d0a-61402b44ac78" testName="Two_safe_foods_with_same_food_item_should_not_be_equal_by_reference" computerName="MacBook-Air-som-tillhor-Johanna" duration="00:00:00.0002010" startTime="2025-04-27T20:26:28.4966110+02:00" endTime="2025-04-27T20:26:28.4968120+02:00" testType="13cdc9d9-ddb5-4fa4-a97d-d965ccfc6d4b" outcome="Passed" testListId="8c84fa94-04c1-424b-9868-57a2d4851a1d" relativeResultsDirectory="a10c0e54-6682-4a5a-bafc-5d70bff8adcc" />
    <UnitTestResult executionId="7926806c-b330-4045-991a-4a89a76290ef" testId="2bcf1bb7-f69d-8be9-0f36-486489760bd9" testName="RemoveSafeFood_should_do_nothing_if_food_not_present" computerName="MacBook-Air-som-tillhor-Johanna" duration="00:00:00.0002260" startTime="2025-04-27T20:26:28.4950550+02:00" endTime="2025-04-27T20:26:28.4952810+02:00" testType="13cdc9d9-ddb5-4fa4-a97d-d965ccfc6d4b" outcome="Passed" testListId="8c84fa94-04c1-424b-9868-57a2d4851a1d" relativeResultsDirectory="7926806c-b330-4045-991a-4a89a76290ef" />
    <UnitTestResult executionId="4de1614d-13d7-4cdc-a10e-f0bd9ddf752b" testId="6de92e87-2346-0473-f331-1879f17585d0" testName="Validate_should_fail_when_FamilyMemberId_is_empty" computerName="MacBook-Air-som-tillhor-Johanna" duration="00:00:00.0011780" startTime="2025-04-27T20:26:28.4782260+02:00" endTime="2025-04-27T20:26:28.4794040+02:00" testType="13cdc9d9-ddb5-4fa4-a97d-d965ccfc6d4b" outcome="Passed" testListId="8c84fa94-04c1-424b-9868-57a2d4851a1d" relativeResultsDirectory="4de1614d-13d7-4cdc-a10e-f0bd9ddf752b" />
    <UnitTestResult executionId="ac0e5247-66d8-416b-83a5-e90358699741" testId="4c9c2c45-3c91-ccd7-ef0a-83ecd8b92ddd" testName="Validate_should_fail_when_FoodItem_is_empty" computerName="MacBook-Air-som-tillhor-Johanna" duration="00:00:00.0006110" startTime="2025-04-27T20:26:28.4932710+02:00" endTime="2025-04-27T20:26:28.4938830+02:00" testType="13cdc9d9-ddb5-4fa4-a97d-d965ccfc6d4b" outcome="Passed" testListId="8c84fa94-04c1-424b-9868-57a2d4851a1d" relativeResultsDirectory="ac0e5247-66d8-416b-83a5-e90358699741" />
    <UnitTestResult executionId="17128b42-0fa8-4beb-9634-272870e8f3ff" testId="98d67516-1491-d09f-9712-76e4b571ed2f" testName="Handle_should_throw_NotFoundException_if_safe_food_not_found" computerName="MacBook-Air-som-tillhor-Johanna" duration="00:00:00.0011060" startTime="2025-04-27T20:26:28.4906580+02:00" endTime="2025-04-27T20:26:28.4917640+02:00" testType="13cdc9d9-ddb5-4fa4-a97d-d965ccfc6d4b" outcome="Passed" testListId="8c84fa94-04c1-424b-9868-57a2d4851a1d" relativeResultsDirectory="17128b42-0fa8-4beb-9634-272870e8f3ff" />
    <UnitTestResult executionId="23441112-c502-4673-bb27-98cdc174c729" testId="6a41ad57-a9d9-027a-f28a-c7e19937056e" testName="Should_have_error_when_Status_is_invalid" computerName="MacBook-Air-som-tillhor-Johanna" duration="00:00:00.0002620" startTime="2025-04-27T20:26:28.4692940+02:00" endTime="2025-04-27T20:26:28.4695560+02:00" testType="13cdc9d9-ddb5-4fa4-a97d-d965ccfc6d4b" outcome="Passed" testListId="8c84fa94-04c1-424b-9868-57a2d4851a1d" relativeResultsDirectory="23441112-c502-4673-bb27-98cdc174c729" />
    <UnitTestResult executionId="755232f2-cc14-4b22-96a0-a7c197938223" testId="57c2bd76-bf73-765f-37f7-fc61c53c746d" testName="AddSafeFood_should_not_add_duplicate_safe_food" computerName="MacBook-Air-som-tillhor-Johanna" duration="00:00:00.0005010" startTime="2025-04-27T20:26:28.4945400+02:00" endTime="2025-04-27T20:26:28.4950410+02:00" testType="13cdc9d9-ddb5-4fa4-a97d-d965ccfc6d4b" outcome="Passed" testListId="8c84fa94-04c1-424b-9868-57a2d4851a1d" relativeResultsDirectory="755232f2-cc14-4b22-96a0-a7c197938223" />
    <UnitTestResult executionId="063e1379-0f52-4d5e-949f-2efbc0adbdbf" testId="c27300db-78d1-1080-5a72-4f5b9ca67795" testName="RemoveSafeFood_should_remove_existing_safe_food" computerName="MacBook-Air-som-tillhor-Johanna" duration="00:00:00.0003770" startTime="2025-04-27T20:26:28.4952920+02:00" endTime="2025-04-27T20:26:28.4956690+02:00" testType="13cdc9d9-ddb5-4fa4-a97d-d965ccfc6d4b" outcome="Passed" testListId="8c84fa94-04c1-424b-9868-57a2d4851a1d" relativeResultsDirectory="063e1379-0f52-4d5e-949f-2efbc0adbdbf" />
    <UnitTestResult executionId="58b13fc1-30b5-4e22-9136-d0f0f4dc054a" testId="573cf9e1-7c3b-b8e6-b229-6a11c6e8c0cd" testName="Validate_should_succeed_when_command_is_valid" computerName="MacBook-Air-som-tillhor-Johanna" duration="00:00:00.0007580" startTime="2025-04-27T20:26:28.4800530+02:00" endTime="2025-04-27T20:26:28.4808110+02:00" testType="13cdc9d9-ddb5-4fa4-a97d-d965ccfc6d4b" outcome="Passed" testListId="8c84fa94-04c1-424b-9868-57a2d4851a1d" relativeResultsDirectory="58b13fc1-30b5-4e22-9136-d0f0f4dc054a" />
    <UnitTestResult executionId="c5bc8de6-e825-4d78-891e-ec1753c54416" testId="dbc1f4d5-c373-afce-c9f5-2035d36d22d4" testName="Handle_should_not_add_duplicate_safe_food" computerName="MacBook-Air-som-tillhor-Johanna" duration="00:00:00.0010280" startTime="2025-04-27T20:26:28.4758280+02:00" endTime="2025-04-27T20:26:28.4768560+02:00" testType="13cdc9d9-ddb5-4fa4-a97d-d965ccfc6d4b" outcome="Passed" testListId="8c84fa94-04c1-424b-9868-57a2d4851a1d" relativeResultsDirectory="c5bc8de6-e825-4d78-891e-ec1753c54416" />
    <UnitTestResult executionId="f740981f-fb04-4725-842b-3eb961d2c12d" testId="b5b10794-e19f-0f3e-4c04-62a9ecf5a042" testName="Validate_should_succeed_when_command_is_valid" computerName="MacBook-Air-som-tillhor-Johanna" duration="00:00:00.0001590" startTime="2025-04-27T20:26:28.4938980+02:00" endTime="2025-04-27T20:26:28.4940570+02:00" testType="13cdc9d9-ddb5-4fa4-a97d-d965ccfc6d4b" outcome="Passed" testListId="8c84fa94-04c1-424b-9868-57a2d4851a1d" relativeResultsDirectory="f740981f-fb04-4725-842b-3eb961d2c12d" />
    <UnitTestResult executionId="5a647791-0404-499c-87c8-9c5b59d23389" testId="fd67e436-0a5c-522c-2a8b-59c6e32a50f0" testName="Should_fail_when_family_member_does_not_exist" computerName="MacBook-Air-som-tillhor-Johanna" duration="00:00:00.0007270" startTime="2025-04-27T20:26:28.4843140+02:00" endTime="2025-04-27T20:26:28.4850420+02:00" testType="13cdc9d9-ddb5-4fa4-a97d-d965ccfc6d4b" outcome="Passed" testListId="8c84fa94-04c1-424b-9868-57a2d4851a1d" relativeResultsDirectory="5a647791-0404-499c-87c8-9c5b59d23389" />
    <UnitTestResult executionId="e9795af0-908c-4917-a584-99aafa2d8697" testId="b1a5e127-f3f5-5f50-05d1-fae703890a32" testName="Should_have_error_when_FoodItem_is_too_long" computerName="MacBook-Air-som-tillhor-Johanna" duration="00:00:00.0003110" startTime="2025-04-27T20:26:28.4686430+02:00" endTime="2025-04-27T20:26:28.4689550+02:00" testType="13cdc9d9-ddb5-4fa4-a97d-d965ccfc6d4b" outcome="Passed" testListId="8c84fa94-04c1-424b-9868-57a2d4851a1d" relativeResultsDirectory="e9795af0-908c-4917-a584-99aafa2d8697" />
    <UnitTestResult executionId="e758dfcd-2485-49d1-8073-a9dcbb554691" testId="15a141bb-756f-85c0-bd0c-289b7adbda9c" testName="Handle_should_add_new_safe_food" computerName="MacBook-Air-som-tillhor-Johanna" duration="00:00:00.0049550" startTime="2025-04-27T20:26:28.4708530+02:00" endTime="2025-04-27T20:26:28.4758080+02:00" testType="13cdc9d9-ddb5-4fa4-a97d-d965ccfc6d4b" outcome="Passed" testListId="8c84fa94-04c1-424b-9868-57a2d4851a1d" relativeResultsDirectory="e758dfcd-2485-49d1-8073-a9dcbb554691" />
    <UnitTestResult executionId="b7540f7a-f0a3-43cb-bbd4-70e1c322b11d" testId="86d56bd3-d35b-1bf0-05b5-e499b31df05c" testName="Should_have_error_when_FamilyMemberId_is_empty" computerName="MacBook-Air-som-tillhor-Johanna" duration="00:00:00.0004550" startTime="2025-04-27T20:26:28.4629510+02:00" endTime="2025-04-27T20:26:28.4634060+02:00" testType="13cdc9d9-ddb5-4fa4-a97d-d965ccfc6d4b" outcome="Passed" testListId="8c84fa94-04c1-424b-9868-57a2d4851a1d" relativeResultsDirectory="b7540f7a-f0a3-43cb-bbd4-70e1c322b11d" />
    <UnitTestResult executionId="63944461-f22e-479d-88c4-7bcef431032d" testId="935d956b-efab-b801-df2a-dd03507c5a17" testName="Should_have_error_when_Severity_is_invalid" computerName="MacBook-Air-som-tillhor-Johanna" duration="00:00:00.0002790" startTime="2025-04-27T20:26:28.4365720+02:00" endTime="2025-04-27T20:26:28.4368510+02:00" testType="13cdc9d9-ddb5-4fa4-a97d-d965ccfc6d4b" outcome="Passed" testListId="8c84fa94-04c1-424b-9868-57a2d4851a1d" relativeResultsDirectory="63944461-f22e-479d-88c4-7bcef431032d" />
    <UnitTestResult executionId="deb93869-cc2a-4da5-8a5f-caad08870912" testId="eea70b5d-cb2a-f16c-363c-018b6dfdf662" testName="Should_pass_when_all_fields_are_valid" computerName="MacBook-Air-som-tillhor-Johanna" duration="00:00:00.0006720" startTime="2025-04-27T20:26:28.4854580+02:00" endTime="2025-04-27T20:26:28.4861300+02:00" testType="13cdc9d9-ddb5-4fa4-a97d-d965ccfc6d4b" outcome="Passed" testListId="8c84fa94-04c1-424b-9868-57a2d4851a1d" relativeResultsDirectory="deb93869-cc2a-4da5-8a5f-caad08870912" />
    <UnitTestResult executionId="0fba39e2-c5b9-4a4d-8e97-ce8f33ce844b" testId="88d93213-9775-b228-5ba1-b38c66ed40db" testName="Handle_should_throw_NotFoundException_when_family_member_not_found" computerName="MacBook-Air-som-tillhor-Johanna" duration="00:00:00.0035440" startTime="2025-04-27T20:26:28.4490170+02:00" endTime="2025-04-27T20:26:28.4525600+02:00" testType="13cdc9d9-ddb5-4fa4-a97d-d965ccfc6d4b" outcome="Passed" testListId="8c84fa94-04c1-424b-9868-57a2d4851a1d" relativeResultsDirectory="0fba39e2-c5b9-4a4d-8e97-ce8f33ce844b" />
    <UnitTestResult executionId="15b160b2-7491-487c-ba04-76f04c1dbd1e" testId="d3ef9a63-8ed4-1e01-9703-756182b98529" testName="Validate_should_fail_when_FoodItem_is_empty" computerName="MacBook-Air-som-tillhor-Johanna" duration="00:00:00.0002360" startTime="2025-04-27T20:26:28.4797880+02:00" endTime="2025-04-27T20:26:28.4800230+02:00" testType="13cdc9d9-ddb5-4fa4-a97d-d965ccfc6d4b" outcome="Passed" testListId="8c84fa94-04c1-424b-9868-57a2d4851a1d" relativeResultsDirectory="15b160b2-7491-487c-ba04-76f04c1dbd1e" />
  </Results>
  <TestDefinitions>
    <UnitTest name="Handle_should_throw_NotFoundException_if_member_not_found" storage="/users/johannahulten/documents/lifeorbit/server/yellowhousestudio.lifeorbit.tests.unit/bin/debug/net8.0/yellowhousestudio.lifeorbit.tests.unit.dll" id="0653866c-502d-15b5-8864-a7973b3084d2">
      <Execution id="c0e360a9-3a8e-4d08-8ba6-e3075a05ed8a" />
      <TestMethod codeBase="/Users/johannahulten/Documents/LifeOrbit/server/YellowHouseStudio.LifeOrbit.Tests.Unit/bin/Debug/net8.0/YellowHouseStudio.LifeOrbit.Tests.Unit.dll" adapterTypeName="executor://nunit3testexecutor/" className="YellowHouseStudio.LifeOrbit.Tests.Unit.Application.Family.RemoveSafeFood.RemoveSafeFoodCommandHandlerTests" name="Handle_should_throw_NotFoundException_if_member_not_found" />
    </UnitTest>
    <UnitTest name="Should_have_error_when_FamilyMemberId_is_empty" storage="/users/johannahulten/documents/lifeorbit/server/yellowhousestudio.lifeorbit.tests.unit/bin/debug/net8.0/yellowhousestudio.lifeorbit.tests.unit.dll" id="c99d0e69-93f4-7363-41f9-f8afc18ef297">
      <Execution id="ae41d561-436a-41cb-a97f-880d1a674f8c" />
      <TestMethod codeBase="/Users/johannahulten/Documents/LifeOrbit/server/YellowHouseStudio.LifeOrbit.Tests.Unit/bin/Debug/net8.0/YellowHouseStudio.LifeOrbit.Tests.Unit.dll" adapterTypeName="executor://nunit3testexecutor/" className="YellowHouseStudio.LifeOrbit.Tests.Unit.Application.Family.AddAllergy.AddAllergyCommandValidatorTests" name="Should_have_error_when_FamilyMemberId_is_empty" />
    </UnitTest>
    <UnitTest name="Should_have_error_when_FoodItem_is_too_long" storage="/users/johannahulten/documents/lifeorbit/server/yellowhousestudio.lifeorbit.tests.unit/bin/debug/net8.0/yellowhousestudio.lifeorbit.tests.unit.dll" id="b1a5e127-f3f5-5f50-05d1-fae703890a32">
      <Execution id="e9795af0-908c-4917-a584-99aafa2d8697" />
      <TestMethod codeBase="/Users/johannahulten/Documents/LifeOrbit/server/YellowHouseStudio.LifeOrbit.Tests.Unit/bin/Debug/net8.0/YellowHouseStudio.LifeOrbit.Tests.Unit.dll" adapterTypeName="executor://nunit3testexecutor/" className="YellowHouseStudio.LifeOrbit.Tests.Unit.Application.Family.AddFoodPreference.AddFoodPreferenceCommandValidatorTests" name="Should_have_error_when_FoodItem_is_too_long" />
    </UnitTest>
    <UnitTest name="Handle_should_add_new_safe_food" storage="/users/johannahulten/documents/lifeorbit/server/yellowhousestudio.lifeorbit.tests.unit/bin/debug/net8.0/yellowhousestudio.lifeorbit.tests.unit.dll" id="15a141bb-756f-85c0-bd0c-289b7adbda9c">
      <Execution id="e758dfcd-2485-49d1-8073-a9dcbb554691" />
      <TestMethod codeBase="/Users/johannahulten/Documents/LifeOrbit/server/YellowHouseStudio.LifeOrbit.Tests.Unit/bin/Debug/net8.0/YellowHouseStudio.LifeOrbit.Tests.Unit.dll" adapterTypeName="executor://nunit3testexecutor/" className="YellowHouseStudio.LifeOrbit.Tests.Unit.Application.Family.AddSafeFood.AddSafeFoodCommandHandlerTests" name="Handle_should_add_new_safe_food" />
    </UnitTest>
    <UnitTest name="Handle_should_remove_safe_food" storage="/users/johannahulten/documents/lifeorbit/server/yellowhousestudio.lifeorbit.tests.unit/bin/debug/net8.0/yellowhousestudio.lifeorbit.tests.unit.dll" id="188c4182-265c-bf33-a0b1-abe58d6f8f0c">
      <Execution id="a9403f4e-aa7e-452f-861d-876ab7b68780" />
      <TestMethod codeBase="/Users/johannahulten/Documents/LifeOrbit/server/YellowHouseStudio.LifeOrbit.Tests.Unit/bin/Debug/net8.0/YellowHouseStudio.LifeOrbit.Tests.Unit.dll" adapterTypeName="executor://nunit3testexecutor/" className="YellowHouseStudio.LifeOrbit.Tests.Unit.Application.Family.RemoveSafeFood.RemoveSafeFoodCommandHandlerTests" name="Handle_should_remove_safe_food" />
    </UnitTest>
    <UnitTest name="Should_have_error_when_Severity_is_empty" storage="/users/johannahulten/documents/lifeorbit/server/yellowhousestudio.lifeorbit.tests.unit/bin/debug/net8.0/yellowhousestudio.lifeorbit.tests.unit.dll" id="103b07aa-4ecf-a016-1f59-91c9355c40a3">
      <Execution id="d7202e0f-ec9a-4628-ad69-9c2a27469a47" />
      <TestMethod codeBase="/Users/johannahulten/Documents/LifeOrbit/server/YellowHouseStudio.LifeOrbit.Tests.Unit/bin/Debug/net8.0/YellowHouseStudio.LifeOrbit.Tests.Unit.dll" adapterTypeName="executor://nunit3testexecutor/" className="YellowHouseStudio.LifeOrbit.Tests.Unit.Application.Family.AddAllergy.AddAllergyCommandValidatorTests" name="Should_have_error_when_Severity_is_empty" />
    </UnitTest>
    <UnitTest name="Two_safe_foods_with_same_food_item_should_not_be_equal_by_reference" storage="/users/johannahulten/documents/lifeorbit/server/yellowhousestudio.lifeorbit.tests.unit/bin/debug/net8.0/yellowhousestudio.lifeorbit.tests.unit.dll" id="afa15efe-7299-c507-2d0a-61402b44ac78">
      <Execution id="a10c0e54-6682-4a5a-bafc-5d70bff8adcc" />
      <TestMethod codeBase="/Users/johannahulten/Documents/LifeOrbit/server/YellowHouseStudio.LifeOrbit.Tests.Unit/bin/Debug/net8.0/YellowHouseStudio.LifeOrbit.Tests.Unit.dll" adapterTypeName="executor://nunit3testexecutor/" className="YellowHouseStudio.LifeOrbit.Tests.Unit.Domain.Family.SafeFoodTests" name="Two_safe_foods_with_same_food_item_should_not_be_equal_by_reference" />
    </UnitTest>
    <UnitTest name="Should_fail_when_family_member_does_not_exist" storage="/users/johannahulten/documents/lifeorbit/server/yellowhousestudio.lifeorbit.tests.unit/bin/debug/net8.0/yellowhousestudio.lifeorbit.tests.unit.dll" id="fd67e436-0a5c-522c-2a8b-59c6e32a50f0">
      <Execution id="5a647791-0404-499c-87c8-9c5b59d23389" />
      <TestMethod codeBase="/Users/johannahulten/Documents/LifeOrbit/server/YellowHouseStudio.LifeOrbit.Tests.Unit/bin/Debug/net8.0/YellowHouseStudio.LifeOrbit.Tests.Unit.dll" adapterTypeName="executor://nunit3testexecutor/" className="YellowHouseStudio.LifeOrbit.Tests.Unit.Application.Family.RemoveAllergy.RemoveAllergyCommandValidatorTests" name="Should_fail_when_family_member_does_not_exist" />
    </UnitTest>
    <UnitTest name="Should_fail_when_family_member_id_is_empty" storage="/users/johannahulten/documents/lifeorbit/server/yellowhousestudio.lifeorbit.tests.unit/bin/debug/net8.0/yellowhousestudio.lifeorbit.tests.unit.dll" id="16b76c81-6314-5b65-408d-89c0be2db1ac">
      <Execution id="5790d9c4-fe72-4646-9336-ca1bcfc12c78" />
      <TestMethod codeBase="/Users/johannahulten/Documents/LifeOrbit/server/YellowHouseStudio.LifeOrbit.Tests.Unit/bin/Debug/net8.0/YellowHouseStudio.LifeOrbit.Tests.Unit.dll" adapterTypeName="executor://nunit3testexecutor/" className="YellowHouseStudio.LifeOrbit.Tests.Unit.Application.Family.RemoveAllergy.RemoveAllergyCommandValidatorTests" name="Should_fail_when_family_member_id_is_empty" />
    </UnitTest>
    <UnitTest name="Handle_should_add_food_preference_when_valid" storage="/users/johannahulten/documents/lifeorbit/server/yellowhousestudio.lifeorbit.tests.unit/bin/debug/net8.0/yellowhousestudio.lifeorbit.tests.unit.dll" id="856cc9b7-d90e-0919-12ec-4f8fa669c84f">
      <Execution id="374c3fcc-906a-4d6c-bcd9-fe0dabdecee6" />
      <TestMethod codeBase="/Users/johannahulten/Documents/LifeOrbit/server/YellowHouseStudio.LifeOrbit.Tests.Unit/bin/Debug/net8.0/YellowHouseStudio.LifeOrbit.Tests.Unit.dll" adapterTypeName="executor://nunit3testexecutor/" className="YellowHouseStudio.LifeOrbit.Tests.Unit.Application.Family.AddFoodPreference.AddFoodPreferenceCommandHandlerTests" name="Handle_should_add_food_preference_when_valid" />
    </UnitTest>
    <UnitTest name="Should_have_error_when_family_member_not_found" storage="/users/johannahulten/documents/lifeorbit/server/yellowhousestudio.lifeorbit.tests.unit/bin/debug/net8.0/yellowhousestudio.lifeorbit.tests.unit.dll" id="f908793a-02e4-14da-dd1f-b81d5d49a982">
      <Execution id="117cd425-0fc0-48ee-b763-8e518609898c" />
      <TestMethod codeBase="/Users/johannahulten/Documents/LifeOrbit/server/YellowHouseStudio.LifeOrbit.Tests.Unit/bin/Debug/net8.0/YellowHouseStudio.LifeOrbit.Tests.Unit.dll" adapterTypeName="executor://nunit3testexecutor/" className="YellowHouseStudio.LifeOrbit.Tests.Unit.Application.Family.AddFoodPreference.AddFoodPreferenceCommandValidatorTests" name="Should_have_error_when_family_member_not_found" />
    </UnitTest>
    <UnitTest name="Should_have_error_when_family_member_not_found" storage="/users/johannahulten/documents/lifeorbit/server/yellowhousestudio.lifeorbit.tests.unit/bin/debug/net8.0/yellowhousestudio.lifeorbit.tests.unit.dll" id="a20d17f0-5752-e211-49bb-cbff74c48a50">
      <Execution id="ae32bdbf-786c-4e9c-b5c3-116f108ec637" />
      <TestMethod codeBase="/Users/johannahulten/Documents/LifeOrbit/server/YellowHouseStudio.LifeOrbit.Tests.Unit/bin/Debug/net8.0/YellowHouseStudio.LifeOrbit.Tests.Unit.dll" adapterTypeName="executor://nunit3testexecutor/" className="YellowHouseStudio.LifeOrbit.Tests.Unit.Application.Family.AddAllergy.AddAllergyCommandValidatorTests" name="Should_have_error_when_family_member_not_found" />
    </UnitTest>
    <UnitTest name="Should_have_error_when_Status_is_empty" storage="/users/johannahulten/documents/lifeorbit/server/yellowhousestudio.lifeorbit.tests.unit/bin/debug/net8.0/yellowhousestudio.lifeorbit.tests.unit.dll" id="ea22dfce-8112-3399-5531-f9750561f723">
      <Execution id="8b9de684-30ab-4107-8553-af7f19b131fb" />
      <TestMethod codeBase="/Users/johannahulten/Documents/LifeOrbit/server/YellowHouseStudio.LifeOrbit.Tests.Unit/bin/Debug/net8.0/YellowHouseStudio.LifeOrbit.Tests.Unit.dll" adapterTypeName="executor://nunit3testexecutor/" className="YellowHouseStudio.LifeOrbit.Tests.Unit.Application.Family.AddFoodPreference.AddFoodPreferenceCommandValidatorTests" name="Should_have_error_when_Status_is_empty" />
    </UnitTest>
    <UnitTest name="Should_fail_when_allergen_is_too_long" storage="/users/johannahulten/documents/lifeorbit/server/yellowhousestudio.lifeorbit.tests.unit/bin/debug/net8.0/yellowhousestudio.lifeorbit.tests.unit.dll" id="26f83e64-303d-c640-75bf-078c99e834b7">
      <Execution id="fcf8f5d7-4e30-40f9-8041-f9289fc67150" />
      <TestMethod codeBase="/Users/johannahulten/Documents/LifeOrbit/server/YellowHouseStudio.LifeOrbit.Tests.Unit/bin/Debug/net8.0/YellowHouseStudio.LifeOrbit.Tests.Unit.dll" adapterTypeName="executor://nunit3testexecutor/" className="YellowHouseStudio.LifeOrbit.Tests.Unit.Application.Family.RemoveAllergy.RemoveAllergyCommandValidatorTests" name="Should_fail_when_allergen_is_too_long" />
    </UnitTest>
    <UnitTest name="Validate_should_fail_when_FoodItem_exceeds_max_length" storage="/users/johannahulten/documents/lifeorbit/server/yellowhousestudio.lifeorbit.tests.unit/bin/debug/net8.0/yellowhousestudio.lifeorbit.tests.unit.dll" id="c31cfec0-ec05-2764-8a49-4865b5a1ece6">
      <Execution id="937f7e3d-7e67-433c-a6af-115e311b28e9" />
      <TestMethod codeBase="/Users/johannahulten/Documents/LifeOrbit/server/YellowHouseStudio.LifeOrbit.Tests.Unit/bin/Debug/net8.0/YellowHouseStudio.LifeOrbit.Tests.Unit.dll" adapterTypeName="executor://nunit3testexecutor/" className="YellowHouseStudio.LifeOrbit.Tests.Unit.Application.Family.RemoveSafeFood.RemoveSafeFoodCommandValidatorTests" name="Validate_should_fail_when_FoodItem_exceeds_max_length" />
    </UnitTest>
    <UnitTest name="Should_have_error_when_Allergen_is_too_long" storage="/users/johannahulten/documents/lifeorbit/server/yellowhousestudio.lifeorbit.tests.unit/bin/debug/net8.0/yellowhousestudio.lifeorbit.tests.unit.dll" id="1e8dac91-adc7-cd6c-43f3-bcb66cee8640">
      <Execution id="a9565ffd-20dc-496f-adb2-8568f704afcd" />
      <TestMethod codeBase="/Users/johannahulten/Documents/LifeOrbit/server/YellowHouseStudio.LifeOrbit.Tests.Unit/bin/Debug/net8.0/YellowHouseStudio.LifeOrbit.Tests.Unit.dll" adapterTypeName="executor://nunit3testexecutor/" className="YellowHouseStudio.LifeOrbit.Tests.Unit.Application.Family.AddAllergy.AddAllergyCommandValidatorTests" name="Should_have_error_when_Allergen_is_too_long" />
    </UnitTest>
    <UnitTest name="Validate_should_succeed_when_command_is_valid" storage="/users/johannahulten/documents/lifeorbit/server/yellowhousestudio.lifeorbit.tests.unit/bin/debug/net8.0/yellowhousestudio.lifeorbit.tests.unit.dll" id="573cf9e1-7c3b-b8e6-b229-6a11c6e8c0cd">
      <Execution id="58b13fc1-30b5-4e22-9136-d0f0f4dc054a" />
      <TestMethod codeBase="/Users/johannahulten/Documents/LifeOrbit/server/YellowHouseStudio.LifeOrbit.Tests.Unit/bin/Debug/net8.0/YellowHouseStudio.LifeOrbit.Tests.Unit.dll" adapterTypeName="executor://nunit3testexecutor/" className="YellowHouseStudio.LifeOrbit.Tests.Unit.Application.Family.AddSafeFood.AddSafeFoodCommandValidatorTests" name="Validate_should_succeed_when_command_is_valid" />
    </UnitTest>
    <UnitTest name="Should_not_have_error_when_command_is_valid" storage="/users/johannahulten/documents/lifeorbit/server/yellowhousestudio.lifeorbit.tests.unit/bin/debug/net8.0/yellowhousestudio.lifeorbit.tests.unit.dll" id="b2d3380c-1364-8977-ff46-82700fd12d06">
      <Execution id="3bb56b5d-63fd-44c2-a1be-05188ad40159" />
      <TestMethod codeBase="/Users/johannahulten/Documents/LifeOrbit/server/YellowHouseStudio.LifeOrbit.Tests.Unit/bin/Debug/net8.0/YellowHouseStudio.LifeOrbit.Tests.Unit.dll" adapterTypeName="executor://nunit3testexecutor/" className="YellowHouseStudio.LifeOrbit.Tests.Unit.Application.Family.AddFoodPreference.AddFoodPreferenceCommandValidatorTests" name="Should_not_have_error_when_command_is_valid" />
    </UnitTest>
    <UnitTest name="RemoveSafeFood_should_remove_existing_safe_food" storage="/users/johannahulten/documents/lifeorbit/server/yellowhousestudio.lifeorbit.tests.unit/bin/debug/net8.0/yellowhousestudio.lifeorbit.tests.unit.dll" id="c27300db-78d1-1080-5a72-4f5b9ca67795">
      <Execution id="063e1379-0f52-4d5e-949f-2efbc0adbdbf" />
      <TestMethod codeBase="/Users/johannahulten/Documents/LifeOrbit/server/YellowHouseStudio.LifeOrbit.Tests.Unit/bin/Debug/net8.0/YellowHouseStudio.LifeOrbit.Tests.Unit.dll" adapterTypeName="executor://nunit3testexecutor/" className="YellowHouseStudio.LifeOrbit.Tests.Unit.Domain.Family.FamilyMemberTests" name="RemoveSafeFood_should_remove_existing_safe_food" />
    </UnitTest>
    <UnitTest name="Handle_should_not_add_duplicate_safe_food" storage="/users/johannahulten/documents/lifeorbit/server/yellowhousestudio.lifeorbit.tests.unit/bin/debug/net8.0/yellowhousestudio.lifeorbit.tests.unit.dll" id="dbc1f4d5-c373-afce-c9f5-2035d36d22d4">
      <Execution id="c5bc8de6-e825-4d78-891e-ec1753c54416" />
      <TestMethod codeBase="/Users/johannahulten/Documents/LifeOrbit/server/YellowHouseStudio.LifeOrbit.Tests.Unit/bin/Debug/net8.0/YellowHouseStudio.LifeOrbit.Tests.Unit.dll" adapterTypeName="executor://nunit3testexecutor/" className="YellowHouseStudio.LifeOrbit.Tests.Unit.Application.Family.AddSafeFood.AddSafeFoodCommandHandlerTests" name="Handle_should_not_add_duplicate_safe_food" />
    </UnitTest>
    <UnitTest name="Validate_should_fail_when_FamilyMemberId_is_empty" storage="/users/johannahulten/documents/lifeorbit/server/yellowhousestudio.lifeorbit.tests.unit/bin/debug/net8.0/yellowhousestudio.lifeorbit.tests.unit.dll" id="09cb8dbf-e956-7ee2-9fb5-d890bb43589e">
      <Execution id="31eba1ac-0abd-42d6-a718-733666f2ef27" />
      <TestMethod codeBase="/Users/johannahulten/Documents/LifeOrbit/server/YellowHouseStudio.LifeOrbit.Tests.Unit/bin/Debug/net8.0/YellowHouseStudio.LifeOrbit.Tests.Unit.dll" adapterTypeName="executor://nunit3testexecutor/" className="YellowHouseStudio.LifeOrbit.Tests.Unit.Application.Family.RemoveSafeFood.RemoveSafeFoodCommandValidatorTests" name="Validate_should_fail_when_FamilyMemberId_is_empty" />
    </UnitTest>
    <UnitTest name="AddSafeFood_should_not_add_duplicate_safe_food" storage="/users/johannahulten/documents/lifeorbit/server/yellowhousestudio.lifeorbit.tests.unit/bin/debug/net8.0/yellowhousestudio.lifeorbit.tests.unit.dll" id="57c2bd76-bf73-765f-37f7-fc61c53c746d">
      <Execution id="755232f2-cc14-4b22-96a0-a7c197938223" />
      <TestMethod codeBase="/Users/johannahulten/Documents/LifeOrbit/server/YellowHouseStudio.LifeOrbit.Tests.Unit/bin/Debug/net8.0/YellowHouseStudio.LifeOrbit.Tests.Unit.dll" adapterTypeName="executor://nunit3testexecutor/" className="YellowHouseStudio.LifeOrbit.Tests.Unit.Domain.Family.FamilyMemberTests" name="AddSafeFood_should_not_add_duplicate_safe_food" />
    </UnitTest>
    <UnitTest name="Should_have_error_when_food_preference_already_exists" storage="/users/johannahulten/documents/lifeorbit/server/yellowhousestudio.lifeorbit.tests.unit/bin/debug/net8.0/yellowhousestudio.lifeorbit.tests.unit.dll" id="b0db387f-2e5d-7fdb-9155-ce0bcbf88c68">
      <Execution id="fb5850f2-349f-4f23-937f-4b9d5609e2cb" />
      <TestMethod codeBase="/Users/johannahulten/Documents/LifeOrbit/server/YellowHouseStudio.LifeOrbit.Tests.Unit/bin/Debug/net8.0/YellowHouseStudio.LifeOrbit.Tests.Unit.dll" adapterTypeName="executor://nunit3testexecutor/" className="YellowHouseStudio.LifeOrbit.Tests.Unit.Application.Family.AddFoodPreference.AddFoodPreferenceCommandValidatorTests" name="Should_have_error_when_food_preference_already_exists" />
    </UnitTest>
    <UnitTest name="Validate_should_succeed_when_command_is_valid" storage="/users/johannahulten/documents/lifeorbit/server/yellowhousestudio.lifeorbit.tests.unit/bin/debug/net8.0/yellowhousestudio.lifeorbit.tests.unit.dll" id="b5b10794-e19f-0f3e-4c04-62a9ecf5a042">
      <Execution id="f740981f-fb04-4725-842b-3eb961d2c12d" />
      <TestMethod codeBase="/Users/johannahulten/Documents/LifeOrbit/server/YellowHouseStudio.LifeOrbit.Tests.Unit/bin/Debug/net8.0/YellowHouseStudio.LifeOrbit.Tests.Unit.dll" adapterTypeName="executor://nunit3testexecutor/" className="YellowHouseStudio.LifeOrbit.Tests.Unit.Application.Family.RemoveSafeFood.RemoveSafeFoodCommandValidatorTests" name="Validate_should_succeed_when_command_is_valid" />
    </UnitTest>
    <UnitTest name="Should_have_error_when_Status_is_invalid" storage="/users/johannahulten/documents/lifeorbit/server/yellowhousestudio.lifeorbit.tests.unit/bin/debug/net8.0/yellowhousestudio.lifeorbit.tests.unit.dll" id="6a41ad57-a9d9-027a-f28a-c7e19937056e">
      <Execution id="23441112-c502-4673-bb27-98cdc174c729" />
      <TestMethod codeBase="/Users/johannahulten/Documents/LifeOrbit/server/YellowHouseStudio.LifeOrbit.Tests.Unit/bin/Debug/net8.0/YellowHouseStudio.LifeOrbit.Tests.Unit.dll" adapterTypeName="executor://nunit3testexecutor/" className="YellowHouseStudio.LifeOrbit.Tests.Unit.Application.Family.AddFoodPreference.AddFoodPreferenceCommandValidatorTests" name="Should_have_error_when_Status_is_invalid" />
    </UnitTest>
    <UnitTest name="Validate_should_fail_when_FoodItem_exceeds_max_length" storage="/users/johannahulten/documents/lifeorbit/server/yellowhousestudio.lifeorbit.tests.unit/bin/debug/net8.0/yellowhousestudio.lifeorbit.tests.unit.dll" id="e2d15ff8-6ea1-dcab-a5fc-0ba2c4d7bc98">
      <Execution id="cf55ed2f-edd8-465b-8501-b3059f65da07" />
      <TestMethod codeBase="/Users/johannahulten/Documents/LifeOrbit/server/YellowHouseStudio.LifeOrbit.Tests.Unit/bin/Debug/net8.0/YellowHouseStudio.LifeOrbit.Tests.Unit.dll" adapterTypeName="executor://nunit3testexecutor/" className="YellowHouseStudio.LifeOrbit.Tests.Unit.Application.Family.AddSafeFood.AddSafeFoodCommandValidatorTests" name="Validate_should_fail_when_FoodItem_exceeds_max_length" />
    </UnitTest>
    <UnitTest name="AddSafeFood_should_add_new_safe_food" storage="/users/johannahulten/documents/lifeorbit/server/yellowhousestudio.lifeorbit.tests.unit/bin/debug/net8.0/yellowhousestudio.lifeorbit.tests.unit.dll" id="111a7769-e0d8-3d84-474f-e66f8b3f7de7">
      <Execution id="59eb687f-f138-4397-8f27-cfb336fe3ec1" />
      <TestMethod codeBase="/Users/johannahulten/Documents/LifeOrbit/server/YellowHouseStudio.LifeOrbit.Tests.Unit/bin/Debug/net8.0/YellowHouseStudio.LifeOrbit.Tests.Unit.dll" adapterTypeName="executor://nunit3testexecutor/" className="YellowHouseStudio.LifeOrbit.Tests.Unit.Domain.Family.FamilyMemberTests" name="AddSafeFood_should_add_new_safe_food" />
    </UnitTest>
    <UnitTest name="Should_have_error_when_allergy_already_exists" storage="/users/johannahulten/documents/lifeorbit/server/yellowhousestudio.lifeorbit.tests.unit/bin/debug/net8.0/yellowhousestudio.lifeorbit.tests.unit.dll" id="2fa585af-a391-3ae2-c21a-66c7ef35a28c">
      <Execution id="cf024a85-d7fa-46f8-80c7-fd270a317c47" />
      <TestMethod codeBase="/Users/johannahulten/Documents/LifeOrbit/server/YellowHouseStudio.LifeOrbit.Tests.Unit/bin/Debug/net8.0/YellowHouseStudio.LifeOrbit.Tests.Unit.dll" adapterTypeName="executor://nunit3testexecutor/" className="YellowHouseStudio.LifeOrbit.Tests.Unit.Application.Family.AddAllergy.AddAllergyCommandValidatorTests" name="Should_have_error_when_allergy_already_exists" />
    </UnitTest>
    <UnitTest name="Handle_should_throw_NotFoundException_when_family_member_not_found" storage="/users/johannahulten/documents/lifeorbit/server/yellowhousestudio.lifeorbit.tests.unit/bin/debug/net8.0/yellowhousestudio.lifeorbit.tests.unit.dll" id="88d93213-9775-b228-5ba1-b38c66ed40db">
      <Execution id="0fba39e2-c5b9-4a4d-8e97-ce8f33ce844b" />
      <TestMethod codeBase="/Users/johannahulten/Documents/LifeOrbit/server/YellowHouseStudio.LifeOrbit.Tests.Unit/bin/Debug/net8.0/YellowHouseStudio.LifeOrbit.Tests.Unit.dll" adapterTypeName="executor://nunit3testexecutor/" className="YellowHouseStudio.LifeOrbit.Tests.Unit.Application.Family.AddFoodPreference.AddFoodPreferenceCommandHandlerTests" name="Handle_should_throw_NotFoundException_when_family_member_not_found" />
    </UnitTest>
    <UnitTest name="Constructor_should_set_food_item_and_generate_id" storage="/users/johannahulten/documents/lifeorbit/server/yellowhousestudio.lifeorbit.tests.unit/bin/debug/net8.0/yellowhousestudio.lifeorbit.tests.unit.dll" id="fcc27b01-2330-77f0-d343-1496d2cad809">
      <Execution id="5dc2cd3b-b66c-4a67-8f67-63473b3f691d" />
      <TestMethod codeBase="/Users/johannahulten/Documents/LifeOrbit/server/YellowHouseStudio.LifeOrbit.Tests.Unit/bin/Debug/net8.0/YellowHouseStudio.LifeOrbit.Tests.Unit.dll" adapterTypeName="executor://nunit3testexecutor/" className="YellowHouseStudio.LifeOrbit.Tests.Unit.Domain.Family.SafeFoodTests" name="Constructor_should_set_food_item_and_generate_id" />
    </UnitTest>
    <UnitTest name="Should_fail_when_allergen_is_empty" storage="/users/johannahulten/documents/lifeorbit/server/yellowhousestudio.lifeorbit.tests.unit/bin/debug/net8.0/yellowhousestudio.lifeorbit.tests.unit.dll" id="e4a0aef8-a95a-4a76-7ab8-473c97d21117">
      <Execution id="dad540f0-ea01-43d2-9a6f-436a9790ac5b" />
      <TestMethod codeBase="/Users/johannahulten/Documents/LifeOrbit/server/YellowHouseStudio.LifeOrbit.Tests.Unit/bin/Debug/net8.0/YellowHouseStudio.LifeOrbit.Tests.Unit.dll" adapterTypeName="executor://nunit3testexecutor/" className="YellowHouseStudio.LifeOrbit.Tests.Unit.Application.Family.RemoveAllergy.RemoveAllergyCommandValidatorTests" name="Should_fail_when_allergen_is_empty" />
    </UnitTest>
    <UnitTest name="Should_have_error_when_Allergen_is_empty" storage="/users/johannahulten/documents/lifeorbit/server/yellowhousestudio.lifeorbit.tests.unit/bin/debug/net8.0/yellowhousestudio.lifeorbit.tests.unit.dll" id="fe4c8a2e-b86b-2a3e-af57-2413e054bdd8">
      <Execution id="9ede07b4-5bee-40e1-8426-51cf3d6cbb3d" />
      <TestMethod codeBase="/Users/johannahulten/Documents/LifeOrbit/server/YellowHouseStudio.LifeOrbit.Tests.Unit/bin/Debug/net8.0/YellowHouseStudio.LifeOrbit.Tests.Unit.dll" adapterTypeName="executor://nunit3testexecutor/" className="YellowHouseStudio.LifeOrbit.Tests.Unit.Application.Family.AddAllergy.AddAllergyCommandValidatorTests" name="Should_have_error_when_Allergen_is_empty" />
    </UnitTest>
    <UnitTest name="Validate_should_fail_when_FoodItem_is_empty" storage="/users/johannahulten/documents/lifeorbit/server/yellowhousestudio.lifeorbit.tests.unit/bin/debug/net8.0/yellowhousestudio.lifeorbit.tests.unit.dll" id="4c9c2c45-3c91-ccd7-ef0a-83ecd8b92ddd">
      <Execution id="ac0e5247-66d8-416b-83a5-e90358699741" />
      <TestMethod codeBase="/Users/johannahulten/Documents/LifeOrbit/server/YellowHouseStudio.LifeOrbit.Tests.Unit/bin/Debug/net8.0/YellowHouseStudio.LifeOrbit.Tests.Unit.dll" adapterTypeName="executor://nunit3testexecutor/" className="YellowHouseStudio.LifeOrbit.Tests.Unit.Application.Family.RemoveSafeFood.RemoveSafeFoodCommandValidatorTests" name="Validate_should_fail_when_FoodItem_is_empty" />
    </UnitTest>
    <UnitTest name="Should_not_have_error_when_command_is_valid" storage="/users/johannahulten/documents/lifeorbit/server/yellowhousestudio.lifeorbit.tests.unit/bin/debug/net8.0/yellowhousestudio.lifeorbit.tests.unit.dll" id="1d6a2b08-1373-6de4-0ac6-1a39d973da8d">
      <Execution id="2f5ad96b-b68f-46a8-bc4c-740e3d0345e4" />
      <TestMethod codeBase="/Users/johannahulten/Documents/LifeOrbit/server/YellowHouseStudio.LifeOrbit.Tests.Unit/bin/Debug/net8.0/YellowHouseStudio.LifeOrbit.Tests.Unit.dll" adapterTypeName="executor://nunit3testexecutor/" className="YellowHouseStudio.LifeOrbit.Tests.Unit.Application.Family.AddAllergy.AddAllergyCommandValidatorTests" name="Should_not_have_error_when_command_is_valid" />
    </UnitTest>
    <UnitTest name="SafeFoods_should_be_empty_by_default" storage="/users/johannahulten/documents/lifeorbit/server/yellowhousestudio.lifeorbit.tests.unit/bin/debug/net8.0/yellowhousestudio.lifeorbit.tests.unit.dll" id="ddbf6456-d694-6595-fb69-f3e9e49e3a83">
      <Execution id="bee39574-edf0-4266-a193-c4cb921f456f" />
      <TestMethod codeBase="/Users/johannahulten/Documents/LifeOrbit/server/YellowHouseStudio.LifeOrbit.Tests.Unit/bin/Debug/net8.0/YellowHouseStudio.LifeOrbit.Tests.Unit.dll" adapterTypeName="executor://nunit3testexecutor/" className="YellowHouseStudio.LifeOrbit.Tests.Unit.Domain.Family.FamilyMemberTests" name="SafeFoods_should_be_empty_by_default" />
    </UnitTest>
    <UnitTest name="RemoveSafeFood_should_do_nothing_if_food_not_present" storage="/users/johannahulten/documents/lifeorbit/server/yellowhousestudio.lifeorbit.tests.unit/bin/debug/net8.0/yellowhousestudio.lifeorbit.tests.unit.dll" id="2bcf1bb7-f69d-8be9-0f36-486489760bd9">
      <Execution id="7926806c-b330-4045-991a-4a89a76290ef" />
      <TestMethod codeBase="/Users/johannahulten/Documents/LifeOrbit/server/YellowHouseStudio.LifeOrbit.Tests.Unit/bin/Debug/net8.0/YellowHouseStudio.LifeOrbit.Tests.Unit.dll" adapterTypeName="executor://nunit3testexecutor/" className="YellowHouseStudio.LifeOrbit.Tests.Unit.Domain.Family.FamilyMemberTests" name="RemoveSafeFood_should_do_nothing_if_food_not_present" />
    </UnitTest>
    <UnitTest name="Should_fail_when_allergy_does_not_exist" storage="/users/johannahulten/documents/lifeorbit/server/yellowhousestudio.lifeorbit.tests.unit/bin/debug/net8.0/yellowhousestudio.lifeorbit.tests.unit.dll" id="507b6665-cc0e-8241-82c8-6769368befeb">
      <Execution id="08e4d07b-476d-407d-b274-047f6d575177" />
      <TestMethod codeBase="/Users/johannahulten/Documents/LifeOrbit/server/YellowHouseStudio.LifeOrbit.Tests.Unit/bin/Debug/net8.0/YellowHouseStudio.LifeOrbit.Tests.Unit.dll" adapterTypeName="executor://nunit3testexecutor/" className="YellowHouseStudio.LifeOrbit.Tests.Unit.Application.Family.RemoveAllergy.RemoveAllergyCommandValidatorTests" name="Should_fail_when_allergy_does_not_exist" />
    </UnitTest>
    <UnitTest name="Should_pass_when_all_fields_are_valid" storage="/users/johannahulten/documents/lifeorbit/server/yellowhousestudio.lifeorbit.tests.unit/bin/debug/net8.0/yellowhousestudio.lifeorbit.tests.unit.dll" id="eea70b5d-cb2a-f16c-363c-018b6dfdf662">
      <Execution id="deb93869-cc2a-4da5-8a5f-caad08870912" />
      <TestMethod codeBase="/Users/johannahulten/Documents/LifeOrbit/server/YellowHouseStudio.LifeOrbit.Tests.Unit/bin/Debug/net8.0/YellowHouseStudio.LifeOrbit.Tests.Unit.dll" adapterTypeName="executor://nunit3testexecutor/" className="YellowHouseStudio.LifeOrbit.Tests.Unit.Application.Family.RemoveAllergy.RemoveAllergyCommandValidatorTests" name="Should_pass_when_all_fields_are_valid" />
    </UnitTest>
    <UnitTest name="Should_have_error_when_FamilyMemberId_is_empty" storage="/users/johannahulten/documents/lifeorbit/server/yellowhousestudio.lifeorbit.tests.unit/bin/debug/net8.0/yellowhousestudio.lifeorbit.tests.unit.dll" id="86d56bd3-d35b-1bf0-05b5-e499b31df05c">
      <Execution id="b7540f7a-f0a3-43cb-bbd4-70e1c322b11d" />
      <TestMethod codeBase="/Users/johannahulten/Documents/LifeOrbit/server/YellowHouseStudio.LifeOrbit.Tests.Unit/bin/Debug/net8.0/YellowHouseStudio.LifeOrbit.Tests.Unit.dll" adapterTypeName="executor://nunit3testexecutor/" className="YellowHouseStudio.LifeOrbit.Tests.Unit.Application.Family.AddFoodPreference.AddFoodPreferenceCommandValidatorTests" name="Should_have_error_when_FamilyMemberId_is_empty" />
    </UnitTest>
    <UnitTest name="Validate_should_fail_when_FamilyMemberId_is_empty" storage="/users/johannahulten/documents/lifeorbit/server/yellowhousestudio.lifeorbit.tests.unit/bin/debug/net8.0/yellowhousestudio.lifeorbit.tests.unit.dll" id="6de92e87-2346-0473-f331-1879f17585d0">
      <Execution id="4de1614d-13d7-4cdc-a10e-f0bd9ddf752b" />
      <TestMethod codeBase="/Users/johannahulten/Documents/LifeOrbit/server/YellowHouseStudio.LifeOrbit.Tests.Unit/bin/Debug/net8.0/YellowHouseStudio.LifeOrbit.Tests.Unit.dll" adapterTypeName="executor://nunit3testexecutor/" className="YellowHouseStudio.LifeOrbit.Tests.Unit.Application.Family.AddSafeFood.AddSafeFoodCommandValidatorTests" name="Validate_should_fail_when_FamilyMemberId_is_empty" />
    </UnitTest>
    <UnitTest name="Handle_should_throw_NotFoundException_if_member_not_found" storage="/users/johannahulten/documents/lifeorbit/server/yellowhousestudio.lifeorbit.tests.unit/bin/debug/net8.0/yellowhousestudio.lifeorbit.tests.unit.dll" id="437d4260-df5c-09c9-0d15-4f6f25305671">
      <Execution id="98c9b2bd-7534-444c-a6d3-ab98af638081" />
      <TestMethod codeBase="/Users/johannahulten/Documents/LifeOrbit/server/YellowHouseStudio.LifeOrbit.Tests.Unit/bin/Debug/net8.0/YellowHouseStudio.LifeOrbit.Tests.Unit.dll" adapterTypeName="executor://nunit3testexecutor/" className="YellowHouseStudio.LifeOrbit.Tests.Unit.Application.Family.AddSafeFood.AddSafeFoodCommandHandlerTests" name="Handle_should_throw_NotFoundException_if_member_not_found" />
    </UnitTest>
    <UnitTest name="Should_have_error_when_Severity_is_invalid" storage="/users/johannahulten/documents/lifeorbit/server/yellowhousestudio.lifeorbit.tests.unit/bin/debug/net8.0/yellowhousestudio.lifeorbit.tests.unit.dll" id="935d956b-efab-b801-df2a-dd03507c5a17">
      <Execution id="63944461-f22e-479d-88c4-7bcef431032d" />
      <TestMethod codeBase="/Users/johannahulten/Documents/LifeOrbit/server/YellowHouseStudio.LifeOrbit.Tests.Unit/bin/Debug/net8.0/YellowHouseStudio.LifeOrbit.Tests.Unit.dll" adapterTypeName="executor://nunit3testexecutor/" className="YellowHouseStudio.LifeOrbit.Tests.Unit.Application.Family.AddAllergy.AddAllergyCommandValidatorTests" name="Should_have_error_when_Severity_is_invalid" />
    </UnitTest>
    <UnitTest name="Validate_should_fail_when_FoodItem_is_empty" storage="/users/johannahulten/documents/lifeorbit/server/yellowhousestudio.lifeorbit.tests.unit/bin/debug/net8.0/yellowhousestudio.lifeorbit.tests.unit.dll" id="d3ef9a63-8ed4-1e01-9703-756182b98529">
      <Execution id="15b160b2-7491-487c-ba04-76f04c1dbd1e" />
      <TestMethod codeBase="/Users/johannahulten/Documents/LifeOrbit/server/YellowHouseStudio.LifeOrbit.Tests.Unit/bin/Debug/net8.0/YellowHouseStudio.LifeOrbit.Tests.Unit.dll" adapterTypeName="executor://nunit3testexecutor/" className="YellowHouseStudio.LifeOrbit.Tests.Unit.Application.Family.AddSafeFood.AddSafeFoodCommandValidatorTests" name="Validate_should_fail_when_FoodItem_is_empty" />
    </UnitTest>
    <UnitTest name="Handle_should_throw_NotFoundException_if_safe_food_not_found" storage="/users/johannahulten/documents/lifeorbit/server/yellowhousestudio.lifeorbit.tests.unit/bin/debug/net8.0/yellowhousestudio.lifeorbit.tests.unit.dll" id="98d67516-1491-d09f-9712-76e4b571ed2f">
      <Execution id="17128b42-0fa8-4beb-9634-272870e8f3ff" />
      <TestMethod codeBase="/Users/johannahulten/Documents/LifeOrbit/server/YellowHouseStudio.LifeOrbit.Tests.Unit/bin/Debug/net8.0/YellowHouseStudio.LifeOrbit.Tests.Unit.dll" adapterTypeName="executor://nunit3testexecutor/" className="YellowHouseStudio.LifeOrbit.Tests.Unit.Application.Family.RemoveSafeFood.RemoveSafeFoodCommandHandlerTests" name="Handle_should_throw_NotFoundException_if_safe_food_not_found" />
    </UnitTest>
    <UnitTest name="Should_have_error_when_FoodItem_is_empty" storage="/users/johannahulten/documents/lifeorbit/server/yellowhousestudio.lifeorbit.tests.unit/bin/debug/net8.0/yellowhousestudio.lifeorbit.tests.unit.dll" id="452cf301-2031-4ed1-ce6d-69aa0b6c0b89">
      <Execution id="eb576866-e739-4ce1-a0dc-75b1804a6204" />
      <TestMethod codeBase="/Users/johannahulten/Documents/LifeOrbit/server/YellowHouseStudio.LifeOrbit.Tests.Unit/bin/Debug/net8.0/YellowHouseStudio.LifeOrbit.Tests.Unit.dll" adapterTypeName="executor://nunit3testexecutor/" className="YellowHouseStudio.LifeOrbit.Tests.Unit.Application.Family.AddFoodPreference.AddFoodPreferenceCommandValidatorTests" name="Should_have_error_when_FoodItem_is_empty" />
    </UnitTest>
  </TestDefinitions>
  <TestEntries>
    <TestEntry testId="f908793a-02e4-14da-dd1f-b81d5d49a982" executionId="117cd425-0fc0-48ee-b763-8e518609898c" testListId="8c84fa94-04c1-424b-9868-57a2d4851a1d" />
    <TestEntry testId="452cf301-2031-4ed1-ce6d-69aa0b6c0b89" executionId="eb576866-e739-4ce1-a0dc-75b1804a6204" testListId="8c84fa94-04c1-424b-9868-57a2d4851a1d" />
    <TestEntry testId="437d4260-df5c-09c9-0d15-4f6f25305671" executionId="98c9b2bd-7534-444c-a6d3-ab98af638081" testListId="8c84fa94-04c1-424b-9868-57a2d4851a1d" />
    <TestEntry testId="c99d0e69-93f4-7363-41f9-f8afc18ef297" executionId="ae41d561-436a-41cb-a97f-880d1a674f8c" testListId="8c84fa94-04c1-424b-9868-57a2d4851a1d" />
    <TestEntry testId="1d6a2b08-1373-6de4-0ac6-1a39d973da8d" executionId="2f5ad96b-b68f-46a8-bc4c-740e3d0345e4" testListId="8c84fa94-04c1-424b-9868-57a2d4851a1d" />
    <TestEntry testId="2fa585af-a391-3ae2-c21a-66c7ef35a28c" executionId="cf024a85-d7fa-46f8-80c7-fd270a317c47" testListId="8c84fa94-04c1-424b-9868-57a2d4851a1d" />
    <TestEntry testId="507b6665-cc0e-8241-82c8-6769368befeb" executionId="08e4d07b-476d-407d-b274-047f6d575177" testListId="8c84fa94-04c1-424b-9868-57a2d4851a1d" />
    <TestEntry testId="ddbf6456-d694-6595-fb69-f3e9e49e3a83" executionId="bee39574-edf0-4266-a193-c4cb921f456f" testListId="8c84fa94-04c1-424b-9868-57a2d4851a1d" />
    <TestEntry testId="e4a0aef8-a95a-4a76-7ab8-473c97d21117" executionId="dad540f0-ea01-43d2-9a6f-436a9790ac5b" testListId="8c84fa94-04c1-424b-9868-57a2d4851a1d" />
    <TestEntry testId="a20d17f0-5752-e211-49bb-cbff74c48a50" executionId="ae32bdbf-786c-4e9c-b5c3-116f108ec637" testListId="8c84fa94-04c1-424b-9868-57a2d4851a1d" />
    <TestEntry testId="16b76c81-6314-5b65-408d-89c0be2db1ac" executionId="5790d9c4-fe72-4646-9336-ca1bcfc12c78" testListId="8c84fa94-04c1-424b-9868-57a2d4851a1d" />
    <TestEntry testId="111a7769-e0d8-3d84-474f-e66f8b3f7de7" executionId="59eb687f-f138-4397-8f27-cfb336fe3ec1" testListId="8c84fa94-04c1-424b-9868-57a2d4851a1d" />
    <TestEntry testId="0653866c-502d-15b5-8864-a7973b3084d2" executionId="c0e360a9-3a8e-4d08-8ba6-e3075a05ed8a" testListId="8c84fa94-04c1-424b-9868-57a2d4851a1d" />
    <TestEntry testId="b0db387f-2e5d-7fdb-9155-ce0bcbf88c68" executionId="fb5850f2-349f-4f23-937f-4b9d5609e2cb" testListId="8c84fa94-04c1-424b-9868-57a2d4851a1d" />
    <TestEntry testId="fe4c8a2e-b86b-2a3e-af57-2413e054bdd8" executionId="9ede07b4-5bee-40e1-8426-51cf3d6cbb3d" testListId="8c84fa94-04c1-424b-9868-57a2d4851a1d" />
    <TestEntry testId="103b07aa-4ecf-a016-1f59-91c9355c40a3" executionId="d7202e0f-ec9a-4628-ad69-9c2a27469a47" testListId="8c84fa94-04c1-424b-9868-57a2d4851a1d" />
    <TestEntry testId="26f83e64-303d-c640-75bf-078c99e834b7" executionId="fcf8f5d7-4e30-40f9-8041-f9289fc67150" testListId="8c84fa94-04c1-424b-9868-57a2d4851a1d" />
    <TestEntry testId="1e8dac91-adc7-cd6c-43f3-bcb66cee8640" executionId="a9565ffd-20dc-496f-adb2-8568f704afcd" testListId="8c84fa94-04c1-424b-9868-57a2d4851a1d" />
    <TestEntry testId="856cc9b7-d90e-0919-12ec-4f8fa669c84f" executionId="374c3fcc-906a-4d6c-bcd9-fe0dabdecee6" testListId="8c84fa94-04c1-424b-9868-57a2d4851a1d" />
    <TestEntry testId="188c4182-265c-bf33-a0b1-abe58d6f8f0c" executionId="a9403f4e-aa7e-452f-861d-876ab7b68780" testListId="8c84fa94-04c1-424b-9868-57a2d4851a1d" />
    <TestEntry testId="ea22dfce-8112-3399-5531-f9750561f723" executionId="8b9de684-30ab-4107-8553-af7f19b131fb" testListId="8c84fa94-04c1-424b-9868-57a2d4851a1d" />
    <TestEntry testId="c31cfec0-ec05-2764-8a49-4865b5a1ece6" executionId="937f7e3d-7e67-433c-a6af-115e311b28e9" testListId="8c84fa94-04c1-424b-9868-57a2d4851a1d" />
    <TestEntry testId="e2d15ff8-6ea1-dcab-a5fc-0ba2c4d7bc98" executionId="cf55ed2f-edd8-465b-8501-b3059f65da07" testListId="8c84fa94-04c1-424b-9868-57a2d4851a1d" />
    <TestEntry testId="b2d3380c-1364-8977-ff46-82700fd12d06" executionId="3bb56b5d-63fd-44c2-a1be-05188ad40159" testListId="8c84fa94-04c1-424b-9868-57a2d4851a1d" />
    <TestEntry testId="09cb8dbf-e956-7ee2-9fb5-d890bb43589e" executionId="31eba1ac-0abd-42d6-a718-733666f2ef27" testListId="8c84fa94-04c1-424b-9868-57a2d4851a1d" />
    <TestEntry testId="fcc27b01-2330-77f0-d343-1496d2cad809" executionId="5dc2cd3b-b66c-4a67-8f67-63473b3f691d" testListId="8c84fa94-04c1-424b-9868-57a2d4851a1d" />
    <TestEntry testId="afa15efe-7299-c507-2d0a-61402b44ac78" executionId="a10c0e54-6682-4a5a-bafc-5d70bff8adcc" testListId="8c84fa94-04c1-424b-9868-57a2d4851a1d" />
    <TestEntry testId="2bcf1bb7-f69d-8be9-0f36-486489760bd9" executionId="7926806c-b330-4045-991a-4a89a76290ef" testListId="8c84fa94-04c1-424b-9868-57a2d4851a1d" />
    <TestEntry testId="6de92e87-2346-0473-f331-1879f17585d0" executionId="4de1614d-13d7-4cdc-a10e-f0bd9ddf752b" testListId="8c84fa94-04c1-424b-9868-57a2d4851a1d" />
    <TestEntry testId="4c9c2c45-3c91-ccd7-ef0a-83ecd8b92ddd" executionId="ac0e5247-66d8-416b-83a5-e90358699741" testListId="8c84fa94-04c1-424b-9868-57a2d4851a1d" />
    <TestEntry testId="98d67516-1491-d09f-9712-76e4b571ed2f" executionId="17128b42-0fa8-4beb-9634-272870e8f3ff" testListId="8c84fa94-04c1-424b-9868-57a2d4851a1d" />
    <TestEntry testId="6a41ad57-a9d9-027a-f28a-c7e19937056e" executionId="23441112-c502-4673-bb27-98cdc174c729" testListId="8c84fa94-04c1-424b-9868-57a2d4851a1d" />
    <TestEntry testId="57c2bd76-bf73-765f-37f7-fc61c53c746d" executionId="755232f2-cc14-4b22-96a0-a7c197938223" testListId="8c84fa94-04c1-424b-9868-57a2d4851a1d" />
    <TestEntry testId="c27300db-78d1-1080-5a72-4f5b9ca67795" executionId="063e1379-0f52-4d5e-949f-2efbc0adbdbf" testListId="8c84fa94-04c1-424b-9868-57a2d4851a1d" />
    <TestEntry testId="573cf9e1-7c3b-b8e6-b229-6a11c6e8c0cd" executionId="58b13fc1-30b5-4e22-9136-d0f0f4dc054a" testListId="8c84fa94-04c1-424b-9868-57a2d4851a1d" />
    <TestEntry testId="dbc1f4d5-c373-afce-c9f5-2035d36d22d4" executionId="c5bc8de6-e825-4d78-891e-ec1753c54416" testListId="8c84fa94-04c1-424b-9868-57a2d4851a1d" />
    <TestEntry testId="b5b10794-e19f-0f3e-4c04-62a9ecf5a042" executionId="f740981f-fb04-4725-842b-3eb961d2c12d" testListId="8c84fa94-04c1-424b-9868-57a2d4851a1d" />
    <TestEntry testId="fd67e436-0a5c-522c-2a8b-59c6e32a50f0" executionId="5a647791-0404-499c-87c8-9c5b59d23389" testListId="8c84fa94-04c1-424b-9868-57a2d4851a1d" />
    <TestEntry testId="b1a5e127-f3f5-5f50-05d1-fae703890a32" executionId="e9795af0-908c-4917-a584-99aafa2d8697" testListId="8c84fa94-04c1-424b-9868-57a2d4851a1d" />
    <TestEntry testId="15a141bb-756f-85c0-bd0c-289b7adbda9c" executionId="e758dfcd-2485-49d1-8073-a9dcbb554691" testListId="8c84fa94-04c1-424b-9868-57a2d4851a1d" />
    <TestEntry testId="86d56bd3-d35b-1bf0-05b5-e499b31df05c" executionId="b7540f7a-f0a3-43cb-bbd4-70e1c322b11d" testListId="8c84fa94-04c1-424b-9868-57a2d4851a1d" />
    <TestEntry testId="935d956b-efab-b801-df2a-dd03507c5a17" executionId="63944461-f22e-479d-88c4-7bcef431032d" testListId="8c84fa94-04c1-424b-9868-57a2d4851a1d" />
    <TestEntry testId="eea70b5d-cb2a-f16c-363c-018b6dfdf662" executionId="deb93869-cc2a-4da5-8a5f-caad08870912" testListId="8c84fa94-04c1-424b-9868-57a2d4851a1d" />
    <TestEntry testId="88d93213-9775-b228-5ba1-b38c66ed40db" executionId="0fba39e2-c5b9-4a4d-8e97-ce8f33ce844b" testListId="8c84fa94-04c1-424b-9868-57a2d4851a1d" />
    <TestEntry testId="d3ef9a63-8ed4-1e01-9703-756182b98529" executionId="15b160b2-7491-487c-ba04-76f04c1dbd1e" testListId="8c84fa94-04c1-424b-9868-57a2d4851a1d" />
  </TestEntries>
  <TestLists>
    <TestList name="Results Not in a List" id="8c84fa94-04c1-424b-9868-57a2d4851a1d" />
    <TestList name="All Loaded Results" id="19431567-8539-422a-85d7-44ee4e166bda" />
  </TestLists>
  <ResultSummary outcome="Failed">
    <Counters total="45" executed="45" passed="43" failed="2" error="0" timeout="0" aborted="0" inconclusive="0" passedButRunAborted="0" notRunnable="0" notExecuted="0" disconnected="0" warning="0" completed="0" inProgress="0" pending="0" />
    <Output>
      <StdOut>NUnit Adapter 5.0.0.0: Test execution started
Running all tests in /Users/johannahulten/Documents/LifeOrbit/server/YellowHouseStudio.LifeOrbit.Tests.Unit/bin/Debug/net8.0/YellowHouseStudio.LifeOrbit.Tests.Unit.dll
   NUnit3TestExecutor discovered 45 of 45 NUnit test cases using Current Discovery mode, Non-Explicit run
NUnit Adapter 5.0.0.0: Test execution complete
</StdOut>
    </Output>
  </ResultSummary>
</TestRun>