<?xml version="1.0" encoding="utf-8"?>
<TestRun id="9453ab22-84a7-4c9b-b5f5-0f0ce5897e5e" name="@MacBook-Air-som-tillhor-Johanna 2025-04-27 20:30:59" xmlns="http://microsoft.com/schemas/VisualStudio/TeamTest/2010">
  <Times creation="2025-04-27T20:30:59.8554330+02:00" queuing="2025-04-27T20:30:59.8554330+02:00" start="2025-04-27T20:30:59.4259470+02:00" finish="2025-04-27T20:30:59.9078410+02:00" />
  <TestSettings name="default" id="c1eee3da-83d2-49f0-b0c4-30be0387b4f8">
    <Deployment runDeploymentRoot="_MacBook-Air-som-tillhor-Johanna_2025-04-27_20_30_59" />
  </TestSettings>
  <Results>
    <UnitTestResult executionId="156cd07f-fca2-41d8-b8e6-7751710bd5fb" testId="ddbf6456-d694-6595-fb69-f3e9e49e3a83" testName="SafeFoods_should_be_empty_by_default" computerName="MacBook-Air-som-tillhor-Johanna" duration="00:00:00.0003880" startTime="2025-04-27T20:30:59.8742840+02:00" endTime="2025-04-27T20:30:59.8746720+02:00" testType="13cdc9d9-ddb5-4fa4-a97d-d965ccfc6d4b" outcome="Passed" testListId="8c84fa94-04c1-424b-9868-57a2d4851a1d" relativeResultsDirectory="156cd07f-fca2-41d8-b8e6-7751710bd5fb" />
    <UnitTestResult executionId="468bfe01-df9a-4038-8ab3-971876463b4d" testId="111a7769-e0d8-3d84-474f-e66f8b3f7de7" testName="AddSafeFood_should_add_new_safe_food" computerName="MacBook-Air-som-tillhor-Johanna" duration="00:00:00.0002460" startTime="2025-04-27T20:30:59.8707970+02:00" endTime="2025-04-27T20:30:59.8710430+02:00" testType="13cdc9d9-ddb5-4fa4-a97d-d965ccfc6d4b" outcome="Passed" testListId="8c84fa94-04c1-424b-9868-57a2d4851a1d" relativeResultsDirectory="468bfe01-df9a-4038-8ab3-971876463b4d" />
    <UnitTestResult executionId="36f7a108-74cb-40a0-b663-92ee7b5de039" testId="e2d15ff8-6ea1-dcab-a5fc-0ba2c4d7bc98" testName="Validate_should_fail_when_FoodItem_exceeds_max_length" computerName="MacBook-Air-som-tillhor-Johanna" duration="00:00:00.0004340" startTime="2025-04-27T20:30:59.8530580+02:00" endTime="2025-04-27T20:30:59.8534920+02:00" testType="13cdc9d9-ddb5-4fa4-a97d-d965ccfc6d4b" outcome="Passed" testListId="8c84fa94-04c1-424b-9868-57a2d4851a1d" relativeResultsDirectory="36f7a108-74cb-40a0-b663-92ee7b5de039" />
    <UnitTestResult executionId="6eb5c91b-69a7-4852-80b8-60ae9234f7f0" testId="d3ef9a63-8ed4-1e01-9703-756182b98529" testName="Validate_should_fail_when_FoodItem_is_empty" computerName="MacBook-Air-som-tillhor-Johanna" duration="00:00:00.0003060" startTime="2025-04-27T20:30:59.8535290+02:00" endTime="2025-04-27T20:30:59.8538350+02:00" testType="13cdc9d9-ddb5-4fa4-a97d-d965ccfc6d4b" outcome="Passed" testListId="8c84fa94-04c1-424b-9868-57a2d4851a1d" relativeResultsDirectory="6eb5c91b-69a7-4852-80b8-60ae9234f7f0" />
    <UnitTestResult executionId="1d8eb4ca-438a-4a10-a9a7-6973fc26d820" testId="b0db387f-2e5d-7fdb-9155-ce0bcbf88c68" testName="Should_have_error_when_food_preference_already_exists" computerName="MacBook-Air-som-tillhor-Johanna" duration="00:00:00.0064780" startTime="2025-04-27T20:30:59.8313530+02:00" endTime="2025-04-27T20:30:59.8378300+02:00" testType="13cdc9d9-ddb5-4fa4-a97d-d965ccfc6d4b" outcome="Passed" testListId="8c84fa94-04c1-424b-9868-57a2d4851a1d" relativeResultsDirectory="1d8eb4ca-438a-4a10-a9a7-6973fc26d820" />
    <UnitTestResult executionId="062bea6b-5f57-4405-9de0-ff217177cea4" testId="1e8dac91-adc7-cd6c-43f3-bcb66cee8640" testName="Should_have_error_when_Allergen_is_too_long" computerName="MacBook-Air-som-tillhor-Johanna" duration="00:00:00.0011780" startTime="2025-04-27T20:30:59.7527110+02:00" endTime="2025-04-27T20:30:59.7538890+02:00" testType="13cdc9d9-ddb5-4fa4-a97d-d965ccfc6d4b" outcome="Passed" testListId="8c84fa94-04c1-424b-9868-57a2d4851a1d" relativeResultsDirectory="062bea6b-5f57-4405-9de0-ff217177cea4" />
    <UnitTestResult executionId="04dd1d40-8721-44b9-9511-062cbe7afaf1" testId="15a141bb-756f-85c0-bd0c-289b7adbda9c" testName="Handle_should_add_new_safe_food" computerName="MacBook-Air-som-tillhor-Johanna" duration="00:00:00.0055710" startTime="2025-04-27T20:30:59.8423120+02:00" endTime="2025-04-27T20:30:59.8478830+02:00" testType="13cdc9d9-ddb5-4fa4-a97d-d965ccfc6d4b" outcome="Passed" testListId="8c84fa94-04c1-424b-9868-57a2d4851a1d" relativeResultsDirectory="04dd1d40-8721-44b9-9511-062cbe7afaf1" />
    <UnitTestResult executionId="dc28d67c-2638-446a-b0c9-f16bf8ec48e2" testId="f908793a-02e4-14da-dd1f-b81d5d49a982" testName="Should_have_error_when_family_member_not_found" computerName="MacBook-Air-som-tillhor-Johanna" duration="00:00:00.0089970" startTime="2025-04-27T20:30:59.8212510+02:00" endTime="2025-04-27T20:30:59.8302470+02:00" testType="13cdc9d9-ddb5-4fa4-a97d-d965ccfc6d4b" outcome="Passed" testListId="8c84fa94-04c1-424b-9868-57a2d4851a1d" relativeResultsDirectory="dc28d67c-2638-446a-b0c9-f16bf8ec48e2" />
    <UnitTestResult executionId="69b4bb9b-57f9-4ad6-8d44-7e0dddfeffa7" testId="26f83e64-303d-c640-75bf-078c99e834b7" testName="Should_fail_when_allergen_is_too_long" computerName="MacBook-Air-som-tillhor-Johanna" duration="00:00:00.0008850" startTime="2025-04-27T20:30:59.8579250+02:00" endTime="2025-04-27T20:30:59.8588100+02:00" testType="13cdc9d9-ddb5-4fa4-a97d-d965ccfc6d4b" outcome="Passed" testListId="8c84fa94-04c1-424b-9868-57a2d4851a1d" relativeResultsDirectory="69b4bb9b-57f9-4ad6-8d44-7e0dddfeffa7" />
    <UnitTestResult executionId="8965dbaa-b614-41aa-82ff-a86e4eb97018" testId="16b76c81-6314-5b65-408d-89c0be2db1ac" testName="Should_fail_when_family_member_id_is_empty" computerName="MacBook-Air-som-tillhor-Johanna" duration="00:00:00.0004780" startTime="2025-04-27T20:30:59.8616610+02:00" endTime="2025-04-27T20:30:59.8621380+02:00" testType="13cdc9d9-ddb5-4fa4-a97d-d965ccfc6d4b" outcome="Passed" testListId="8c84fa94-04c1-424b-9868-57a2d4851a1d" relativeResultsDirectory="8965dbaa-b614-41aa-82ff-a86e4eb97018" />
    <UnitTestResult executionId="26480d3a-ee3d-4c20-9a5e-157f5e24f326" testId="2bcf1bb7-f69d-8be9-0f36-486489760bd9" testName="RemoveSafeFood_should_do_nothing_if_food_not_present" computerName="MacBook-Air-som-tillhor-Johanna" duration="00:00:00.0004450" startTime="2025-04-27T20:30:59.8726950+02:00" endTime="2025-04-27T20:30:59.8731400+02:00" testType="13cdc9d9-ddb5-4fa4-a97d-d965ccfc6d4b" outcome="Passed" testListId="8c84fa94-04c1-424b-9868-57a2d4851a1d" relativeResultsDirectory="26480d3a-ee3d-4c20-9a5e-157f5e24f326" />
    <UnitTestResult executionId="b49c969c-81ab-4dda-bca5-8b4371490bb8" testId="fd67e436-0a5c-522c-2a8b-59c6e32a50f0" testName="Should_fail_when_family_member_does_not_exist" computerName="MacBook-Air-som-tillhor-Johanna" duration="00:00:00.0010120" startTime="2025-04-27T20:30:59.8606010+02:00" endTime="2025-04-27T20:30:59.8616130+02:00" testType="13cdc9d9-ddb5-4fa4-a97d-d965ccfc6d4b" outcome="Passed" testListId="8c84fa94-04c1-424b-9868-57a2d4851a1d" relativeResultsDirectory="b49c969c-81ab-4dda-bca5-8b4371490bb8" />
    <UnitTestResult executionId="7cd3a62c-dd70-4604-b251-458d93206766" testId="09cb8dbf-e956-7ee2-9fb5-d890bb43589e" testName="Validate_should_fail_when_FamilyMemberId_is_empty" computerName="MacBook-Air-som-tillhor-Johanna" duration="00:00:00.0008750" startTime="2025-04-27T20:30:59.8687480+02:00" endTime="2025-04-27T20:30:59.8696230+02:00" testType="13cdc9d9-ddb5-4fa4-a97d-d965ccfc6d4b" outcome="Passed" testListId="8c84fa94-04c1-424b-9868-57a2d4851a1d" relativeResultsDirectory="7cd3a62c-dd70-4604-b251-458d93206766" />
    <UnitTestResult executionId="5fba12e7-06ca-479f-8917-802b9c4d0dba" testId="4c9c2c45-3c91-ccd7-ef0a-83ecd8b92ddd" testName="Validate_should_fail_when_FoodItem_is_empty" computerName="MacBook-Air-som-tillhor-Johanna" duration="00:00:00.0002150" startTime="2025-04-27T20:30:59.8701410+02:00" endTime="2025-04-27T20:30:59.8703560+02:00" testType="13cdc9d9-ddb5-4fa4-a97d-d965ccfc6d4b" outcome="Passed" testListId="8c84fa94-04c1-424b-9868-57a2d4851a1d" relativeResultsDirectory="5fba12e7-06ca-479f-8917-802b9c4d0dba" />
    <UnitTestResult executionId="1aca98b1-a92f-495f-a57d-b69316c786e9" testId="88d93213-9775-b228-5ba1-b38c66ed40db" testName="Handle_should_throw_NotFoundException_when_family_member_not_found" computerName="MacBook-Air-som-tillhor-Johanna" duration="00:00:00.0075160" startTime="2025-04-27T20:30:59.8136060+02:00" endTime="2025-04-27T20:30:59.8211220+02:00" testType="13cdc9d9-ddb5-4fa4-a97d-d965ccfc6d4b" outcome="Passed" testListId="8c84fa94-04c1-424b-9868-57a2d4851a1d" relativeResultsDirectory="1aca98b1-a92f-495f-a57d-b69316c786e9" />
    <UnitTestResult executionId="208226ad-0181-4393-881a-007dd8524425" testId="a20d17f0-5752-e211-49bb-cbff74c48a50" testName="Should_have_error_when_family_member_not_found" computerName="MacBook-Air-som-tillhor-Johanna" duration="00:00:00.0012290" startTime="2025-04-27T20:30:59.7620430+02:00" endTime="2025-04-27T20:30:59.7632720+02:00" testType="13cdc9d9-ddb5-4fa4-a97d-d965ccfc6d4b" outcome="Passed" testListId="8c84fa94-04c1-424b-9868-57a2d4851a1d" relativeResultsDirectory="208226ad-0181-4393-881a-007dd8524425" />
    <UnitTestResult executionId="ccc033b4-4358-4ed5-aaf3-d8f3d40d106d" testId="188c4182-265c-bf33-a0b1-abe58d6f8f0c" testName="Handle_should_remove_safe_food" computerName="MacBook-Air-som-tillhor-Johanna" duration="00:00:00.0030910" startTime="2025-04-27T20:30:59.8635050+02:00" endTime="2025-04-27T20:30:59.8665960+02:00" testType="13cdc9d9-ddb5-4fa4-a97d-d965ccfc6d4b" outcome="Passed" testListId="8c84fa94-04c1-424b-9868-57a2d4851a1d" relativeResultsDirectory="ccc033b4-4358-4ed5-aaf3-d8f3d40d106d" />
    <UnitTestResult executionId="093a374b-1936-43f8-9f81-09b9a0129ccd" testId="dbc1f4d5-c373-afce-c9f5-2035d36d22d4" testName="Handle_should_not_add_duplicate_safe_food" computerName="MacBook-Air-som-tillhor-Johanna" duration="00:00:00.0016320" startTime="2025-04-27T20:30:59.8479550+02:00" endTime="2025-04-27T20:30:59.8495880+02:00" testType="13cdc9d9-ddb5-4fa4-a97d-d965ccfc6d4b" outcome="Passed" testListId="8c84fa94-04c1-424b-9868-57a2d4851a1d" relativeResultsDirectory="093a374b-1936-43f8-9f81-09b9a0129ccd" />
    <UnitTestResult executionId="5146e643-9f1b-4f3e-b35b-9da1732ef282" testId="437d4260-df5c-09c9-0d15-4f6f25305671" testName="Handle_should_throw_NotFoundException_if_member_not_found" computerName="MacBook-Air-som-tillhor-Johanna" duration="00:00:00.0017820" startTime="2025-04-27T20:30:59.8496100+02:00" endTime="2025-04-27T20:30:59.8513920+02:00" testType="13cdc9d9-ddb5-4fa4-a97d-d965ccfc6d4b" outcome="Passed" testListId="8c84fa94-04c1-424b-9868-57a2d4851a1d" relativeResultsDirectory="5146e643-9f1b-4f3e-b35b-9da1732ef282" />
    <UnitTestResult executionId="d1677d19-a3a0-4fd8-b45c-93a77a1d8d7d" testId="c99d0e69-93f4-7363-41f9-f8afc18ef297" testName="Should_have_error_when_FamilyMemberId_is_empty" computerName="MacBook-Air-som-tillhor-Johanna" duration="00:00:00.0003089" startTime="2025-04-27T20:30:59.7632850+02:00" endTime="2025-04-27T20:30:59.7635940+02:00" testType="13cdc9d9-ddb5-4fa4-a97d-d965ccfc6d4b" outcome="Passed" testListId="8c84fa94-04c1-424b-9868-57a2d4851a1d" relativeResultsDirectory="d1677d19-a3a0-4fd8-b45c-93a77a1d8d7d" />
    <UnitTestResult executionId="1b445c52-4701-497c-8990-3fdaba7d313e" testId="eea70b5d-cb2a-f16c-363c-018b6dfdf662" testName="Should_pass_when_all_fields_are_valid" computerName="MacBook-Air-som-tillhor-Johanna" duration="00:00:00.0010780" startTime="2025-04-27T20:30:59.8622100+02:00" endTime="2025-04-27T20:30:59.8632880+02:00" testType="13cdc9d9-ddb5-4fa4-a97d-d965ccfc6d4b" outcome="Passed" testListId="8c84fa94-04c1-424b-9868-57a2d4851a1d" relativeResultsDirectory="1b445c52-4701-497c-8990-3fdaba7d313e" />
    <UnitTestResult executionId="41708dc6-1181-41ee-a7c6-31b27251fac7" testId="452cf301-2031-4ed1-ce6d-69aa0b6c0b89" testName="Should_have_error_when_FoodItem_is_empty" computerName="MacBook-Air-som-tillhor-Johanna" duration="00:00:00.0005580" startTime="2025-04-27T20:30:59.8378500+02:00" endTime="2025-04-27T20:30:59.8384070+02:00" testType="13cdc9d9-ddb5-4fa4-a97d-d965ccfc6d4b" outcome="Passed" testListId="8c84fa94-04c1-424b-9868-57a2d4851a1d" relativeResultsDirectory="41708dc6-1181-41ee-a7c6-31b27251fac7" />
    <UnitTestResult executionId="7d7181c9-167d-49fb-af8f-5ca88778462d" testId="b5b10794-e19f-0f3e-4c04-62a9ecf5a042" testName="Validate_should_succeed_when_command_is_valid" computerName="MacBook-Air-som-tillhor-Johanna" duration="00:00:00.0001480" startTime="2025-04-27T20:30:59.8703600+02:00" endTime="2025-04-27T20:30:59.8705070+02:00" testType="13cdc9d9-ddb5-4fa4-a97d-d965ccfc6d4b" outcome="Passed" testListId="8c84fa94-04c1-424b-9868-57a2d4851a1d" relativeResultsDirectory="7d7181c9-167d-49fb-af8f-5ca88778462d" />
    <UnitTestResult executionId="14350a05-94cb-4997-9a58-bb482cb1a1c5" testId="573cf9e1-7c3b-b8e6-b229-6a11c6e8c0cd" testName="Validate_should_succeed_when_command_is_valid" computerName="MacBook-Air-som-tillhor-Johanna" duration="00:00:00.0011060" startTime="2025-04-27T20:30:59.8538570+02:00" endTime="2025-04-27T20:30:59.8549630+02:00" testType="13cdc9d9-ddb5-4fa4-a97d-d965ccfc6d4b" outcome="Passed" testListId="8c84fa94-04c1-424b-9868-57a2d4851a1d" relativeResultsDirectory="14350a05-94cb-4997-9a58-bb482cb1a1c5" />
    <UnitTestResult executionId="98838200-a5b7-41c3-b305-dea811a14046" testId="507b6665-cc0e-8241-82c8-6769368befeb" testName="Should_fail_when_allergy_does_not_exist" computerName="MacBook-Air-som-tillhor-Johanna" duration="00:00:00.0016930" startTime="2025-04-27T20:30:59.8588600+02:00" endTime="2025-04-27T20:30:59.8605540+02:00" testType="13cdc9d9-ddb5-4fa4-a97d-d965ccfc6d4b" outcome="Passed" testListId="8c84fa94-04c1-424b-9868-57a2d4851a1d" relativeResultsDirectory="98838200-a5b7-41c3-b305-dea811a14046" />
    <UnitTestResult executionId="e3a9e93e-76ed-467d-89c3-ef43019f191d" testId="1d6a2b08-1373-6de4-0ac6-1a39d973da8d" testName="Should_not_have_error_when_command_is_valid" computerName="MacBook-Air-som-tillhor-Johanna" duration="00:00:00.0011790" startTime="2025-04-27T20:30:59.7641760+02:00" endTime="2025-04-27T20:30:59.7653550+02:00" testType="13cdc9d9-ddb5-4fa4-a97d-d965ccfc6d4b" outcome="Passed" testListId="8c84fa94-04c1-424b-9868-57a2d4851a1d" relativeResultsDirectory="e3a9e93e-76ed-467d-89c3-ef43019f191d" />
    <UnitTestResult executionId="373b39ef-fe04-4d7c-a43d-d5c65c07fede" testId="6a41ad57-a9d9-027a-f28a-c7e19937056e" testName="Should_have_error_when_Status_is_invalid" computerName="MacBook-Air-som-tillhor-Johanna" duration="00:00:00.0004050" startTime="2025-04-27T20:30:59.8396610+02:00" endTime="2025-04-27T20:30:59.8400670+02:00" testType="13cdc9d9-ddb5-4fa4-a97d-d965ccfc6d4b" outcome="Passed" testListId="8c84fa94-04c1-424b-9868-57a2d4851a1d" relativeResultsDirectory="373b39ef-fe04-4d7c-a43d-d5c65c07fede" />
    <UnitTestResult executionId="0cbec5ec-4e9d-4a16-a8f3-9185119d21db" testId="ea22dfce-8112-3399-5531-f9750561f723" testName="Should_have_error_when_Status_is_empty" computerName="MacBook-Air-som-tillhor-Johanna" duration="00:00:00.0003740" startTime="2025-04-27T20:30:59.8392320+02:00" endTime="2025-04-27T20:30:59.8396070+02:00" testType="13cdc9d9-ddb5-4fa4-a97d-d965ccfc6d4b" outcome="Passed" testListId="8c84fa94-04c1-424b-9868-57a2d4851a1d" relativeResultsDirectory="0cbec5ec-4e9d-4a16-a8f3-9185119d21db" />
    <UnitTestResult executionId="40ba47f1-b0dd-4201-9044-797f9b4bae95" testId="935d956b-efab-b801-df2a-dd03507c5a17" testName="Should_have_error_when_Severity_is_invalid" computerName="MacBook-Air-som-tillhor-Johanna" duration="00:00:00.0002590" startTime="2025-04-27T20:30:59.7639130+02:00" endTime="2025-04-27T20:30:59.7641730+02:00" testType="13cdc9d9-ddb5-4fa4-a97d-d965ccfc6d4b" outcome="Passed" testListId="8c84fa94-04c1-424b-9868-57a2d4851a1d" relativeResultsDirectory="40ba47f1-b0dd-4201-9044-797f9b4bae95" />
    <UnitTestResult executionId="6ce6cb1d-c92e-4a30-a134-4273608a3210" testId="856cc9b7-d90e-0919-12ec-4f8fa669c84f" testName="Handle_should_add_food_preference_when_valid" computerName="MacBook-Air-som-tillhor-Johanna" duration="00:00:00.0455740" startTime="2025-04-27T20:30:59.7678100+02:00" endTime="2025-04-27T20:30:59.8133830+02:00" testType="13cdc9d9-ddb5-4fa4-a97d-d965ccfc6d4b" outcome="Passed" testListId="8c84fa94-04c1-424b-9868-57a2d4851a1d" relativeResultsDirectory="6ce6cb1d-c92e-4a30-a134-4273608a3210" />
    <UnitTestResult executionId="a39653cd-d05d-4d32-bae8-3d10cbed4699" testId="c31cfec0-ec05-2764-8a49-4865b5a1ece6" testName="Validate_should_fail_when_FoodItem_exceeds_max_length" computerName="MacBook-Air-som-tillhor-Johanna" duration="00:00:00.0005050" startTime="2025-04-27T20:30:59.8696310+02:00" endTime="2025-04-27T20:30:59.8701370+02:00" testType="13cdc9d9-ddb5-4fa4-a97d-d965ccfc6d4b" outcome="Passed" testListId="8c84fa94-04c1-424b-9868-57a2d4851a1d" relativeResultsDirectory="a39653cd-d05d-4d32-bae8-3d10cbed4699" />
    <UnitTestResult executionId="31f8a4a4-dbe1-451e-b2e6-03e82163aba5" testId="c27300db-78d1-1080-5a72-4f5b9ca67795" testName="RemoveSafeFood_should_remove_existing_safe_food" computerName="MacBook-Air-som-tillhor-Johanna" duration="00:00:00.0010560" startTime="2025-04-27T20:30:59.8731740+02:00" endTime="2025-04-27T20:30:59.8742300+02:00" testType="13cdc9d9-ddb5-4fa4-a97d-d965ccfc6d4b" outcome="Passed" testListId="8c84fa94-04c1-424b-9868-57a2d4851a1d" relativeResultsDirectory="31f8a4a4-dbe1-451e-b2e6-03e82163aba5" />
    <UnitTestResult executionId="df945ac6-f4e7-46e0-a973-2583918ff2f6" testId="2fa585af-a391-3ae2-c21a-66c7ef35a28c" testName="Should_have_error_when_allergy_already_exists" computerName="MacBook-Air-som-tillhor-Johanna" duration="00:00:00.0081270" startTime="2025-04-27T20:30:59.7538990+02:00" endTime="2025-04-27T20:30:59.7620260+02:00" testType="13cdc9d9-ddb5-4fa4-a97d-d965ccfc6d4b" outcome="Passed" testListId="8c84fa94-04c1-424b-9868-57a2d4851a1d" relativeResultsDirectory="df945ac6-f4e7-46e0-a973-2583918ff2f6" />
    <UnitTestResult executionId="0c7d4506-b605-4188-a73b-7e49dfaa045c" testId="103b07aa-4ecf-a016-1f59-91c9355c40a3" testName="Should_have_error_when_Severity_is_empty" computerName="MacBook-Air-som-tillhor-Johanna" duration="00:00:00.0003080" startTime="2025-04-27T20:30:59.7636010+02:00" endTime="2025-04-27T20:30:59.7639090+02:00" testType="13cdc9d9-ddb5-4fa4-a97d-d965ccfc6d4b" outcome="Passed" testListId="8c84fa94-04c1-424b-9868-57a2d4851a1d" relativeResultsDirectory="0c7d4506-b605-4188-a73b-7e49dfaa045c" />
    <UnitTestResult executionId="6b8960ef-283f-47bb-8d27-9a39d5dac2f9" testId="86d56bd3-d35b-1bf0-05b5-e499b31df05c" testName="Should_have_error_when_FamilyMemberId_is_empty" computerName="MacBook-Air-som-tillhor-Johanna" duration="00:00:00.0010670" startTime="2025-04-27T20:30:59.8302700+02:00" endTime="2025-04-27T20:30:59.8313370+02:00" testType="13cdc9d9-ddb5-4fa4-a97d-d965ccfc6d4b" outcome="Passed" testListId="8c84fa94-04c1-424b-9868-57a2d4851a1d" relativeResultsDirectory="6b8960ef-283f-47bb-8d27-9a39d5dac2f9" />
    <UnitTestResult executionId="4d15f18c-130a-4878-b16c-31229ed47e23" testId="fcc27b01-2330-77f0-d343-1496d2cad809" testName="Constructor_should_set_food_item_and_generate_id" computerName="MacBook-Air-som-tillhor-Johanna" duration="00:00:00.0010050" startTime="2025-04-27T20:30:59.8748400+02:00" endTime="2025-04-27T20:30:59.8758450+02:00" testType="13cdc9d9-ddb5-4fa4-a97d-d965ccfc6d4b" outcome="Passed" testListId="8c84fa94-04c1-424b-9868-57a2d4851a1d" relativeResultsDirectory="4d15f18c-130a-4878-b16c-31229ed47e23" />
    <UnitTestResult executionId="2b085416-3b63-4e62-b108-82e5e0a99f84" testId="e4a0aef8-a95a-4a76-7ab8-473c97d21117" testName="Should_fail_when_allergen_is_empty" computerName="MacBook-Air-som-tillhor-Johanna" duration="00:00:00.0026740" startTime="2025-04-27T20:30:59.8552010+02:00" endTime="2025-04-27T20:30:59.8578750+02:00" testType="13cdc9d9-ddb5-4fa4-a97d-d965ccfc6d4b" outcome="Passed" testListId="8c84fa94-04c1-424b-9868-57a2d4851a1d" relativeResultsDirectory="2b085416-3b63-4e62-b108-82e5e0a99f84" />
    <UnitTestResult executionId="67e8cfb4-c267-45e9-abcf-84170d51f9c1" testId="6de92e87-2346-0473-f331-1879f17585d0" testName="Validate_should_fail_when_FamilyMemberId_is_empty" computerName="MacBook-Air-som-tillhor-Johanna" duration="00:00:00.0015550" startTime="2025-04-27T20:30:59.8514830+02:00" endTime="2025-04-27T20:30:59.8530370+02:00" testType="13cdc9d9-ddb5-4fa4-a97d-d965ccfc6d4b" outcome="Passed" testListId="8c84fa94-04c1-424b-9868-57a2d4851a1d" relativeResultsDirectory="67e8cfb4-c267-45e9-abcf-84170d51f9c1" />
    <UnitTestResult executionId="44ef9eb2-4d17-4d2c-a7b8-bb9a39e4a71c" testId="b2d3380c-1364-8977-ff46-82700fd12d06" testName="Should_not_have_error_when_command_is_valid" computerName="MacBook-Air-som-tillhor-Johanna" duration="00:00:00.0016950" startTime="2025-04-27T20:30:59.8401140+02:00" endTime="2025-04-27T20:30:59.8418080+02:00" testType="13cdc9d9-ddb5-4fa4-a97d-d965ccfc6d4b" outcome="Passed" testListId="8c84fa94-04c1-424b-9868-57a2d4851a1d" relativeResultsDirectory="44ef9eb2-4d17-4d2c-a7b8-bb9a39e4a71c" />
    <UnitTestResult executionId="96d72097-feb1-4f0d-8af0-180f89f5f3e5" testId="fe4c8a2e-b86b-2a3e-af57-2413e054bdd8" testName="Should_have_error_when_Allergen_is_empty" computerName="MacBook-Air-som-tillhor-Johanna" duration="00:00:00.0488180" startTime="2025-04-27T20:30:59.7033650+02:00" endTime="2025-04-27T20:30:59.7521590+02:00" testType="13cdc9d9-ddb5-4fa4-a97d-d965ccfc6d4b" outcome="Passed" testListId="8c84fa94-04c1-424b-9868-57a2d4851a1d" relativeResultsDirectory="96d72097-feb1-4f0d-8af0-180f89f5f3e5" />
    <UnitTestResult executionId="b1b26529-da0c-4170-8a13-4379768ffdf7" testId="afa15efe-7299-c507-2d0a-61402b44ac78" testName="Two_safe_foods_with_same_food_item_should_not_be_equal_by_reference" computerName="MacBook-Air-som-tillhor-Johanna" duration="00:00:00.0002240" startTime="2025-04-27T20:30:59.8758590+02:00" endTime="2025-04-27T20:30:59.8760830+02:00" testType="13cdc9d9-ddb5-4fa4-a97d-d965ccfc6d4b" outcome="Passed" testListId="8c84fa94-04c1-424b-9868-57a2d4851a1d" relativeResultsDirectory="b1b26529-da0c-4170-8a13-4379768ffdf7" />
    <UnitTestResult executionId="01b472d0-5cdf-486c-8f66-6b406752d4e7" testId="98d67516-1491-d09f-9712-76e4b571ed2f" testName="Handle_should_throw_NotFoundException_if_safe_food_not_found" computerName="MacBook-Air-som-tillhor-Johanna" duration="00:00:00.0009190" startTime="2025-04-27T20:30:59.8675890+02:00" endTime="2025-04-27T20:30:59.8685070+02:00" testType="13cdc9d9-ddb5-4fa4-a97d-d965ccfc6d4b" outcome="Passed" testListId="8c84fa94-04c1-424b-9868-57a2d4851a1d" relativeResultsDirectory="01b472d0-5cdf-486c-8f66-6b406752d4e7" />
    <UnitTestResult executionId="93d6f586-5b79-4075-961f-de8e0b165a87" testId="b1a5e127-f3f5-5f50-05d1-fae703890a32" testName="Should_have_error_when_FoodItem_is_too_long" computerName="MacBook-Air-som-tillhor-Johanna" duration="00:00:00.0007510" startTime="2025-04-27T20:30:59.8384170+02:00" endTime="2025-04-27T20:30:59.8391680+02:00" testType="13cdc9d9-ddb5-4fa4-a97d-d965ccfc6d4b" outcome="Passed" testListId="8c84fa94-04c1-424b-9868-57a2d4851a1d" relativeResultsDirectory="93d6f586-5b79-4075-961f-de8e0b165a87" />
    <UnitTestResult executionId="a9b217e1-9a06-4a20-8ddc-ed4c2e88845e" testId="57c2bd76-bf73-765f-37f7-fc61c53c746d" testName="AddSafeFood_should_not_add_duplicate_safe_food" computerName="MacBook-Air-som-tillhor-Johanna" duration="00:00:00.0015780" startTime="2025-04-27T20:30:59.8710560+02:00" endTime="2025-04-27T20:30:59.8726340+02:00" testType="13cdc9d9-ddb5-4fa4-a97d-d965ccfc6d4b" outcome="Passed" testListId="8c84fa94-04c1-424b-9868-57a2d4851a1d" relativeResultsDirectory="a9b217e1-9a06-4a20-8ddc-ed4c2e88845e" />
    <UnitTestResult executionId="9ce3f7b4-9b7e-4e86-95a2-26c81cdbcb6b" testId="0653866c-502d-15b5-8864-a7973b3084d2" testName="Handle_should_throw_NotFoundException_if_member_not_found" computerName="MacBook-Air-som-tillhor-Johanna" duration="00:00:00.0009630" startTime="2025-04-27T20:30:59.8666170+02:00" endTime="2025-04-27T20:30:59.8675800+02:00" testType="13cdc9d9-ddb5-4fa4-a97d-d965ccfc6d4b" outcome="Passed" testListId="8c84fa94-04c1-424b-9868-57a2d4851a1d" relativeResultsDirectory="9ce3f7b4-9b7e-4e86-95a2-26c81cdbcb6b" />
  </Results>
  <TestDefinitions>
    <UnitTest name="Handle_should_throw_NotFoundException_if_member_not_found" storage="/users/johannahulten/documents/lifeorbit/server/yellowhousestudio.lifeorbit.tests.unit/bin/debug/net8.0/yellowhousestudio.lifeorbit.tests.unit.dll" id="0653866c-502d-15b5-8864-a7973b3084d2">
      <Execution id="9ce3f7b4-9b7e-4e86-95a2-26c81cdbcb6b" />
      <TestMethod codeBase="/Users/johannahulten/Documents/LifeOrbit/server/YellowHouseStudio.LifeOrbit.Tests.Unit/bin/Debug/net8.0/YellowHouseStudio.LifeOrbit.Tests.Unit.dll" adapterTypeName="executor://nunit3testexecutor/" className="YellowHouseStudio.LifeOrbit.Tests.Unit.Application.Family.RemoveSafeFood.RemoveSafeFoodCommandHandlerTests" name="Handle_should_throw_NotFoundException_if_member_not_found" />
    </UnitTest>
    <UnitTest name="Should_have_error_when_FamilyMemberId_is_empty" storage="/users/johannahulten/documents/lifeorbit/server/yellowhousestudio.lifeorbit.tests.unit/bin/debug/net8.0/yellowhousestudio.lifeorbit.tests.unit.dll" id="c99d0e69-93f4-7363-41f9-f8afc18ef297">
      <Execution id="d1677d19-a3a0-4fd8-b45c-93a77a1d8d7d" />
      <TestMethod codeBase="/Users/johannahulten/Documents/LifeOrbit/server/YellowHouseStudio.LifeOrbit.Tests.Unit/bin/Debug/net8.0/YellowHouseStudio.LifeOrbit.Tests.Unit.dll" adapterTypeName="executor://nunit3testexecutor/" className="YellowHouseStudio.LifeOrbit.Tests.Unit.Application.Family.AddAllergy.AddAllergyCommandValidatorTests" name="Should_have_error_when_FamilyMemberId_is_empty" />
    </UnitTest>
    <UnitTest name="Should_have_error_when_FoodItem_is_too_long" storage="/users/johannahulten/documents/lifeorbit/server/yellowhousestudio.lifeorbit.tests.unit/bin/debug/net8.0/yellowhousestudio.lifeorbit.tests.unit.dll" id="b1a5e127-f3f5-5f50-05d1-fae703890a32">
      <Execution id="93d6f586-5b79-4075-961f-de8e0b165a87" />
      <TestMethod codeBase="/Users/johannahulten/Documents/LifeOrbit/server/YellowHouseStudio.LifeOrbit.Tests.Unit/bin/Debug/net8.0/YellowHouseStudio.LifeOrbit.Tests.Unit.dll" adapterTypeName="executor://nunit3testexecutor/" className="YellowHouseStudio.LifeOrbit.Tests.Unit.Application.Family.AddFoodPreference.AddFoodPreferenceCommandValidatorTests" name="Should_have_error_when_FoodItem_is_too_long" />
    </UnitTest>
    <UnitTest name="Handle_should_add_new_safe_food" storage="/users/johannahulten/documents/lifeorbit/server/yellowhousestudio.lifeorbit.tests.unit/bin/debug/net8.0/yellowhousestudio.lifeorbit.tests.unit.dll" id="15a141bb-756f-85c0-bd0c-289b7adbda9c">
      <Execution id="04dd1d40-8721-44b9-9511-062cbe7afaf1" />
      <TestMethod codeBase="/Users/johannahulten/Documents/LifeOrbit/server/YellowHouseStudio.LifeOrbit.Tests.Unit/bin/Debug/net8.0/YellowHouseStudio.LifeOrbit.Tests.Unit.dll" adapterTypeName="executor://nunit3testexecutor/" className="YellowHouseStudio.LifeOrbit.Tests.Unit.Application.Family.AddSafeFood.AddSafeFoodCommandHandlerTests" name="Handle_should_add_new_safe_food" />
    </UnitTest>
    <UnitTest name="Handle_should_remove_safe_food" storage="/users/johannahulten/documents/lifeorbit/server/yellowhousestudio.lifeorbit.tests.unit/bin/debug/net8.0/yellowhousestudio.lifeorbit.tests.unit.dll" id="188c4182-265c-bf33-a0b1-abe58d6f8f0c">
      <Execution id="ccc033b4-4358-4ed5-aaf3-d8f3d40d106d" />
      <TestMethod codeBase="/Users/johannahulten/Documents/LifeOrbit/server/YellowHouseStudio.LifeOrbit.Tests.Unit/bin/Debug/net8.0/YellowHouseStudio.LifeOrbit.Tests.Unit.dll" adapterTypeName="executor://nunit3testexecutor/" className="YellowHouseStudio.LifeOrbit.Tests.Unit.Application.Family.RemoveSafeFood.RemoveSafeFoodCommandHandlerTests" name="Handle_should_remove_safe_food" />
    </UnitTest>
    <UnitTest name="Should_have_error_when_Severity_is_empty" storage="/users/johannahulten/documents/lifeorbit/server/yellowhousestudio.lifeorbit.tests.unit/bin/debug/net8.0/yellowhousestudio.lifeorbit.tests.unit.dll" id="103b07aa-4ecf-a016-1f59-91c9355c40a3">
      <Execution id="0c7d4506-b605-4188-a73b-7e49dfaa045c" />
      <TestMethod codeBase="/Users/johannahulten/Documents/LifeOrbit/server/YellowHouseStudio.LifeOrbit.Tests.Unit/bin/Debug/net8.0/YellowHouseStudio.LifeOrbit.Tests.Unit.dll" adapterTypeName="executor://nunit3testexecutor/" className="YellowHouseStudio.LifeOrbit.Tests.Unit.Application.Family.AddAllergy.AddAllergyCommandValidatorTests" name="Should_have_error_when_Severity_is_empty" />
    </UnitTest>
    <UnitTest name="Two_safe_foods_with_same_food_item_should_not_be_equal_by_reference" storage="/users/johannahulten/documents/lifeorbit/server/yellowhousestudio.lifeorbit.tests.unit/bin/debug/net8.0/yellowhousestudio.lifeorbit.tests.unit.dll" id="afa15efe-7299-c507-2d0a-61402b44ac78">
      <Execution id="b1b26529-da0c-4170-8a13-4379768ffdf7" />
      <TestMethod codeBase="/Users/johannahulten/Documents/LifeOrbit/server/YellowHouseStudio.LifeOrbit.Tests.Unit/bin/Debug/net8.0/YellowHouseStudio.LifeOrbit.Tests.Unit.dll" adapterTypeName="executor://nunit3testexecutor/" className="YellowHouseStudio.LifeOrbit.Tests.Unit.Domain.Family.SafeFoodTests" name="Two_safe_foods_with_same_food_item_should_not_be_equal_by_reference" />
    </UnitTest>
    <UnitTest name="Should_fail_when_family_member_does_not_exist" storage="/users/johannahulten/documents/lifeorbit/server/yellowhousestudio.lifeorbit.tests.unit/bin/debug/net8.0/yellowhousestudio.lifeorbit.tests.unit.dll" id="fd67e436-0a5c-522c-2a8b-59c6e32a50f0">
      <Execution id="b49c969c-81ab-4dda-bca5-8b4371490bb8" />
      <TestMethod codeBase="/Users/johannahulten/Documents/LifeOrbit/server/YellowHouseStudio.LifeOrbit.Tests.Unit/bin/Debug/net8.0/YellowHouseStudio.LifeOrbit.Tests.Unit.dll" adapterTypeName="executor://nunit3testexecutor/" className="YellowHouseStudio.LifeOrbit.Tests.Unit.Application.Family.RemoveAllergy.RemoveAllergyCommandValidatorTests" name="Should_fail_when_family_member_does_not_exist" />
    </UnitTest>
    <UnitTest name="Should_fail_when_family_member_id_is_empty" storage="/users/johannahulten/documents/lifeorbit/server/yellowhousestudio.lifeorbit.tests.unit/bin/debug/net8.0/yellowhousestudio.lifeorbit.tests.unit.dll" id="16b76c81-6314-5b65-408d-89c0be2db1ac">
      <Execution id="8965dbaa-b614-41aa-82ff-a86e4eb97018" />
      <TestMethod codeBase="/Users/johannahulten/Documents/LifeOrbit/server/YellowHouseStudio.LifeOrbit.Tests.Unit/bin/Debug/net8.0/YellowHouseStudio.LifeOrbit.Tests.Unit.dll" adapterTypeName="executor://nunit3testexecutor/" className="YellowHouseStudio.LifeOrbit.Tests.Unit.Application.Family.RemoveAllergy.RemoveAllergyCommandValidatorTests" name="Should_fail_when_family_member_id_is_empty" />
    </UnitTest>
    <UnitTest name="Handle_should_add_food_preference_when_valid" storage="/users/johannahulten/documents/lifeorbit/server/yellowhousestudio.lifeorbit.tests.unit/bin/debug/net8.0/yellowhousestudio.lifeorbit.tests.unit.dll" id="856cc9b7-d90e-0919-12ec-4f8fa669c84f">
      <Execution id="6ce6cb1d-c92e-4a30-a134-4273608a3210" />
      <TestMethod codeBase="/Users/johannahulten/Documents/LifeOrbit/server/YellowHouseStudio.LifeOrbit.Tests.Unit/bin/Debug/net8.0/YellowHouseStudio.LifeOrbit.Tests.Unit.dll" adapterTypeName="executor://nunit3testexecutor/" className="YellowHouseStudio.LifeOrbit.Tests.Unit.Application.Family.AddFoodPreference.AddFoodPreferenceCommandHandlerTests" name="Handle_should_add_food_preference_when_valid" />
    </UnitTest>
    <UnitTest name="Should_have_error_when_family_member_not_found" storage="/users/johannahulten/documents/lifeorbit/server/yellowhousestudio.lifeorbit.tests.unit/bin/debug/net8.0/yellowhousestudio.lifeorbit.tests.unit.dll" id="f908793a-02e4-14da-dd1f-b81d5d49a982">
      <Execution id="dc28d67c-2638-446a-b0c9-f16bf8ec48e2" />
      <TestMethod codeBase="/Users/johannahulten/Documents/LifeOrbit/server/YellowHouseStudio.LifeOrbit.Tests.Unit/bin/Debug/net8.0/YellowHouseStudio.LifeOrbit.Tests.Unit.dll" adapterTypeName="executor://nunit3testexecutor/" className="YellowHouseStudio.LifeOrbit.Tests.Unit.Application.Family.AddFoodPreference.AddFoodPreferenceCommandValidatorTests" name="Should_have_error_when_family_member_not_found" />
    </UnitTest>
    <UnitTest name="Should_have_error_when_family_member_not_found" storage="/users/johannahulten/documents/lifeorbit/server/yellowhousestudio.lifeorbit.tests.unit/bin/debug/net8.0/yellowhousestudio.lifeorbit.tests.unit.dll" id="a20d17f0-5752-e211-49bb-cbff74c48a50">
      <Execution id="208226ad-0181-4393-881a-007dd8524425" />
      <TestMethod codeBase="/Users/johannahulten/Documents/LifeOrbit/server/YellowHouseStudio.LifeOrbit.Tests.Unit/bin/Debug/net8.0/YellowHouseStudio.LifeOrbit.Tests.Unit.dll" adapterTypeName="executor://nunit3testexecutor/" className="YellowHouseStudio.LifeOrbit.Tests.Unit.Application.Family.AddAllergy.AddAllergyCommandValidatorTests" name="Should_have_error_when_family_member_not_found" />
    </UnitTest>
    <UnitTest name="Should_have_error_when_Status_is_empty" storage="/users/johannahulten/documents/lifeorbit/server/yellowhousestudio.lifeorbit.tests.unit/bin/debug/net8.0/yellowhousestudio.lifeorbit.tests.unit.dll" id="ea22dfce-8112-3399-5531-f9750561f723">
      <Execution id="0cbec5ec-4e9d-4a16-a8f3-9185119d21db" />
      <TestMethod codeBase="/Users/johannahulten/Documents/LifeOrbit/server/YellowHouseStudio.LifeOrbit.Tests.Unit/bin/Debug/net8.0/YellowHouseStudio.LifeOrbit.Tests.Unit.dll" adapterTypeName="executor://nunit3testexecutor/" className="YellowHouseStudio.LifeOrbit.Tests.Unit.Application.Family.AddFoodPreference.AddFoodPreferenceCommandValidatorTests" name="Should_have_error_when_Status_is_empty" />
    </UnitTest>
    <UnitTest name="Should_fail_when_allergen_is_too_long" storage="/users/johannahulten/documents/lifeorbit/server/yellowhousestudio.lifeorbit.tests.unit/bin/debug/net8.0/yellowhousestudio.lifeorbit.tests.unit.dll" id="26f83e64-303d-c640-75bf-078c99e834b7">
      <Execution id="69b4bb9b-57f9-4ad6-8d44-7e0dddfeffa7" />
      <TestMethod codeBase="/Users/johannahulten/Documents/LifeOrbit/server/YellowHouseStudio.LifeOrbit.Tests.Unit/bin/Debug/net8.0/YellowHouseStudio.LifeOrbit.Tests.Unit.dll" adapterTypeName="executor://nunit3testexecutor/" className="YellowHouseStudio.LifeOrbit.Tests.Unit.Application.Family.RemoveAllergy.RemoveAllergyCommandValidatorTests" name="Should_fail_when_allergen_is_too_long" />
    </UnitTest>
    <UnitTest name="Validate_should_fail_when_FoodItem_exceeds_max_length" storage="/users/johannahulten/documents/lifeorbit/server/yellowhousestudio.lifeorbit.tests.unit/bin/debug/net8.0/yellowhousestudio.lifeorbit.tests.unit.dll" id="c31cfec0-ec05-2764-8a49-4865b5a1ece6">
      <Execution id="a39653cd-d05d-4d32-bae8-3d10cbed4699" />
      <TestMethod codeBase="/Users/johannahulten/Documents/LifeOrbit/server/YellowHouseStudio.LifeOrbit.Tests.Unit/bin/Debug/net8.0/YellowHouseStudio.LifeOrbit.Tests.Unit.dll" adapterTypeName="executor://nunit3testexecutor/" className="YellowHouseStudio.LifeOrbit.Tests.Unit.Application.Family.RemoveSafeFood.RemoveSafeFoodCommandValidatorTests" name="Validate_should_fail_when_FoodItem_exceeds_max_length" />
    </UnitTest>
    <UnitTest name="Should_have_error_when_Allergen_is_too_long" storage="/users/johannahulten/documents/lifeorbit/server/yellowhousestudio.lifeorbit.tests.unit/bin/debug/net8.0/yellowhousestudio.lifeorbit.tests.unit.dll" id="1e8dac91-adc7-cd6c-43f3-bcb66cee8640">
      <Execution id="062bea6b-5f57-4405-9de0-ff217177cea4" />
      <TestMethod codeBase="/Users/johannahulten/Documents/LifeOrbit/server/YellowHouseStudio.LifeOrbit.Tests.Unit/bin/Debug/net8.0/YellowHouseStudio.LifeOrbit.Tests.Unit.dll" adapterTypeName="executor://nunit3testexecutor/" className="YellowHouseStudio.LifeOrbit.Tests.Unit.Application.Family.AddAllergy.AddAllergyCommandValidatorTests" name="Should_have_error_when_Allergen_is_too_long" />
    </UnitTest>
    <UnitTest name="Validate_should_succeed_when_command_is_valid" storage="/users/johannahulten/documents/lifeorbit/server/yellowhousestudio.lifeorbit.tests.unit/bin/debug/net8.0/yellowhousestudio.lifeorbit.tests.unit.dll" id="573cf9e1-7c3b-b8e6-b229-6a11c6e8c0cd">
      <Execution id="14350a05-94cb-4997-9a58-bb482cb1a1c5" />
      <TestMethod codeBase="/Users/johannahulten/Documents/LifeOrbit/server/YellowHouseStudio.LifeOrbit.Tests.Unit/bin/Debug/net8.0/YellowHouseStudio.LifeOrbit.Tests.Unit.dll" adapterTypeName="executor://nunit3testexecutor/" className="YellowHouseStudio.LifeOrbit.Tests.Unit.Application.Family.AddSafeFood.AddSafeFoodCommandValidatorTests" name="Validate_should_succeed_when_command_is_valid" />
    </UnitTest>
    <UnitTest name="Should_not_have_error_when_command_is_valid" storage="/users/johannahulten/documents/lifeorbit/server/yellowhousestudio.lifeorbit.tests.unit/bin/debug/net8.0/yellowhousestudio.lifeorbit.tests.unit.dll" id="b2d3380c-1364-8977-ff46-82700fd12d06">
      <Execution id="44ef9eb2-4d17-4d2c-a7b8-bb9a39e4a71c" />
      <TestMethod codeBase="/Users/johannahulten/Documents/LifeOrbit/server/YellowHouseStudio.LifeOrbit.Tests.Unit/bin/Debug/net8.0/YellowHouseStudio.LifeOrbit.Tests.Unit.dll" adapterTypeName="executor://nunit3testexecutor/" className="YellowHouseStudio.LifeOrbit.Tests.Unit.Application.Family.AddFoodPreference.AddFoodPreferenceCommandValidatorTests" name="Should_not_have_error_when_command_is_valid" />
    </UnitTest>
    <UnitTest name="RemoveSafeFood_should_remove_existing_safe_food" storage="/users/johannahulten/documents/lifeorbit/server/yellowhousestudio.lifeorbit.tests.unit/bin/debug/net8.0/yellowhousestudio.lifeorbit.tests.unit.dll" id="c27300db-78d1-1080-5a72-4f5b9ca67795">
      <Execution id="31f8a4a4-dbe1-451e-b2e6-03e82163aba5" />
      <TestMethod codeBase="/Users/johannahulten/Documents/LifeOrbit/server/YellowHouseStudio.LifeOrbit.Tests.Unit/bin/Debug/net8.0/YellowHouseStudio.LifeOrbit.Tests.Unit.dll" adapterTypeName="executor://nunit3testexecutor/" className="YellowHouseStudio.LifeOrbit.Tests.Unit.Domain.Family.FamilyMemberTests" name="RemoveSafeFood_should_remove_existing_safe_food" />
    </UnitTest>
    <UnitTest name="Handle_should_not_add_duplicate_safe_food" storage="/users/johannahulten/documents/lifeorbit/server/yellowhousestudio.lifeorbit.tests.unit/bin/debug/net8.0/yellowhousestudio.lifeorbit.tests.unit.dll" id="dbc1f4d5-c373-afce-c9f5-2035d36d22d4">
      <Execution id="093a374b-1936-43f8-9f81-09b9a0129ccd" />
      <TestMethod codeBase="/Users/johannahulten/Documents/LifeOrbit/server/YellowHouseStudio.LifeOrbit.Tests.Unit/bin/Debug/net8.0/YellowHouseStudio.LifeOrbit.Tests.Unit.dll" adapterTypeName="executor://nunit3testexecutor/" className="YellowHouseStudio.LifeOrbit.Tests.Unit.Application.Family.AddSafeFood.AddSafeFoodCommandHandlerTests" name="Handle_should_not_add_duplicate_safe_food" />
    </UnitTest>
    <UnitTest name="Validate_should_fail_when_FamilyMemberId_is_empty" storage="/users/johannahulten/documents/lifeorbit/server/yellowhousestudio.lifeorbit.tests.unit/bin/debug/net8.0/yellowhousestudio.lifeorbit.tests.unit.dll" id="09cb8dbf-e956-7ee2-9fb5-d890bb43589e">
      <Execution id="7cd3a62c-dd70-4604-b251-458d93206766" />
      <TestMethod codeBase="/Users/johannahulten/Documents/LifeOrbit/server/YellowHouseStudio.LifeOrbit.Tests.Unit/bin/Debug/net8.0/YellowHouseStudio.LifeOrbit.Tests.Unit.dll" adapterTypeName="executor://nunit3testexecutor/" className="YellowHouseStudio.LifeOrbit.Tests.Unit.Application.Family.RemoveSafeFood.RemoveSafeFoodCommandValidatorTests" name="Validate_should_fail_when_FamilyMemberId_is_empty" />
    </UnitTest>
    <UnitTest name="AddSafeFood_should_not_add_duplicate_safe_food" storage="/users/johannahulten/documents/lifeorbit/server/yellowhousestudio.lifeorbit.tests.unit/bin/debug/net8.0/yellowhousestudio.lifeorbit.tests.unit.dll" id="57c2bd76-bf73-765f-37f7-fc61c53c746d">
      <Execution id="a9b217e1-9a06-4a20-8ddc-ed4c2e88845e" />
      <TestMethod codeBase="/Users/johannahulten/Documents/LifeOrbit/server/YellowHouseStudio.LifeOrbit.Tests.Unit/bin/Debug/net8.0/YellowHouseStudio.LifeOrbit.Tests.Unit.dll" adapterTypeName="executor://nunit3testexecutor/" className="YellowHouseStudio.LifeOrbit.Tests.Unit.Domain.Family.FamilyMemberTests" name="AddSafeFood_should_not_add_duplicate_safe_food" />
    </UnitTest>
    <UnitTest name="Should_have_error_when_food_preference_already_exists" storage="/users/johannahulten/documents/lifeorbit/server/yellowhousestudio.lifeorbit.tests.unit/bin/debug/net8.0/yellowhousestudio.lifeorbit.tests.unit.dll" id="b0db387f-2e5d-7fdb-9155-ce0bcbf88c68">
      <Execution id="1d8eb4ca-438a-4a10-a9a7-6973fc26d820" />
      <TestMethod codeBase="/Users/johannahulten/Documents/LifeOrbit/server/YellowHouseStudio.LifeOrbit.Tests.Unit/bin/Debug/net8.0/YellowHouseStudio.LifeOrbit.Tests.Unit.dll" adapterTypeName="executor://nunit3testexecutor/" className="YellowHouseStudio.LifeOrbit.Tests.Unit.Application.Family.AddFoodPreference.AddFoodPreferenceCommandValidatorTests" name="Should_have_error_when_food_preference_already_exists" />
    </UnitTest>
    <UnitTest name="Validate_should_succeed_when_command_is_valid" storage="/users/johannahulten/documents/lifeorbit/server/yellowhousestudio.lifeorbit.tests.unit/bin/debug/net8.0/yellowhousestudio.lifeorbit.tests.unit.dll" id="b5b10794-e19f-0f3e-4c04-62a9ecf5a042">
      <Execution id="7d7181c9-167d-49fb-af8f-5ca88778462d" />
      <TestMethod codeBase="/Users/johannahulten/Documents/LifeOrbit/server/YellowHouseStudio.LifeOrbit.Tests.Unit/bin/Debug/net8.0/YellowHouseStudio.LifeOrbit.Tests.Unit.dll" adapterTypeName="executor://nunit3testexecutor/" className="YellowHouseStudio.LifeOrbit.Tests.Unit.Application.Family.RemoveSafeFood.RemoveSafeFoodCommandValidatorTests" name="Validate_should_succeed_when_command_is_valid" />
    </UnitTest>
    <UnitTest name="Should_have_error_when_Status_is_invalid" storage="/users/johannahulten/documents/lifeorbit/server/yellowhousestudio.lifeorbit.tests.unit/bin/debug/net8.0/yellowhousestudio.lifeorbit.tests.unit.dll" id="6a41ad57-a9d9-027a-f28a-c7e19937056e">
      <Execution id="373b39ef-fe04-4d7c-a43d-d5c65c07fede" />
      <TestMethod codeBase="/Users/johannahulten/Documents/LifeOrbit/server/YellowHouseStudio.LifeOrbit.Tests.Unit/bin/Debug/net8.0/YellowHouseStudio.LifeOrbit.Tests.Unit.dll" adapterTypeName="executor://nunit3testexecutor/" className="YellowHouseStudio.LifeOrbit.Tests.Unit.Application.Family.AddFoodPreference.AddFoodPreferenceCommandValidatorTests" name="Should_have_error_when_Status_is_invalid" />
    </UnitTest>
    <UnitTest name="Validate_should_fail_when_FoodItem_exceeds_max_length" storage="/users/johannahulten/documents/lifeorbit/server/yellowhousestudio.lifeorbit.tests.unit/bin/debug/net8.0/yellowhousestudio.lifeorbit.tests.unit.dll" id="e2d15ff8-6ea1-dcab-a5fc-0ba2c4d7bc98">
      <Execution id="36f7a108-74cb-40a0-b663-92ee7b5de039" />
      <TestMethod codeBase="/Users/johannahulten/Documents/LifeOrbit/server/YellowHouseStudio.LifeOrbit.Tests.Unit/bin/Debug/net8.0/YellowHouseStudio.LifeOrbit.Tests.Unit.dll" adapterTypeName="executor://nunit3testexecutor/" className="YellowHouseStudio.LifeOrbit.Tests.Unit.Application.Family.AddSafeFood.AddSafeFoodCommandValidatorTests" name="Validate_should_fail_when_FoodItem_exceeds_max_length" />
    </UnitTest>
    <UnitTest name="AddSafeFood_should_add_new_safe_food" storage="/users/johannahulten/documents/lifeorbit/server/yellowhousestudio.lifeorbit.tests.unit/bin/debug/net8.0/yellowhousestudio.lifeorbit.tests.unit.dll" id="111a7769-e0d8-3d84-474f-e66f8b3f7de7">
      <Execution id="468bfe01-df9a-4038-8ab3-971876463b4d" />
      <TestMethod codeBase="/Users/johannahulten/Documents/LifeOrbit/server/YellowHouseStudio.LifeOrbit.Tests.Unit/bin/Debug/net8.0/YellowHouseStudio.LifeOrbit.Tests.Unit.dll" adapterTypeName="executor://nunit3testexecutor/" className="YellowHouseStudio.LifeOrbit.Tests.Unit.Domain.Family.FamilyMemberTests" name="AddSafeFood_should_add_new_safe_food" />
    </UnitTest>
    <UnitTest name="Should_have_error_when_allergy_already_exists" storage="/users/johannahulten/documents/lifeorbit/server/yellowhousestudio.lifeorbit.tests.unit/bin/debug/net8.0/yellowhousestudio.lifeorbit.tests.unit.dll" id="2fa585af-a391-3ae2-c21a-66c7ef35a28c">
      <Execution id="df945ac6-f4e7-46e0-a973-2583918ff2f6" />
      <TestMethod codeBase="/Users/johannahulten/Documents/LifeOrbit/server/YellowHouseStudio.LifeOrbit.Tests.Unit/bin/Debug/net8.0/YellowHouseStudio.LifeOrbit.Tests.Unit.dll" adapterTypeName="executor://nunit3testexecutor/" className="YellowHouseStudio.LifeOrbit.Tests.Unit.Application.Family.AddAllergy.AddAllergyCommandValidatorTests" name="Should_have_error_when_allergy_already_exists" />
    </UnitTest>
    <UnitTest name="Handle_should_throw_NotFoundException_when_family_member_not_found" storage="/users/johannahulten/documents/lifeorbit/server/yellowhousestudio.lifeorbit.tests.unit/bin/debug/net8.0/yellowhousestudio.lifeorbit.tests.unit.dll" id="88d93213-9775-b228-5ba1-b38c66ed40db">
      <Execution id="1aca98b1-a92f-495f-a57d-b69316c786e9" />
      <TestMethod codeBase="/Users/johannahulten/Documents/LifeOrbit/server/YellowHouseStudio.LifeOrbit.Tests.Unit/bin/Debug/net8.0/YellowHouseStudio.LifeOrbit.Tests.Unit.dll" adapterTypeName="executor://nunit3testexecutor/" className="YellowHouseStudio.LifeOrbit.Tests.Unit.Application.Family.AddFoodPreference.AddFoodPreferenceCommandHandlerTests" name="Handle_should_throw_NotFoundException_when_family_member_not_found" />
    </UnitTest>
    <UnitTest name="Constructor_should_set_food_item_and_generate_id" storage="/users/johannahulten/documents/lifeorbit/server/yellowhousestudio.lifeorbit.tests.unit/bin/debug/net8.0/yellowhousestudio.lifeorbit.tests.unit.dll" id="fcc27b01-2330-77f0-d343-1496d2cad809">
      <Execution id="4d15f18c-130a-4878-b16c-31229ed47e23" />
      <TestMethod codeBase="/Users/johannahulten/Documents/LifeOrbit/server/YellowHouseStudio.LifeOrbit.Tests.Unit/bin/Debug/net8.0/YellowHouseStudio.LifeOrbit.Tests.Unit.dll" adapterTypeName="executor://nunit3testexecutor/" className="YellowHouseStudio.LifeOrbit.Tests.Unit.Domain.Family.SafeFoodTests" name="Constructor_should_set_food_item_and_generate_id" />
    </UnitTest>
    <UnitTest name="Should_fail_when_allergen_is_empty" storage="/users/johannahulten/documents/lifeorbit/server/yellowhousestudio.lifeorbit.tests.unit/bin/debug/net8.0/yellowhousestudio.lifeorbit.tests.unit.dll" id="e4a0aef8-a95a-4a76-7ab8-473c97d21117">
      <Execution id="2b085416-3b63-4e62-b108-82e5e0a99f84" />
      <TestMethod codeBase="/Users/johannahulten/Documents/LifeOrbit/server/YellowHouseStudio.LifeOrbit.Tests.Unit/bin/Debug/net8.0/YellowHouseStudio.LifeOrbit.Tests.Unit.dll" adapterTypeName="executor://nunit3testexecutor/" className="YellowHouseStudio.LifeOrbit.Tests.Unit.Application.Family.RemoveAllergy.RemoveAllergyCommandValidatorTests" name="Should_fail_when_allergen_is_empty" />
    </UnitTest>
    <UnitTest name="Should_have_error_when_Allergen_is_empty" storage="/users/johannahulten/documents/lifeorbit/server/yellowhousestudio.lifeorbit.tests.unit/bin/debug/net8.0/yellowhousestudio.lifeorbit.tests.unit.dll" id="fe4c8a2e-b86b-2a3e-af57-2413e054bdd8">
      <Execution id="96d72097-feb1-4f0d-8af0-180f89f5f3e5" />
      <TestMethod codeBase="/Users/johannahulten/Documents/LifeOrbit/server/YellowHouseStudio.LifeOrbit.Tests.Unit/bin/Debug/net8.0/YellowHouseStudio.LifeOrbit.Tests.Unit.dll" adapterTypeName="executor://nunit3testexecutor/" className="YellowHouseStudio.LifeOrbit.Tests.Unit.Application.Family.AddAllergy.AddAllergyCommandValidatorTests" name="Should_have_error_when_Allergen_is_empty" />
    </UnitTest>
    <UnitTest name="Validate_should_fail_when_FoodItem_is_empty" storage="/users/johannahulten/documents/lifeorbit/server/yellowhousestudio.lifeorbit.tests.unit/bin/debug/net8.0/yellowhousestudio.lifeorbit.tests.unit.dll" id="4c9c2c45-3c91-ccd7-ef0a-83ecd8b92ddd">
      <Execution id="5fba12e7-06ca-479f-8917-802b9c4d0dba" />
      <TestMethod codeBase="/Users/johannahulten/Documents/LifeOrbit/server/YellowHouseStudio.LifeOrbit.Tests.Unit/bin/Debug/net8.0/YellowHouseStudio.LifeOrbit.Tests.Unit.dll" adapterTypeName="executor://nunit3testexecutor/" className="YellowHouseStudio.LifeOrbit.Tests.Unit.Application.Family.RemoveSafeFood.RemoveSafeFoodCommandValidatorTests" name="Validate_should_fail_when_FoodItem_is_empty" />
    </UnitTest>
    <UnitTest name="Should_not_have_error_when_command_is_valid" storage="/users/johannahulten/documents/lifeorbit/server/yellowhousestudio.lifeorbit.tests.unit/bin/debug/net8.0/yellowhousestudio.lifeorbit.tests.unit.dll" id="1d6a2b08-1373-6de4-0ac6-1a39d973da8d">
      <Execution id="e3a9e93e-76ed-467d-89c3-ef43019f191d" />
      <TestMethod codeBase="/Users/johannahulten/Documents/LifeOrbit/server/YellowHouseStudio.LifeOrbit.Tests.Unit/bin/Debug/net8.0/YellowHouseStudio.LifeOrbit.Tests.Unit.dll" adapterTypeName="executor://nunit3testexecutor/" className="YellowHouseStudio.LifeOrbit.Tests.Unit.Application.Family.AddAllergy.AddAllergyCommandValidatorTests" name="Should_not_have_error_when_command_is_valid" />
    </UnitTest>
    <UnitTest name="SafeFoods_should_be_empty_by_default" storage="/users/johannahulten/documents/lifeorbit/server/yellowhousestudio.lifeorbit.tests.unit/bin/debug/net8.0/yellowhousestudio.lifeorbit.tests.unit.dll" id="ddbf6456-d694-6595-fb69-f3e9e49e3a83">
      <Execution id="156cd07f-fca2-41d8-b8e6-7751710bd5fb" />
      <TestMethod codeBase="/Users/johannahulten/Documents/LifeOrbit/server/YellowHouseStudio.LifeOrbit.Tests.Unit/bin/Debug/net8.0/YellowHouseStudio.LifeOrbit.Tests.Unit.dll" adapterTypeName="executor://nunit3testexecutor/" className="YellowHouseStudio.LifeOrbit.Tests.Unit.Domain.Family.FamilyMemberTests" name="SafeFoods_should_be_empty_by_default" />
    </UnitTest>
    <UnitTest name="RemoveSafeFood_should_do_nothing_if_food_not_present" storage="/users/johannahulten/documents/lifeorbit/server/yellowhousestudio.lifeorbit.tests.unit/bin/debug/net8.0/yellowhousestudio.lifeorbit.tests.unit.dll" id="2bcf1bb7-f69d-8be9-0f36-486489760bd9">
      <Execution id="26480d3a-ee3d-4c20-9a5e-157f5e24f326" />
      <TestMethod codeBase="/Users/johannahulten/Documents/LifeOrbit/server/YellowHouseStudio.LifeOrbit.Tests.Unit/bin/Debug/net8.0/YellowHouseStudio.LifeOrbit.Tests.Unit.dll" adapterTypeName="executor://nunit3testexecutor/" className="YellowHouseStudio.LifeOrbit.Tests.Unit.Domain.Family.FamilyMemberTests" name="RemoveSafeFood_should_do_nothing_if_food_not_present" />
    </UnitTest>
    <UnitTest name="Should_fail_when_allergy_does_not_exist" storage="/users/johannahulten/documents/lifeorbit/server/yellowhousestudio.lifeorbit.tests.unit/bin/debug/net8.0/yellowhousestudio.lifeorbit.tests.unit.dll" id="507b6665-cc0e-8241-82c8-6769368befeb">
      <Execution id="98838200-a5b7-41c3-b305-dea811a14046" />
      <TestMethod codeBase="/Users/johannahulten/Documents/LifeOrbit/server/YellowHouseStudio.LifeOrbit.Tests.Unit/bin/Debug/net8.0/YellowHouseStudio.LifeOrbit.Tests.Unit.dll" adapterTypeName="executor://nunit3testexecutor/" className="YellowHouseStudio.LifeOrbit.Tests.Unit.Application.Family.RemoveAllergy.RemoveAllergyCommandValidatorTests" name="Should_fail_when_allergy_does_not_exist" />
    </UnitTest>
    <UnitTest name="Should_pass_when_all_fields_are_valid" storage="/users/johannahulten/documents/lifeorbit/server/yellowhousestudio.lifeorbit.tests.unit/bin/debug/net8.0/yellowhousestudio.lifeorbit.tests.unit.dll" id="eea70b5d-cb2a-f16c-363c-018b6dfdf662">
      <Execution id="1b445c52-4701-497c-8990-3fdaba7d313e" />
      <TestMethod codeBase="/Users/johannahulten/Documents/LifeOrbit/server/YellowHouseStudio.LifeOrbit.Tests.Unit/bin/Debug/net8.0/YellowHouseStudio.LifeOrbit.Tests.Unit.dll" adapterTypeName="executor://nunit3testexecutor/" className="YellowHouseStudio.LifeOrbit.Tests.Unit.Application.Family.RemoveAllergy.RemoveAllergyCommandValidatorTests" name="Should_pass_when_all_fields_are_valid" />
    </UnitTest>
    <UnitTest name="Should_have_error_when_FamilyMemberId_is_empty" storage="/users/johannahulten/documents/lifeorbit/server/yellowhousestudio.lifeorbit.tests.unit/bin/debug/net8.0/yellowhousestudio.lifeorbit.tests.unit.dll" id="86d56bd3-d35b-1bf0-05b5-e499b31df05c">
      <Execution id="6b8960ef-283f-47bb-8d27-9a39d5dac2f9" />
      <TestMethod codeBase="/Users/johannahulten/Documents/LifeOrbit/server/YellowHouseStudio.LifeOrbit.Tests.Unit/bin/Debug/net8.0/YellowHouseStudio.LifeOrbit.Tests.Unit.dll" adapterTypeName="executor://nunit3testexecutor/" className="YellowHouseStudio.LifeOrbit.Tests.Unit.Application.Family.AddFoodPreference.AddFoodPreferenceCommandValidatorTests" name="Should_have_error_when_FamilyMemberId_is_empty" />
    </UnitTest>
    <UnitTest name="Validate_should_fail_when_FamilyMemberId_is_empty" storage="/users/johannahulten/documents/lifeorbit/server/yellowhousestudio.lifeorbit.tests.unit/bin/debug/net8.0/yellowhousestudio.lifeorbit.tests.unit.dll" id="6de92e87-2346-0473-f331-1879f17585d0">
      <Execution id="67e8cfb4-c267-45e9-abcf-84170d51f9c1" />
      <TestMethod codeBase="/Users/johannahulten/Documents/LifeOrbit/server/YellowHouseStudio.LifeOrbit.Tests.Unit/bin/Debug/net8.0/YellowHouseStudio.LifeOrbit.Tests.Unit.dll" adapterTypeName="executor://nunit3testexecutor/" className="YellowHouseStudio.LifeOrbit.Tests.Unit.Application.Family.AddSafeFood.AddSafeFoodCommandValidatorTests" name="Validate_should_fail_when_FamilyMemberId_is_empty" />
    </UnitTest>
    <UnitTest name="Handle_should_throw_NotFoundException_if_member_not_found" storage="/users/johannahulten/documents/lifeorbit/server/yellowhousestudio.lifeorbit.tests.unit/bin/debug/net8.0/yellowhousestudio.lifeorbit.tests.unit.dll" id="437d4260-df5c-09c9-0d15-4f6f25305671">
      <Execution id="5146e643-9f1b-4f3e-b35b-9da1732ef282" />
      <TestMethod codeBase="/Users/johannahulten/Documents/LifeOrbit/server/YellowHouseStudio.LifeOrbit.Tests.Unit/bin/Debug/net8.0/YellowHouseStudio.LifeOrbit.Tests.Unit.dll" adapterTypeName="executor://nunit3testexecutor/" className="YellowHouseStudio.LifeOrbit.Tests.Unit.Application.Family.AddSafeFood.AddSafeFoodCommandHandlerTests" name="Handle_should_throw_NotFoundException_if_member_not_found" />
    </UnitTest>
    <UnitTest name="Should_have_error_when_Severity_is_invalid" storage="/users/johannahulten/documents/lifeorbit/server/yellowhousestudio.lifeorbit.tests.unit/bin/debug/net8.0/yellowhousestudio.lifeorbit.tests.unit.dll" id="935d956b-efab-b801-df2a-dd03507c5a17">
      <Execution id="40ba47f1-b0dd-4201-9044-797f9b4bae95" />
      <TestMethod codeBase="/Users/johannahulten/Documents/LifeOrbit/server/YellowHouseStudio.LifeOrbit.Tests.Unit/bin/Debug/net8.0/YellowHouseStudio.LifeOrbit.Tests.Unit.dll" adapterTypeName="executor://nunit3testexecutor/" className="YellowHouseStudio.LifeOrbit.Tests.Unit.Application.Family.AddAllergy.AddAllergyCommandValidatorTests" name="Should_have_error_when_Severity_is_invalid" />
    </UnitTest>
    <UnitTest name="Validate_should_fail_when_FoodItem_is_empty" storage="/users/johannahulten/documents/lifeorbit/server/yellowhousestudio.lifeorbit.tests.unit/bin/debug/net8.0/yellowhousestudio.lifeorbit.tests.unit.dll" id="d3ef9a63-8ed4-1e01-9703-756182b98529">
      <Execution id="6eb5c91b-69a7-4852-80b8-60ae9234f7f0" />
      <TestMethod codeBase="/Users/johannahulten/Documents/LifeOrbit/server/YellowHouseStudio.LifeOrbit.Tests.Unit/bin/Debug/net8.0/YellowHouseStudio.LifeOrbit.Tests.Unit.dll" adapterTypeName="executor://nunit3testexecutor/" className="YellowHouseStudio.LifeOrbit.Tests.Unit.Application.Family.AddSafeFood.AddSafeFoodCommandValidatorTests" name="Validate_should_fail_when_FoodItem_is_empty" />
    </UnitTest>
    <UnitTest name="Handle_should_throw_NotFoundException_if_safe_food_not_found" storage="/users/johannahulten/documents/lifeorbit/server/yellowhousestudio.lifeorbit.tests.unit/bin/debug/net8.0/yellowhousestudio.lifeorbit.tests.unit.dll" id="98d67516-1491-d09f-9712-76e4b571ed2f">
      <Execution id="01b472d0-5cdf-486c-8f66-6b406752d4e7" />
      <TestMethod codeBase="/Users/johannahulten/Documents/LifeOrbit/server/YellowHouseStudio.LifeOrbit.Tests.Unit/bin/Debug/net8.0/YellowHouseStudio.LifeOrbit.Tests.Unit.dll" adapterTypeName="executor://nunit3testexecutor/" className="YellowHouseStudio.LifeOrbit.Tests.Unit.Application.Family.RemoveSafeFood.RemoveSafeFoodCommandHandlerTests" name="Handle_should_throw_NotFoundException_if_safe_food_not_found" />
    </UnitTest>
    <UnitTest name="Should_have_error_when_FoodItem_is_empty" storage="/users/johannahulten/documents/lifeorbit/server/yellowhousestudio.lifeorbit.tests.unit/bin/debug/net8.0/yellowhousestudio.lifeorbit.tests.unit.dll" id="452cf301-2031-4ed1-ce6d-69aa0b6c0b89">
      <Execution id="41708dc6-1181-41ee-a7c6-31b27251fac7" />
      <TestMethod codeBase="/Users/johannahulten/Documents/LifeOrbit/server/YellowHouseStudio.LifeOrbit.Tests.Unit/bin/Debug/net8.0/YellowHouseStudio.LifeOrbit.Tests.Unit.dll" adapterTypeName="executor://nunit3testexecutor/" className="YellowHouseStudio.LifeOrbit.Tests.Unit.Application.Family.AddFoodPreference.AddFoodPreferenceCommandValidatorTests" name="Should_have_error_when_FoodItem_is_empty" />
    </UnitTest>
  </TestDefinitions>
  <TestEntries>
    <TestEntry testId="ddbf6456-d694-6595-fb69-f3e9e49e3a83" executionId="156cd07f-fca2-41d8-b8e6-7751710bd5fb" testListId="8c84fa94-04c1-424b-9868-57a2d4851a1d" />
    <TestEntry testId="111a7769-e0d8-3d84-474f-e66f8b3f7de7" executionId="468bfe01-df9a-4038-8ab3-971876463b4d" testListId="8c84fa94-04c1-424b-9868-57a2d4851a1d" />
    <TestEntry testId="e2d15ff8-6ea1-dcab-a5fc-0ba2c4d7bc98" executionId="36f7a108-74cb-40a0-b663-92ee7b5de039" testListId="8c84fa94-04c1-424b-9868-57a2d4851a1d" />
    <TestEntry testId="d3ef9a63-8ed4-1e01-9703-756182b98529" executionId="6eb5c91b-69a7-4852-80b8-60ae9234f7f0" testListId="8c84fa94-04c1-424b-9868-57a2d4851a1d" />
    <TestEntry testId="b0db387f-2e5d-7fdb-9155-ce0bcbf88c68" executionId="1d8eb4ca-438a-4a10-a9a7-6973fc26d820" testListId="8c84fa94-04c1-424b-9868-57a2d4851a1d" />
    <TestEntry testId="1e8dac91-adc7-cd6c-43f3-bcb66cee8640" executionId="062bea6b-5f57-4405-9de0-ff217177cea4" testListId="8c84fa94-04c1-424b-9868-57a2d4851a1d" />
    <TestEntry testId="15a141bb-756f-85c0-bd0c-289b7adbda9c" executionId="04dd1d40-8721-44b9-9511-062cbe7afaf1" testListId="8c84fa94-04c1-424b-9868-57a2d4851a1d" />
    <TestEntry testId="f908793a-02e4-14da-dd1f-b81d5d49a982" executionId="dc28d67c-2638-446a-b0c9-f16bf8ec48e2" testListId="8c84fa94-04c1-424b-9868-57a2d4851a1d" />
    <TestEntry testId="26f83e64-303d-c640-75bf-078c99e834b7" executionId="69b4bb9b-57f9-4ad6-8d44-7e0dddfeffa7" testListId="8c84fa94-04c1-424b-9868-57a2d4851a1d" />
    <TestEntry testId="16b76c81-6314-5b65-408d-89c0be2db1ac" executionId="8965dbaa-b614-41aa-82ff-a86e4eb97018" testListId="8c84fa94-04c1-424b-9868-57a2d4851a1d" />
    <TestEntry testId="2bcf1bb7-f69d-8be9-0f36-486489760bd9" executionId="26480d3a-ee3d-4c20-9a5e-157f5e24f326" testListId="8c84fa94-04c1-424b-9868-57a2d4851a1d" />
    <TestEntry testId="fd67e436-0a5c-522c-2a8b-59c6e32a50f0" executionId="b49c969c-81ab-4dda-bca5-8b4371490bb8" testListId="8c84fa94-04c1-424b-9868-57a2d4851a1d" />
    <TestEntry testId="09cb8dbf-e956-7ee2-9fb5-d890bb43589e" executionId="7cd3a62c-dd70-4604-b251-458d93206766" testListId="8c84fa94-04c1-424b-9868-57a2d4851a1d" />
    <TestEntry testId="4c9c2c45-3c91-ccd7-ef0a-83ecd8b92ddd" executionId="5fba12e7-06ca-479f-8917-802b9c4d0dba" testListId="8c84fa94-04c1-424b-9868-57a2d4851a1d" />
    <TestEntry testId="88d93213-9775-b228-5ba1-b38c66ed40db" executionId="1aca98b1-a92f-495f-a57d-b69316c786e9" testListId="8c84fa94-04c1-424b-9868-57a2d4851a1d" />
    <TestEntry testId="a20d17f0-5752-e211-49bb-cbff74c48a50" executionId="208226ad-0181-4393-881a-007dd8524425" testListId="8c84fa94-04c1-424b-9868-57a2d4851a1d" />
    <TestEntry testId="188c4182-265c-bf33-a0b1-abe58d6f8f0c" executionId="ccc033b4-4358-4ed5-aaf3-d8f3d40d106d" testListId="8c84fa94-04c1-424b-9868-57a2d4851a1d" />
    <TestEntry testId="dbc1f4d5-c373-afce-c9f5-2035d36d22d4" executionId="093a374b-1936-43f8-9f81-09b9a0129ccd" testListId="8c84fa94-04c1-424b-9868-57a2d4851a1d" />
    <TestEntry testId="437d4260-df5c-09c9-0d15-4f6f25305671" executionId="5146e643-9f1b-4f3e-b35b-9da1732ef282" testListId="8c84fa94-04c1-424b-9868-57a2d4851a1d" />
    <TestEntry testId="c99d0e69-93f4-7363-41f9-f8afc18ef297" executionId="d1677d19-a3a0-4fd8-b45c-93a77a1d8d7d" testListId="8c84fa94-04c1-424b-9868-57a2d4851a1d" />
    <TestEntry testId="eea70b5d-cb2a-f16c-363c-018b6dfdf662" executionId="1b445c52-4701-497c-8990-3fdaba7d313e" testListId="8c84fa94-04c1-424b-9868-57a2d4851a1d" />
    <TestEntry testId="452cf301-2031-4ed1-ce6d-69aa0b6c0b89" executionId="41708dc6-1181-41ee-a7c6-31b27251fac7" testListId="8c84fa94-04c1-424b-9868-57a2d4851a1d" />
    <TestEntry testId="b5b10794-e19f-0f3e-4c04-62a9ecf5a042" executionId="7d7181c9-167d-49fb-af8f-5ca88778462d" testListId="8c84fa94-04c1-424b-9868-57a2d4851a1d" />
    <TestEntry testId="573cf9e1-7c3b-b8e6-b229-6a11c6e8c0cd" executionId="14350a05-94cb-4997-9a58-bb482cb1a1c5" testListId="8c84fa94-04c1-424b-9868-57a2d4851a1d" />
    <TestEntry testId="507b6665-cc0e-8241-82c8-6769368befeb" executionId="98838200-a5b7-41c3-b305-dea811a14046" testListId="8c84fa94-04c1-424b-9868-57a2d4851a1d" />
    <TestEntry testId="1d6a2b08-1373-6de4-0ac6-1a39d973da8d" executionId="e3a9e93e-76ed-467d-89c3-ef43019f191d" testListId="8c84fa94-04c1-424b-9868-57a2d4851a1d" />
    <TestEntry testId="6a41ad57-a9d9-027a-f28a-c7e19937056e" executionId="373b39ef-fe04-4d7c-a43d-d5c65c07fede" testListId="8c84fa94-04c1-424b-9868-57a2d4851a1d" />
    <TestEntry testId="ea22dfce-8112-3399-5531-f9750561f723" executionId="0cbec5ec-4e9d-4a16-a8f3-9185119d21db" testListId="8c84fa94-04c1-424b-9868-57a2d4851a1d" />
    <TestEntry testId="935d956b-efab-b801-df2a-dd03507c5a17" executionId="40ba47f1-b0dd-4201-9044-797f9b4bae95" testListId="8c84fa94-04c1-424b-9868-57a2d4851a1d" />
    <TestEntry testId="856cc9b7-d90e-0919-12ec-4f8fa669c84f" executionId="6ce6cb1d-c92e-4a30-a134-4273608a3210" testListId="8c84fa94-04c1-424b-9868-57a2d4851a1d" />
    <TestEntry testId="c31cfec0-ec05-2764-8a49-4865b5a1ece6" executionId="a39653cd-d05d-4d32-bae8-3d10cbed4699" testListId="8c84fa94-04c1-424b-9868-57a2d4851a1d" />
    <TestEntry testId="c27300db-78d1-1080-5a72-4f5b9ca67795" executionId="31f8a4a4-dbe1-451e-b2e6-03e82163aba5" testListId="8c84fa94-04c1-424b-9868-57a2d4851a1d" />
    <TestEntry testId="2fa585af-a391-3ae2-c21a-66c7ef35a28c" executionId="df945ac6-f4e7-46e0-a973-2583918ff2f6" testListId="8c84fa94-04c1-424b-9868-57a2d4851a1d" />
    <TestEntry testId="103b07aa-4ecf-a016-1f59-91c9355c40a3" executionId="0c7d4506-b605-4188-a73b-7e49dfaa045c" testListId="8c84fa94-04c1-424b-9868-57a2d4851a1d" />
    <TestEntry testId="86d56bd3-d35b-1bf0-05b5-e499b31df05c" executionId="6b8960ef-283f-47bb-8d27-9a39d5dac2f9" testListId="8c84fa94-04c1-424b-9868-57a2d4851a1d" />
    <TestEntry testId="fcc27b01-2330-77f0-d343-1496d2cad809" executionId="4d15f18c-130a-4878-b16c-31229ed47e23" testListId="8c84fa94-04c1-424b-9868-57a2d4851a1d" />
    <TestEntry testId="e4a0aef8-a95a-4a76-7ab8-473c97d21117" executionId="2b085416-3b63-4e62-b108-82e5e0a99f84" testListId="8c84fa94-04c1-424b-9868-57a2d4851a1d" />
    <TestEntry testId="6de92e87-2346-0473-f331-1879f17585d0" executionId="67e8cfb4-c267-45e9-abcf-84170d51f9c1" testListId="8c84fa94-04c1-424b-9868-57a2d4851a1d" />
    <TestEntry testId="b2d3380c-1364-8977-ff46-82700fd12d06" executionId="44ef9eb2-4d17-4d2c-a7b8-bb9a39e4a71c" testListId="8c84fa94-04c1-424b-9868-57a2d4851a1d" />
    <TestEntry testId="fe4c8a2e-b86b-2a3e-af57-2413e054bdd8" executionId="96d72097-feb1-4f0d-8af0-180f89f5f3e5" testListId="8c84fa94-04c1-424b-9868-57a2d4851a1d" />
    <TestEntry testId="afa15efe-7299-c507-2d0a-61402b44ac78" executionId="b1b26529-da0c-4170-8a13-4379768ffdf7" testListId="8c84fa94-04c1-424b-9868-57a2d4851a1d" />
    <TestEntry testId="98d67516-1491-d09f-9712-76e4b571ed2f" executionId="01b472d0-5cdf-486c-8f66-6b406752d4e7" testListId="8c84fa94-04c1-424b-9868-57a2d4851a1d" />
    <TestEntry testId="b1a5e127-f3f5-5f50-05d1-fae703890a32" executionId="93d6f586-5b79-4075-961f-de8e0b165a87" testListId="8c84fa94-04c1-424b-9868-57a2d4851a1d" />
    <TestEntry testId="57c2bd76-bf73-765f-37f7-fc61c53c746d" executionId="a9b217e1-9a06-4a20-8ddc-ed4c2e88845e" testListId="8c84fa94-04c1-424b-9868-57a2d4851a1d" />
    <TestEntry testId="0653866c-502d-15b5-8864-a7973b3084d2" executionId="9ce3f7b4-9b7e-4e86-95a2-26c81cdbcb6b" testListId="8c84fa94-04c1-424b-9868-57a2d4851a1d" />
  </TestEntries>
  <TestLists>
    <TestList name="Results Not in a List" id="8c84fa94-04c1-424b-9868-57a2d4851a1d" />
    <TestList name="All Loaded Results" id="19431567-8539-422a-85d7-44ee4e166bda" />
  </TestLists>
  <ResultSummary outcome="Completed">
    <Counters total="45" executed="45" passed="45" failed="0" error="0" timeout="0" aborted="0" inconclusive="0" passedButRunAborted="0" notRunnable="0" notExecuted="0" disconnected="0" warning="0" completed="0" inProgress="0" pending="0" />
    <Output>
      <StdOut>NUnit Adapter 5.0.0.0: Test execution started
Running all tests in /Users/johannahulten/Documents/LifeOrbit/server/YellowHouseStudio.LifeOrbit.Tests.Unit/bin/Debug/net8.0/YellowHouseStudio.LifeOrbit.Tests.Unit.dll
   NUnit3TestExecutor discovered 45 of 45 NUnit test cases using Current Discovery mode, Non-Explicit run
NUnit Adapter 5.0.0.0: Test execution complete
</StdOut>
    </Output>
  </ResultSummary>
</TestRun>