<?xml version="1.0" encoding="utf-8"?>
<TestRun id="d14a9405-ec1e-4a25-b7c8-514de57bd2d9" name="@MacBook-Air-som-tillhor-Johanna 2025-04-27 08:31:15" xmlns="http://microsoft.com/schemas/VisualStudio/TeamTest/2010">
  <Times creation="2025-04-27T08:31:15.6735740+02:00" queuing="2025-04-27T08:31:15.6735740+02:00" start="2025-04-27T08:31:15.3029590+02:00" finish="2025-04-27T08:31:15.6737740+02:00" />
  <TestSettings name="default" id="c5dbdf79-4bc0-4537-9e38-52939de09026">
    <Deployment runDeploymentRoot="_MacBook-Air-som-tillhor-Johanna_2025-04-27_08_31_15" />
  </TestSettings>
  <TestLists>
    <TestList name="Results Not in a List" id="8c84fa94-04c1-424b-9868-57a2d4851a1d" />
    <TestList name="All Loaded Results" id="19431567-8539-422a-85d7-44ee4e166bda" />
  </TestLists>
  <ResultSummary outcome="Completed">
    <Counters total="0" executed="0" passed="0" failed="0" error="0" timeout="0" aborted="0" inconclusive="0" passedButRunAborted="0" notRunnable="0" notExecuted="0" disconnected="0" warning="0" completed="0" inProgress="0" pending="0" />
    <Output>
      <StdOut>NUnit Adapter 5.0.0.0: Test execution started
Running selected tests in /Users/johannahulten/Documents/LifeOrbit/server/YellowHouseStudio.LifeOrbit.Tests.Integration/bin/Debug/net8.0/YellowHouseStudio.LifeOrbit.Tests.Integration.dll
   NUnit3TestExecutor discovered 0 of 0 NUnit test cases using Current Discovery mode, Explicit run
NUnit Adapter 5.0.0.0: Test execution complete
</StdOut>
    </Output>
    <RunInfos>
      <RunInfo computerName="MacBook-Air-som-tillhor-Johanna" outcome="Warning" timestamp="2025-04-27T08:31:15.6235900+02:00">
        <Text>No test matches the given testcase filter `FullyQualifiedName~FamilyAllergiesControllerTests` in /Users/johannahulten/Documents/LifeOrbit/server/YellowHouseStudio.LifeOrbit.Tests.Integration/bin/Debug/net8.0/YellowHouseStudio.LifeOrbit.Tests.Integration.dll</Text>
      </RunInfo>
    </RunInfos>
  </ResultSummary>
</TestRun>